Log file open, 04/22/17 14:59:07
LogInit:Display: Running engine for game: Project433
LogPlatformFile: Not using cached read wrapper
LogInit:Display: RandInit(-1435340444) SRandInit(-1435340444).
LogTaskGraph: Started task graph with 5 named threads and 6 total threads with 1 sets of task threads.
LogStats: Stats thread started at 0.065456
LogInit: Using libcurl 7.47.1
LogInit:  - built for x86_64-pc-win32
LogInit:  - supports SSL with OpenSSL/1.0.2g
LogInit:  - supports HTTP deflate (compression) using libz 1.2.8
LogInit:  - other features:
LogInit:      CURL_VERSION_SSL
LogInit:      CURL_VERSION_LIBZ
LogInit:      CURL_VERSION_IPV6
LogInit:      CURL_VERSION_ASYNCHDNS
LogInit:      CURL_VERSION_LARGEFILE
LogInit:      CURL_VERSION_IDN
LogInit:  CurlRequestOptions (configurable via config and command line):
LogInit:  - bVerifyPeer = false  - Libcurl will NOT verify peer certificate
LogInit:  - bUseHttpProxy = false  - Libcurl will NOT use HTTP proxy
LogInit:  - bDontReuseConnections = false  - Libcurl will reuse connections
LogInit:  - CertBundlePath = nullptr  - Libcurl will use whatever was configured at build time.
LogInit: Build: ++UE4+Release-4.15-CL-3299760
LogInit: Engine Version: 4.15.0-3299760+++UE4+Release-4.15
LogInit: Compatible Engine Version: 4.15.0-3299760+++UE4+Release-4.15
LogInit: Net CL: 3299760
LogDevObjectVersion: Number of dev versions registered: 14
LogDevObjectVersion:   Dev-Blueprints (B0D832E4-1F89-4F0D-ACCF-7EB736FD4AA2): 8
LogDevObjectVersion:   Dev-Build (E1C64328-A22C-4D53-A36C-8E866417BD8C): 0
LogDevObjectVersion:   Dev-Core (375EC13C-06E4-48FB-B500-84F0262A717E): 2
LogDevObjectVersion:   Dev-Editor (E4B068ED-F494-42E9-A231-DA0B2E46BB41): 14
LogDevObjectVersion:   Dev-Framework (CFFC743F-43B0-4480-9391-14DF171D2073): 22
LogDevObjectVersion:   Dev-Mobile (B02B49B5-BB20-44E9-A304-32B752E40360): 0
LogDevObjectVersion:   Dev-Networking (A4E4105C-59A1-49B5-A7C5-40C4547EDFEE): 0
LogDevObjectVersion:   Dev-Online (39C831C9-5AE6-47DC-9A44-9C173E1C8E7C): 0
LogDevObjectVersion:   Dev-Physics (78F01B33-EBEA-4F98-B9B4-84EACCB95AA2): 0
LogDevObjectVersion:   Dev-Platform (6631380F-2D4D-43E0-8009-CF276956A95A): 0
LogDevObjectVersion:   Dev-Rendering (12F88B9F-8875-4AFC-A67C-D90C383ABD29): 12
LogDevObjectVersion:   Dev-Sequencer (7B5AE74C-D270-4C10-A958-57980B212A5A): 3
LogDevObjectVersion:   Dev-VR (D7296918-1DD6-4BDD-9DE2-64A83CC13884): 0
LogDevObjectVersion:   Dev-LoadTimes (C2A15278-BFE7-4AFE-6C17-90FF531DF755): 1
LogInit: Compiled (64-bit): Feb 14 2017 02:04:14
LogInit: Compiled with Visual C++: 19.00.23026.00
LogInit: Build Configuration: Development
LogInit: Branch Name: ++UE4+Release-4.15
LogInit: Command line:  
LogInit: Base directory: C:/Program Files/Epic Games/UE_4.15/Engine/Binaries/Win64/
LogInit: Installed Engine Build: 1
LogInit: Presizing for max 8388607 objects, including 0 objects not considered by GC, pre-allocating 0 bytes for permanent pool.
LogInit: Object subsystem initialized
[2017.04.22-21.59.09:092][  0]LogInit: Selected Device Profile: [Windows]
[2017.04.22-21.59.09:092][  0]LogInit: Applying CVar settings loaded from the selected device profile: [Windows]
[2017.04.22-21.59.09:103][  0]LogInit: Computer: KITE
[2017.04.22-21.59.09:103][  0]LogInit: User: Kite
[2017.04.22-21.59.09:103][  0]LogInit: CPU Page size=65536, Cores=2
[2017.04.22-21.59.09:103][  0]LogInit: High frequency timer resolution =2.046044 MHz
[2017.04.22-21.59.09:104][  0]LogMemory: Memory total: Physical=7.9GB (8GB approx)
[2017.04.22-21.59.09:104][  0]LogMemory: Platform Memory Stats for Windows
[2017.04.22-21.59.09:104][  0]LogMemory: Process Physical Memory: 260.41 MB used, 260.41 MB peak
[2017.04.22-21.59.09:104][  0]LogMemory: Process Virtual Memory: 261.93 MB used, 261.93 MB peak
[2017.04.22-21.59.09:104][  0]LogMemory: Physical Memory: 2671.52 MB used,  5435.87 MB free, 8107.39 MB total
[2017.04.22-21.59.09:104][  0]LogMemory: Virtual Memory: 624.36 MB used,  5435.87 MB free, 134217728.00 MB total
[2017.04.22-21.59.09:212][  0]LogTextLocalizationManager: No specific translations for ('en-US') exist, so ('en') translations will be used.
[2017.04.22-21.59.10:047][  0]LogD3D11RHI: D3D11 adapters:
[2017.04.22-21.59.10:063][  0]LogD3D11RHI:    0. 'Intel(R) HD Graphics 5500' (Feature Level 11_0)
[2017.04.22-21.59.10:063][  0]LogD3D11RHI:       0/0/3839 MB DedicatedVideo/DedicatedSystem/SharedSystem, Outputs:1, VendorId:0x8086
[2017.04.22-21.59.10:065][  0]LogD3D11RHI:    1. 'Microsoft Basic Render Driver' (Feature Level 11_0)
[2017.04.22-21.59.10:065][  0]LogD3D11RHI:       0/0/256 MB DedicatedVideo/DedicatedSystem/SharedSystem, Outputs:0, VendorId:0x1414
[2017.04.22-21.59.10:065][  0]LogD3D11RHI: Chosen D3D11 Adapter: 0
[2017.04.22-21.59.10:070][  0]LogD3D11RHI: Creating new Direct3DDevice
[2017.04.22-21.59.10:070][  0]LogD3D11RHI:     GPU DeviceId: 0x1616 (for the marketing name, search the web for "GPU Device Id")
[2017.04.22-21.59.10:070][  0]LogWindows: EnumDisplayDevices:
[2017.04.22-21.59.10:070][  0]LogWindows:    0. 'Intel(R) HD Graphics 5500' (P:1 D:1)
[2017.04.22-21.59.10:071][  0]LogWindows:    1. 'Intel(R) HD Graphics 5500' (P:0 D:0)
[2017.04.22-21.59.10:071][  0]LogWindows:    2. 'Intel(R) HD Graphics 5500' (P:0 D:0)
[2017.04.22-21.59.10:071][  0]LogWindows: DebugString: FoundDriverCount:3 
[2017.04.22-21.59.10:071][  0]LogD3D11RHI:     Adapter Name: Intel(R) HD Graphics 5500
[2017.04.22-21.59.10:071][  0]LogD3D11RHI:   Driver Version: 10.18.10.3960 (internal:10.18.10.3960, unified:10.18.10.3960)
[2017.04.22-21.59.10:071][  0]LogD3D11RHI:      Driver Date: 9-29-2014
[2017.04.22-21.59.10:071][  0]LogRHI: Texture pool is 1343 MB (70% of 1919 MB)
[2017.04.22-21.59.10:078][  0]LogD3D11RHI: Async texture creation enabled
[2017.04.22-21.59.10:086][  0]LogD3D11RHI: GPU Timing Frequency: 12.500000 (Debug: 2 0)
[2017.04.22-21.59.10:086][  0]LogShaderCompilers: Guid format shader working directory is -21 characters bigger than the processId version (../../../../../../Users/Kite/Documents/Unreal Projects/Project433/Intermediate/Shaders/WorkingDirectory/15576/).
[2017.04.22-21.59.10:086][  0]LogShaderCompilers: Cleaned the shader compiler working directory 'C:/Users/Kite/AppData/Local/Temp/UnrealShaderWorkingDir/A25833D3491BAD10C2310BAB44CE743A/'.
[2017.04.22-21.59.10:086][  0]LogShaderCompilers:Display: Using Local Shader Compiler.
[2017.04.22-21.59.11:717][  0]LogTemp:Display: Loaded TP AllDesktopTargetPlatform
[2017.04.22-21.59.11:786][  0]LogTemp:Display: Loaded TP MacClientTargetPlatform
[2017.04.22-21.59.11:857][  0]LogTemp:Display: Loaded TP MacNoEditorTargetPlatform
[2017.04.22-21.59.11:927][  0]LogTemp:Display: Loaded TP MacServerTargetPlatform
[2017.04.22-21.59.11:998][  0]LogTemp:Display: Loaded TP MacTargetPlatform
[2017.04.22-21.59.12:091][  0]LogTemp:Display: Loaded TP WindowsClientTargetPlatform
[2017.04.22-21.59.12:162][  0]LogTemp:Display: Loaded TP WindowsNoEditorTargetPlatform
[2017.04.22-21.59.12:235][  0]LogTemp:Display: Loaded TP WindowsServerTargetPlatform
[2017.04.22-21.59.12:291][  0]LogTemp:Display: Loaded TP WindowsTargetPlatform
[2017.04.22-21.59.12:362][  0]LogTemp:Display: Loaded TP AndroidTargetPlatform
[2017.04.22-21.59.12:431][  0]LogTemp:Display: Loaded TP Android_ASTCTargetPlatform
[2017.04.22-21.59.12:502][  0]LogTemp:Display: Loaded TP Android_ATCTargetPlatform
[2017.04.22-21.59.12:571][  0]LogTemp:Display: Loaded TP Android_DXTTargetPlatform
[2017.04.22-21.59.12:651][  0]LogTemp:Display: Loaded TP Android_ETC1TargetPlatform
[2017.04.22-21.59.12:720][  0]LogTemp:Display: Loaded TP Android_ETC2TargetPlatform
[2017.04.22-21.59.12:860][  0]LogTemp:Display: Loaded TP Android_MultiTargetPlatform
[2017.04.22-21.59.12:860][  0]LogTemp:Display: Loaded TP Android_PVRTCTargetPlatform
[2017.04.22-21.59.12:933][  0]LogTemp:Display: Loaded TP HTML5TargetPlatform
[2017.04.22-21.59.13:048][  0]LogTemp:Display: Loaded TP IOSTargetPlatform
[2017.04.22-21.59.13:097][  0]LogTemp:Display: Loaded TP TVOSTargetPlatform
[2017.04.22-21.59.13:165][  0]LogTemp:Display: Loaded TP LinuxClientTargetPlatform
[2017.04.22-21.59.13:236][  0]LogTemp:Display: Loaded TP LinuxNoEditorTargetPlatform
[2017.04.22-21.59.13:303][  0]LogTemp:Display: Loaded TP LinuxServerTargetPlatform
[2017.04.22-21.59.13:371][  0]LogTemp:Display: Loaded TP LinuxTargetPlatform
[2017.04.22-21.59.13:371][  0]LogTargetPlatformManager:Display: Building Assets For Windows
[2017.04.22-21.59.13:906][  0]LogDerivedDataCache:Display: Max Cache Size: 512 MB
[2017.04.22-21.59.14:013][  0]LogDerivedDataCache: Loaded boot cache 0.11s 50MB C:/Users/Kite/AppData/Local/UnrealEngine/4.15/DerivedDataCache/Boot.ddc.
[2017.04.22-21.59.14:013][  0]LogDerivedDataCache:Display: Loaded Boot cache: C:/Users/Kite/AppData/Local/UnrealEngine/4.15/DerivedDataCache/Boot.ddc
[2017.04.22-21.59.14:013][  0]LogDerivedDataCache: FDerivedDataBackendGraph:  Pak pak cache file ../../../../../../Users/Kite/Documents/Unreal Projects/Project433/DerivedDataCache/DDC.ddp not found, will not use a pak cache.
[2017.04.22-21.59.14:013][  0]LogDerivedDataCache: Unable to find inner node Pak for hierarchical cache Hierarchy.
[2017.04.22-21.59.14:013][  0]LogDerivedDataCache: FDerivedDataBackendGraph:  CompressedPak pak cache file ../../../../../../Users/Kite/Documents/Unreal Projects/Project433/DerivedDataCache/Compressed.ddp not found, will not use a pak cache.
[2017.04.22-21.59.14:013][  0]LogDerivedDataCache: Unable to find inner node CompressedPak for hierarchical cache Hierarchy.
[2017.04.22-21.59.14:043][  0]LogDerivedDataCache:Display: Pak cache opened for reading ../../../Engine/DerivedDataCache/Compressed.ddp.
[2017.04.22-21.59.14:054][  0]LogDerivedDataCache: Using Local data cache path C:/Users/Kite/AppData/Local/UnrealEngine/Common/DerivedDataCache: Writable
[2017.04.22-21.59.14:066][  0]LogSlate: Using Freetype 2.6.0
[2017.04.22-21.59.14:067][  0]LogSlate: SlateFontCache - WITH_FREETYPE: 1, WITH_HARFBUZZ: 1
[2017.04.22-21.59.14:067][  0]LogSlate: SlateFontCache - WITH_FREETYPE: 1, WITH_HARFBUZZ: 1
[2017.04.22-21.59.14:423][  0]LogInit: Selected Device Profile: [Windows]
[2017.04.22-21.59.14:426][  0]LogContentStreaming: Texture pool size is 0.00 MB
[2017.04.22-21.59.14:702][  0]LogMeshUtilities: Using QuadricMeshReduction for automatic static mesh reduction
[2017.04.22-21.59.14:750][  0]LogSimplygon: Simplygon DLL not present - disabling.
[2017.04.22-21.59.14:801][  0]LogMeshUtilities: Using SimplygonSwarm for distributed automatic mesh merging
[2017.04.22-21.59.14:801][  0]LogMeshUtilities: No automatic skeletal mesh reduction module available
[2017.04.22-21.59.14:801][  0]LogMeshUtilities: No automatic mesh merging module available
[2017.04.22-21.59.15:595][  0]LogNetVersion: GetLocalNetworkVersion: CL: 3299760, ProjectName: project433, ProjectVersion: , EngineNetworkVersion: 2, GameNetworkVersion: 0, NetworkChecksum: 3701128711
[2017.04.22-21.59.15:646][  0]LogAssetRegistry: FAssetRegistry took 0.0226 seconds to start up
[2017.04.22-21.59.15:734][  0]LogPackageLocalizationCache: Processed 3 localized package path(s) for 2 prioritized culture(s) in 0.029615 seconds
[2017.04.22-21.59.15:742][  0]LogUObjectArray: 32475 objects as part of root set at end of initial load.
[2017.04.22-21.59.15:743][  0]LogUObjectAllocator: 7073360 out of 0 bytes used by permanent object pool.
[2017.04.22-21.59.15:743][  0]LogUObjectArray: CloseDisregardForGC: 0/0 objects in disregard for GC pool
[2017.04.22-21.59.15:827][  0]LogInit: WinSock: version 1.1 (2.2), MaxSocks=32767, MaxUdp=65467
[2017.04.22-21.59.17:820][  0]LogTcpMessaging: Initializing TcpMessaging bridge
[2017.04.22-21.59.17:864][  0]LogUdpMessaging: Initializing bridge on interface 0.0.0.0:0 to multicast group 230.0.0.1:6666.
[2017.04.22-21.59.18:402][  0]LogMaterial: Uniform references updated for custom material expression Custom.
[2017.04.22-21.59.18:846][  0]SourceControl: Info Source control is disabled
[2017.04.22-21.59.18:882][  0]SourceControl: Info Source control is disabled
[2017.04.22-21.59.18:935][  0]SourceControl: Info Source control is disabled
[2017.04.22-21.59.18:985][  0]SourceControl: Info Source control is disabled
[2017.04.22-21.59.20:395][  0]LogEngine: Initializing Engine...
[2017.04.22-21.59.20:395][  0]LogHMD: Failed to initialize OpenVR with code 110
[2017.04.22-21.59.20:694][  0]LogAIModule: Creating AISystem for world Untitled
[2017.04.22-21.59.20:700][  0]LogInit: XAudio2 using 'Speaker/HP (Realtek High Definition Audio)' : 2 channels at 48 kHz using 32 bits per sample (channel mask 0x3)
[2017.04.22-21.59.20:910][  0]LogInit: FAudioDevice initialized.
[2017.04.22-21.59.20:956][  0]LogDerivedDataCache: Saved boot cache 0.05s 50MB C:/Users/Kite/AppData/Local/UnrealEngine/4.15/DerivedDataCache/Boot.ddc.
[2017.04.22-21.59.20:962][  0]LogInit: Texture streaming: Enabled
[2017.04.22-21.59.21:078][  0]LogEngineSessionManager: EngineSessionManager initialized
[2017.04.22-21.59.21:177][  0]LogInit: Transaction tracking system initialized
[2017.04.22-21.59.21:577][  0]BlueprintLog: New page: Editor Load
[2017.04.22-21.59.22:587][  0]LocalizationService: Info Localization service is disabled
[2017.04.22-21.59.23:605][  0]LogConsoleResponse:Display: 
[2017.04.22-21.59.23:798][  0]LogCook:Display: Max memory allowance for cook 16384mb min free memory 0mb
[2017.04.22-21.59.23:798][  0]LogCook:Display: Mobile HDR setting 1
[2017.04.22-21.59.24:912][  0]LogFileCache: Scanning file cache for directory 'C:/Users/Kite/Documents/Unreal Projects/Project433/Content/' took 0.02s
[2017.04.22-21.59.24:962][  0]SourceControl: Info Source control is disabled
[2017.04.22-21.59.24:962][  0]Cmd: MAP LOAD FILE="../../../../../../Users/Kite/Documents/Unreal Projects/Project433/Content/ThirdPersonBP/Maps/ThirdPersonExampleMap.umap" TEMPLATE=0 SHOWPROGRESS=1 FEATURELEVEL=3
[2017.04.22-21.59.24:963][  0]LightingResults: New page: Lighting Build
[2017.04.22-21.59.25:009][  0]MapCheck: New page: Map Check
[2017.04.22-21.59.25:009][  0]LightingResults: New page: Lighting Build
[2017.04.22-21.59.25:602][  0]LogAIModule: Creating AISystem for world ThirdPersonExampleMap
[2017.04.22-21.59.25:620][  0]LogEditorServer: Finished looking for orphan Actors (0.000 secs)
[2017.04.22-21.59.25:621][  0]Cmd: MAP CHECKDEP NOCLEARLOG
[2017.04.22-21.59.25:680][  0]MapCheck: Info Map check complete: 0 Error(s), 0 Warning(s), took 59.086ms to complete.
[2017.04.22-21.59.25:680][  0]LogFileHelpers: Loading map 'ThirdPersonExampleMap' took 0.718
[2017.04.22-21.59.25:757][  0]LogWindowsTextInputMethodSystem:Display: IME system now deactivated.
[2017.04.22-21.59.25:758][  0]LogWindowsTextInputMethodSystem:Display: IME system now deactivated.
[2017.04.22-21.59.25:932][  0]LogCollectionManager: Loaded 0 collections in 0.001651 seconds
[2017.04.22-21.59.26:020][  0]LogFileCache: Scanning file cache for directory 'C:/Users/Kite/Documents/Unreal Projects/Project433/Saved/Collections/' took 0.01s
[2017.04.22-21.59.26:020][  0]LogFileCache: Scanning file cache for directory 'C:/Users/Kite/Documents/Unreal Projects/Project433/Content/Developers/Kite/Collections/' took 0.01s
[2017.04.22-21.59.26:020][  0]LogFileCache: Scanning file cache for directory 'C:/Users/Kite/Documents/Unreal Projects/Project433/Content/Collections/' took 0.01s
[2017.04.22-21.59.26:020][  0]LogCollectionManager: Rebuilt the GUID cache for 0 collections in 0.000012 seconds
[2017.04.22-21.59.26:032][  0]LogContentBrowser: Native class hierarchy populated in 0.0121 seconds. Added 2244 classes and 450 folders.
[2017.04.22-21.59.26:038][  0]LogStats: UGameplayTagsManager::ConstructGameplayTagTree: Construct from data asset -  0.000 s
[2017.04.22-21.59.26:038][  0]LogStats: UGameplayTagsManager::ConstructGameplayTagTree: GameplayTagTreeChangedEvent.Broadcast -  0.000 s
[2017.04.22-21.59.26:110][  0]LogContentBrowser: Native class hierarchy updated for 'WidgetCarousel' in 0.0007 seconds. Added 0 classes and 0 folders.
[2017.04.22-21.59.26:152][  0]LogContentBrowser: Native class hierarchy updated for 'AddContentDialog' in 0.0007 seconds. Added 0 classes and 0 folders.
[2017.04.22-21.59.26:200][  0]LogContentBrowser: Native class hierarchy updated for 'SceneOutliner' in 0.0007 seconds. Added 1 classes and 2 folders.
[2017.04.22-21.59.26:265][  0]LogCrashTracker: Crashtracker disabled due to settings.
[2017.04.22-21.59.26:278][  0]LogUObjectGlobals:Warning: Failed to find object 'Class None.'
[2017.04.22-21.59.26:358][  0]LogContentBrowser: Native class hierarchy updated for 'HierarchicalLODOutliner' in 0.0008 seconds. Added 1 classes and 2 folders.
[2017.04.22-21.59.26:358][  0]LogLoad: (Engine Initialization) Total time: 19.65 seconds
[2017.04.22-21.59.26:359][  0]LogLoad: (Engine Initialization) Total Blueprint compile time: 0.20 seconds
[2017.04.22-21.59.26:359][  0]LogExternalProfiler: Found external profiler: VSPerf
[2017.04.22-21.59.26:359][  0]LogExternalProfiler: Using external profiler: VSPerf
[2017.04.22-21.59.26:376][  0]LogOcInput: OculusInput pre-init called
[2017.04.22-21.59.26:396][  0]LogContentStreaming: Texture pool size now 400 MB
[2017.04.22-21.59.26:397][  0]LogSlate: Took 0.000258 seconds to synchronously load lazily loaded font '../../../Engine/Content/Slate/Fonts/Roboto-Regular.ttf' (155K)
[2017.04.22-21.59.26:403][  0]LogSlate: Took 0.000330 seconds to synchronously load lazily loaded font '../../../Engine/Content/Slate/Fonts/Roboto-Bold.ttf' (160K)
[2017.04.22-21.59.26:411][  0]LogSlate: Took 0.000239 seconds to synchronously load lazily loaded font '../../../Engine/Content/Editor/Slate/Fonts/FontAwesome.ttf' (139K)
[2017.04.22-21.59.26:583][  0]LogRenderer: Reallocating scene render targets to support 856x392 NumSamples 1 (Frame:2).
[2017.04.22-21.59.30:536][134]LogSlate: Took 0.001154 seconds to synchronously load lazily loaded font '../../../Engine/Content/Slate/Fonts/Roboto-Light.ttf' (159K)
[2017.04.22-21.59.39:732][525]LogAssetRegistry: Asset discovery search completed in 24.1090 seconds
[2017.04.22-21.59.39:733][525]LogCollectionManager: Rebuilt the object cache for 0 collections in 0.000034 seconds (found 0 objects)
[2017.04.22-21.59.39:733][525]LogCollectionManager: Fixed up redirectors for 0 collections in 0.000097 seconds (updated 0 objects)
[2017.04.22-21.59.58:770][345]LogSlate: Took 0.000346 seconds to synchronously load lazily loaded font '../../../Engine/Content/Slate/Fonts/Roboto-Light.ttf' (159K)
[2017.04.22-21.59.58:815][345]LogLinker:Warning: Can't find file '/Game/FirstPersonCPP/Blueprints/coinbp'
[2017.04.22-21.59.58:815][345]LogLinker:Warning: Can't find file for asset '/Game/FirstPersonCPP/Blueprints/coinbp' while loading ../../../../../../Users/Kite/Documents/Unreal Projects/Project433/Content/FirstPersonCPP/Maps/FirstPersonExampleMap.umap.
[2017.04.22-21.59.58:816][345]LoadErrors:Error: Error /Game/FirstPersonCPP/Maps/FirstPersonExampleMap : Can't find file for asset. /Game/FirstPersonCPP/Blueprints/coinbp
[2017.04.22-21.59.58:816][345]LogLinker:Warning: Can't find file '/Game/FirstPersonCPP/Blueprints/starbp'
[2017.04.22-21.59.58:816][345]LogLinker:Warning: Can't find file for asset '/Game/FirstPersonCPP/Blueprints/starbp' while loading ../../../../../../Users/Kite/Documents/Unreal Projects/Project433/Content/FirstPersonCPP/Maps/FirstPersonExampleMap.umap.
[2017.04.22-21.59.58:816][345]LoadErrors:Error: Error /Game/FirstPersonCPP/Maps/FirstPersonExampleMap : Can't find file for asset. /Game/FirstPersonCPP/Blueprints/starbp
[2017.04.22-21.59.58:819][345]LogLinker:Warning: Can't find file '/Game/FirstPersonCPP/Blueprints/coinbp'
[2017.04.22-21.59.58:819][345]LogLinker:Warning: Can't find file for asset '/Game/FirstPersonCPP/Blueprints/coinbp' while loading ../../../../../../Users/Kite/Documents/Unreal Projects/Project433/Content/FirstPersonCPP/Maps/FirstPersonExampleMap.umap.
[2017.04.22-21.59.58:820][345]LogLinker:Warning: Can't find file '/Game/FirstPersonCPP/Blueprints/starbp'
[2017.04.22-21.59.58:820][345]LogLinker:Warning: Can't find file for asset '/Game/FirstPersonCPP/Blueprints/starbp' while loading ../../../../../../Users/Kite/Documents/Unreal Projects/Project433/Content/FirstPersonCPP/Maps/FirstPersonExampleMap.umap.
[2017.04.22-21.59.58:891][345]LogLinker:Warning: Can't find file '/Game/FirstPersonCPP/Blueprints/coinbp'
[2017.04.22-21.59.58:891][345]LogLinker:Warning: Can't find file for asset '/Game/FirstPersonCPP/Blueprints/coinbp' while loading ../../../../../../Users/Kite/Documents/Unreal Projects/Project433/Content/FirstPersonCPP/Maps/FirstPersonExampleMap.umap.
[2017.04.22-21.59.58:891][345]LogLinker:Warning: Can't find file '/Game/FirstPersonCPP/Blueprints/starbp'
[2017.04.22-21.59.58:892][345]LogLinker:Warning: Can't find file for asset '/Game/FirstPersonCPP/Blueprints/starbp' while loading ../../../../../../Users/Kite/Documents/Unreal Projects/Project433/Content/FirstPersonCPP/Maps/FirstPersonExampleMap.umap.
[2017.04.22-21.59.58:892][345]LogLinker:Warning: Can't find file '/Game/FirstPersonCPP/Blueprints/warppipe'
[2017.04.22-21.59.58:892][345]LogLinker:Warning: Can't find file for asset '/Game/FirstPersonCPP/Blueprints/warppipe' while loading ../../../../../../Users/Kite/Documents/Unreal Projects/Project433/Content/FirstPersonCPP/Maps/FirstPersonExampleMap.umap.
[2017.04.22-21.59.58:892][345]LoadErrors:Error: Error /Game/FirstPersonCPP/Maps/FirstPersonExampleMap : Can't find file for asset. /Game/FirstPersonCPP/Blueprints/warppipe
[2017.04.22-21.59.58:900][345]LogLinker:Warning: Can't find file '/Game/FirstPersonCPP/Blueprints/coinbp'
[2017.04.22-21.59.58:900][345]LogLinker:Warning: Can't find file for asset '/Game/FirstPersonCPP/Blueprints/coinbp' while loading ../../../../../../Users/Kite/Documents/Unreal Projects/Project433/Content/FirstPersonCPP/Maps/FirstPersonExampleMap.umap.
[2017.04.22-21.59.58:900][345]LogLinker:Warning: Can't find file '/Game/FirstPersonCPP/Blueprints/starbp'
[2017.04.22-21.59.58:900][345]LogLinker:Warning: Can't find file for asset '/Game/FirstPersonCPP/Blueprints/starbp' while loading ../../../../../../Users/Kite/Documents/Unreal Projects/Project433/Content/FirstPersonCPP/Maps/FirstPersonExampleMap.umap.
[2017.04.22-21.59.58:901][345]LogLinker:Warning: Can't find file '/Game/FirstPersonCPP/Blueprints/coinbp'
[2017.04.22-21.59.58:901][345]LogLinker:Warning: Can't find file for asset '/Game/FirstPersonCPP/Blueprints/coinbp' while loading ../../../../../../Users/Kite/Documents/Unreal Projects/Project433/Content/FirstPersonCPP/Maps/FirstPersonExampleMap.umap.
[2017.04.22-21.59.58:901][345]LogLinker:Warning: Can't find file '/Game/FirstPersonCPP/Blueprints/starbp'
[2017.04.22-21.59.58:901][345]LogLinker:Warning: Can't find file for asset '/Game/FirstPersonCPP/Blueprints/starbp' while loading ../../../../../../Users/Kite/Documents/Unreal Projects/Project433/Content/FirstPersonCPP/Maps/FirstPersonExampleMap.umap.
[2017.04.22-21.59.58:901][345]LogLinker:Warning: Can't find file '/Game/FirstPersonCPP/Blueprints/warppipe'
[2017.04.22-21.59.58:901][345]LogLinker:Warning: Can't find file for asset '/Game/FirstPersonCPP/Blueprints/warppipe' while loading ../../../../../../Users/Kite/Documents/Unreal Projects/Project433/Content/FirstPersonCPP/Maps/FirstPersonExampleMap.umap.
[2017.04.22-21.59.58:902][345]LogLinker:Warning: Can't find file '/Game/FirstPersonCPP/Blueprints/coinbp'
[2017.04.22-21.59.58:902][345]LogLinker:Warning: Can't find file for asset '/Game/FirstPersonCPP/Blueprints/coinbp' while loading ../../../../../../Users/Kite/Documents/Unreal Projects/Project433/Content/FirstPersonCPP/Maps/FirstPersonExampleMap.umap.
[2017.04.22-21.59.58:902][345]LogLinker:Warning: Can't find file '/Game/FirstPersonCPP/Blueprints/starbp'
[2017.04.22-21.59.58:902][345]LogLinker:Warning: Can't find file for asset '/Game/FirstPersonCPP/Blueprints/starbp' while loading ../../../../../../Users/Kite/Documents/Unreal Projects/Project433/Content/FirstPersonCPP/Maps/FirstPersonExampleMap.umap.
[2017.04.22-21.59.58:903][345]LogLinker:Warning: Can't find file '/Game/FirstPersonCPP/Blueprints/coinbp'
[2017.04.22-21.59.58:903][345]LogLinker:Warning: Can't find file for asset '/Game/FirstPersonCPP/Blueprints/coinbp' while loading NULL.
[2017.04.22-21.59.58:903][345]LogLinker:Warning: Can't find file '/Game/FirstPersonCPP/Blueprints/starbp'
[2017.04.22-21.59.58:903][345]LogLinker:Warning: Can't find file for asset '/Game/FirstPersonCPP/Blueprints/starbp' while loading NULL.
[2017.04.22-21.59.58:903][345]LogLinker:Warning: Can't find file '/Game/FirstPersonCPP/Blueprints/coinbp'
[2017.04.22-21.59.58:903][345]LogLinker:Warning: Can't find file for asset '/Game/FirstPersonCPP/Blueprints/coinbp' while loading NULL.
[2017.04.22-21.59.58:904][345]LogLinker:Warning: Can't find file '/Game/FirstPersonCPP/Blueprints/starbp'
[2017.04.22-21.59.58:904][345]LogLinker:Warning: Can't find file for asset '/Game/FirstPersonCPP/Blueprints/starbp' while loading NULL.
[2017.04.22-21.59.58:904][345]LogLinker:Warning: Can't find file '/Game/FirstPersonCPP/Blueprints/coinbp'
[2017.04.22-21.59.58:904][345]LogLinker:Warning: Can't find file for asset '/Game/FirstPersonCPP/Blueprints/coinbp' while loading NULL.
[2017.04.22-21.59.58:904][345]LogLinker:Warning: Can't find file '/Game/FirstPersonCPP/Blueprints/starbp'
[2017.04.22-21.59.58:904][345]LogLinker:Warning: Can't find file for asset '/Game/FirstPersonCPP/Blueprints/starbp' while loading NULL.
[2017.04.22-21.59.58:904][345]LogLinker:Warning: Can't find file '/Game/FirstPersonCPP/Blueprints/warppipe'
[2017.04.22-21.59.58:904][345]LogLinker:Warning: Can't find file for asset '/Game/FirstPersonCPP/Blueprints/warppipe' while loading NULL.
[2017.04.22-21.59.58:904][345]LogLinker:Warning: Can't find file '/Game/FirstPersonCPP/Blueprints/coinbp'
[2017.04.22-21.59.58:904][345]LogLinker:Warning: Can't find file for asset '/Game/FirstPersonCPP/Blueprints/coinbp' while loading NULL.
[2017.04.22-21.59.58:904][345]LogLinker:Warning: Can't find file '/Game/FirstPersonCPP/Blueprints/starbp'
[2017.04.22-21.59.58:905][345]LogLinker:Warning: Can't find file for asset '/Game/FirstPersonCPP/Blueprints/starbp' while loading NULL.
[2017.04.22-21.59.58:905][345]LogLinker:Warning: Can't find file '/Game/FirstPersonCPP/Blueprints/coinbp'
[2017.04.22-21.59.58:905][345]LogLinker:Warning: Can't find file for asset '/Game/FirstPersonCPP/Blueprints/coinbp' while loading NULL.
[2017.04.22-21.59.58:905][345]LogLinker:Warning: Can't find file '/Game/FirstPersonCPP/Blueprints/starbp'
[2017.04.22-21.59.58:905][345]LogLinker:Warning: Can't find file for asset '/Game/FirstPersonCPP/Blueprints/starbp' while loading NULL.
[2017.04.22-21.59.58:905][345]LogLinker:Warning: Can't find file '/Game/FirstPersonCPP/Blueprints/warppipe'
[2017.04.22-21.59.58:905][345]LogLinker:Warning: Can't find file for asset '/Game/FirstPersonCPP/Blueprints/warppipe' while loading NULL.
[2017.04.22-21.59.58:905][345]LogLinker:Warning: Can't find file '/Game/FirstPersonCPP/Blueprints/coinbp'
[2017.04.22-21.59.58:905][345]LogLinker:Warning: Can't find file for asset '/Game/FirstPersonCPP/Blueprints/coinbp' while loading NULL.
[2017.04.22-21.59.58:905][345]LogLinker:Warning: Can't find file '/Game/FirstPersonCPP/Blueprints/starbp'
[2017.04.22-21.59.58:905][345]LogLinker:Warning: Can't find file for asset '/Game/FirstPersonCPP/Blueprints/starbp' while loading NULL.
[2017.04.22-21.59.58:911][345]LogBlueprint:Error: [Compiler PersistentLevel.FirstPersonExampleMap] Error Couldn't find object for bound event node  OnActorHit (None)
[2017.04.22-21.59.58:914][345]LogBlueprint:Warning: [Compiler PersistentLevel.FirstPersonExampleMap] Warning [0052.21] Compile of PersistentLevel.FirstPersonExampleMap failed. 1 Fatal Issue(s) 0 Warning(s) [in 4 ms] (/Game/FirstPersonCPP/Maps/FirstPersonExampleMap.FirstPersonExampleMap:PersistentLevel.FirstPersonExampleMap)
[2017.04.22-21.59.58:914][345]LogBlueprint:Warning: [Compiler PersistentLevel.FirstPersonExampleMap] Warning [0052.21] Compile of PersistentLevel.FirstPersonExampleMap failed. 1 Fatal Issue(s) 1 Warning(s) [in 0 ms] (/Game/FirstPersonCPP/Maps/FirstPersonExampleMap.FirstPersonExampleMap:PersistentLevel.FirstPersonExampleMap)
[2017.04.22-21.59.58:914][345]LogBlueprint:Warning: [Compiler PersistentLevel.FirstPersonExampleMap] Warning [0052.21] Compile of PersistentLevel.FirstPersonExampleMap failed. 1 Fatal Issue(s) 2 Warning(s) [in 0 ms] (/Game/FirstPersonCPP/Maps/FirstPersonExampleMap.FirstPersonExampleMap:PersistentLevel.FirstPersonExampleMap)
[2017.04.22-21.59.58:917][345]LogLinker:Warning: Can't find file '/Game/FirstPersonCPP/Blueprints/coinbp'
[2017.04.22-21.59.58:917][345]LogLinker:Warning: Can't find file for asset '/Game/FirstPersonCPP/Blueprints/coinbp' while loading NULL.
[2017.04.22-21.59.58:917][345]LogLinker:Warning: Can't find file '/Game/FirstPersonCPP/Blueprints/coinbp'
[2017.04.22-21.59.58:918][345]LogLinker:Warning: Can't find file for asset '/Game/FirstPersonCPP/Blueprints/coinbp' while loading NULL.
[2017.04.22-21.59.58:918][345]LogLinker:Warning: Can't find file '/Game/FirstPersonCPP/Blueprints/coinbp'
[2017.04.22-21.59.58:918][345]LogLinker:Warning: Can't find file for asset '/Game/FirstPersonCPP/Blueprints/coinbp' while loading NULL.
[2017.04.22-21.59.58:918][345]LogLinker:Warning: Can't find file '/Game/FirstPersonCPP/Blueprints/coinbp'
[2017.04.22-21.59.58:918][345]LogLinker:Warning: Can't find file for asset '/Game/FirstPersonCPP/Blueprints/coinbp' while loading NULL.
[2017.04.22-21.59.58:918][345]LogLinker:Warning: Can't find file '/Game/FirstPersonCPP/Blueprints/coinbp'
[2017.04.22-21.59.58:918][345]LogLinker:Warning: Can't find file for asset '/Game/FirstPersonCPP/Blueprints/coinbp' while loading NULL.
[2017.04.22-21.59.58:918][345]LogLinker:Warning: Can't find file '/Game/FirstPersonCPP/Blueprints/coinbp'
[2017.04.22-21.59.58:918][345]LogLinker:Warning: Can't find file for asset '/Game/FirstPersonCPP/Blueprints/coinbp' while loading NULL.
[2017.04.22-21.59.58:918][345]LogLinker:Warning: Can't find file '/Game/FirstPersonCPP/Blueprints/coinbp'
[2017.04.22-21.59.58:918][345]LogLinker:Warning: Can't find file for asset '/Game/FirstPersonCPP/Blueprints/coinbp' while loading NULL.
[2017.04.22-21.59.58:918][345]LogLinker:Warning: Can't find file '/Game/FirstPersonCPP/Blueprints/coinbp'
[2017.04.22-21.59.58:919][345]LogLinker:Warning: Can't find file for asset '/Game/FirstPersonCPP/Blueprints/coinbp' while loading NULL.
[2017.04.22-21.59.58:919][345]LogLinker:Warning: Can't find file '/Game/FirstPersonCPP/Blueprints/coinbp'
[2017.04.22-21.59.58:919][345]LogLinker:Warning: Can't find file for asset '/Game/FirstPersonCPP/Blueprints/coinbp' while loading NULL.
[2017.04.22-21.59.58:919][345]LogLinker:Warning: Can't find file '/Game/FirstPersonCPP/Blueprints/coinbp'
[2017.04.22-21.59.58:919][345]LogLinker:Warning: Can't find file for asset '/Game/FirstPersonCPP/Blueprints/coinbp' while loading NULL.
[2017.04.22-21.59.58:919][345]LogLinker:Warning: Can't find file '/Game/FirstPersonCPP/Blueprints/coinbp'
[2017.04.22-21.59.58:919][345]LogLinker:Warning: Can't find file for asset '/Game/FirstPersonCPP/Blueprints/coinbp' while loading NULL.
[2017.04.22-21.59.58:919][345]LogLinker:Warning: Can't find file '/Game/FirstPersonCPP/Blueprints/coinbp'
[2017.04.22-21.59.58:919][345]LogLinker:Warning: Can't find file for asset '/Game/FirstPersonCPP/Blueprints/coinbp' while loading NULL.
[2017.04.22-21.59.58:919][345]LogLinker:Warning: Can't find file '/Game/FirstPersonCPP/Blueprints/coinbp'
[2017.04.22-21.59.58:919][345]LogLinker:Warning: Can't find file for asset '/Game/FirstPersonCPP/Blueprints/coinbp' while loading NULL.
[2017.04.22-21.59.58:919][345]LogLinker:Warning: Can't find file '/Game/FirstPersonCPP/Blueprints/coinbp'
[2017.04.22-21.59.58:919][345]LogLinker:Warning: Can't find file for asset '/Game/FirstPersonCPP/Blueprints/coinbp' while loading NULL.
[2017.04.22-21.59.58:920][345]LogLinker:Warning: Can't find file '/Game/FirstPersonCPP/Blueprints/coinbp'
[2017.04.22-21.59.58:920][345]LogLinker:Warning: Can't find file for asset '/Game/FirstPersonCPP/Blueprints/coinbp' while loading NULL.
[2017.04.22-21.59.58:920][345]LogLinker:Warning: Can't find file '/Game/FirstPersonCPP/Blueprints/coinbp'
[2017.04.22-21.59.58:920][345]LogLinker:Warning: Can't find file for asset '/Game/FirstPersonCPP/Blueprints/coinbp' while loading NULL.
[2017.04.22-21.59.58:931][345]LogLinker:Warning: Can't find file '/Game/FirstPersonCPP/Blueprints/coinbp'
[2017.04.22-21.59.58:931][345]LogLinker:Warning: Can't find file for asset '/Game/FirstPersonCPP/Blueprints/coinbp' while loading NULL.
[2017.04.22-21.59.58:931][345]LogLinker:Warning: Can't find file '/Game/FirstPersonCPP/Blueprints/coinbp'
[2017.04.22-21.59.58:931][345]LogLinker:Warning: Can't find file for asset '/Game/FirstPersonCPP/Blueprints/coinbp' while loading NULL.
[2017.04.22-21.59.58:931][345]LogLinker:Warning: Can't find file '/Game/FirstPersonCPP/Blueprints/coinbp'
[2017.04.22-21.59.58:931][345]LogLinker:Warning: Can't find file for asset '/Game/FirstPersonCPP/Blueprints/coinbp' while loading NULL.
[2017.04.22-21.59.58:931][345]LogLinker:Warning: Can't find file '/Game/FirstPersonCPP/Blueprints/coinbp'
[2017.04.22-21.59.58:932][345]LogLinker:Warning: Can't find file for asset '/Game/FirstPersonCPP/Blueprints/coinbp' while loading NULL.
[2017.04.22-21.59.58:932][345]LogLinker:Warning: Can't find file '/Game/FirstPersonCPP/Blueprints/coinbp'
[2017.04.22-21.59.58:932][345]LogLinker:Warning: Can't find file for asset '/Game/FirstPersonCPP/Blueprints/coinbp' while loading NULL.
[2017.04.22-21.59.58:932][345]LogLinker:Warning: Can't find file '/Game/FirstPersonCPP/Blueprints/coinbp'
[2017.04.22-21.59.58:932][345]LogLinker:Warning: Can't find file for asset '/Game/FirstPersonCPP/Blueprints/coinbp' while loading NULL.
[2017.04.22-21.59.58:932][345]LogLinker:Warning: Can't find file '/Game/FirstPersonCPP/Blueprints/coinbp'
[2017.04.22-21.59.58:932][345]LogLinker:Warning: Can't find file for asset '/Game/FirstPersonCPP/Blueprints/coinbp' while loading NULL.
[2017.04.22-21.59.58:932][345]LogLinker:Warning: Can't find file '/Game/FirstPersonCPP/Blueprints/coinbp'
[2017.04.22-21.59.58:932][345]LogLinker:Warning: Can't find file for asset '/Game/FirstPersonCPP/Blueprints/coinbp' while loading NULL.
[2017.04.22-21.59.58:932][345]LogLinker:Warning: Can't find file '/Game/FirstPersonCPP/Blueprints/coinbp'
[2017.04.22-21.59.58:932][345]LogLinker:Warning: Can't find file for asset '/Game/FirstPersonCPP/Blueprints/coinbp' while loading NULL.
[2017.04.22-21.59.58:933][345]LogLinker:Warning: Can't find file '/Game/FirstPersonCPP/Blueprints/coinbp'
[2017.04.22-21.59.58:933][345]LogLinker:Warning: Can't find file for asset '/Game/FirstPersonCPP/Blueprints/coinbp' while loading NULL.
[2017.04.22-21.59.58:933][345]LogLinker:Warning: Can't find file '/Game/FirstPersonCPP/Blueprints/coinbp'
[2017.04.22-21.59.58:933][345]LogLinker:Warning: Can't find file for asset '/Game/FirstPersonCPP/Blueprints/coinbp' while loading NULL.
[2017.04.22-21.59.58:933][345]LogLinker:Warning: Can't find file '/Game/FirstPersonCPP/Blueprints/coinbp'
[2017.04.22-21.59.58:933][345]LogLinker:Warning: Can't find file for asset '/Game/FirstPersonCPP/Blueprints/coinbp' while loading NULL.
[2017.04.22-21.59.58:933][345]LogLinker:Warning: Can't find file '/Game/FirstPersonCPP/Blueprints/coinbp'
[2017.04.22-21.59.58:933][345]LogLinker:Warning: Can't find file for asset '/Game/FirstPersonCPP/Blueprints/coinbp' while loading NULL.
[2017.04.22-21.59.58:933][345]LogLinker:Warning: Can't find file '/Game/FirstPersonCPP/Blueprints/coinbp'
[2017.04.22-21.59.58:933][345]LogLinker:Warning: Can't find file for asset '/Game/FirstPersonCPP/Blueprints/coinbp' while loading NULL.
[2017.04.22-21.59.58:934][345]LogLinker:Warning: Can't find file '/Game/FirstPersonCPP/Blueprints/coinbp'
[2017.04.22-21.59.58:934][345]LogLinker:Warning: Can't find file for asset '/Game/FirstPersonCPP/Blueprints/coinbp' while loading NULL.
[2017.04.22-21.59.58:934][345]LogLinker:Warning: Can't find file '/Game/FirstPersonCPP/Blueprints/coinbp'
[2017.04.22-21.59.58:934][345]LogLinker:Warning: Can't find file for asset '/Game/FirstPersonCPP/Blueprints/coinbp' while loading NULL.
[2017.04.22-21.59.58:934][345]LogLinker:Warning: Can't find file '/Game/FirstPersonCPP/Blueprints/starbp'
[2017.04.22-21.59.58:934][345]LogLinker:Warning: Can't find file for asset '/Game/FirstPersonCPP/Blueprints/starbp' while loading NULL.
[2017.04.22-21.59.58:934][345]LogLinker:Warning: Can't find file '/Game/FirstPersonCPP/Blueprints/starbp'
[2017.04.22-21.59.58:934][345]LogLinker:Warning: Can't find file for asset '/Game/FirstPersonCPP/Blueprints/starbp' while loading NULL.
[2017.04.22-21.59.58:935][345]LogLinker:Warning: Can't find file '/Game/FirstPersonCPP/Blueprints/coinbp'
[2017.04.22-21.59.58:935][345]LogLinker:Warning: Can't find file for asset '/Game/FirstPersonCPP/Blueprints/coinbp' while loading NULL.
[2017.04.22-21.59.58:935][345]LogLinker:Warning: Can't find file '/Game/FirstPersonCPP/Blueprints/coinbp'
[2017.04.22-21.59.58:935][345]LogLinker:Warning: Can't find file for asset '/Game/FirstPersonCPP/Blueprints/coinbp' while loading NULL.
[2017.04.22-21.59.58:935][345]LogLinker:Warning: Can't find file '/Game/FirstPersonCPP/Blueprints/coinbp'
[2017.04.22-21.59.58:935][345]LogLinker:Warning: Can't find file for asset '/Game/FirstPersonCPP/Blueprints/coinbp' while loading NULL.
[2017.04.22-21.59.58:935][345]LogLinker:Warning: Can't find file '/Game/FirstPersonCPP/Blueprints/coinbp'
[2017.04.22-21.59.58:935][345]LogLinker:Warning: Can't find file for asset '/Game/FirstPersonCPP/Blueprints/coinbp' while loading NULL.
[2017.04.22-21.59.58:935][345]LogLinker:Warning: Can't find file '/Game/FirstPersonCPP/Blueprints/coinbp'
[2017.04.22-21.59.58:935][345]LogLinker:Warning: Can't find file for asset '/Game/FirstPersonCPP/Blueprints/coinbp' while loading NULL.
[2017.04.22-21.59.58:935][345]LogLinker:Warning: Can't find file '/Game/FirstPersonCPP/Blueprints/coinbp'
[2017.04.22-21.59.58:936][345]LogLinker:Warning: Can't find file for asset '/Game/FirstPersonCPP/Blueprints/coinbp' while loading NULL.
[2017.04.22-21.59.58:936][345]LogLinker:Warning: Can't find file '/Game/FirstPersonCPP/Blueprints/coinbp'
[2017.04.22-21.59.58:936][345]LogLinker:Warning: Can't find file for asset '/Game/FirstPersonCPP/Blueprints/coinbp' while loading NULL.
[2017.04.22-21.59.58:936][345]LogLinker:Warning: Can't find file '/Game/FirstPersonCPP/Blueprints/coinbp'
[2017.04.22-21.59.58:936][345]LogLinker:Warning: Can't find file for asset '/Game/FirstPersonCPP/Blueprints/coinbp' while loading NULL.
[2017.04.22-21.59.58:936][345]LogLinker:Warning: Can't find file '/Game/FirstPersonCPP/Blueprints/coinbp'
[2017.04.22-21.59.58:936][345]LogLinker:Warning: Can't find file for asset '/Game/FirstPersonCPP/Blueprints/coinbp' while loading NULL.
[2017.04.22-21.59.58:936][345]LogLinker:Warning: Can't find file '/Game/FirstPersonCPP/Blueprints/coinbp'
[2017.04.22-21.59.58:936][345]LogLinker:Warning: Can't find file for asset '/Game/FirstPersonCPP/Blueprints/coinbp' while loading NULL.
[2017.04.22-21.59.58:936][345]LogLinker:Warning: Can't find file '/Game/FirstPersonCPP/Blueprints/coinbp'
[2017.04.22-21.59.58:936][345]LogLinker:Warning: Can't find file for asset '/Game/FirstPersonCPP/Blueprints/coinbp' while loading NULL.
[2017.04.22-21.59.58:937][345]LogLinker:Warning: Can't find file '/Game/FirstPersonCPP/Blueprints/coinbp'
[2017.04.22-21.59.58:937][345]LogLinker:Warning: Can't find file for asset '/Game/FirstPersonCPP/Blueprints/coinbp' while loading NULL.
[2017.04.22-21.59.58:937][345]LogLinker:Warning: Can't find file '/Game/FirstPersonCPP/Blueprints/coinbp'
[2017.04.22-21.59.58:937][345]LogLinker:Warning: Can't find file for asset '/Game/FirstPersonCPP/Blueprints/coinbp' while loading NULL.
[2017.04.22-21.59.58:937][345]LogLinker:Warning: Can't find file '/Game/FirstPersonCPP/Blueprints/coinbp'
[2017.04.22-21.59.58:937][345]LogLinker:Warning: Can't find file for asset '/Game/FirstPersonCPP/Blueprints/coinbp' while loading NULL.
[2017.04.22-21.59.58:937][345]LogLinker:Warning: Can't find file '/Game/FirstPersonCPP/Blueprints/coinbp'
[2017.04.22-21.59.58:937][345]LogLinker:Warning: Can't find file for asset '/Game/FirstPersonCPP/Blueprints/coinbp' while loading NULL.
[2017.04.22-21.59.58:937][345]LogLinker:Warning: Can't find file '/Game/FirstPersonCPP/Blueprints/coinbp'
[2017.04.22-21.59.58:937][345]LogLinker:Warning: Can't find file for asset '/Game/FirstPersonCPP/Blueprints/coinbp' while loading NULL.
[2017.04.22-21.59.58:937][345]LogLinker:Warning: Can't find file '/Game/FirstPersonCPP/Blueprints/starbp'
[2017.04.22-21.59.58:938][345]LogLinker:Warning: Can't find file for asset '/Game/FirstPersonCPP/Blueprints/starbp' while loading NULL.
[2017.04.22-21.59.58:938][345]LogLinker:Warning: Can't find file '/Game/FirstPersonCPP/Blueprints/starbp'
[2017.04.22-21.59.58:938][345]LogLinker:Warning: Can't find file for asset '/Game/FirstPersonCPP/Blueprints/starbp' while loading NULL.
[2017.04.22-21.59.58:938][345]LogLinker:Warning: Can't find file '/Game/FirstPersonCPP/Blueprints/starbp'
[2017.04.22-21.59.58:938][345]LogLinker:Warning: Can't find file for asset '/Game/FirstPersonCPP/Blueprints/starbp' while loading NULL.
[2017.04.22-21.59.58:938][345]LogLinker:Warning: Can't find file '/Game/FirstPersonCPP/Blueprints/starbp'
[2017.04.22-21.59.58:938][345]LogLinker:Warning: Can't find file for asset '/Game/FirstPersonCPP/Blueprints/starbp' while loading NULL.
[2017.04.22-21.59.58:939][345]LogLinker:Warning: Can't find file '/Game/FirstPersonCPP/Blueprints/coinbp'
[2017.04.22-21.59.58:939][345]LogLinker:Warning: Can't find file for asset '/Game/FirstPersonCPP/Blueprints/coinbp' while loading NULL.
[2017.04.22-21.59.58:939][345]LogLinker:Warning: Can't find file '/Game/FirstPersonCPP/Blueprints/coinbp'
[2017.04.22-21.59.58:939][345]LogLinker:Warning: Can't find file for asset '/Game/FirstPersonCPP/Blueprints/coinbp' while loading NULL.
[2017.04.22-21.59.58:939][345]LogLinker:Warning: Can't find file '/Game/FirstPersonCPP/Blueprints/coinbp'
[2017.04.22-21.59.58:940][345]LogLinker:Warning: Can't find file for asset '/Game/FirstPersonCPP/Blueprints/coinbp' while loading NULL.
[2017.04.22-21.59.58:940][345]LogLinker:Warning: Can't find file '/Game/FirstPersonCPP/Blueprints/coinbp'
[2017.04.22-21.59.58:940][345]LogLinker:Warning: Can't find file for asset '/Game/FirstPersonCPP/Blueprints/coinbp' while loading NULL.
[2017.04.22-21.59.58:940][345]LogLinker:Warning: Can't find file '/Game/FirstPersonCPP/Blueprints/coinbp'
[2017.04.22-21.59.58:940][345]LogLinker:Warning: Can't find file for asset '/Game/FirstPersonCPP/Blueprints/coinbp' while loading NULL.
[2017.04.22-21.59.58:940][345]LogLinker:Warning: Can't find file '/Game/FirstPersonCPP/Blueprints/coinbp'
[2017.04.22-21.59.58:940][345]LogLinker:Warning: Can't find file for asset '/Game/FirstPersonCPP/Blueprints/coinbp' while loading NULL.
[2017.04.22-21.59.58:940][345]LogLinker:Warning: Can't find file '/Game/FirstPersonCPP/Blueprints/coinbp'
[2017.04.22-21.59.58:940][345]LogLinker:Warning: Can't find file for asset '/Game/FirstPersonCPP/Blueprints/coinbp' while loading NULL.
[2017.04.22-21.59.58:940][345]LogLinker:Warning: Can't find file '/Game/FirstPersonCPP/Blueprints/coinbp'
[2017.04.22-21.59.58:940][345]LogLinker:Warning: Can't find file for asset '/Game/FirstPersonCPP/Blueprints/coinbp' while loading NULL.
[2017.04.22-21.59.58:941][345]LogLinker:Warning: Can't find file '/Game/FirstPersonCPP/Blueprints/coinbp'
[2017.04.22-21.59.58:941][345]LogLinker:Warning: Can't find file for asset '/Game/FirstPersonCPP/Blueprints/coinbp' while loading NULL.
[2017.04.22-21.59.58:941][345]LogLinker:Warning: Can't find file '/Game/FirstPersonCPP/Blueprints/coinbp'
[2017.04.22-21.59.58:941][345]LogLinker:Warning: Can't find file for asset '/Game/FirstPersonCPP/Blueprints/coinbp' while loading NULL.
[2017.04.22-21.59.58:941][345]LogLinker:Warning: Can't find file '/Game/FirstPersonCPP/Blueprints/coinbp'
[2017.04.22-21.59.58:941][345]LogLinker:Warning: Can't find file for asset '/Game/FirstPersonCPP/Blueprints/coinbp' while loading NULL.
[2017.04.22-21.59.58:941][345]LogLinker:Warning: Can't find file '/Game/FirstPersonCPP/Blueprints/coinbp'
[2017.04.22-21.59.58:941][345]LogLinker:Warning: Can't find file for asset '/Game/FirstPersonCPP/Blueprints/coinbp' while loading NULL.
[2017.04.22-21.59.58:941][345]LogLinker:Warning: Can't find file '/Game/FirstPersonCPP/Blueprints/coinbp'
[2017.04.22-21.59.58:941][345]LogLinker:Warning: Can't find file for asset '/Game/FirstPersonCPP/Blueprints/coinbp' while loading NULL.
[2017.04.22-21.59.58:941][345]LogLinker:Warning: Can't find file '/Game/FirstPersonCPP/Blueprints/coinbp'
[2017.04.22-21.59.58:942][345]LogLinker:Warning: Can't find file for asset '/Game/FirstPersonCPP/Blueprints/coinbp' while loading NULL.
[2017.04.22-21.59.58:942][345]LogLinker:Warning: Can't find file '/Game/FirstPersonCPP/Blueprints/coinbp'
[2017.04.22-21.59.58:942][345]LogLinker:Warning: Can't find file for asset '/Game/FirstPersonCPP/Blueprints/coinbp' while loading NULL.
[2017.04.22-21.59.58:942][345]LogLinker:Warning: Can't find file '/Game/FirstPersonCPP/Blueprints/coinbp'
[2017.04.22-21.59.58:942][345]LogLinker:Warning: Can't find file for asset '/Game/FirstPersonCPP/Blueprints/coinbp' while loading NULL.
[2017.04.22-21.59.58:942][345]LogLinker:Warning: Can't find file '/Game/FirstPersonCPP/Blueprints/starbp'
[2017.04.22-21.59.58:942][345]LogLinker:Warning: Can't find file for asset '/Game/FirstPersonCPP/Blueprints/starbp' while loading NULL.
[2017.04.22-21.59.58:943][345]LogLinker:Warning: Can't find file '/Game/FirstPersonCPP/Blueprints/starbp'
[2017.04.22-21.59.58:943][345]LogLinker:Warning: Can't find file for asset '/Game/FirstPersonCPP/Blueprints/starbp' while loading NULL.
[2017.04.22-21.59.58:943][345]LogLinker:Warning: Can't find file '/Game/FirstPersonCPP/Blueprints/coinbp'
[2017.04.22-21.59.58:943][345]LogLinker:Warning: Can't find file for asset '/Game/FirstPersonCPP/Blueprints/coinbp' while loading NULL.
[2017.04.22-21.59.58:943][345]LogLinker:Warning: Can't find file '/Game/FirstPersonCPP/Blueprints/coinbp'
[2017.04.22-21.59.58:943][345]LogLinker:Warning: Can't find file for asset '/Game/FirstPersonCPP/Blueprints/coinbp' while loading NULL.
[2017.04.22-21.59.58:943][345]LogLinker:Warning: Can't find file '/Game/FirstPersonCPP/Blueprints/coinbp'
[2017.04.22-21.59.58:943][345]LogLinker:Warning: Can't find file for asset '/Game/FirstPersonCPP/Blueprints/coinbp' while loading NULL.
[2017.04.22-21.59.58:944][345]LogLinker:Warning: Can't find file '/Game/FirstPersonCPP/Blueprints/coinbp'
[2017.04.22-21.59.58:944][345]LogLinker:Warning: Can't find file for asset '/Game/FirstPersonCPP/Blueprints/coinbp' while loading NULL.
[2017.04.22-21.59.58:944][345]LogLinker:Warning: Can't find file '/Game/FirstPersonCPP/Blueprints/coinbp'
[2017.04.22-21.59.58:944][345]LogLinker:Warning: Can't find file for asset '/Game/FirstPersonCPP/Blueprints/coinbp' while loading NULL.
[2017.04.22-21.59.58:944][345]LogLinker:Warning: Can't find file '/Game/FirstPersonCPP/Blueprints/coinbp'
[2017.04.22-21.59.58:944][345]LogLinker:Warning: Can't find file for asset '/Game/FirstPersonCPP/Blueprints/coinbp' while loading NULL.
[2017.04.22-21.59.58:944][345]LogLinker:Warning: Can't find file '/Game/FirstPersonCPP/Blueprints/coinbp'
[2017.04.22-21.59.58:944][345]LogLinker:Warning: Can't find file for asset '/Game/FirstPersonCPP/Blueprints/coinbp' while loading NULL.
[2017.04.22-21.59.58:944][345]LogLinker:Warning: Can't find file '/Game/FirstPersonCPP/Blueprints/coinbp'
[2017.04.22-21.59.58:944][345]LogLinker:Warning: Can't find file for asset '/Game/FirstPersonCPP/Blueprints/coinbp' while loading NULL.
[2017.04.22-21.59.58:944][345]LogLinker:Warning: Can't find file '/Game/FirstPersonCPP/Blueprints/coinbp'
[2017.04.22-21.59.58:945][345]LogLinker:Warning: Can't find file for asset '/Game/FirstPersonCPP/Blueprints/coinbp' while loading NULL.
[2017.04.22-21.59.58:945][345]LogLinker:Warning: Can't find file '/Game/FirstPersonCPP/Blueprints/coinbp'
[2017.04.22-21.59.58:945][345]LogLinker:Warning: Can't find file for asset '/Game/FirstPersonCPP/Blueprints/coinbp' while loading NULL.
[2017.04.22-21.59.58:945][345]LogLinker:Warning: Can't find file '/Game/FirstPersonCPP/Blueprints/coinbp'
[2017.04.22-21.59.58:945][345]LogLinker:Warning: Can't find file for asset '/Game/FirstPersonCPP/Blueprints/coinbp' while loading NULL.
[2017.04.22-21.59.58:945][345]LogLinker:Warning: Can't find file '/Game/FirstPersonCPP/Blueprints/coinbp'
[2017.04.22-21.59.58:945][345]LogLinker:Warning: Can't find file for asset '/Game/FirstPersonCPP/Blueprints/coinbp' while loading NULL.
[2017.04.22-21.59.58:945][345]LogLinker:Warning: Can't find file '/Game/FirstPersonCPP/Blueprints/coinbp'
[2017.04.22-21.59.58:945][345]LogLinker:Warning: Can't find file for asset '/Game/FirstPersonCPP/Blueprints/coinbp' while loading NULL.
[2017.04.22-21.59.58:945][345]LogLinker:Warning: Can't find file '/Game/FirstPersonCPP/Blueprints/coinbp'
[2017.04.22-21.59.58:946][345]LogLinker:Warning: Can't find file for asset '/Game/FirstPersonCPP/Blueprints/coinbp' while loading NULL.
[2017.04.22-21.59.58:946][345]LogLinker:Warning: Can't find file '/Game/FirstPersonCPP/Blueprints/coinbp'
[2017.04.22-21.59.58:946][345]LogLinker:Warning: Can't find file for asset '/Game/FirstPersonCPP/Blueprints/coinbp' while loading NULL.
[2017.04.22-21.59.58:946][345]LogLinker:Warning: Can't find file '/Game/FirstPersonCPP/Blueprints/coinbp'
[2017.04.22-21.59.58:946][345]LogLinker:Warning: Can't find file for asset '/Game/FirstPersonCPP/Blueprints/coinbp' while loading NULL.
[2017.04.22-21.59.58:946][345]LogLinker:Warning: Can't find file '/Game/FirstPersonCPP/Blueprints/starbp'
[2017.04.22-21.59.58:946][345]LogLinker:Warning: Can't find file for asset '/Game/FirstPersonCPP/Blueprints/starbp' while loading NULL.
[2017.04.22-21.59.58:946][345]LogLinker:Warning: Can't find file '/Game/FirstPersonCPP/Blueprints/starbp'
[2017.04.22-21.59.58:946][345]LogLinker:Warning: Can't find file for asset '/Game/FirstPersonCPP/Blueprints/starbp' while loading NULL.
[2017.04.22-21.59.58:994][345]LogLinker:Warning: Can't find file '/Game/FirstPersonCPP/Blueprints/coinbp'
[2017.04.22-21.59.58:994][345]LogLinker:Warning: Can't find file for asset '/Game/FirstPersonCPP/Blueprints/coinbp' while loading NULL.
[2017.04.22-21.59.58:994][345]LogLinker:Warning: Can't find file '/Game/FirstPersonCPP/Blueprints/coinbp'
[2017.04.22-21.59.58:994][345]LoadErrors: Info Failed to load /Game/FirstPersonCPP/Blueprints/coinbp.coinbp_C Referenced by PersistentLevel
[2017.04.22-21.59.58:994][345]LogLinker:Warning: Can't find file for asset '/Game/FirstPersonCPP/Blueprints/coinbp' while loading NULL.
[2017.04.22-21.59.58:995][345]LogLinker:Warning: Can't find file '/Game/FirstPersonCPP/Blueprints/coinbp'
[2017.04.22-21.59.58:995][345]LogLinker:Warning: Can't find file for asset '/Game/FirstPersonCPP/Blueprints/coinbp' while loading NULL.
[2017.04.22-21.59.58:995][345]LogLinker:Warning: Can't find file '/Game/FirstPersonCPP/Blueprints/coinbp'
[2017.04.22-21.59.58:995][345]LogLinker:Warning: Can't find file for asset '/Game/FirstPersonCPP/Blueprints/coinbp' while loading NULL.
[2017.04.22-21.59.58:995][345]LogLinker:Warning: Can't find file '/Game/FirstPersonCPP/Blueprints/coinbp'
[2017.04.22-21.59.58:995][345]LogLinker:Warning: Can't find file for asset '/Game/FirstPersonCPP/Blueprints/coinbp' while loading NULL.
[2017.04.22-21.59.58:995][345]LogLinker:Warning: Can't find file '/Game/FirstPersonCPP/Blueprints/coinbp'
[2017.04.22-21.59.58:995][345]LogLinker:Warning: Can't find file for asset '/Game/FirstPersonCPP/Blueprints/coinbp' while loading NULL.
[2017.04.22-21.59.58:995][345]LogLinker:Warning: Can't find file '/Game/FirstPersonCPP/Blueprints/coinbp'
[2017.04.22-21.59.58:996][345]LogLinker:Warning: Can't find file for asset '/Game/FirstPersonCPP/Blueprints/coinbp' while loading NULL.
[2017.04.22-21.59.58:996][345]LogLinker:Warning: Can't find file '/Game/FirstPersonCPP/Blueprints/coinbp'
[2017.04.22-21.59.58:996][345]LogLinker:Warning: Can't find file for asset '/Game/FirstPersonCPP/Blueprints/coinbp' while loading NULL.
[2017.04.22-21.59.58:996][345]LogLinker:Warning: Can't find file '/Game/FirstPersonCPP/Blueprints/coinbp'
[2017.04.22-21.59.58:996][345]LogLinker:Warning: Can't find file for asset '/Game/FirstPersonCPP/Blueprints/coinbp' while loading NULL.
[2017.04.22-21.59.58:996][345]LogLinker:Warning: Can't find file '/Game/FirstPersonCPP/Blueprints/coinbp'
[2017.04.22-21.59.58:996][345]LogLinker:Warning: Can't find file for asset '/Game/FirstPersonCPP/Blueprints/coinbp' while loading NULL.
[2017.04.22-21.59.58:996][345]LogLinker:Warning: Can't find file '/Game/FirstPersonCPP/Blueprints/coinbp'
[2017.04.22-21.59.58:996][345]LogLinker:Warning: Can't find file for asset '/Game/FirstPersonCPP/Blueprints/coinbp' while loading NULL.
[2017.04.22-21.59.58:997][345]LogLinker:Warning: Can't find file '/Game/FirstPersonCPP/Blueprints/coinbp'
[2017.04.22-21.59.58:997][345]LogLinker:Warning: Can't find file for asset '/Game/FirstPersonCPP/Blueprints/coinbp' while loading NULL.
[2017.04.22-21.59.58:997][345]LogLinker:Warning: Can't find file '/Game/FirstPersonCPP/Blueprints/coinbp'
[2017.04.22-21.59.58:997][345]LogLinker:Warning: Can't find file for asset '/Game/FirstPersonCPP/Blueprints/coinbp' while loading NULL.
[2017.04.22-21.59.58:997][345]LogLinker:Warning: Can't find file '/Game/FirstPersonCPP/Blueprints/coinbp'
[2017.04.22-21.59.58:997][345]LogLinker:Warning: Can't find file for asset '/Game/FirstPersonCPP/Blueprints/coinbp' while loading NULL.
[2017.04.22-21.59.58:998][345]LogLinker:Warning: Can't find file '/Game/FirstPersonCPP/Blueprints/coinbp'
[2017.04.22-21.59.58:998][345]LogLinker:Warning: Can't find file for asset '/Game/FirstPersonCPP/Blueprints/coinbp' while loading NULL.
[2017.04.22-21.59.58:998][345]LogLinker:Warning: Can't find file '/Game/FirstPersonCPP/Blueprints/coinbp'
[2017.04.22-21.59.58:998][345]LogLinker:Warning: Can't find file for asset '/Game/FirstPersonCPP/Blueprints/coinbp' while loading NULL.
[2017.04.22-21.59.58:998][345]LogLinker:Warning: Can't find file '/Game/FirstPersonCPP/Blueprints/starbp'
[2017.04.22-21.59.58:998][345]LogLinker:Warning: Can't find file for asset '/Game/FirstPersonCPP/Blueprints/starbp' while loading NULL.
[2017.04.22-21.59.58:998][345]LogLinker:Warning: Can't find file '/Game/FirstPersonCPP/Blueprints/starbp'
[2017.04.22-21.59.58:999][345]LoadErrors: Info Failed to load /Game/FirstPersonCPP/Blueprints/starbp.starbp_C Referenced by PersistentLevel
[2017.04.22-21.59.58:999][345]LogLinker:Warning: Can't find file for asset '/Game/FirstPersonCPP/Blueprints/starbp' while loading NULL.
[2017.04.22-21.59.59:005][345]LogLinker:Warning: Can't find file '/Game/FirstPersonCPP/Blueprints/warppipe'
[2017.04.22-21.59.59:005][345]LoadErrors: Info Failed to load /Game/FirstPersonCPP/Blueprints/warppipe.warppipe Referenced by warppipe2_18
[2017.04.22-21.59.59:005][345]LogLinker:Warning: Can't find file for asset '/Game/FirstPersonCPP/Blueprints/warppipe' while loading NULL.
[2017.04.22-21.59.59:005][345]LogLinker:Warning: Can't find file '/Game/FirstPersonCPP/Blueprints/warppipe'
[2017.04.22-21.59.59:005][345]LoadErrors: Info Failed to load /Game/FirstPersonCPP/Blueprints/warppipe.warppipe Referenced by warppipe_13
[2017.04.22-21.59.59:006][345]LogLinker:Warning: Can't find file for asset '/Game/FirstPersonCPP/Blueprints/warppipe' while loading NULL.
[2017.04.22-21.59.59:109][345]LogTexture:Display: Building textures: HQ_Lightmap0_1 (AutoDXT)
[2017.04.22-22.00.02:328][345]LogTexture:Display: Building textures: HQ_Lightmap0_10 (AutoDXT)
[2017.04.22-22.00.02:336][345]LogTexture:Display: Building textures: HQ_Lightmap0_11 (AutoDXT)
[2017.04.22-22.00.02:348][345]LogTexture:Display: Building textures: HQ_Lightmap0_12 (AutoDXT)
[2017.04.22-22.00.02:357][345]LogTexture:Display: Building textures: HQ_Lightmap0_13 (AutoDXT)
[2017.04.22-22.00.02:365][345]LogTexture:Display: Building textures: HQ_Lightmap0_14 (AutoDXT)
[2017.04.22-22.00.02:373][345]LogTexture:Display: Building textures: HQ_Lightmap0_15 (AutoDXT)
[2017.04.22-22.00.02:380][345]LogTexture:Display: Building textures: HQ_Lightmap0_16 (AutoDXT)
[2017.04.22-22.00.02:388][345]LogTexture:Display: Building textures: HQ_Lightmap0_17 (AutoDXT)
[2017.04.22-22.00.02:425][345]LogTexture:Display: Building textures: HQ_Lightmap0_18 (AutoDXT)
[2017.04.22-22.00.02:441][345]LogTexture:Display: Building textures: HQ_Lightmap0_19 (AutoDXT)
[2017.04.22-22.00.02:579][345]LogTexture:Display: Building textures: HQ_Lightmap0_2 (AutoDXT)
[2017.04.22-22.00.05:331][345]LogTexture:Display: Building textures: HQ_Lightmap0_20 (AutoDXT)
[2017.04.22-22.00.05:334][345]LogTexture:Display: Building textures: HQ_Lightmap0_21 (AutoDXT)
[2017.04.22-22.00.05:344][345]LogTexture:Display: Building textures: HQ_Lightmap0_22 (AutoDXT)
[2017.04.22-22.00.05:382][345]LogTexture:Display: Building textures: HQ_Lightmap0_23 (AutoDXT)
[2017.04.22-22.00.05:395][345]LogTexture:Display: Building textures: HQ_Lightmap0_24 (AutoDXT)
[2017.04.22-22.00.05:402][345]LogTexture:Display: Building textures: HQ_Lightmap0_25 (AutoDXT)
[2017.04.22-22.00.05:500][345]LogTexture:Display: Building textures: HQ_Lightmap0_3 (AutoDXT)
[2017.04.22-22.00.08:613][345]LogSlate: Took 0.000259 seconds to synchronously load lazily loaded font '../../../Engine/Content/Slate/Fonts/Roboto-Regular.ttf' (155K)
[2017.04.22-22.00.08:707][345]LogTexture:Display: Building textures: HQ_Lightmap0_4 (AutoDXT)
[2017.04.22-22.00.11:009][345]LogTexture:Display: Building textures: HQ_Lightmap0_5 (AutoDXT)
[2017.04.22-22.00.11:018][345]LogTexture:Display: Building textures: HQ_Lightmap0_7 (AutoDXT)
[2017.04.22-22.00.11:026][345]LogTexture:Display: Building textures: HQ_Lightmap0_8 (AutoDXT)
[2017.04.22-22.00.11:033][345]LogTexture:Display: Building textures: HQ_Lightmap0_9 (AutoDXT)
[2017.04.22-22.00.11:041][345]LogTexture:Display: Building textures: HQ_Lightmap1_6 (AutoDXT)
[2017.04.22-22.00.11:119][345]LogTexture:Display: Building textures: LQ_Lightmap_0_1 (DXT1)
[2017.04.22-22.00.11:962][345]LogTexture:Display: Building textures: LQ_Lightmap_0_10 (DXT1)
[2017.04.22-22.00.11:986][345]LogTexture:Display: Building textures: LQ_Lightmap_0_11 (DXT1)
[2017.04.22-22.00.12:004][345]LogTexture:Display: Building textures: LQ_Lightmap_0_12 (DXT1)
[2017.04.22-22.00.12:038][345]LogTexture:Display: Building textures: LQ_Lightmap_0_13 (DXT1)
[2017.04.22-22.00.12:070][345]LogTexture:Display: Building textures: LQ_Lightmap_0_14 (DXT1)
[2017.04.22-22.00.12:094][345]LogTexture:Display: Building textures: LQ_Lightmap_0_15 (DXT1)
[2017.04.22-22.00.12:119][345]LogTexture:Display: Building textures: LQ_Lightmap_0_16 (DXT1)
[2017.04.22-22.00.12:146][345]LogTexture:Display: Building textures: LQ_Lightmap_0_17 (DXT1)
[2017.04.22-22.00.12:187][345]LogTexture:Display: Building textures: LQ_Lightmap_0_18 (DXT1)
[2017.04.22-22.00.12:207][345]LogTexture:Display: Building textures: LQ_Lightmap_0_19 (DXT1)
[2017.04.22-22.00.12:310][345]LogTexture:Display: Building textures: LQ_Lightmap_0_2 (DXT1)
[2017.04.22-22.00.12:989][345]LogTexture:Display: Building textures: LQ_Lightmap_0_20 (DXT1)
[2017.04.22-22.00.13:009][345]LogTexture:Display: Building textures: LQ_Lightmap_0_21 (DXT1)
[2017.04.22-22.00.13:038][345]LogTexture:Display: Building textures: LQ_Lightmap_0_22 (DXT1)
[2017.04.22-22.00.13:073][345]LogTexture:Display: Building textures: LQ_Lightmap_0_23 (DXT1)
[2017.04.22-22.00.13:087][345]LogTexture:Display: Building textures: LQ_Lightmap_0_24 (DXT1)
[2017.04.22-22.00.13:089][345]LogTexture:Display: Building textures: LQ_Lightmap_0_25 (DXT1)
[2017.04.22-22.00.13:164][345]LogTexture:Display: Building textures: LQ_Lightmap_0_3 (DXT1)
[2017.04.22-22.00.14:025][345]LogTexture:Display: Building textures: LQ_Lightmap_0_4 (DXT1)
[2017.04.22-22.00.14:710][345]LogTexture:Display: Building textures: LQ_Lightmap_0_5 (DXT1)
[2017.04.22-22.00.14:731][345]LogTexture:Display: Building textures: LQ_Lightmap_0_7 (DXT1)
[2017.04.22-22.00.14:756][345]LogTexture:Display: Building textures: LQ_Lightmap_0_8 (DXT1)
[2017.04.22-22.00.14:780][345]LogTexture:Display: Building textures: LQ_Lightmap_0_9 (DXT1)
[2017.04.22-22.00.14:807][345]LogTexture:Display: Building textures: LQ_Lightmap_1_6 (DXT1)
[2017.04.22-22.00.14:860][345]LogTexture:Display: Building textures: SkyOcclusion0_1 (AutoDXT)
[2017.04.22-22.00.15:793][345]LogTexture:Display: Building textures: SkyOcclusion0_10 (AutoDXT)
[2017.04.22-22.00.15:811][345]LogTexture:Display: Building textures: SkyOcclusion0_11 (AutoDXT)
[2017.04.22-22.00.15:814][345]LogTexture:Display: Building textures: SkyOcclusion0_12 (AutoDXT)
[2017.04.22-22.00.15:817][345]LogTexture:Display: Building textures: SkyOcclusion0_13 (AutoDXT)
[2017.04.22-22.00.15:819][345]LogTexture:Display: Building textures: SkyOcclusion0_14 (AutoDXT)
[2017.04.22-22.00.15:827][345]LogTexture:Display: Building textures: SkyOcclusion0_15 (AutoDXT)
[2017.04.22-22.00.15:830][345]LogTexture:Display: Building textures: SkyOcclusion0_16 (AutoDXT)
[2017.04.22-22.00.15:835][345]LogTexture:Display: Building textures: SkyOcclusion0_17 (AutoDXT)
[2017.04.22-22.00.15:864][345]LogTexture:Display: Building textures: SkyOcclusion0_18 (AutoDXT)
[2017.04.22-22.00.15:875][345]LogTexture:Display: Building textures: SkyOcclusion0_19 (AutoDXT)
[2017.04.22-22.00.15:933][345]LogTexture:Display: Building textures: SkyOcclusion0_2 (AutoDXT)
[2017.04.22-22.00.16:827][345]LogTexture:Display: Building textures: SkyOcclusion0_20 (AutoDXT)
[2017.04.22-22.00.16:829][345]LogTexture:Display: Building textures: SkyOcclusion0_21 (AutoDXT)
[2017.04.22-22.00.16:833][345]LogTexture:Display: Building textures: SkyOcclusion0_22 (AutoDXT)
[2017.04.22-22.00.16:853][345]LogTexture:Display: Building textures: SkyOcclusion0_23 (AutoDXT)
[2017.04.22-22.00.16:864][345]LogTexture:Display: Building textures: SkyOcclusion0_24 (AutoDXT)
[2017.04.22-22.00.16:868][345]LogTexture:Display: Building textures: SkyOcclusion0_25 (AutoDXT)
[2017.04.22-22.00.16:907][345]LogTexture:Display: Building textures: SkyOcclusion0_3 (AutoDXT)
[2017.04.22-22.00.17:980][345]LogTexture:Display: Building textures: SkyOcclusion0_4 (AutoDXT)
[2017.04.22-22.00.19:118][345]LogTexture:Display: Building textures: SkyOcclusion0_5 (AutoDXT)
[2017.04.22-22.00.19:121][345]LogTexture:Display: Building textures: SkyOcclusion0_7 (AutoDXT)
[2017.04.22-22.00.19:123][345]LogTexture:Display: Building textures: SkyOcclusion0_8 (AutoDXT)
[2017.04.22-22.00.19:126][345]LogTexture:Display: Building textures: SkyOcclusion0_9 (AutoDXT)
[2017.04.22-22.00.19:128][345]LogTexture:Display: Building textures: SkyOcclusion1_6 (AutoDXT)
[2017.04.22-22.00.19:425][345]LogStaticMesh:Warning: Rebuilding hierarchical instanced mesh component, please resave map FoliageInstancedStaticMeshComponent /Game/FirstPersonCPP/Maps/FirstPersonExampleMap.FirstPersonExampleMap:PersistentLevel.InstancedFoliageActor_0.FoliageInstancedStaticMeshComponent_0.
[2017.04.22-22.00.19:582][345]LogAIModule: Creating AISystem for world FirstPersonExampleMap
[2017.04.22-22.00.19:681][345]Cmd: MAP LOAD FILE="../../../../../../Users/Kite/Documents/Unreal Projects/Project433/Content/FirstPersonCPP/Maps/FirstPersonExampleMap.umap" TEMPLATE=0 SHOWPROGRESS=1 FEATURELEVEL=3
[2017.04.22-22.00.19:681][345]LightingResults: New page: Lighting Build
[2017.04.22-22.00.19:683][345]LoadErrors: New page: Loading map: FirstPersonExampleMap.umap
[2017.04.22-22.00.19:684][345]MapCheck: New page: Map Check
[2017.04.22-22.00.19:684][345]LightingResults: New page: Lighting Build
[2017.04.22-22.00.19:738][345]LogEditorServer: Finished looking for orphan Actors (0.000 secs)
[2017.04.22-22.00.19:783][345]Cmd: MAP CHECKDEP NOCLEARLOG
[2017.04.22-22.00.19:842][345]MapCheck: Info Map check complete: 0 Error(s), 0 Warning(s), took 58.986ms to complete.
[2017.04.22-22.00.19:843][345]LogFileHelpers: Loading map 'FirstPersonExampleMap' took 0.163
[2017.04.22-22.00.19:866][345]LoadErrors:Warning: Warning CreateExport: Failed to load Outer for resource 'DefaultSceneRoot': coinbp_C /Game/FirstPersonCPP/Maps/FirstPersonExampleMap.FirstPersonExampleMap:PersistentLevel.coinbp2
[2017.04.22-22.00.19:867][345]LoadErrors:Warning: Warning CreateExport: Failed to load Outer for resource 'DefaultSceneRoot': coinbp_C /Game/FirstPersonCPP/Maps/FirstPersonExampleMap.FirstPersonExampleMap:PersistentLevel.coinbp3_1458
[2017.04.22-22.00.19:867][345]LoadErrors:Warning: Warning CreateExport: Failed to load Outer for resource 'DefaultSceneRoot': coinbp_C /Game/FirstPersonCPP/Maps/FirstPersonExampleMap.FirstPersonExampleMap:PersistentLevel.coinbp4
[2017.04.22-22.00.19:867][345]LoadErrors:Warning: Warning CreateExport: Failed to load Outer for resource 'DefaultSceneRoot': coinbp_C /Game/FirstPersonCPP/Maps/FirstPersonExampleMap.FirstPersonExampleMap:PersistentLevel.coinbp5_2686
[2017.04.22-22.00.19:867][345]LoadErrors:Warning: Warning CreateExport: Failed to load Outer for resource 'DefaultSceneRoot': coinbp_C /Game/FirstPersonCPP/Maps/FirstPersonExampleMap.FirstPersonExampleMap:PersistentLevel.coinbp6
[2017.04.22-22.00.19:867][345]LoadErrors:Warning: Warning CreateExport: Failed to load Outer for resource 'DefaultSceneRoot': coinbp_C /Game/FirstPersonCPP/Maps/FirstPersonExampleMap.FirstPersonExampleMap:PersistentLevel.coinbp7
[2017.04.22-22.00.19:867][345]LoadErrors:Warning: Warning CreateExport: Failed to load Outer for resource 'DefaultSceneRoot': coinbp_C /Game/FirstPersonCPP/Maps/FirstPersonExampleMap.FirstPersonExampleMap:PersistentLevel.coinbp8
[2017.04.22-22.00.19:867][345]LoadErrors:Warning: Warning CreateExport: Failed to load Outer for resource 'DefaultSceneRoot': coinbp_C /Game/FirstPersonCPP/Maps/FirstPersonExampleMap.FirstPersonExampleMap:PersistentLevel.coinbp9
[2017.04.22-22.00.19:867][345]LoadErrors:Warning: Warning CreateExport: Failed to load Outer for resource 'DefaultSceneRoot': starbp_C /Game/FirstPersonCPP/Maps/FirstPersonExampleMap.FirstPersonExampleMap:PersistentLevel.starbp_487
[2017.04.22-22.00.19:867][345]LoadErrors:Warning: Warning CreateExport: Failed to load Outer for resource 'Sphere': coinbp_C /Game/FirstPersonCPP/Maps/FirstPersonExampleMap.FirstPersonExampleMap:PersistentLevel.coinbp2
[2017.04.22-22.00.19:867][345]LoadErrors:Warning: Warning CreateExport: Failed to load Outer for resource 'Sphere': coinbp_C /Game/FirstPersonCPP/Maps/FirstPersonExampleMap.FirstPersonExampleMap:PersistentLevel.coinbp3_1458
[2017.04.22-22.00.19:867][345]LoadErrors:Warning: Warning CreateExport: Failed to load Outer for resource 'Sphere': coinbp_C /Game/FirstPersonCPP/Maps/FirstPersonExampleMap.FirstPersonExampleMap:PersistentLevel.coinbp4
[2017.04.22-22.00.19:868][345]LoadErrors:Warning: Warning CreateExport: Failed to load Outer for resource 'Sphere': coinbp_C /Game/FirstPersonCPP/Maps/FirstPersonExampleMap.FirstPersonExampleMap:PersistentLevel.coinbp5_2686
[2017.04.22-22.00.19:868][345]LoadErrors:Warning: Warning CreateExport: Failed to load Outer for resource 'Sphere': coinbp_C /Game/FirstPersonCPP/Maps/FirstPersonExampleMap.FirstPersonExampleMap:PersistentLevel.coinbp6
[2017.04.22-22.00.19:868][345]LoadErrors:Warning: Warning CreateExport: Failed to load Outer for resource 'Sphere': coinbp_C /Game/FirstPersonCPP/Maps/FirstPersonExampleMap.FirstPersonExampleMap:PersistentLevel.coinbp7
[2017.04.22-22.00.19:868][345]LoadErrors:Warning: Warning CreateExport: Failed to load Outer for resource 'Sphere': coinbp_C /Game/FirstPersonCPP/Maps/FirstPersonExampleMap.FirstPersonExampleMap:PersistentLevel.coinbp8
[2017.04.22-22.00.19:868][345]LoadErrors:Warning: Warning CreateExport: Failed to load Outer for resource 'Sphere': coinbp_C /Game/FirstPersonCPP/Maps/FirstPersonExampleMap.FirstPersonExampleMap:PersistentLevel.coinbp9
[2017.04.22-22.00.19:868][345]LoadErrors:Warning: Warning CreateExport: Failed to load Outer for resource 'Sphere': starbp_C /Game/FirstPersonCPP/Maps/FirstPersonExampleMap.FirstPersonExampleMap:PersistentLevel.starbp_487
[2017.04.22-22.00.19:868][345]LoadErrors:Warning: Warning CreateExport: Failed to load Outer for resource 'StaticMesh': coinbp_C /Game/FirstPersonCPP/Maps/FirstPersonExampleMap.FirstPersonExampleMap:PersistentLevel.coinbp2
[2017.04.22-22.00.19:868][345]LoadErrors:Warning: Warning CreateExport: Failed to load Outer for resource 'StaticMesh': coinbp_C /Game/FirstPersonCPP/Maps/FirstPersonExampleMap.FirstPersonExampleMap:PersistentLevel.coinbp3_1458
[2017.04.22-22.00.19:868][345]LoadErrors:Warning: Warning CreateExport: Failed to load Outer for resource 'StaticMesh': coinbp_C /Game/FirstPersonCPP/Maps/FirstPersonExampleMap.FirstPersonExampleMap:PersistentLevel.coinbp4
[2017.04.22-22.00.19:868][345]LoadErrors:Warning: Warning CreateExport: Failed to load Outer for resource 'StaticMesh': coinbp_C /Game/FirstPersonCPP/Maps/FirstPersonExampleMap.FirstPersonExampleMap:PersistentLevel.coinbp5_2686
[2017.04.22-22.00.19:868][345]LoadErrors:Warning: Warning CreateExport: Failed to load Outer for resource 'StaticMesh': coinbp_C /Game/FirstPersonCPP/Maps/FirstPersonExampleMap.FirstPersonExampleMap:PersistentLevel.coinbp6
[2017.04.22-22.00.19:869][345]LoadErrors:Warning: Warning CreateExport: Failed to load Outer for resource 'StaticMesh': coinbp_C /Game/FirstPersonCPP/Maps/FirstPersonExampleMap.FirstPersonExampleMap:PersistentLevel.coinbp7
[2017.04.22-22.00.19:869][345]LoadErrors:Warning: Warning CreateExport: Failed to load Outer for resource 'StaticMesh': coinbp_C /Game/FirstPersonCPP/Maps/FirstPersonExampleMap.FirstPersonExampleMap:PersistentLevel.coinbp8
[2017.04.22-22.00.19:869][345]LoadErrors:Warning: Warning CreateExport: Failed to load Outer for resource 'StaticMesh': coinbp_C /Game/FirstPersonCPP/Maps/FirstPersonExampleMap.FirstPersonExampleMap:PersistentLevel.coinbp9
[2017.04.22-22.00.19:869][345]LoadErrors:Warning: Warning CreateExport: Failed to load Outer for resource 'StaticMesh': starbp_C /Game/FirstPersonCPP/Maps/FirstPersonExampleMap.FirstPersonExampleMap:PersistentLevel.starbp_487
[2017.04.22-22.00.19:869][345]LoadErrors:Warning: Warning CreateExport: Failed to load Outer for resource 'coin': coinbp_C /Game/FirstPersonCPP/Maps/FirstPersonExampleMap.FirstPersonExampleMap:PersistentLevel.coinbp2
[2017.04.22-22.00.19:869][345]LoadErrors:Warning: Warning CreateExport: Failed to load Outer for resource 'coin': coinbp_C /Game/FirstPersonCPP/Maps/FirstPersonExampleMap.FirstPersonExampleMap:PersistentLevel.coinbp3_1458
[2017.04.22-22.00.19:869][345]LoadErrors:Warning: Warning CreateExport: Failed to load Outer for resource 'coin': coinbp_C /Game/FirstPersonCPP/Maps/FirstPersonExampleMap.FirstPersonExampleMap:PersistentLevel.coinbp4
[2017.04.22-22.00.19:870][345]LoadErrors:Warning: Warning CreateExport: Failed to load Outer for resource 'coin': coinbp_C /Game/FirstPersonCPP/Maps/FirstPersonExampleMap.FirstPersonExampleMap:PersistentLevel.coinbp5_2686
[2017.04.22-22.00.19:870][345]LoadErrors:Warning: Warning CreateExport: Failed to load Outer for resource 'coin': coinbp_C /Game/FirstPersonCPP/Maps/FirstPersonExampleMap.FirstPersonExampleMap:PersistentLevel.coinbp6
[2017.04.22-22.00.19:870][345]LoadErrors:Warning: Warning CreateExport: Failed to load Outer for resource 'coin': coinbp_C /Game/FirstPersonCPP/Maps/FirstPersonExampleMap.FirstPersonExampleMap:PersistentLevel.coinbp7
[2017.04.22-22.00.19:870][345]LoadErrors:Warning: Warning CreateExport: Failed to load Outer for resource 'coin': coinbp_C /Game/FirstPersonCPP/Maps/FirstPersonExampleMap.FirstPersonExampleMap:PersistentLevel.coinbp8
[2017.04.22-22.00.19:870][345]LoadErrors:Warning: Warning CreateExport: Failed to load Outer for resource 'coin': coinbp_C /Game/FirstPersonCPP/Maps/FirstPersonExampleMap.FirstPersonExampleMap:PersistentLevel.coinbp9
[2017.04.22-22.00.19:870][345]LoadErrors:Warning: Warning CreateExport: Failed to load Outer for resource 'star': starbp_C /Game/FirstPersonCPP/Maps/FirstPersonExampleMap.FirstPersonExampleMap:PersistentLevel.starbp_487
[2017.04.22-22.00.26:492][600]LogEditorViewport: Clicking on Actor (LMB): NavMeshBoundsVolume (NavMeshBoundsVolume)
[2017.04.22-22.00.26:998][611]LogEditorViewport: Clicking on Actor (LMB): NavMeshBoundsVolume (NavMeshBoundsVolume)
[2017.04.22-22.00.36:740][  1]LogEditorViewport: Clicking on Actor (LMB): Landscape (Landscape)
[2017.04.22-22.00.39:030][ 74]LogWindows: Windows GetLastError: The operation completed successfully. (0)
