Log file open, 04/26/17 14:57:10
LogInit:Display: Running engine for game: Project433
LogPlatformFile: Not using cached read wrapper
LogInit:Display: RandInit(583892228) SRandInit(583892228).
LogTaskGraph: Started task graph with 5 named threads and 8 total threads with 1 sets of task threads.
LogStats: Stats thread started at 0.134462
LogInit: Using libcurl 7.47.1
LogInit:  - built for x86_64-pc-win32
LogInit:  - supports SSL with OpenSSL/1.0.2g
LogInit:  - supports HTTP deflate (compression) using libz 1.2.8
LogInit:  - other features:
LogInit:      CURL_VERSION_SSL
LogInit:      CURL_VERSION_LIBZ
LogInit:      CURL_VERSION_IPV6
LogInit:      CURL_VERSION_ASYNCHDNS
LogInit:      CURL_VERSION_LARGEFILE
LogInit:      CURL_VERSION_IDN
LogInit:  CurlRequestOptions (configurable via config and command line):
LogInit:  - bVerifyPeer = false  - Libcurl will NOT verify peer certificate
LogInit:  - bUseHttpProxy = false  - Libcurl will NOT use HTTP proxy
LogInit:  - bDontReuseConnections = false  - Libcurl will reuse connections
LogInit:  - CertBundlePath = nullptr  - Libcurl will use whatever was configured at build time.
LogInit: Build: ++UE4+Release-4.15-CL-3348071
LogInit: Engine Version: 4.15.1-3348071+++UE4+Release-4.15
LogInit: Compatible Engine Version: 4.15.0-3299760+++UE4+Release-4.15
LogInit: Net CL: 3299760
LogDevObjectVersion: Number of dev versions registered: 14
LogDevObjectVersion:   Dev-Blueprints (B0D832E4-1F89-4F0D-ACCF-7EB736FD4AA2): 8
LogDevObjectVersion:   Dev-Build (E1C64328-A22C-4D53-A36C-8E866417BD8C): 0
LogDevObjectVersion:   Dev-Core (375EC13C-06E4-48FB-B500-84F0262A717E): 2
LogDevObjectVersion:   Dev-Editor (E4B068ED-F494-42E9-A231-DA0B2E46BB41): 14
LogDevObjectVersion:   Dev-Framework (CFFC743F-43B0-4480-9391-14DF171D2073): 22
LogDevObjectVersion:   Dev-Mobile (B02B49B5-BB20-44E9-A304-32B752E40360): 0
LogDevObjectVersion:   Dev-Networking (A4E4105C-59A1-49B5-A7C5-40C4547EDFEE): 0
LogDevObjectVersion:   Dev-Online (39C831C9-5AE6-47DC-9A44-9C173E1C8E7C): 0
LogDevObjectVersion:   Dev-Physics (78F01B33-EBEA-4F98-B9B4-84EACCB95AA2): 0
LogDevObjectVersion:   Dev-Platform (6631380F-2D4D-43E0-8009-CF276956A95A): 0
LogDevObjectVersion:   Dev-Rendering (12F88B9F-8875-4AFC-A67C-D90C383ABD29): 12
LogDevObjectVersion:   Dev-Sequencer (7B5AE74C-D270-4C10-A958-57980B212A5A): 3
LogDevObjectVersion:   Dev-VR (D7296918-1DD6-4BDD-9DE2-64A83CC13884): 0
LogDevObjectVersion:   Dev-LoadTimes (C2A15278-BFE7-4AFE-6C17-90FF531DF755): 1
LogInit: Compiled (64-bit): Mar 15 2017 16:52:47
LogInit: Compiled with Visual C++: 19.00.23026.00
LogInit: Build Configuration: Development
LogInit: Branch Name: ++UE4+Release-4.15
LogInit: Command line:  
LogInit: Base directory: C:/Program Files/Epic Games/UE_4.15/Engine/Binaries/Win64/
LogInit: Installed Engine Build: 1
LogInit: Presizing for max 8388607 objects, including 0 objects not considered by GC, pre-allocating 0 bytes for permanent pool.
LogInit: Object subsystem initialized
[2017.04.26-21.57.12:849][  0]LogInit: Selected Device Profile: [Windows]
[2017.04.26-21.57.12:849][  0]LogInit: Applying CVar settings loaded from the selected device profile: [Windows]
[2017.04.26-21.57.12:879][  0]LogInit: Computer: BEN
[2017.04.26-21.57.12:879][  0]LogInit: User: Ben
[2017.04.26-21.57.12:879][  0]LogInit: CPU Page size=65536, Cores=4
[2017.04.26-21.57.12:879][  0]LogInit: High frequency timer resolution =2.435775 MHz
[2017.04.26-21.57.12:879][  0]LogMemory: Memory total: Physical=7.9GB (8GB approx)
[2017.04.26-21.57.12:879][  0]LogMemory: Platform Memory Stats for Windows
[2017.04.26-21.57.12:879][  0]LogMemory: Process Physical Memory: 263.76 MB used, 263.76 MB peak
[2017.04.26-21.57.12:879][  0]LogMemory: Process Virtual Memory: 262.71 MB used, 262.71 MB peak
[2017.04.26-21.57.12:879][  0]LogMemory: Physical Memory: 4114.18 MB used,  3960.67 MB free, 8074.85 MB total
[2017.04.26-21.57.12:879][  0]LogMemory: Virtual Memory: 645.11 MB used,  3960.67 MB free, 134217728.00 MB total
[2017.04.26-21.57.13:083][  0]LogTextLocalizationManager: No specific translations for ('en-US') exist, so ('en') translations will be used.
[2017.04.26-21.57.14:695][  0]LogD3D11RHI: D3D11 adapters:
[2017.04.26-21.57.14:748][  0]LogD3D11RHI:    0. 'NVIDIA GeForce GTX 860M' (Feature Level 11_0)
[2017.04.26-21.57.14:748][  0]LogD3D11RHI:       2018/0/4037 MB DedicatedVideo/DedicatedSystem/SharedSystem, Outputs:1, VendorId:0x10de
[2017.04.26-21.57.14:761][  0]LogD3D11RHI:    1. 'Intel(R) HD Graphics 4600' (Feature Level 11_0)
[2017.04.26-21.57.14:761][  0]LogD3D11RHI:       112/0/2048 MB DedicatedVideo/DedicatedSystem/SharedSystem, Outputs:0, VendorId:0x8086
[2017.04.26-21.57.14:764][  0]LogD3D11RHI:    2. 'Microsoft Basic Render Driver' (Feature Level 11_0)
[2017.04.26-21.57.14:764][  0]LogD3D11RHI:       0/0/4037 MB DedicatedVideo/DedicatedSystem/SharedSystem, Outputs:0, VendorId:0x1414
[2017.04.26-21.57.14:764][  0]LogD3D11RHI: Chosen D3D11 Adapter: 0
[2017.04.26-21.57.14:777][  0]LogD3D11RHI: Creating new Direct3DDevice
[2017.04.26-21.57.14:777][  0]LogD3D11RHI:     GPU DeviceId: 0x1392 (for the marketing name, search the web for "GPU Device Id")
[2017.04.26-21.57.14:777][  0]LogWindows: EnumDisplayDevices:
[2017.04.26-21.57.14:777][  0]LogWindows:    0. 'Intel(R) HD Graphics 4600' (P:1 D:1)
[2017.04.26-21.57.14:777][  0]LogWindows:    1. 'Intel(R) HD Graphics 4600' (P:0 D:0)
[2017.04.26-21.57.14:778][  0]LogWindows:    2. 'Intel(R) HD Graphics 4600' (P:0 D:0)
[2017.04.26-21.57.14:778][  0]LogWindows: DebugString: PrimaryIsNotTheChoosenAdapter PrimaryIsNotTheChoosenAdapter PrimaryIsNotTheChoosenAdapter FoundDriverCount:0 
[2017.04.26-21.57.14:778][  0]LogD3D11RHI:     Adapter Name: NVIDIA GeForce GTX 860M
[2017.04.26-21.57.14:778][  0]LogD3D11RHI:   Driver Version: Unknown (internal:Unknown, unified:Unknown)
[2017.04.26-21.57.14:778][  0]LogD3D11RHI:      Driver Date: Unknown
[2017.04.26-21.57.14:778][  0]LogRHI: Texture pool is 1361 MB (70% of 1945 MB)
[2017.04.26-21.57.14:805][  0]LogD3D11RHI: Async texture creation enabled
[2017.04.26-21.57.14:824][  0]LogD3D11RHI: GPU Timing Frequency: 1000.000000 (Debug: 2 1)
[2017.04.26-21.57.14:825][  0]LogShaderCompilers: Guid format shader working directory is -28 characters bigger than the processId version (../../../../../../Users/Ben/Documents/Unreal Projects/CSC433TeamProject/Intermediate/Shaders/WorkingDirectory/14124/).
[2017.04.26-21.57.14:825][  0]LogShaderCompilers: Cleaned the shader compiler working directory 'C:/Users/Ben/AppData/Local/Temp/UnrealShaderWorkingDir/16DD89CC44C64E37017B8EA909F996B9/'.
[2017.04.26-21.57.14:825][  0]LogShaderCompilers:Display: Using Local Shader Compiler.
[2017.04.26-21.57.17:694][  0]LogTemp:Display: Loaded TP AllDesktopTargetPlatform
[2017.04.26-21.57.17:842][  0]LogTemp:Display: Loaded TP MacClientTargetPlatform
[2017.04.26-21.57.17:998][  0]LogTemp:Display: Loaded TP MacNoEditorTargetPlatform
[2017.04.26-21.57.18:146][  0]LogTemp:Display: Loaded TP MacServerTargetPlatform
[2017.04.26-21.57.18:290][  0]LogTemp:Display: Loaded TP MacTargetPlatform
[2017.04.26-21.57.18:435][  0]LogTemp:Display: Loaded TP WindowsClientTargetPlatform
[2017.04.26-21.57.18:582][  0]LogTemp:Display: Loaded TP WindowsNoEditorTargetPlatform
[2017.04.26-21.57.18:729][  0]LogTemp:Display: Loaded TP WindowsServerTargetPlatform
[2017.04.26-21.57.18:848][  0]LogTemp:Display: Loaded TP WindowsTargetPlatform
[2017.04.26-21.57.18:996][  0]LogTemp:Display: Loaded TP AndroidTargetPlatform
[2017.04.26-21.57.19:140][  0]LogTemp:Display: Loaded TP Android_ASTCTargetPlatform
[2017.04.26-21.57.19:283][  0]LogTemp:Display: Loaded TP Android_ATCTargetPlatform
[2017.04.26-21.57.19:424][  0]LogTemp:Display: Loaded TP Android_DXTTargetPlatform
[2017.04.26-21.57.19:574][  0]LogTemp:Display: Loaded TP Android_ETC1TargetPlatform
[2017.04.26-21.57.19:721][  0]LogTemp:Display: Loaded TP Android_ETC2TargetPlatform
[2017.04.26-21.57.20:019][  0]LogTemp:Display: Loaded TP Android_MultiTargetPlatform
[2017.04.26-21.57.20:020][  0]LogTemp:Display: Loaded TP Android_PVRTCTargetPlatform
[2017.04.26-21.57.20:118][  0]LogTemp:Display: Loaded TP HTML5TargetPlatform
[2017.04.26-21.57.20:343][  0]LogTemp:Display: Loaded TP IOSTargetPlatform
[2017.04.26-21.57.20:436][  0]LogTemp:Display: Loaded TP TVOSTargetPlatform
[2017.04.26-21.57.20:583][  0]LogTemp:Display: Loaded TP LinuxClientTargetPlatform
[2017.04.26-21.57.20:726][  0]LogTemp:Display: Loaded TP LinuxNoEditorTargetPlatform
[2017.04.26-21.57.20:872][  0]LogTemp:Display: Loaded TP LinuxServerTargetPlatform
[2017.04.26-21.57.21:017][  0]LogTemp:Display: Loaded TP LinuxTargetPlatform
[2017.04.26-21.57.21:017][  0]LogTargetPlatformManager:Display: Building Assets For Windows
[2017.04.26-21.57.22:166][  0]LogDerivedDataCache:Display: Max Cache Size: 512 MB
[2017.04.26-21.57.22:285][  0]LogDerivedDataCache: Loaded boot cache 0.12s 50MB C:/Users/Ben/AppData/Local/UnrealEngine/4.15/DerivedDataCache/Boot.ddc.
[2017.04.26-21.57.22:285][  0]LogDerivedDataCache:Display: Loaded Boot cache: C:/Users/Ben/AppData/Local/UnrealEngine/4.15/DerivedDataCache/Boot.ddc
[2017.04.26-21.57.22:285][  0]LogDerivedDataCache: FDerivedDataBackendGraph:  Pak pak cache file ../../../../../../Users/Ben/Documents/Unreal Projects/CSC433TeamProject/DerivedDataCache/DDC.ddp not found, will not use a pak cache.
[2017.04.26-21.57.22:285][  0]LogDerivedDataCache: Unable to find inner node Pak for hierarchical cache Hierarchy.
[2017.04.26-21.57.22:285][  0]LogDerivedDataCache: FDerivedDataBackendGraph:  CompressedPak pak cache file ../../../../../../Users/Ben/Documents/Unreal Projects/CSC433TeamProject/DerivedDataCache/Compressed.ddp not found, will not use a pak cache.
[2017.04.26-21.57.22:285][  0]LogDerivedDataCache: Unable to find inner node CompressedPak for hierarchical cache Hierarchy.
[2017.04.26-21.57.22:336][  0]LogDerivedDataCache:Display: Pak cache opened for reading ../../../Engine/DerivedDataCache/Compressed.ddp.
[2017.04.26-21.57.22:349][  0]LogDerivedDataCache: Using Local data cache path C:/Users/Ben/AppData/Local/UnrealEngine/Common/DerivedDataCache: Writable
[2017.04.26-21.57.22:373][  0]LogSlate: Using Freetype 2.6.0
[2017.04.26-21.57.22:375][  0]LogSlate: SlateFontCache - WITH_FREETYPE: 1, WITH_HARFBUZZ: 1
[2017.04.26-21.57.22:375][  0]LogSlate: SlateFontCache - WITH_FREETYPE: 1, WITH_HARFBUZZ: 1
[2017.04.26-21.57.23:062][  0]LogInit: Selected Device Profile: [Windows]
[2017.04.26-21.57.23:068][  0]LogContentStreaming: Texture pool size is 0.00 MB
[2017.04.26-21.57.23:629][  0]LogMeshUtilities: Using QuadricMeshReduction for automatic static mesh reduction
[2017.04.26-21.57.23:738][  0]LogSimplygon: Simplygon DLL not present - disabling.
[2017.04.26-21.57.23:858][  0]LogMeshUtilities: Using SimplygonSwarm for distributed automatic mesh merging
[2017.04.26-21.57.23:858][  0]LogMeshUtilities: No automatic skeletal mesh reduction module available
[2017.04.26-21.57.23:858][  0]LogMeshUtilities: No automatic mesh merging module available
[2017.04.26-21.57.25:210][  0]LogNetVersion: GetLocalNetworkVersion: CL: 3299760, ProjectName: project433, ProjectVersion: , EngineNetworkVersion: 2, GameNetworkVersion: 0, NetworkChecksum: 3701128711
[2017.04.26-21.57.25:298][  0]LogAssetRegistry: FAssetRegistry took 0.0229 seconds to start up
[2017.04.26-21.57.25:429][  0]LogPackageLocalizationCache: Processed 3 localized package path(s) for 2 prioritized culture(s) in 0.066258 seconds
[2017.04.26-21.57.25:445][  0]LogUObjectArray: 32493 objects as part of root set at end of initial load.
[2017.04.26-21.57.25:445][  0]LogUObjectAllocator: 7077032 out of 0 bytes used by permanent object pool.
[2017.04.26-21.57.25:445][  0]LogUObjectArray: CloseDisregardForGC: 0/0 objects in disregard for GC pool
[2017.04.26-21.57.25:632][  0]LogInit: WinSock: version 1.1 (2.2), MaxSocks=32767, MaxUdp=65467
[2017.04.26-21.57.30:035][  0]LogTcpMessaging: Initializing TcpMessaging bridge
[2017.04.26-21.57.30:121][  0]LogUdpMessaging: Initializing bridge on interface 0.0.0.0:0 to multicast group 230.0.0.1:6666.
[2017.04.26-21.57.31:213][  0]LogMaterial: Uniform references updated for custom material expression Custom.
[2017.04.26-21.57.32:194][  0]SourceControl: Info Source control is disabled
[2017.04.26-21.57.32:280][  0]SourceControl: Info Source control is disabled
[2017.04.26-21.57.32:418][  0]SourceControl: Info Source control is disabled
[2017.04.26-21.57.32:541][  0]SourceControl: Info Source control is disabled
[2017.04.26-21.57.35:796][  0]LogEngine: Initializing Engine...
[2017.04.26-21.57.35:797][  0]LogHMD: Failed to initialize OpenVR with code 110
[2017.04.26-21.57.36:423][  0]LogAIModule: Creating AISystem for world Untitled
[2017.04.26-21.57.36:442][  0]LogInit: XAudio2 using 'Speakers (Realtek High Definition Audio)' : 2 channels at 48 kHz using 32 bits per sample (channel mask 0x3)
[2017.04.26-21.57.36:469][  0]LogInit: FAudioDevice initialized.
[2017.04.26-21.57.36:525][  0]LogDerivedDataCache: Saved boot cache 0.06s 50MB C:/Users/Ben/AppData/Local/UnrealEngine/4.15/DerivedDataCache/Boot.ddc.
[2017.04.26-21.57.36:538][  0]LogInit: Texture streaming: Enabled
[2017.04.26-21.57.36:774][  0]LogEngineSessionManager: EngineSessionManager initialized
[2017.04.26-21.57.36:996][  0]LogInit: Transaction tracking system initialized
[2017.04.26-21.57.37:921][  0]BlueprintLog: New page: Editor Load
[2017.04.26-21.57.40:205][  0]LocalizationService: Info Localization service is disabled
[2017.04.26-21.57.41:918][  0]LogConsoleResponse:Display: 
[2017.04.26-21.57.42:244][  0]LogCook:Display: Max memory allowance for cook 16384mb min free memory 0mb
[2017.04.26-21.57.42:244][  0]LogCook:Display: Mobile HDR setting 1
[2017.04.26-21.57.42:933][  0]LogFileCache: Scanning file cache for directory 'C:/Users/Ben/Documents/Unreal Projects/CSC433TeamProject/Content/' took 0.02s
[2017.04.26-21.57.45:005][  0]SourceControl: Info Source control is disabled
[2017.04.26-21.57.45:005][  0]Cmd: MAP LOAD FILE="../../../../../../Users/Ben/Documents/Unreal Projects/CSC433TeamProject/Content/ThirdPersonBP/Maps/ThirdPersonExampleMap.umap" TEMPLATE=0 SHOWPROGRESS=1 FEATURELEVEL=3
[2017.04.26-21.57.45:006][  0]LightingResults: New page: Lighting Build
[2017.04.26-21.57.45:108][  0]MapCheck: New page: Map Check
[2017.04.26-21.57.45:108][  0]LightingResults: New page: Lighting Build
[2017.04.26-21.57.46:447][  0]LogAIModule: Creating AISystem for world ThirdPersonExampleMap
[2017.04.26-21.57.46:508][  0]LogEditorServer: Finished looking for orphan Actors (0.000 secs)
[2017.04.26-21.57.46:509][  0]Cmd: MAP CHECKDEP NOCLEARLOG
[2017.04.26-21.57.46:628][  0]MapCheck: Info Map check complete: 0 Error(s), 0 Warning(s), took 118.093ms to complete.
[2017.04.26-21.57.46:628][  0]LogFileHelpers: Loading map 'ThirdPersonExampleMap' took 1.623
[2017.04.26-21.57.46:710][  0]LogWindowsTextInputMethodSystem:Display: IME system now deactivated.
[2017.04.26-21.57.47:009][  0]LogCollectionManager: Loaded 0 collections in 0.004484 seconds
[2017.04.26-21.57.47:167][  0]LogFileCache: Scanning file cache for directory 'C:/Users/Ben/Documents/Unreal Projects/CSC433TeamProject/Saved/Collections/' took 0.01s
[2017.04.26-21.57.47:167][  0]LogFileCache: Scanning file cache for directory 'C:/Users/Ben/Documents/Unreal Projects/CSC433TeamProject/Content/Developers/Ben/Collections/' took 0.01s
[2017.04.26-21.57.47:167][  0]LogFileCache: Scanning file cache for directory 'C:/Users/Ben/Documents/Unreal Projects/CSC433TeamProject/Content/Collections/' took 0.01s
[2017.04.26-21.57.47:167][  0]LogCollectionManager: Rebuilt the GUID cache for 0 collections in 0.000003 seconds
[2017.04.26-21.57.47:190][  0]LogContentBrowser: Native class hierarchy populated in 0.0221 seconds. Added 2245 classes and 453 folders.
[2017.04.26-21.57.47:198][  0]LogStats: UGameplayTagsManager::ConstructGameplayTagTree: Construct from data asset -  0.000 s
[2017.04.26-21.57.47:198][  0]LogStats: UGameplayTagsManager::ConstructGameplayTagTree: GameplayTagTreeChangedEvent.Broadcast -  0.000 s
[2017.04.26-21.57.47:354][  0]LogContentBrowser: Native class hierarchy updated for 'WidgetCarousel' in 0.0012 seconds. Added 0 classes and 0 folders.
[2017.04.26-21.57.47:463][  0]LogContentBrowser: Native class hierarchy updated for 'AddContentDialog' in 0.0012 seconds. Added 0 classes and 0 folders.
[2017.04.26-21.57.47:569][  0]LogContentBrowser: Native class hierarchy updated for 'SceneOutliner' in 0.0012 seconds. Added 1 classes and 2 folders.
[2017.04.26-21.57.47:690][  0]LogCrashTracker: Crashtracker disabled due to settings.
[2017.04.26-21.57.47:704][  0]LogUObjectGlobals:Warning: Failed to find object 'Class None.'
[2017.04.26-21.57.47:832][  0]LogContentBrowser: Native class hierarchy updated for 'HierarchicalLODOutliner' in 0.0013 seconds. Added 1 classes and 2 folders.
[2017.04.26-21.57.47:832][  0]LogLoad: (Engine Initialization) Total time: 39.35 seconds
[2017.04.26-21.57.47:832][  0]LogLoad: (Engine Initialization) Total Blueprint compile time: 0.52 seconds
[2017.04.26-21.57.47:832][  0]LogExternalProfiler: Found external profiler: VSPerf
[2017.04.26-21.57.47:832][  0]LogExternalProfiler: Using external profiler: VSPerf
[2017.04.26-21.57.47:851][  0]LogOcInput: OculusInput pre-init called
[2017.04.26-21.57.47:881][  0]LogContentStreaming: Texture pool size now 1000 MB
[2017.04.26-21.57.47:884][  0]LogSlate: Took 0.000367 seconds to synchronously load lazily loaded font '../../../Engine/Content/Slate/Fonts/Roboto-Regular.ttf' (155K)
[2017.04.26-21.57.47:893][  0]LogSlate: Took 0.000669 seconds to synchronously load lazily loaded font '../../../Engine/Content/Slate/Fonts/Roboto-Bold.ttf' (160K)
[2017.04.26-21.57.47:907][  0]LogSlate: Took 0.000482 seconds to synchronously load lazily loaded font '../../../Engine/Content/Editor/Slate/Fonts/FontAwesome.ttf' (139K)
[2017.04.26-21.57.48:146][  0]LogSlate: Took 0.000468 seconds to synchronously load lazily loaded font '../../../Engine/Content/Slate/Fonts/Roboto-Light.ttf' (159K)
[2017.04.26-21.57.48:287][  2]LogRenderer: Reallocating scene render targets to support 1028x500 NumSamples 1 (Frame:2).
[2017.04.26-21.57.48:637][  3]LogAssetRegistry: Asset discovery search completed in 23.3620 seconds
[2017.04.26-21.57.48:637][  3]LogCollectionManager: Rebuilt the object cache for 0 collections in 0.000066 seconds (found 0 objects)
[2017.04.26-21.57.48:637][  3]LogCollectionManager: Fixed up redirectors for 0 collections in 0.000122 seconds (updated 0 objects)
[2017.04.26-21.57.48:921][ 15]LogSlate: Took 0.000470 seconds to synchronously load lazily loaded font '../../../Engine/Content/Slate/Fonts/Roboto-Light.ttf' (159K)
[2017.04.26-21.57.52:637][233]LogRenderer: Reallocating scene render targets to support 1208x576 NumSamples 1 (Frame:172).
[2017.04.26-21.58.01:914][768]Cmd: MAP LOAD FILE="../../../../../../Users/Ben/Documents/Unreal Projects/CSC433TeamProject/Content/FirstPersonCPP/Maps/FirstPersonExampleMap.umap" TEMPLATE=0 SHOWPROGRESS=1 FEATURELEVEL=3
[2017.04.26-21.58.01:922][768]LogSlate: Took 0.000386 seconds to synchronously load lazily loaded font '../../../Engine/Content/Slate/Fonts/Roboto-Light.ttf' (159K)
[2017.04.26-21.58.01:942][768]LightingResults: New page: Lighting Build
[2017.04.26-21.58.01:946][768]LoadErrors: New page: Loading map: FirstPersonExampleMap.umap
[2017.04.26-21.58.01:948][768]MapCheck: New page: Map Check
[2017.04.26-21.58.01:948][768]LightingResults: New page: Lighting Build
[2017.04.26-21.58.02:653][768]LogStaticMesh:Warning: Rebuilding hierarchical instanced mesh component, please resave map FoliageInstancedStaticMeshComponent /Game/FirstPersonCPP/Maps/FirstPersonExampleMap.FirstPersonExampleMap:PersistentLevel.InstancedFoliageActor_0.FoliageInstancedStaticMeshComponent_0.
[2017.04.26-21.58.02:900][768]LogAIModule: Creating AISystem for world FirstPersonExampleMap
[2017.04.26-21.58.03:029][768]LogEditorServer: Finished looking for orphan Actors (0.000 secs)
[2017.04.26-21.58.03:141][768]Cmd: MAP CHECKDEP NOCLEARLOG
[2017.04.26-21.58.03:307][768]MapCheck: Info Map check complete: 0 Error(s), 0 Warning(s), took 165.517ms to complete.
[2017.04.26-21.58.03:307][768]LogFileHelpers: Loading map 'FirstPersonExampleMap' took 1.396
[2017.04.26-21.58.05:695][892]LogTemp: Repeting last play command: Selected Viewport
[2017.04.26-21.58.05:738][892]LogBlueprintUserMessages: Early PlayInEditor Detection: Level '/Game/FirstPersonCPP/Maps/FirstPersonExampleMap.FirstPersonExampleMap:PersistentLevel' has LevelScriptBlueprint '/Game/FirstPersonCPP/Maps/FirstPersonExampleMap.FirstPersonExampleMap:PersistentLevel.FirstPersonExampleMap' with GeneratedClass '/Game/FirstPersonCPP/Maps/FirstPersonExampleMap.FirstPersonExampleMap_C' with ClassGeneratedBy '/Game/FirstPersonCPP/Maps/FirstPersonExampleMap.FirstPersonExampleMap:PersistentLevel.FirstPersonExampleMap'
[2017.04.26-21.58.05:738][892]LogPlayLevel: PlayLevel: No blueprints needed recompiling
[2017.04.26-21.58.05:739][892]PIE: New page: PIE session: FirstPersonExampleMap (Apr 26, 2017, 7:58:05 AM)
[2017.04.26-21.58.05:739][892]LogPlayLevel: Creating play world package: /Game/FirstPersonCPP/Maps/UEDPIE_0_FirstPersonExampleMap
[2017.04.26-21.58.05:818][892]LogStaticMesh:Warning: Rebuilding hierarchical instanced mesh component, please resave map FoliageInstancedStaticMeshComponent /Game/FirstPersonCPP/Maps/UEDPIE_0_FirstPersonExampleMap.FirstPersonExampleMap:PersistentLevel.InstancedFoliageActor_0.FoliageInstancedStaticMeshComponent_0.
[2017.04.26-21.58.05:836][892]LogPlayLevel: PIE: StaticDuplicateObject took: (0.097195s)
[2017.04.26-21.58.05:837][892]LogAIModule: Creating AISystem for world FirstPersonExampleMap
[2017.04.26-21.58.05:838][892]LogPlayLevel: PIE: World Init took: (0.001462s)
[2017.04.26-21.58.05:838][892]LogPlayLevel: PIE: Created PIE world by copying editor world from /Game/FirstPersonCPP/Maps/FirstPersonExampleMap.FirstPersonExampleMap to /Game/FirstPersonCPP/Maps/UEDPIE_0_FirstPersonExampleMap.FirstPersonExampleMap (0.099121s)
[2017.04.26-21.58.05:872][892]LogInit: XAudio2 using 'Speakers (Realtek High Definition Audio)' : 2 channels at 48 kHz using 32 bits per sample (channel mask 0x3)
[2017.04.26-21.58.05:893][892]LogInit: FAudioDevice initialized.
[2017.04.26-21.58.05:970][892]LogLoad: Game class is 'ThirdPersonGameMode_C'
[2017.04.26-21.58.05:985][892]LogWorld: Bringing World /Game/FirstPersonCPP/Maps/UEDPIE_0_FirstPersonExampleMap.FirstPersonExampleMap up for play (max tick rate 60) at 2017.04.26-14.58.05
[2017.04.26-21.58.05:988][892]LogWorld: Bringing up level for play took: 0.013907
[2017.04.26-21.58.06:106][892]LogContentBrowser: Native class hierarchy updated for 'MovieSceneCapture' in 0.0015 seconds. Added 11 classes and 0 folders.
[2017.04.26-21.58.06:112][892]PIE: Info Play in editor start time for /Game/FirstPersonCPP/Maps/UEDPIE_0_FirstPersonExampleMap 0.4
[2017.04.26-21.58.06:112][892]LogBlueprintUserMessages: Late PlayInEditor Detection: Level '/Game/FirstPersonCPP/Maps/FirstPersonExampleMap.FirstPersonExampleMap:PersistentLevel' has LevelScriptBlueprint '/Game/FirstPersonCPP/Maps/FirstPersonExampleMap.FirstPersonExampleMap:PersistentLevel.FirstPersonExampleMap' with GeneratedClass '/Game/FirstPersonCPP/Maps/FirstPersonExampleMap.FirstPersonExampleMap_C' with ClassGeneratedBy '/Game/FirstPersonCPP/Maps/FirstPersonExampleMap.FirstPersonExampleMap:PersistentLevel.FirstPersonExampleMap'
[2017.04.26-21.58.06:202][893]LogCharacterMovement:Warning: GetSimulationTimeStep() - Max iterations 8 hit while remaining time 0.100000 > MaxSimulationTimeStep (0.050) for 'Goomba3', movement 'Walking'
[2017.04.26-21.58.21:780][815]LogBlueprintUserMessages: Early EndPlayMap Detection: Level '/Game/FirstPersonCPP/Maps/FirstPersonExampleMap.FirstPersonExampleMap:PersistentLevel' has LevelScriptBlueprint '/Game/FirstPersonCPP/Maps/FirstPersonExampleMap.FirstPersonExampleMap:PersistentLevel.FirstPersonExampleMap' with GeneratedClass '/Game/FirstPersonCPP/Maps/FirstPersonExampleMap.FirstPersonExampleMap_C' with ClassGeneratedBy '/Game/FirstPersonCPP/Maps/FirstPersonExampleMap.FirstPersonExampleMap:PersistentLevel.FirstPersonExampleMap'
[2017.04.26-21.58.21:834][815]LogBlueprintUserMessages: Late EndPlayMap Detection: Level '/Game/FirstPersonCPP/Maps/FirstPersonExampleMap.FirstPersonExampleMap:PersistentLevel' has LevelScriptBlueprint '/Game/FirstPersonCPP/Maps/FirstPersonExampleMap.FirstPersonExampleMap:PersistentLevel.FirstPersonExampleMap' with GeneratedClass '/Game/FirstPersonCPP/Maps/FirstPersonExampleMap.FirstPersonExampleMap_C' with ClassGeneratedBy '/Game/FirstPersonCPP/Maps/FirstPersonExampleMap.FirstPersonExampleMap:PersistentLevel.FirstPersonExampleMap'
[2017.04.26-21.58.35:637][942]LogFactory: FactoryCreateFile: SoundWave with ReimportSoundFactory (0 0 ../../../../../../Users/Ben/Desktop/College/Junior/Spring 17/CSc 433/Team Project/Sounds/sm64_goomba_dead.wav)
[2017.04.26-21.58.35:643][942]LogAudioDerivedData:Display: Building compressed audio format OGG wave sm64_goomba_dead...
[2017.04.26-21.58.35:666][942]LogAudioDerivedData:Warning: Updated SoundWave->RawPCMDataSize during cooking SoundWave /Game/ThirdPersonBP/Blueprints/sm64_goomba_dead.sm64_goomba_dead.
[2017.04.26-21.58.35:670][942]LogFactory: FactoryCreateFile: SoundWave with ReimportSoundFactory (0 0 ../../../../../../Users/Ben/Desktop/College/Junior/Spring 17/CSc 433/Team Project/Sounds/sm64_goomba_flattened.wav)
[2017.04.26-21.58.35:697][942]LogAudioDerivedData:Display: Building compressed audio format OGG wave sm64_goomba_flattened...
[2017.04.26-21.58.35:715][942]LogAudioDerivedData:Warning: Updated SoundWave->RawPCMDataSize during cooking SoundWave /Game/ThirdPersonBP/Blueprints/sm64_goomba_flattened.sm64_goomba_flattened.
[2017.04.26-21.58.40:178][111]LogSavePackage: Save=16.84ms
[2017.04.26-21.58.40:178][111]LogSavePackage: Moving '../../../../../../Users/Ben/Documents/Unreal Projects/CSC433TeamProject/Saved/sm64_goomba_deadC217172D4D95F8B1EA7F41B61A96CDA2.tmp' to '../../../../../../Users/Ben/Documents/Unreal Projects/CSC433TeamProject/Content/ThirdPersonBP/Blueprints/sm64_goomba_dead.uasset'
[2017.04.26-21.58.40:190][111]LogSavePackage:Display: Finished SavePackage ../../../../../../Users/Ben/Documents/Unreal Projects/CSC433TeamProject/Content/ThirdPersonBP/Blueprints/sm64_goomba_dead.uasset
[2017.04.26-21.58.40:249][111]LogSavePackage: Save=16.59ms
[2017.04.26-21.58.40:250][111]LogSavePackage: Moving '../../../../../../Users/Ben/Documents/Unreal Projects/CSC433TeamProject/Saved/sm64_goomba_flattenedE032C992441B5A72FD24D4A55939CC23.tmp' to '../../../../../../Users/Ben/Documents/Unreal Projects/CSC433TeamProject/Content/ThirdPersonBP/Blueprints/sm64_goomba_flattened.uasset'
[2017.04.26-21.58.40:255][111]LogSavePackage:Display: Finished SavePackage ../../../../../../Users/Ben/Documents/Unreal Projects/CSC433TeamProject/Content/ThirdPersonBP/Blueprints/sm64_goomba_flattened.uasset
[2017.04.26-21.58.43:607][239]LogSlate: Took 0.000366 seconds to synchronously load lazily loaded font '../../../Engine/Content/Slate/Fonts/Roboto-Regular.ttf' (155K)
[2017.04.26-21.58.43:908][239]LogContentBrowser: Native class hierarchy updated for 'BlueprintGraph' in 0.0024 seconds. Added 112 classes and 0 folders.
[2017.04.26-21.58.45:716][239]LogSlate: Took 0.000538 seconds to synchronously load lazily loaded font '../../../Engine/Content/Editor/Slate/Fonts/Roboto-BoldCondensed.ttf' (158K)
[2017.04.26-21.58.45:946][240]LogSlate: Took 0.000548 seconds to synchronously load lazily loaded font '../../../Engine/Content/Editor/Slate/Fonts/Roboto-Italic.ttf' (157K)
[2017.04.26-21.59.10:124][264]LogEditorTransaction: Undo Move Node
[2017.04.26-22.00.14:841][ 20]LogEditorTransaction: Undo Change Object Pin Value
[2017.04.26-22.00.21:082][254]BlueprintLog: New page: Compile Goomba
[2017.04.26-22.00.22:177][281]LogSavePackage: Save=83.05ms
[2017.04.26-22.00.22:177][281]LogSavePackage: Moving '../../../../../../Users/Ben/Documents/Unreal Projects/CSC433TeamProject/Saved/Goomba4C6DAC684A2B58C0F35C80A4441DC525.tmp' to '../../../../../../Users/Ben/Documents/Unreal Projects/CSC433TeamProject/Content/ThirdPersonBP/Blueprints/Goomba.uasset'
[2017.04.26-22.00.22:183][281]LogSavePackage:Display: Finished SavePackage ../../../../../../Users/Ben/Documents/Unreal Projects/CSC433TeamProject/Content/ThirdPersonBP/Blueprints/Goomba.uasset
[2017.04.26-22.00.24:331][393]LogTemp: Repeting last play command: Selected Viewport
[2017.04.26-22.00.24:383][393]LogBlueprintUserMessages: Early PlayInEditor Detection: Level '/Game/FirstPersonCPP/Maps/FirstPersonExampleMap.FirstPersonExampleMap:PersistentLevel' has LevelScriptBlueprint '/Game/FirstPersonCPP/Maps/FirstPersonExampleMap.FirstPersonExampleMap:PersistentLevel.FirstPersonExampleMap' with GeneratedClass '/Game/FirstPersonCPP/Maps/FirstPersonExampleMap.FirstPersonExampleMap_C' with ClassGeneratedBy '/Game/FirstPersonCPP/Maps/FirstPersonExampleMap.FirstPersonExampleMap:PersistentLevel.FirstPersonExampleMap'
[2017.04.26-22.00.24:383][393]LogPlayLevel: PlayLevel: No blueprints needed recompiling
[2017.04.26-22.00.24:383][393]PIE: New page: PIE session: FirstPersonExampleMap (Apr 26, 2017, 8:00:24 AM)
[2017.04.26-22.00.24:383][393]LogPlayLevel: Creating play world package: /Game/FirstPersonCPP/Maps/UEDPIE_0_FirstPersonExampleMap
[2017.04.26-22.00.24:452][393]LogStaticMesh:Warning: Rebuilding hierarchical instanced mesh component, please resave map FoliageInstancedStaticMeshComponent /Game/FirstPersonCPP/Maps/UEDPIE_0_FirstPersonExampleMap.FirstPersonExampleMap:PersistentLevel.InstancedFoliageActor_0.FoliageInstancedStaticMeshComponent_0.
[2017.04.26-22.00.24:474][393]LogPlayLevel: PIE: StaticDuplicateObject took: (0.090389s)
[2017.04.26-22.00.24:475][393]LogAIModule: Creating AISystem for world FirstPersonExampleMap
[2017.04.26-22.00.24:476][393]LogPlayLevel: PIE: World Init took: (0.001965s)
[2017.04.26-22.00.24:476][393]LogPlayLevel: PIE: Created PIE world by copying editor world from /Game/FirstPersonCPP/Maps/FirstPersonExampleMap.FirstPersonExampleMap to /Game/FirstPersonCPP/Maps/UEDPIE_0_FirstPersonExampleMap.FirstPersonExampleMap (0.092857s)
[2017.04.26-22.00.24:528][393]LogInit: XAudio2 using 'Speakers (Realtek High Definition Audio)' : 2 channels at 48 kHz using 32 bits per sample (channel mask 0x3)
[2017.04.26-22.00.24:549][393]LogInit: FAudioDevice initialized.
[2017.04.26-22.00.24:590][393]LogLoad: Game class is 'ThirdPersonGameMode_C'
[2017.04.26-22.00.24:605][393]LogWorld: Bringing World /Game/FirstPersonCPP/Maps/UEDPIE_0_FirstPersonExampleMap.FirstPersonExampleMap up for play (max tick rate 60) at 2017.04.26-15.00.24
[2017.04.26-22.00.24:608][393]LogWorld: Bringing up level for play took: 0.015399
[2017.04.26-22.00.24:617][393]PIE: Info Play in editor start time for /Game/FirstPersonCPP/Maps/UEDPIE_0_FirstPersonExampleMap 0.906
[2017.04.26-22.00.24:618][393]LogBlueprintUserMessages: Late PlayInEditor Detection: Level '/Game/FirstPersonCPP/Maps/FirstPersonExampleMap.FirstPersonExampleMap:PersistentLevel' has LevelScriptBlueprint '/Game/FirstPersonCPP/Maps/FirstPersonExampleMap.FirstPersonExampleMap:PersistentLevel.FirstPersonExampleMap' with GeneratedClass '/Game/FirstPersonCPP/Maps/FirstPersonExampleMap.FirstPersonExampleMap_C' with ClassGeneratedBy '/Game/FirstPersonCPP/Maps/FirstPersonExampleMap.FirstPersonExampleMap:PersistentLevel.FirstPersonExampleMap'
[2017.04.26-22.01.27:294][137]LogBlueprintUserMessages: Early EndPlayMap Detection: Level '/Game/FirstPersonCPP/Maps/FirstPersonExampleMap.FirstPersonExampleMap:PersistentLevel' has LevelScriptBlueprint '/Game/FirstPersonCPP/Maps/FirstPersonExampleMap.FirstPersonExampleMap:PersistentLevel.FirstPersonExampleMap' with GeneratedClass '/Game/FirstPersonCPP/Maps/FirstPersonExampleMap.FirstPersonExampleMap_C' with ClassGeneratedBy '/Game/FirstPersonCPP/Maps/FirstPersonExampleMap.FirstPersonExampleMap:PersistentLevel.FirstPersonExampleMap'
[2017.04.26-22.01.27:358][137]LogBlueprintUserMessages: Late EndPlayMap Detection: Level '/Game/FirstPersonCPP/Maps/FirstPersonExampleMap.FirstPersonExampleMap:PersistentLevel' has LevelScriptBlueprint '/Game/FirstPersonCPP/Maps/FirstPersonExampleMap.FirstPersonExampleMap:PersistentLevel.FirstPersonExampleMap' with GeneratedClass '/Game/FirstPersonCPP/Maps/FirstPersonExampleMap.FirstPersonExampleMap_C' with ClassGeneratedBy '/Game/FirstPersonCPP/Maps/FirstPersonExampleMap.FirstPersonExampleMap:PersistentLevel.FirstPersonExampleMap'
[2017.04.26-22.01.52:889][658]LogTemp: Repeting last play command: Selected Viewport
[2017.04.26-22.01.52:939][658]LogBlueprintUserMessages: Early PlayInEditor Detection: Level '/Game/FirstPersonCPP/Maps/FirstPersonExampleMap.FirstPersonExampleMap:PersistentLevel' has LevelScriptBlueprint '/Game/FirstPersonCPP/Maps/FirstPersonExampleMap.FirstPersonExampleMap:PersistentLevel.FirstPersonExampleMap' with GeneratedClass '/Game/FirstPersonCPP/Maps/FirstPersonExampleMap.FirstPersonExampleMap_C' with ClassGeneratedBy '/Game/FirstPersonCPP/Maps/FirstPersonExampleMap.FirstPersonExampleMap:PersistentLevel.FirstPersonExampleMap'
[2017.04.26-22.01.52:939][658]LogPlayLevel: PlayLevel: No blueprints needed recompiling
[2017.04.26-22.01.52:940][658]PIE: New page: PIE session: FirstPersonExampleMap (Apr 26, 2017, 8:01:52 AM)
[2017.04.26-22.01.52:940][658]LogPlayLevel: Creating play world package: /Game/FirstPersonCPP/Maps/UEDPIE_0_FirstPersonExampleMap
[2017.04.26-22.01.53:007][658]LogStaticMesh:Warning: Rebuilding hierarchical instanced mesh component, please resave map FoliageInstancedStaticMeshComponent /Game/FirstPersonCPP/Maps/UEDPIE_0_FirstPersonExampleMap.FirstPersonExampleMap:PersistentLevel.InstancedFoliageActor_0.FoliageInstancedStaticMeshComponent_0.
[2017.04.26-22.01.53:031][658]LogPlayLevel: PIE: StaticDuplicateObject took: (0.091619s)
[2017.04.26-22.01.53:033][658]LogAIModule: Creating AISystem for world FirstPersonExampleMap
[2017.04.26-22.01.53:034][658]LogPlayLevel: PIE: World Init took: (0.002226s)
[2017.04.26-22.01.53:034][658]LogPlayLevel: PIE: Created PIE world by copying editor world from /Game/FirstPersonCPP/Maps/FirstPersonExampleMap.FirstPersonExampleMap to /Game/FirstPersonCPP/Maps/UEDPIE_0_FirstPersonExampleMap.FirstPersonExampleMap (0.094506s)
[2017.04.26-22.01.53:089][658]LogInit: XAudio2 using 'Speakers (Realtek High Definition Audio)' : 2 channels at 48 kHz using 32 bits per sample (channel mask 0x3)
[2017.04.26-22.01.53:108][658]LogInit: FAudioDevice initialized.
[2017.04.26-22.01.53:149][658]LogLoad: Game class is 'ThirdPersonGameMode_C'
[2017.04.26-22.01.53:161][658]LogWorld: Bringing World /Game/FirstPersonCPP/Maps/UEDPIE_0_FirstPersonExampleMap.FirstPersonExampleMap up for play (max tick rate 60) at 2017.04.26-15.01.53
[2017.04.26-22.01.53:163][658]LogWorld: Bringing up level for play took: 0.011716
[2017.04.26-22.01.53:169][658]PIE: Info Play in editor start time for /Game/FirstPersonCPP/Maps/UEDPIE_0_FirstPersonExampleMap -0.543
[2017.04.26-22.01.53:170][658]LogBlueprintUserMessages: Late PlayInEditor Detection: Level '/Game/FirstPersonCPP/Maps/FirstPersonExampleMap.FirstPersonExampleMap:PersistentLevel' has LevelScriptBlueprint '/Game/FirstPersonCPP/Maps/FirstPersonExampleMap.FirstPersonExampleMap:PersistentLevel.FirstPersonExampleMap' with GeneratedClass '/Game/FirstPersonCPP/Maps/FirstPersonExampleMap.FirstPersonExampleMap_C' with ClassGeneratedBy '/Game/FirstPersonCPP/Maps/FirstPersonExampleMap.FirstPersonExampleMap:PersistentLevel.FirstPersonExampleMap'
[2017.04.26-22.02.25:172][558]LogBlueprintUserMessages: Early EndPlayMap Detection: Level '/Game/FirstPersonCPP/Maps/FirstPersonExampleMap.FirstPersonExampleMap:PersistentLevel' has LevelScriptBlueprint '/Game/FirstPersonCPP/Maps/FirstPersonExampleMap.FirstPersonExampleMap:PersistentLevel.FirstPersonExampleMap' with GeneratedClass '/Game/FirstPersonCPP/Maps/FirstPersonExampleMap.FirstPersonExampleMap_C' with ClassGeneratedBy '/Game/FirstPersonCPP/Maps/FirstPersonExampleMap.FirstPersonExampleMap:PersistentLevel.FirstPersonExampleMap'
[2017.04.26-22.02.25:225][558]LogBlueprintUserMessages: Late EndPlayMap Detection: Level '/Game/FirstPersonCPP/Maps/FirstPersonExampleMap.FirstPersonExampleMap:PersistentLevel' has LevelScriptBlueprint '/Game/FirstPersonCPP/Maps/FirstPersonExampleMap.FirstPersonExampleMap:PersistentLevel.FirstPersonExampleMap' with GeneratedClass '/Game/FirstPersonCPP/Maps/FirstPersonExampleMap.FirstPersonExampleMap_C' with ClassGeneratedBy '/Game/FirstPersonCPP/Maps/FirstPersonExampleMap.FirstPersonExampleMap:PersistentLevel.FirstPersonExampleMap'
[2017.04.26-22.03.40:388][197]LogEditorTransaction: Undo Move Node
[2017.04.26-22.03.41:529][235]LogEditorTransaction: Undo Move Node
[2017.04.26-22.03.42:281][259]LogEditorTransaction: Undo Add Node
[2017.04.26-22.09.54:011][ 17]LogFileHelpers: Editor autosave (incl. sublevels) for '/Game/FirstPersonCPP/Maps/FirstPersonExampleMap' took 0.049
[2017.04.26-22.09.54:014][ 17]OBJ SavePackage: Generating thumbnails for [1] asset(s) in package [/Game/ThirdPersonBP/Blueprints/Goomba] ([1] browsable assets)...
[2017.04.26-22.09.54:075][ 17]OBJ SavePackage:     Rendered thumbnail for [Blueprint /Game/ThirdPersonBP/Blueprints/Goomba.Goomba]
[2017.04.26-22.09.54:075][ 17]OBJ SavePackage: Finished generating thumbnails for package [/Game/ThirdPersonBP/Blueprints/Goomba]
[2017.04.26-22.09.54:185][ 17]LogSavePackage: Save=85.31ms
[2017.04.26-22.09.54:185][ 17]LogSavePackage: Moving '../../../../../../Users/Ben/Documents/Unreal Projects/CSC433TeamProject/Saved/Goomba_Auto17D4BC9C748B2E1C7C988AD93EE07197F.tmp' to '../../../../../../Users/Ben/Documents/Unreal Projects/CSC433TeamProject/Saved/Autosaves/Game/ThirdPersonBP/Blueprints/Goomba_Auto1.uasset'
[2017.04.26-22.09.54:189][ 17]LogSavePackage:Display: Finished SavePackage ../../../../../../Users/Ben/Documents/Unreal Projects/CSC433TeamProject/Saved/Autosaves/Game/ThirdPersonBP/Blueprints/Goomba_Auto1.uasset
[2017.04.26-22.09.54:189][ 17]LogFileHelpers: Auto-saving content packages took 0.177
[2017.04.26-22.13.40:122][341]LogEditorTransaction: Undo Move Node
[2017.04.26-22.13.41:109][379]LogEditorTransaction: Undo Add Node
[2017.04.26-22.14.39:594][521]LogEditorTransaction: Undo Move Node
[2017.04.26-22.14.42:298][610]LogEditorTransaction: Undo Move Node
[2017.04.26-22.14.42:559][611]LogEditorTransaction: Undo Add Node
[2017.04.26-22.14.43:973][660]LogEditorTransaction: Redo Add Node
[2017.04.26-22.14.45:151][696]LogEditorTransaction: Undo Add Node
[2017.04.26-22.16.02:615][152]LogEditorTransaction: Undo Move Node
[2017.04.26-22.16.03:383][168]LogEditorTransaction: Undo Add Node
[2017.04.26-22.18.04:152][742]LogEditorTransaction: Undo Move Node
[2017.04.26-22.19.46:096][233]BlueprintLog: New page: Compile Goomba
[2017.04.26-22.19.48:709][253]LogSavePackage: Save=94.97ms
[2017.04.26-22.19.48:709][253]LogSavePackage: Moving '../../../../../../Users/Ben/Documents/Unreal Projects/CSC433TeamProject/Saved/GoombaA9C6AC4A4D41A653CDDF6A92613EB35F.tmp' to '../../../../../../Users/Ben/Documents/Unreal Projects/CSC433TeamProject/Content/ThirdPersonBP/Blueprints/Goomba.uasset'
[2017.04.26-22.19.48:722][253]LogSavePackage:Display: Finished SavePackage ../../../../../../Users/Ben/Documents/Unreal Projects/CSC433TeamProject/Content/ThirdPersonBP/Blueprints/Goomba.uasset
[2017.04.26-22.19.50:936][346]LogTemp: Repeting last play command: Selected Viewport
[2017.04.26-22.19.50:979][346]LogBlueprintUserMessages: Early PlayInEditor Detection: Level '/Game/FirstPersonCPP/Maps/FirstPersonExampleMap.FirstPersonExampleMap:PersistentLevel' has LevelScriptBlueprint '/Game/FirstPersonCPP/Maps/FirstPersonExampleMap.FirstPersonExampleMap:PersistentLevel.FirstPersonExampleMap' with GeneratedClass '/Game/FirstPersonCPP/Maps/FirstPersonExampleMap.FirstPersonExampleMap_C' with ClassGeneratedBy '/Game/FirstPersonCPP/Maps/FirstPersonExampleMap.FirstPersonExampleMap:PersistentLevel.FirstPersonExampleMap'
[2017.04.26-22.19.50:979][346]LogPlayLevel: PlayLevel: No blueprints needed recompiling
[2017.04.26-22.19.50:980][346]PIE: New page: PIE session: FirstPersonExampleMap (Apr 26, 2017, 8:19:50 AM)
[2017.04.26-22.19.50:980][346]LogPlayLevel: Creating play world package: /Game/FirstPersonCPP/Maps/UEDPIE_0_FirstPersonExampleMap
[2017.04.26-22.19.51:043][346]LogStaticMesh:Warning: Rebuilding hierarchical instanced mesh component, please resave map FoliageInstancedStaticMeshComponent /Game/FirstPersonCPP/Maps/UEDPIE_0_FirstPersonExampleMap.FirstPersonExampleMap:PersistentLevel.InstancedFoliageActor_0.FoliageInstancedStaticMeshComponent_0.
[2017.04.26-22.19.51:064][346]LogPlayLevel: PIE: StaticDuplicateObject took: (0.084114s)
[2017.04.26-22.19.51:066][346]LogAIModule: Creating AISystem for world FirstPersonExampleMap
[2017.04.26-22.19.51:066][346]LogPlayLevel: PIE: World Init took: (0.002036s)
[2017.04.26-22.19.51:066][346]LogPlayLevel: PIE: Created PIE world by copying editor world from /Game/FirstPersonCPP/Maps/FirstPersonExampleMap.FirstPersonExampleMap to /Game/FirstPersonCPP/Maps/UEDPIE_0_FirstPersonExampleMap.FirstPersonExampleMap (0.086743s)
[2017.04.26-22.19.51:135][346]LogInit: XAudio2 using 'Speakers (Realtek High Definition Audio)' : 2 channels at 48 kHz using 32 bits per sample (channel mask 0x3)
[2017.04.26-22.19.51:159][346]LogInit: FAudioDevice initialized.
[2017.04.26-22.19.51:200][346]LogLoad: Game class is 'ThirdPersonGameMode_C'
[2017.04.26-22.19.51:213][346]LogWorld: Bringing World /Game/FirstPersonCPP/Maps/UEDPIE_0_FirstPersonExampleMap.FirstPersonExampleMap up for play (max tick rate 0) at 2017.04.26-15.19.51
[2017.04.26-22.19.51:215][346]LogWorld: Bringing up level for play took: 0.012424
[2017.04.26-22.19.51:221][346]PIE: Info Play in editor start time for /Game/FirstPersonCPP/Maps/UEDPIE_0_FirstPersonExampleMap -0.49
[2017.04.26-22.19.51:222][346]LogBlueprintUserMessages: Late PlayInEditor Detection: Level '/Game/FirstPersonCPP/Maps/FirstPersonExampleMap.FirstPersonExampleMap:PersistentLevel' has LevelScriptBlueprint '/Game/FirstPersonCPP/Maps/FirstPersonExampleMap.FirstPersonExampleMap:PersistentLevel.FirstPersonExampleMap' with GeneratedClass '/Game/FirstPersonCPP/Maps/FirstPersonExampleMap.FirstPersonExampleMap_C' with ClassGeneratedBy '/Game/FirstPersonCPP/Maps/FirstPersonExampleMap.FirstPersonExampleMap:PersistentLevel.FirstPersonExampleMap'
[2017.04.26-22.20.09:345][232]LogBlueprintUserMessages: Early EndPlayMap Detection: Level '/Game/FirstPersonCPP/Maps/FirstPersonExampleMap.FirstPersonExampleMap:PersistentLevel' has LevelScriptBlueprint '/Game/FirstPersonCPP/Maps/FirstPersonExampleMap.FirstPersonExampleMap:PersistentLevel.FirstPersonExampleMap' with GeneratedClass '/Game/FirstPersonCPP/Maps/FirstPersonExampleMap.FirstPersonExampleMap_C' with ClassGeneratedBy '/Game/FirstPersonCPP/Maps/FirstPersonExampleMap.FirstPersonExampleMap:PersistentLevel.FirstPersonExampleMap'
[2017.04.26-22.20.09:418][232]LogBlueprintUserMessages: Late EndPlayMap Detection: Level '/Game/FirstPersonCPP/Maps/FirstPersonExampleMap.FirstPersonExampleMap:PersistentLevel' has LevelScriptBlueprint '/Game/FirstPersonCPP/Maps/FirstPersonExampleMap.FirstPersonExampleMap:PersistentLevel.FirstPersonExampleMap' with GeneratedClass '/Game/FirstPersonCPP/Maps/FirstPersonExampleMap.FirstPersonExampleMap_C' with ClassGeneratedBy '/Game/FirstPersonCPP/Maps/FirstPersonExampleMap.FirstPersonExampleMap:PersistentLevel.FirstPersonExampleMap'
[2017.04.26-22.20.39:910][374]BlueprintLog: New page: Compile Goomba
[2017.04.26-22.20.40:971][390]LogSavePackage: Save=87.26ms
[2017.04.26-22.20.40:971][390]LogSavePackage: Moving '../../../../../../Users/Ben/Documents/Unreal Projects/CSC433TeamProject/Saved/GoombaC89776584C32696608F8B9AD83811E3B.tmp' to '../../../../../../Users/Ben/Documents/Unreal Projects/CSC433TeamProject/Content/ThirdPersonBP/Blueprints/Goomba.uasset'
[2017.04.26-22.20.40:976][390]LogSavePackage:Display: Finished SavePackage ../../../../../../Users/Ben/Documents/Unreal Projects/CSC433TeamProject/Content/ThirdPersonBP/Blueprints/Goomba.uasset
[2017.04.26-22.20.43:519][493]LogEditorViewport: Clicking on Actor (LMB): BP_Sky_Sphere_C (SkySphereBlueprint)
[2017.04.26-22.20.44:540][525]LogTemp: Repeting last play command: Selected Viewport
[2017.04.26-22.20.44:599][525]LogBlueprintUserMessages: Early PlayInEditor Detection: Level '/Game/FirstPersonCPP/Maps/FirstPersonExampleMap.FirstPersonExampleMap:PersistentLevel' has LevelScriptBlueprint '/Game/FirstPersonCPP/Maps/FirstPersonExampleMap.FirstPersonExampleMap:PersistentLevel.FirstPersonExampleMap' with GeneratedClass '/Game/FirstPersonCPP/Maps/FirstPersonExampleMap.FirstPersonExampleMap_C' with ClassGeneratedBy '/Game/FirstPersonCPP/Maps/FirstPersonExampleMap.FirstPersonExampleMap:PersistentLevel.FirstPersonExampleMap'
[2017.04.26-22.20.44:599][525]LogPlayLevel: PlayLevel: No blueprints needed recompiling
[2017.04.26-22.20.44:599][525]PIE: New page: PIE session: FirstPersonExampleMap (Apr 26, 2017, 8:20:44 AM)
[2017.04.26-22.20.44:599][525]LogPlayLevel: Creating play world package: /Game/FirstPersonCPP/Maps/UEDPIE_0_FirstPersonExampleMap
[2017.04.26-22.20.44:661][525]LogStaticMesh:Warning: Rebuilding hierarchical instanced mesh component, please resave map FoliageInstancedStaticMeshComponent /Game/FirstPersonCPP/Maps/UEDPIE_0_FirstPersonExampleMap.FirstPersonExampleMap:PersistentLevel.InstancedFoliageActor_0.FoliageInstancedStaticMeshComponent_0.
[2017.04.26-22.20.44:685][525]LogPlayLevel: PIE: StaticDuplicateObject took: (0.086042s)
[2017.04.26-22.20.44:687][525]LogAIModule: Creating AISystem for world FirstPersonExampleMap
[2017.04.26-22.20.44:687][525]LogPlayLevel: PIE: World Init took: (0.001861s)
[2017.04.26-22.20.44:688][525]LogPlayLevel: PIE: Created PIE world by copying editor world from /Game/FirstPersonCPP/Maps/FirstPersonExampleMap.FirstPersonExampleMap to /Game/FirstPersonCPP/Maps/UEDPIE_0_FirstPersonExampleMap.FirstPersonExampleMap (0.088785s)
[2017.04.26-22.20.44:760][525]LogInit: XAudio2 using 'Speakers (Realtek High Definition Audio)' : 2 channels at 48 kHz using 32 bits per sample (channel mask 0x3)
[2017.04.26-22.20.44:779][525]LogInit: FAudioDevice initialized.
[2017.04.26-22.20.44:820][525]LogLoad: Game class is 'ThirdPersonGameMode_C'
[2017.04.26-22.20.44:832][525]LogWorld: Bringing World /Game/FirstPersonCPP/Maps/UEDPIE_0_FirstPersonExampleMap.FirstPersonExampleMap up for play (max tick rate 0) at 2017.04.26-15.20.44
[2017.04.26-22.20.44:834][525]LogWorld: Bringing up level for play took: 0.011527
[2017.04.26-22.20.44:840][525]PIE: Info Play in editor start time for /Game/FirstPersonCPP/Maps/UEDPIE_0_FirstPersonExampleMap 1.128
[2017.04.26-22.20.44:841][525]LogBlueprintUserMessages: Late PlayInEditor Detection: Level '/Game/FirstPersonCPP/Maps/FirstPersonExampleMap.FirstPersonExampleMap:PersistentLevel' has LevelScriptBlueprint '/Game/FirstPersonCPP/Maps/FirstPersonExampleMap.FirstPersonExampleMap:PersistentLevel.FirstPersonExampleMap' with GeneratedClass '/Game/FirstPersonCPP/Maps/FirstPersonExampleMap.FirstPersonExampleMap_C' with ClassGeneratedBy '/Game/FirstPersonCPP/Maps/FirstPersonExampleMap.FirstPersonExampleMap:PersistentLevel.FirstPersonExampleMap'
[2017.04.26-22.21.02:195][362]LogBlueprintUserMessages: Early EndPlayMap Detection: Level '/Game/FirstPersonCPP/Maps/FirstPersonExampleMap.FirstPersonExampleMap:PersistentLevel' has LevelScriptBlueprint '/Game/FirstPersonCPP/Maps/FirstPersonExampleMap.FirstPersonExampleMap:PersistentLevel.FirstPersonExampleMap' with GeneratedClass '/Game/FirstPersonCPP/Maps/FirstPersonExampleMap.FirstPersonExampleMap_C' with ClassGeneratedBy '/Game/FirstPersonCPP/Maps/FirstPersonExampleMap.FirstPersonExampleMap:PersistentLevel.FirstPersonExampleMap'
[2017.04.26-22.21.02:291][362]LogBlueprintUserMessages: Late EndPlayMap Detection: Level '/Game/FirstPersonCPP/Maps/FirstPersonExampleMap.FirstPersonExampleMap:PersistentLevel' has LevelScriptBlueprint '/Game/FirstPersonCPP/Maps/FirstPersonExampleMap.FirstPersonExampleMap:PersistentLevel.FirstPersonExampleMap' with GeneratedClass '/Game/FirstPersonCPP/Maps/FirstPersonExampleMap.FirstPersonExampleMap_C' with ClassGeneratedBy '/Game/FirstPersonCPP/Maps/FirstPersonExampleMap.FirstPersonExampleMap:PersistentLevel.FirstPersonExampleMap'
[2017.04.26-22.23.35:452][ 24]LogEditorTransaction: Undo Move Node
[2017.04.26-22.23.36:274][ 39]LogEditorTransaction: Undo Add Node
[2017.04.26-22.24.03:759][844]LogFileHelpers: Editor autosave (incl. sublevels) for '/Game/FirstPersonCPP/Maps/FirstPersonExampleMap' took 0.416
[2017.04.26-22.24.03:762][844]OBJ SavePackage: Generating thumbnails for [1] asset(s) in package [/Game/ThirdPersonBP/Blueprints/Goomba] ([1] browsable assets)...
[2017.04.26-22.24.03:819][844]OBJ SavePackage:     Rendered thumbnail for [Blueprint /Game/ThirdPersonBP/Blueprints/Goomba.Goomba]
[2017.04.26-22.24.03:819][844]OBJ SavePackage: Finished generating thumbnails for package [/Game/ThirdPersonBP/Blueprints/Goomba]
[2017.04.26-22.24.03:919][844]LogSavePackage: Save=91.24ms
[2017.04.26-22.24.03:919][844]LogSavePackage: Moving '../../../../../../Users/Ben/Documents/Unreal Projects/CSC433TeamProject/Saved/Goomba_Auto2BF452BF540A4D003DFF9818944F72948.tmp' to '../../../../../../Users/Ben/Documents/Unreal Projects/CSC433TeamProject/Saved/Autosaves/Game/ThirdPersonBP/Blueprints/Goomba_Auto2.uasset'
[2017.04.26-22.24.03:922][844]LogSavePackage:Display: Finished SavePackage ../../../../../../Users/Ben/Documents/Unreal Projects/CSC433TeamProject/Saved/Autosaves/Game/ThirdPersonBP/Blueprints/Goomba_Auto2.uasset
[2017.04.26-22.24.03:922][844]LogFileHelpers: Auto-saving content packages took 0.162
[2017.04.26-22.24.51:231][416]LogSlate:Warning: Prevented a slow task dialog from being summoned while a context menu was open
[2017.04.26-22.25.11:027][836]BlueprintLog: New page: Compile Goomba
[2017.04.26-22.25.11:055][836]LogBlueprint:Error: [Compiler Goomba] Error The current value of the ' Spawn Transform ' pin is invalid: 'Spawn Transform' must have an input wired into it ("by ref" params expect a valid input to operate on).
[2017.04.26-22.25.11:056][836]LogBlueprint:Error: [Compiler Goomba] Error The current value of the ' Spawn Transform ' pin is invalid: 'Spawn Transform' must have an input wired into it ("by ref" params expect a valid input to operate on).
[2017.04.26-22.25.13:550][836]LogStats: FPlatformStackWalk::StackWalkAndDump -  2.488 s
[2017.04.26-22.25.13:550][836]LogOutputDevice:Error: === Handled ensure: ===
[2017.04.26-22.25.13:550][836]LogOutputDevice:Error: 
[2017.04.26-22.25.13:550][836]LogOutputDevice:Error: Ensure condition failed: Component && (Component->GetOuter() == GeneratedClass) [File:D:\Build\++UE4+Release-4.15+Compile\Sync\Engine\Source\Runtime\Engine\Private\Blueprint.cpp] [Line: 1010]
[2017.04.26-22.25.13:550][836]LogOutputDevice:Error: 
[2017.04.26-22.25.13:550][836]LogOutputDevice:Error: Stack: 
[2017.04.26-22.25.13:550][836]LogOutputDevice:Error: UE4Editor-Core.dll!0x00000000B82B95E6
[2017.04.26-22.25.13:550][836]LogOutputDevice:Error: UE4Editor-Core.dll!0x00000000B8069B82
[2017.04.26-22.25.13:550][836]LogOutputDevice:Error: UE4Editor-Core.dll!0x00000000B807B666
[2017.04.26-22.25.13:550][836]LogOutputDevice:Error: UE4Editor-Engine.dll!0x00000000AFD67153
[2017.04.26-22.25.13:550][836]LogOutputDevice:Error: UE4Editor-KismetCompiler.dll!0x00000000A9DFA90C
[2017.04.26-22.25.13:550][836]LogOutputDevice:Error: UE4Editor-KismetCompiler.dll!0x00000000A9DFC2C6
[2017.04.26-22.25.13:550][836]LogOutputDevice:Error: UE4Editor-KismetCompiler.dll!0x00000000A9DFB94D
[2017.04.26-22.25.13:550][836]LogOutputDevice:Error: UE4Editor-UnrealEd.dll!0x00000000AE7B6A09
[2017.04.26-22.25.13:550][836]LogOutputDevice:Error: UE4Editor-Kismet.dll!0x00000000AD1C44FD
[2017.04.26-22.25.13:551][836]LogOutputDevice:Error: UE4Editor-Kismet.dll!0x00000000AD211941
[2017.04.26-22.25.13:551][836]LogOutputDevice:Error: UE4Editor-Kismet.dll!0x00000000AD2163E6
[2017.04.26-22.25.13:551][836]LogOutputDevice:Error: UE4Editor-Slate.dll!0x00000000B799819F
[2017.04.26-22.25.13:551][836]LogOutputDevice:Error: UE4Editor-Slate.dll!0x00000000B7A8B530
[2017.04.26-22.25.13:551][836]LogOutputDevice:Error: UE4Editor-Slate.dll!0x00000000B79FC7A2
[2017.04.26-22.25.13:551][836]LogOutputDevice:Error: UE4Editor-Slate.dll!0x00000000B79FDBA9
[2017.04.26-22.25.13:551][836]LogOutputDevice:Error: UE4Editor-Slate.dll!0x00000000B7A6B689
[2017.04.26-22.25.13:551][836]LogOutputDevice:Error: UE4Editor-Slate.dll!0x00000000B7B1CF25
[2017.04.26-22.25.13:551][836]LogOutputDevice:Error: UE4Editor-Slate.dll!0x00000000B7B4A4AE
[2017.04.26-22.25.13:551][836]LogOutputDevice:Error: UE4Editor-Slate.dll!0x00000000B797411C
[2017.04.26-22.25.13:551][836]LogOutputDevice:Error: UE4Editor-Slate.dll!0x00000000B79447F5
[2017.04.26-22.25.13:551][836]LogOutputDevice:Error: UE4Editor-Slate.dll!0x00000000B79E7193
[2017.04.26-22.25.13:551][836]LogOutputDevice:Error: UE4Editor-Slate.dll!0x00000000B79D1100
[2017.04.26-22.25.13:551][836]LogOutputDevice:Error: UE4Editor-Slate.dll!0x00000000B79C0211
[2017.04.26-22.25.13:551][836]LogOutputDevice:Error: UE4Editor-Core.dll!0x00000000B82ACDF9
[2017.04.26-22.25.13:551][836]LogOutputDevice:Error: UE4Editor-Core.dll!0x00000000B82967C1
[2017.04.26-22.25.13:551][836]LogOutputDevice:Error: UE4Editor-Core.dll!0x00000000B82AEA1C
[2017.04.26-22.25.13:551][836]LogOutputDevice:Error: UE4Editor-Core.dll!0x00000000B82926E9
[2017.04.26-22.25.13:551][836]LogOutputDevice:Error: USER32.dll!0x00000000F8E41C24
[2017.04.26-22.25.13:551][836]LogOutputDevice:Error: USER32.dll!0x00000000F8E4156C
[2017.04.26-22.25.13:551][836]LogOutputDevice:Error: UE4Editor-Core.dll!0x00000000B82AF326
[2017.04.26-22.25.13:551][836]LogOutputDevice:Error: UE4Editor.exe!0x000000000DCBD790
[2017.04.26-22.25.13:551][836]LogOutputDevice:Error: UE4Editor.exe!0x000000000DCAEB40
[2017.04.26-22.25.13:551][836]LogOutputDevice:Error: UE4Editor.exe!0x000000000DCAEBBA
[2017.04.26-22.25.13:552][836]LogOutputDevice:Error: UE4Editor.exe!0x000000000DCC0A29
[2017.04.26-22.25.13:552][836]LogOutputDevice:Error: UE4Editor.exe!0x000000000DCC22B6
[2017.04.26-22.25.13:552][836]LogOutputDevice:Error: KERNEL32.DLL!0x00000000F70D8364
[2017.04.26-22.25.13:552][836]LogOutputDevice:Error: ntdll.dll!0x00000000F90070D1
[2017.04.26-22.25.13:552][836]LogOutputDevice:Error: 
[2017.04.26-22.25.13:560][836]LogStats:                SubmitErrorReport -  0.000 s
