Log file open, 04/25/17 23:05:52
LogInit:Display: Running engine for game: Project433
LogPlatformFile: Not using cached read wrapper
LogInit:Display: RandInit(1597181388) SRandInit(1597181389).
LogTaskGraph: Started task graph with 5 named threads and 8 total threads with 1 sets of task threads.
LogStats: Stats thread started at 28.850507
LogConfig:Warning: Failed to saved backup for config[EditorPerProjectUserSettings]
LogConfig:Warning: Failed to saved backup for config[EditorKeyBindings]
LogConfig:Warning: Failed to saved backup for config[Lightmass]
LogConfig:Warning: Failed to saved backup for config[Scalability]
LogConfig:Warning: Failed to saved backup for config[Hardware]
LogInit: Using libcurl 7.47.1
LogInit:  - built for x86_64-pc-win32
LogInit:  - supports SSL with OpenSSL/1.0.2g
LogInit:  - supports HTTP deflate (compression) using libz 1.2.8
LogInit:  - other features:
LogInit:      CURL_VERSION_SSL
LogInit:      CURL_VERSION_LIBZ
LogInit:      CURL_VERSION_IPV6
LogInit:      CURL_VERSION_ASYNCHDNS
LogInit:      CURL_VERSION_LARGEFILE
LogInit:      CURL_VERSION_IDN
LogInit:  CurlRequestOptions (configurable via config and command line):
LogInit:  - bVerifyPeer = false  - Libcurl will NOT verify peer certificate
LogInit:  - bUseHttpProxy = false  - Libcurl will NOT use HTTP proxy
LogInit:  - bDontReuseConnections = false  - Libcurl will reuse connections
LogInit:  - CertBundlePath = nullptr  - Libcurl will use whatever was configured at build time.
LogInit: Build: ++UE4+Release-4.15-CL-3348071
LogInit: Engine Version: 4.15.1-3348071+++UE4+Release-4.15
LogInit: Compatible Engine Version: 4.15.0-3299760+++UE4+Release-4.15
LogInit: Net CL: 3299760
LogDevObjectVersion: Number of dev versions registered: 14
LogDevObjectVersion:   Dev-Blueprints (B0D832E4-1F89-4F0D-ACCF-7EB736FD4AA2): 8
LogDevObjectVersion:   Dev-Build (E1C64328-A22C-4D53-A36C-8E866417BD8C): 0
LogDevObjectVersion:   Dev-Core (375EC13C-06E4-48FB-B500-84F0262A717E): 2
LogDevObjectVersion:   Dev-Editor (E4B068ED-F494-42E9-A231-DA0B2E46BB41): 14
LogDevObjectVersion:   Dev-Framework (CFFC743F-43B0-4480-9391-14DF171D2073): 22
LogDevObjectVersion:   Dev-Mobile (B02B49B5-BB20-44E9-A304-32B752E40360): 0
LogDevObjectVersion:   Dev-Networking (A4E4105C-59A1-49B5-A7C5-40C4547EDFEE): 0
LogDevObjectVersion:   Dev-Online (39C831C9-5AE6-47DC-9A44-9C173E1C8E7C): 0
LogDevObjectVersion:   Dev-Physics (78F01B33-EBEA-4F98-B9B4-84EACCB95AA2): 0
LogDevObjectVersion:   Dev-Platform (6631380F-2D4D-43E0-8009-CF276956A95A): 0
LogDevObjectVersion:   Dev-Rendering (12F88B9F-8875-4AFC-A67C-D90C383ABD29): 12
LogDevObjectVersion:   Dev-Sequencer (7B5AE74C-D270-4C10-A958-57980B212A5A): 3
LogDevObjectVersion:   Dev-VR (D7296918-1DD6-4BDD-9DE2-64A83CC13884): 0
LogDevObjectVersion:   Dev-LoadTimes (C2A15278-BFE7-4AFE-6C17-90FF531DF755): 1
LogInit: Compiled (64-bit): Mar 15 2017 16:52:47
LogInit: Compiled with Visual C++: 19.00.23026.00
LogInit: Build Configuration: Development
LogInit: Branch Name: ++UE4+Release-4.15
LogInit: Command line:  
LogInit: Base directory: C:/Program Files/Epic Games/UE_4.15/Engine/Binaries/Win64/
LogInit: Installed Engine Build: 1
LogInit: Presizing for max 8388607 objects, including 0 objects not considered by GC, pre-allocating 0 bytes for permanent pool.
LogInit: Object subsystem initialized
[2017.04.26-06.06.15:032][  0]LogInit: Selected Device Profile: [Windows]
[2017.04.26-06.06.15:032][  0]LogInit: Applying CVar settings loaded from the selected device profile: [Windows]
[2017.04.26-06.06.15:166][  0]LogConfig:Warning: Failed to saved backup for config[DeviceProfiles]
[2017.04.26-06.06.15:252][  0]LogInit: Computer: BEN
[2017.04.26-06.06.15:252][  0]LogInit: User: Ben
[2017.04.26-06.06.15:252][  0]LogInit: CPU Page size=65536, Cores=4
[2017.04.26-06.06.15:252][  0]LogInit: High frequency timer resolution =2.435773 MHz
[2017.04.26-06.06.15:253][  0]LogMemory: Memory total: Physical=7.9GB (8GB approx)
[2017.04.26-06.06.15:253][  0]LogMemory: Platform Memory Stats for Windows
[2017.04.26-06.06.15:253][  0]LogMemory: Process Physical Memory: 262.64 MB used, 262.64 MB peak
[2017.04.26-06.06.15:253][  0]LogMemory: Process Virtual Memory: 262.55 MB used, 262.55 MB peak
[2017.04.26-06.06.15:253][  0]LogMemory: Physical Memory: 4000.90 MB used,  4073.95 MB free, 8074.85 MB total
[2017.04.26-06.06.15:253][  0]LogMemory: Virtual Memory: 645.11 MB used,  4073.95 MB free, 134217728.00 MB total
[2017.04.26-06.06.18:999][  0]LogTextLocalizationManager: No specific translations for ('en-US') exist, so ('en') translations will be used.
[2017.04.26-06.06.28:133][  0]LogD3D11RHI: D3D11 adapters:
[2017.04.26-06.06.28:218][  0]LogD3D11RHI:    0. 'NVIDIA GeForce GTX 860M' (Feature Level 11_0)
[2017.04.26-06.06.28:218][  0]LogD3D11RHI:       2018/0/4037 MB DedicatedVideo/DedicatedSystem/SharedSystem, Outputs:1, VendorId:0x10de
[2017.04.26-06.06.28:249][  0]LogD3D11RHI:    1. 'Intel(R) HD Graphics 4600' (Feature Level 11_0)
[2017.04.26-06.06.28:249][  0]LogD3D11RHI:       112/0/2048 MB DedicatedVideo/DedicatedSystem/SharedSystem, Outputs:0, VendorId:0x8086
[2017.04.26-06.06.28:253][  0]LogD3D11RHI:    2. 'Microsoft Basic Render Driver' (Feature Level 11_0)
[2017.04.26-06.06.28:253][  0]LogD3D11RHI:       0/0/4037 MB DedicatedVideo/DedicatedSystem/SharedSystem, Outputs:0, VendorId:0x1414
[2017.04.26-06.06.28:253][  0]LogD3D11RHI: Chosen D3D11 Adapter: 0
[2017.04.26-06.06.28:305][  0]LogD3D11RHI: Creating new Direct3DDevice
[2017.04.26-06.06.28:305][  0]LogD3D11RHI:     GPU DeviceId: 0x1392 (for the marketing name, search the web for "GPU Device Id")
[2017.04.26-06.06.28:305][  0]LogWindows: EnumDisplayDevices:
[2017.04.26-06.06.28:305][  0]LogWindows:    0. 'Intel(R) HD Graphics 4600' (P:1 D:1)
[2017.04.26-06.06.28:306][  0]LogWindows:    1. 'Intel(R) HD Graphics 4600' (P:0 D:0)
[2017.04.26-06.06.28:307][  0]LogWindows:    2. 'Intel(R) HD Graphics 4600' (P:0 D:0)
[2017.04.26-06.06.28:307][  0]LogWindows: DebugString: PrimaryIsNotTheChoosenAdapter PrimaryIsNotTheChoosenAdapter PrimaryIsNotTheChoosenAdapter FoundDriverCount:0 
[2017.04.26-06.06.28:307][  0]LogD3D11RHI:     Adapter Name: NVIDIA GeForce GTX 860M
[2017.04.26-06.06.28:307][  0]LogD3D11RHI:   Driver Version: Unknown (internal:Unknown, unified:Unknown)
[2017.04.26-06.06.28:307][  0]LogD3D11RHI:      Driver Date: Unknown
[2017.04.26-06.06.28:307][  0]LogRHI: Texture pool is 1361 MB (70% of 1945 MB)
[2017.04.26-06.06.28:408][  0]LogD3D11RHI: Async texture creation enabled
[2017.04.26-06.06.28:845][  0]LogD3D11RHI: GPU Timing Frequency: 1000.000000 (Debug: 2 1)
[2017.04.26-06.06.28:953][  0]LogShaderCompilers: Guid format shader working directory is -28 characters bigger than the processId version (../../../../../../Users/Ben/Documents/Unreal Projects/CSC433TeamProject/Intermediate/Shaders/WorkingDirectory/12680/).
[2017.04.26-06.06.28:953][  0]LogShaderCompilers: Cleaned the shader compiler working directory 'C:/Users/Ben/AppData/Local/Temp/UnrealShaderWorkingDir/BECF20FA42660367FBAC4CB966602EB3/'.
[2017.04.26-06.06.28:965][  0]LogShaderCompilers:Display: Using Local Shader Compiler.
[2017.04.26-06.06.39:702][  0]LogTemp:Display: Loaded TP AllDesktopTargetPlatform
[2017.04.26-06.06.39:818][  0]LogTemp:Display: Loaded TP MacClientTargetPlatform
[2017.04.26-06.06.39:880][  0]LogTemp:Display: Loaded TP MacNoEditorTargetPlatform
[2017.04.26-06.06.39:941][  0]LogTemp:Display: Loaded TP MacServerTargetPlatform
[2017.04.26-06.06.40:022][  0]LogTemp:Display: Loaded TP MacTargetPlatform
[2017.04.26-06.06.40:081][  0]LogTemp:Display: Loaded TP WindowsClientTargetPlatform
[2017.04.26-06.06.40:141][  0]LogTemp:Display: Loaded TP WindowsNoEditorTargetPlatform
[2017.04.26-06.06.40:200][  0]LogTemp:Display: Loaded TP WindowsServerTargetPlatform
[2017.04.26-06.06.40:279][  0]LogTemp:Display: Loaded TP WindowsTargetPlatform
[2017.04.26-06.06.40:417][  0]LogTemp:Display: Loaded TP AndroidTargetPlatform
[2017.04.26-06.06.40:532][  0]LogTemp:Display: Loaded TP Android_ASTCTargetPlatform
[2017.04.26-06.06.40:678][  0]LogTemp:Display: Loaded TP Android_ATCTargetPlatform
[2017.04.26-06.06.40:759][  0]LogTemp:Display: Loaded TP Android_DXTTargetPlatform
[2017.04.26-06.06.40:818][  0]LogTemp:Display: Loaded TP Android_ETC1TargetPlatform
[2017.04.26-06.06.40:877][  0]LogTemp:Display: Loaded TP Android_ETC2TargetPlatform
[2017.04.26-06.06.41:023][  0]LogTemp:Display: Loaded TP Android_MultiTargetPlatform
[2017.04.26-06.06.41:023][  0]LogTemp:Display: Loaded TP Android_PVRTCTargetPlatform
[2017.04.26-06.06.41:064][  0]LogTemp:Display: Loaded TP HTML5TargetPlatform
[2017.04.26-06.06.41:269][  0]LogTemp:Display: Loaded TP IOSTargetPlatform
[2017.04.26-06.06.41:306][  0]LogTemp:Display: Loaded TP TVOSTargetPlatform
[2017.04.26-06.06.41:364][  0]LogTemp:Display: Loaded TP LinuxClientTargetPlatform
[2017.04.26-06.06.41:422][  0]LogTemp:Display: Loaded TP LinuxNoEditorTargetPlatform
[2017.04.26-06.06.41:480][  0]LogTemp:Display: Loaded TP LinuxServerTargetPlatform
[2017.04.26-06.06.41:588][  0]LogTemp:Display: Loaded TP LinuxTargetPlatform
[2017.04.26-06.06.41:588][  0]LogTargetPlatformManager:Display: Building Assets For Windows
[2017.04.26-06.06.44:740][  0]LogDerivedDataCache:Display: Max Cache Size: 512 MB
[2017.04.26-06.06.45:664][  0]LogDerivedDataCache: Loaded boot cache 0.90s 50MB C:/Users/Ben/AppData/Local/UnrealEngine/4.15/DerivedDataCache/Boot.ddc.
[2017.04.26-06.06.45:664][  0]LogDerivedDataCache:Display: Loaded Boot cache: C:/Users/Ben/AppData/Local/UnrealEngine/4.15/DerivedDataCache/Boot.ddc
[2017.04.26-06.06.45:665][  0]LogDerivedDataCache: FDerivedDataBackendGraph:  Pak pak cache file ../../../../../../Users/Ben/Documents/Unreal Projects/CSC433TeamProject/DerivedDataCache/DDC.ddp not found, will not use a pak cache.
[2017.04.26-06.06.45:665][  0]LogDerivedDataCache: Unable to find inner node Pak for hierarchical cache Hierarchy.
[2017.04.26-06.06.45:665][  0]LogDerivedDataCache: FDerivedDataBackendGraph:  CompressedPak pak cache file ../../../../../../Users/Ben/Documents/Unreal Projects/CSC433TeamProject/DerivedDataCache/Compressed.ddp not found, will not use a pak cache.
[2017.04.26-06.06.45:665][  0]LogDerivedDataCache: Unable to find inner node CompressedPak for hierarchical cache Hierarchy.
[2017.04.26-06.06.45:845][  0]LogDerivedDataCache:Display: Pak cache opened for reading ../../../Engine/DerivedDataCache/Compressed.ddp.
[2017.04.26-06.06.45:858][  0]LogDerivedDataCache: Using Local data cache path C:/Users/Ben/AppData/Local/UnrealEngine/Common/DerivedDataCache: Writable
[2017.04.26-06.06.46:710][  0]LogSlate: Using Freetype 2.6.0
[2017.04.26-06.06.47:195][  0]LogSlate: SlateFontCache - WITH_FREETYPE: 1, WITH_HARFBUZZ: 1
[2017.04.26-06.06.47:195][  0]LogSlate: SlateFontCache - WITH_FREETYPE: 1, WITH_HARFBUZZ: 1
[2017.04.26-06.07.08:012][  0]LogInit: Selected Device Profile: [Windows]
[2017.04.26-06.07.08:291][  0]LogContentStreaming: Texture pool size is 0.00 MB
[2017.04.26-06.07.10:753][  0]LogMeshUtilities: Using QuadricMeshReduction for automatic static mesh reduction
[2017.04.26-06.07.10:870][  0]LogSimplygon: Simplygon DLL not present - disabling.
[2017.04.26-06.07.10:987][  0]LogMeshUtilities: Using SimplygonSwarm for distributed automatic mesh merging
[2017.04.26-06.07.10:987][  0]LogMeshUtilities: No automatic skeletal mesh reduction module available
[2017.04.26-06.07.10:987][  0]LogMeshUtilities: No automatic mesh merging module available
[2017.04.26-06.07.22:722][  0]LogNetVersion: GetLocalNetworkVersion: CL: 3299760, ProjectName: project433, ProjectVersion: , EngineNetworkVersion: 2, GameNetworkVersion: 0, NetworkChecksum: 3701128711
[2017.04.26-06.07.22:988][  0]LogAssetRegistry: FAssetRegistry took 0.0255 seconds to start up
[2017.04.26-06.07.23:406][  0]LogAssetRegistry:Error: Failed to open file for write ../../../../../../Users/Ben/Documents/Unreal Projects/CSC433TeamProject/Intermediate/AssetRegistryCache/5a627529.bin
[2017.04.26-06.07.23:519][  0]LogAssetRegistry:Error: Failed to open file for write ../../../../../../Users/Ben/Documents/Unreal Projects/CSC433TeamProject/Intermediate/AssetRegistryCache/2657c409.bin
[2017.04.26-06.07.23:533][  0]LogFileManager:Warning: MoveFile was unable to move '../../../../../../Users/Ben/Documents/Unreal Projects/CSC433TeamProject/Intermediate/AssetRegistryCache/1d5167fa.bin.tmp' to '../../../../../../Users/Ben/Documents/Unreal Projects/CSC433TeamProject/Intermediate/AssetRegistryCache/1d5167fa.bin', retrying in .5s...
[2017.04.26-06.07.24:034][  0]LogFileManager:Warning: MoveFile was unable to move '../../../../../../Users/Ben/Documents/Unreal Projects/CSC433TeamProject/Intermediate/AssetRegistryCache/1d5167fa.bin.tmp' to '../../../../../../Users/Ben/Documents/Unreal Projects/CSC433TeamProject/Intermediate/AssetRegistryCache/1d5167fa.bin', retrying in .5s...
[2017.04.26-06.07.24:535][  0]LogFileManager:Warning: MoveFile was unable to move '../../../../../../Users/Ben/Documents/Unreal Projects/CSC433TeamProject/Intermediate/AssetRegistryCache/1d5167fa.bin.tmp' to '../../../../../../Users/Ben/Documents/Unreal Projects/CSC433TeamProject/Intermediate/AssetRegistryCache/1d5167fa.bin', retrying in .5s...
[2017.04.26-06.07.25:037][  0]LogFileManager:Warning: MoveFile was unable to move '../../../../../../Users/Ben/Documents/Unreal Projects/CSC433TeamProject/Intermediate/AssetRegistryCache/1d5167fa.bin.tmp' to '../../../../../../Users/Ben/Documents/Unreal Projects/CSC433TeamProject/Intermediate/AssetRegistryCache/1d5167fa.bin', retrying in .5s...
[2017.04.26-06.07.25:538][  0]LogFileManager:Warning: MoveFile was unable to move '../../../../../../Users/Ben/Documents/Unreal Projects/CSC433TeamProject/Intermediate/AssetRegistryCache/1d5167fa.bin.tmp' to '../../../../../../Users/Ben/Documents/Unreal Projects/CSC433TeamProject/Intermediate/AssetRegistryCache/1d5167fa.bin', retrying in .5s...
[2017.04.26-06.07.26:039][  0]LogFileManager:Warning: MoveFile was unable to move '../../../../../../Users/Ben/Documents/Unreal Projects/CSC433TeamProject/Intermediate/AssetRegistryCache/1d5167fa.bin.tmp' to '../../../../../../Users/Ben/Documents/Unreal Projects/CSC433TeamProject/Intermediate/AssetRegistryCache/1d5167fa.bin', retrying in .5s...
[2017.04.26-06.07.26:540][  0]LogFileManager:Warning: MoveFile was unable to move '../../../../../../Users/Ben/Documents/Unreal Projects/CSC433TeamProject/Intermediate/AssetRegistryCache/1d5167fa.bin.tmp' to '../../../../../../Users/Ben/Documents/Unreal Projects/CSC433TeamProject/Intermediate/AssetRegistryCache/1d5167fa.bin', retrying in .5s...
[2017.04.26-06.07.27:042][  0]LogFileManager:Warning: MoveFile was unable to move '../../../../../../Users/Ben/Documents/Unreal Projects/CSC433TeamProject/Intermediate/AssetRegistryCache/1d5167fa.bin.tmp' to '../../../../../../Users/Ben/Documents/Unreal Projects/CSC433TeamProject/Intermediate/AssetRegistryCache/1d5167fa.bin', retrying in .5s...
[2017.04.26-06.07.27:542][  0]LogFileManager:Warning: MoveFile was unable to move '../../../../../../Users/Ben/Documents/Unreal Projects/CSC433TeamProject/Intermediate/AssetRegistryCache/1d5167fa.bin.tmp' to '../../../../../../Users/Ben/Documents/Unreal Projects/CSC433TeamProject/Intermediate/AssetRegistryCache/1d5167fa.bin', retrying in .5s...
[2017.04.26-06.07.28:044][  0]LogFileManager:Warning: MoveFile was unable to move '../../../../../../Users/Ben/Documents/Unreal Projects/CSC433TeamProject/Intermediate/AssetRegistryCache/1d5167fa.bin.tmp' to '../../../../../../Users/Ben/Documents/Unreal Projects/CSC433TeamProject/Intermediate/AssetRegistryCache/1d5167fa.bin', retrying in .5s...
[2017.04.26-06.07.28:544][  0]LogFileManager:Error: Error moving file '../../../../../../Users/Ben/Documents/Unreal Projects/CSC433TeamProject/Intermediate/AssetRegistryCache/1d5167fa.bin.tmp' to '../../../../../../Users/Ben/Documents/Unreal Projects/CSC433TeamProject/Intermediate/AssetRegistryCache/1d5167fa.bin'.
[2017.04.26-06.07.28:588][  0]LogPackageLocalizationCache: Processed 3 localized package path(s) for 2 prioritized culture(s) in 5.348208 seconds
[2017.04.26-06.07.28:605][  0]LogUObjectArray: 32493 objects as part of root set at end of initial load.
[2017.04.26-06.07.28:605][  0]LogUObjectAllocator: 7077032 out of 0 bytes used by permanent object pool.
[2017.04.26-06.07.28:605][  0]LogUObjectArray: CloseDisregardForGC: 0/0 objects in disregard for GC pool
[2017.04.26-06.07.28:888][  0]LogInit: WinSock: version 1.1 (2.2), MaxSocks=32767, MaxUdp=65467
[2017.04.26-06.08.15:825][  0]LogAssetRegistry:Error: Failed to open file for write ../../../../../../Users/Ben/Documents/Unreal Projects/CSC433TeamProject/Intermediate/CachedAssetRegistry.bin
[2017.04.26-06.08.17:525][  0]LogTcpMessaging: Initializing TcpMessaging bridge
[2017.04.26-06.08.17:697][  0]LogUdpMessaging: Initializing bridge on interface 0.0.0.0:0 to multicast group 230.0.0.1:6666.
[2017.04.26-06.08.21:626][  0]LogMaterial: Uniform references updated for custom material expression Custom.
[2017.04.26-06.08.25:306][  0]SourceControl: Info Source control is disabled
[2017.04.26-06.08.27:933][  0]SourceControl: Info Source control is disabled
[2017.04.26-06.08.28:793][  0]SourceControl: Info Source control is disabled
[2017.04.26-06.08.29:092][  0]SourceControl: Info Source control is disabled
[2017.04.26-06.08.38:000][  0]LogEngine: Initializing Engine...
[2017.04.26-06.08.38:118][  0]LogHMD: Failed to initialize OpenVR with code 110
[2017.04.26-06.08.49:576][  0]LogAIModule: Creating AISystem for world Untitled
[2017.04.26-06.08.54:583][  0]LogInit: XAudio2 using 'Speakers (Realtek High Definition Audio)' : 2 channels at 48 kHz using 32 bits per sample (channel mask 0x3)
[2017.04.26-06.08.54:955][  0]LogInit: FAudioDevice initialized.
[2017.04.26-06.08.55:065][  0]LogDerivedDataCache: Saved boot cache 0.11s 50MB C:/Users/Ben/AppData/Local/UnrealEngine/4.15/DerivedDataCache/Boot.ddc.
[2017.04.26-06.08.55:084][  0]LogInit: Texture streaming: Enabled
[2017.04.26-06.08.55:527][  0]LogEngineSessionManager: EngineSessionManager initialized
[2017.04.26-06.08.55:527][  0]LogEngineSessionManager: EngineSessionManager sent abnormal shutdown report. Type=AbnormalShutdown, SessionId={E8A43816-4381-8631-BAF1-59AEB8A8C809}
[2017.04.26-06.08.55:895][  0]LogInit: Transaction tracking system initialized
[2017.04.26-06.09.01:871][  0]BlueprintLog: New page: Editor Load
[2017.04.26-06.09.06:986][  0]LocalizationService: Info Localization service is disabled
[2017.04.26-06.09.09:732][  0]LogConsoleResponse:Display: 
[2017.04.26-06.09.13:871][  0]LogFileCache: Scanning file cache for directory 'C:/Users/Ben/Documents/Unreal Projects/CSC433TeamProject/Content/' took 0.06s
[2017.04.26-06.09.13:872][  0]LogCook:Display: Max memory allowance for cook 16384mb min free memory 0mb
[2017.04.26-06.09.13:872][  0]LogCook:Display: Mobile HDR setting 1
[2017.04.26-06.09.20:846][  0]SourceControl: Info Source control is disabled
[2017.04.26-06.09.20:892][  0]Cmd: MAP LOAD FILE="../../../../../../Users/Ben/Documents/Unreal Projects/CSC433TeamProject/Content/ThirdPersonBP/Maps/ThirdPersonExampleMap.umap" TEMPLATE=0 SHOWPROGRESS=1 FEATURELEVEL=3
[2017.04.26-06.09.21:006][  0]LightingResults: New page: Lighting Build
[2017.04.26-06.09.21:957][  0]MapCheck: New page: Map Check
[2017.04.26-06.09.21:957][  0]LightingResults: New page: Lighting Build
[2017.04.26-06.09.29:528][  0]LogAIModule: Creating AISystem for world ThirdPersonExampleMap
[2017.04.26-06.09.30:763][  0]LogEditorServer: Finished looking for orphan Actors (0.000 secs)
[2017.04.26-06.09.30:811][  0]Cmd: MAP CHECKDEP NOCLEARLOG
[2017.04.26-06.09.30:966][  0]MapCheck: Info Map check complete: 0 Error(s), 0 Warning(s), took 155.818ms to complete.
[2017.04.26-06.09.30:966][  0]LogFileHelpers: Loading map 'ThirdPersonExampleMap' took 10.079
[2017.04.26-06.09.34:195][  0]LogCollectionManager: Loaded 0 collections in 0.020970 seconds
[2017.04.26-06.09.34:583][  0]LogFileCache: Scanning file cache for directory 'C:/Users/Ben/Documents/Unreal Projects/CSC433TeamProject/Saved/Collections/' took 0.01s
[2017.04.26-06.09.34:583][  0]LogFileCache: Scanning file cache for directory 'C:/Users/Ben/Documents/Unreal Projects/CSC433TeamProject/Content/Developers/Ben/Collections/' took 0.01s
[2017.04.26-06.09.34:583][  0]LogFileCache: Scanning file cache for directory 'C:/Users/Ben/Documents/Unreal Projects/CSC433TeamProject/Content/Collections/' took 0.01s
[2017.04.26-06.09.34:583][  0]LogCollectionManager: Rebuilt the GUID cache for 0 collections in 0.000005 seconds
[2017.04.26-06.09.34:620][  0]LogContentBrowser: Native class hierarchy populated in 0.0337 seconds. Added 2245 classes and 453 folders.
[2017.04.26-06.09.34:693][  0]LogStats: UGameplayTagsManager::ConstructGameplayTagTree: Construct from data asset -  0.000 s
[2017.04.26-06.09.34:694][  0]LogStats: UGameplayTagsManager::ConstructGameplayTagTree: GameplayTagTreeChangedEvent.Broadcast -  0.000 s
[2017.04.26-06.09.34:889][  0]LogContentBrowser: Native class hierarchy updated for 'WidgetCarousel' in 0.0008 seconds. Added 0 classes and 0 folders.
[2017.04.26-06.09.38:422][  0]LogContentBrowser: Native class hierarchy updated for 'AddContentDialog' in 0.0019 seconds. Added 0 classes and 0 folders.
[2017.04.26-06.09.38:589][  0]LogContentBrowser: Native class hierarchy updated for 'SceneOutliner' in 0.0016 seconds. Added 1 classes and 2 folders.
[2017.04.26-06.09.39:515][  0]LogCrashTracker: Crashtracker disabled due to settings.
[2017.04.26-06.09.39:652][  0]LogUObjectGlobals:Warning: Failed to find object 'Class None.'
[2017.04.26-06.09.39:942][  0]LogContentBrowser: Native class hierarchy updated for 'HierarchicalLODOutliner' in 0.0012 seconds. Added 1 classes and 2 folders.
[2017.04.26-06.09.39:943][  0]LogLoad: (Engine Initialization) Total time: 293.19 seconds
[2017.04.26-06.09.39:943][  0]LogLoad: (Engine Initialization) Total Blueprint compile time: 1.53 seconds
[2017.04.26-06.09.39:943][  0]LogExternalProfiler: Found external profiler: VSPerf
[2017.04.26-06.09.39:943][  0]LogExternalProfiler: Using external profiler: VSPerf
[2017.04.26-06.09.40:303][  0]LogOcInput: OculusInput pre-init called
[2017.04.26-06.09.40:597][  0]LogContentStreaming: Texture pool size now 1000 MB
[2017.04.26-06.09.40:721][  0]LogSlate: Took 0.028584 seconds to synchronously load lazily loaded font '../../../Engine/Content/Slate/Fonts/Roboto-Regular.ttf' (155K)
[2017.04.26-06.09.40:776][  0]LogSlate: Took 0.039566 seconds to synchronously load lazily loaded font '../../../Engine/Content/Slate/Fonts/Roboto-Bold.ttf' (160K)
[2017.04.26-06.09.40:866][  0]LogSlate: Took 0.028904 seconds to synchronously load lazily loaded font '../../../Engine/Content/Editor/Slate/Fonts/FontAwesome.ttf' (139K)
[2017.04.26-06.09.43:890][  0]LogRenderer: Reallocating scene render targets to support 1208x576 NumSamples 1 (Frame:2).
[2017.04.26-06.09.45:185][  2]LogSlate: Took 0.263989 seconds to synchronously load lazily loaded font '../../../Engine/Content/Slate/Fonts/Roboto-Light.ttf' (159K)
[2017.04.26-06.09.46:278][  6]LogAssetRegistry: Asset discovery search completed in 143.3133 seconds
[2017.04.26-06.09.46:296][  6]LogCollectionManager: Rebuilt the object cache for 0 collections in 0.000017 seconds (found 0 objects)
[2017.04.26-06.09.46:296][  6]LogCollectionManager: Fixed up redirectors for 0 collections in 0.017619 seconds (updated 0 objects)
[2017.04.26-06.09.48:017][ 11]LogSlate: Took 0.000810 seconds to synchronously load lazily loaded font '../../../Engine/Content/Slate/Fonts/Roboto-Light.ttf' (159K)
