Log file open, 04/26/17 18:26:02
LogInit:Display: Running engine for game: Project433
LogPlatformFile: Not using cached read wrapper
LogInit:Display: RandInit(1026337617) SRandInit(1026337618).
LogTaskGraph: Started task graph with 5 named threads and 8 total threads with 1 sets of task threads.
LogStats: Stats thread started at 0.300082
LogInit: Using libcurl 7.47.1
LogInit:  - built for x86_64-pc-win32
LogInit:  - supports SSL with OpenSSL/1.0.2g
LogInit:  - supports HTTP deflate (compression) using libz 1.2.8
LogInit:  - other features:
LogInit:      CURL_VERSION_SSL
LogInit:      CURL_VERSION_LIBZ
LogInit:      CURL_VERSION_IPV6
LogInit:      CURL_VERSION_ASYNCHDNS
LogInit:      CURL_VERSION_LARGEFILE
LogInit:      CURL_VERSION_IDN
LogInit:  CurlRequestOptions (configurable via config and command line):
LogInit:  - bVerifyPeer = false  - Libcurl will NOT verify peer certificate
LogInit:  - bUseHttpProxy = false  - Libcurl will NOT use HTTP proxy
LogInit:  - bDontReuseConnections = false  - Libcurl will reuse connections
LogInit:  - CertBundlePath = nullptr  - Libcurl will use whatever was configured at build time.
LogInit: Build: ++UE4+Release-4.15-CL-3348071
LogInit: Engine Version: 4.15.1-3348071+++UE4+Release-4.15
LogInit: Compatible Engine Version: 4.15.0-3299760+++UE4+Release-4.15
LogInit: Net CL: 3299760
LogDevObjectVersion: Number of dev versions registered: 14
LogDevObjectVersion:   Dev-Blueprints (B0D832E4-1F89-4F0D-ACCF-7EB736FD4AA2): 8
LogDevObjectVersion:   Dev-Build (E1C64328-A22C-4D53-A36C-8E866417BD8C): 0
LogDevObjectVersion:   Dev-Core (375EC13C-06E4-48FB-B500-84F0262A717E): 2
LogDevObjectVersion:   Dev-Editor (E4B068ED-F494-42E9-A231-DA0B2E46BB41): 14
LogDevObjectVersion:   Dev-Framework (CFFC743F-43B0-4480-9391-14DF171D2073): 22
LogDevObjectVersion:   Dev-Mobile (B02B49B5-BB20-44E9-A304-32B752E40360): 0
LogDevObjectVersion:   Dev-Networking (A4E4105C-59A1-49B5-A7C5-40C4547EDFEE): 0
LogDevObjectVersion:   Dev-Online (39C831C9-5AE6-47DC-9A44-9C173E1C8E7C): 0
LogDevObjectVersion:   Dev-Physics (78F01B33-EBEA-4F98-B9B4-84EACCB95AA2): 0
LogDevObjectVersion:   Dev-Platform (6631380F-2D4D-43E0-8009-CF276956A95A): 0
LogDevObjectVersion:   Dev-Rendering (12F88B9F-8875-4AFC-A67C-D90C383ABD29): 12
LogDevObjectVersion:   Dev-Sequencer (7B5AE74C-D270-4C10-A958-57980B212A5A): 3
LogDevObjectVersion:   Dev-VR (D7296918-1DD6-4BDD-9DE2-64A83CC13884): 0
LogDevObjectVersion:   Dev-LoadTimes (C2A15278-BFE7-4AFE-6C17-90FF531DF755): 1
LogInit: Compiled (64-bit): Mar 15 2017 16:52:47
LogInit: Compiled with Visual C++: 19.00.23026.00
LogInit: Build Configuration: Development
LogInit: Branch Name: ++UE4+Release-4.15
LogInit: Command line:  
LogInit: Base directory: C:/Program Files/Epic Games/UE_4.15/Engine/Binaries/Win64/
LogInit: Installed Engine Build: 1
LogInit: Presizing for max 8388607 objects, including 0 objects not considered by GC, pre-allocating 0 bytes for permanent pool.
LogInit: Object subsystem initialized
[2017.04.27-01.26.03:393][  0]LogInit: Selected Device Profile: [Windows]
[2017.04.27-01.26.03:393][  0]LogInit: Applying CVar settings loaded from the selected device profile: [Windows]
[2017.04.27-01.26.03:652][  0]LogInit: Computer: BEN
[2017.04.27-01.26.03:652][  0]LogInit: User: Ben
[2017.04.27-01.26.03:652][  0]LogInit: CPU Page size=65536, Cores=4
[2017.04.27-01.26.03:652][  0]LogInit: High frequency timer resolution =2.435775 MHz
[2017.04.27-01.26.03:653][  0]LogMemory: Memory total: Physical=7.9GB (8GB approx)
[2017.04.27-01.26.03:653][  0]LogMemory: Platform Memory Stats for Windows
[2017.04.27-01.26.03:653][  0]LogMemory: Process Physical Memory: 262.73 MB used, 262.73 MB peak
[2017.04.27-01.26.03:653][  0]LogMemory: Process Virtual Memory: 262.74 MB used, 262.74 MB peak
[2017.04.27-01.26.03:653][  0]LogMemory: Physical Memory: 4868.06 MB used,  3206.79 MB free, 8074.85 MB total
[2017.04.27-01.26.03:653][  0]LogMemory: Virtual Memory: 645.11 MB used,  3206.79 MB free, 134217728.00 MB total
[2017.04.27-01.26.05:658][  0]LogTextLocalizationManager: No specific translations for ('en-US') exist, so ('en') translations will be used.
[2017.04.27-01.26.20:013][  0]LogD3D11RHI: D3D11 adapters:
[2017.04.27-01.26.20:310][  0]LogD3D11RHI:    0. 'NVIDIA GeForce GTX 860M' (Feature Level 11_0)
[2017.04.27-01.26.20:310][  0]LogD3D11RHI:       2018/0/4037 MB DedicatedVideo/DedicatedSystem/SharedSystem, Outputs:1, VendorId:0x10de
[2017.04.27-01.26.20:329][  0]LogD3D11RHI:    1. 'Intel(R) HD Graphics 4600' (Feature Level 11_0)
[2017.04.27-01.26.20:329][  0]LogD3D11RHI:       112/0/2048 MB DedicatedVideo/DedicatedSystem/SharedSystem, Outputs:0, VendorId:0x8086
[2017.04.27-01.26.20:332][  0]LogD3D11RHI:    2. 'Microsoft Basic Render Driver' (Feature Level 11_0)
[2017.04.27-01.26.20:332][  0]LogD3D11RHI:       0/0/4037 MB DedicatedVideo/DedicatedSystem/SharedSystem, Outputs:0, VendorId:0x1414
[2017.04.27-01.26.20:332][  0]LogD3D11RHI: Chosen D3D11 Adapter: 0
[2017.04.27-01.26.20:348][  0]LogD3D11RHI: Creating new Direct3DDevice
[2017.04.27-01.26.20:348][  0]LogD3D11RHI:     GPU DeviceId: 0x1392 (for the marketing name, search the web for "GPU Device Id")
[2017.04.27-01.26.20:348][  0]LogWindows: EnumDisplayDevices:
[2017.04.27-01.26.20:348][  0]LogWindows:    0. 'Intel(R) HD Graphics 4600' (P:1 D:1)
[2017.04.27-01.26.20:349][  0]LogWindows:    1. 'Intel(R) HD Graphics 4600' (P:0 D:0)
[2017.04.27-01.26.20:349][  0]LogWindows:    2. 'Intel(R) HD Graphics 4600' (P:0 D:0)
[2017.04.27-01.26.20:349][  0]LogWindows: DebugString: PrimaryIsNotTheChoosenAdapter PrimaryIsNotTheChoosenAdapter PrimaryIsNotTheChoosenAdapter FoundDriverCount:0 
[2017.04.27-01.26.20:349][  0]LogD3D11RHI:     Adapter Name: NVIDIA GeForce GTX 860M
[2017.04.27-01.26.20:349][  0]LogD3D11RHI:   Driver Version: Unknown (internal:Unknown, unified:Unknown)
[2017.04.27-01.26.20:349][  0]LogD3D11RHI:      Driver Date: Unknown
[2017.04.27-01.26.20:350][  0]LogRHI: Texture pool is 1361 MB (70% of 1945 MB)
[2017.04.27-01.26.20:383][  0]LogD3D11RHI: Async texture creation enabled
[2017.04.27-01.26.20:404][  0]LogD3D11RHI: GPU Timing Frequency: 1000.000000 (Debug: 2 1)
[2017.04.27-01.26.20:405][  0]LogShaderCompilers: Guid format shader working directory is -28 characters bigger than the processId version (../../../../../../Users/Ben/Documents/Unreal Projects/CSC433TeamProject/Intermediate/Shaders/WorkingDirectory/12872/).
[2017.04.27-01.26.20:406][  0]LogShaderCompilers: Cleaned the shader compiler working directory 'C:/Users/Ben/AppData/Local/Temp/UnrealShaderWorkingDir/60E236924B9E9033B1C0DDA984F38CE9/'.
[2017.04.27-01.26.20:406][  0]LogShaderCompilers:Display: Using Local Shader Compiler.
[2017.04.27-01.26.45:843][  0]LogTemp:Display: Loaded TP AllDesktopTargetPlatform
[2017.04.27-01.26.46:012][  0]LogTemp:Display: Loaded TP MacClientTargetPlatform
[2017.04.27-01.26.46:111][  0]LogTemp:Display: Loaded TP MacNoEditorTargetPlatform
[2017.04.27-01.26.46:235][  0]LogTemp:Display: Loaded TP MacServerTargetPlatform
[2017.04.27-01.26.46:340][  0]LogTemp:Display: Loaded TP MacTargetPlatform
[2017.04.27-01.26.46:405][  0]LogTemp:Display: Loaded TP WindowsClientTargetPlatform
[2017.04.27-01.26.46:498][  0]LogTemp:Display: Loaded TP WindowsNoEditorTargetPlatform
[2017.04.27-01.26.46:632][  0]LogTemp:Display: Loaded TP WindowsServerTargetPlatform
[2017.04.27-01.26.46:753][  0]LogTemp:Display: Loaded TP WindowsTargetPlatform
[2017.04.27-01.26.46:930][  0]LogTemp:Display: Loaded TP AndroidTargetPlatform
[2017.04.27-01.26.47:160][  0]LogTemp:Display: Loaded TP Android_ASTCTargetPlatform
[2017.04.27-01.26.47:340][  0]LogTemp:Display: Loaded TP Android_ATCTargetPlatform
[2017.04.27-01.26.47:494][  0]LogTemp:Display: Loaded TP Android_DXTTargetPlatform
[2017.04.27-01.26.47:573][  0]LogTemp:Display: Loaded TP Android_ETC1TargetPlatform
[2017.04.27-01.26.47:694][  0]LogTemp:Display: Loaded TP Android_ETC2TargetPlatform
[2017.04.27-01.26.47:936][  0]LogTemp:Display: Loaded TP Android_MultiTargetPlatform
[2017.04.27-01.26.47:936][  0]LogTemp:Display: Loaded TP Android_PVRTCTargetPlatform
[2017.04.27-01.26.48:001][  0]LogTemp:Display: Loaded TP HTML5TargetPlatform
[2017.04.27-01.26.48:767][  0]LogTemp:Display: Loaded TP IOSTargetPlatform
[2017.04.27-01.26.48:837][  0]LogTemp:Display: Loaded TP TVOSTargetPlatform
[2017.04.27-01.26.48:945][  0]LogTemp:Display: Loaded TP LinuxClientTargetPlatform
[2017.04.27-01.26.49:732][  0]LogTemp:Display: Loaded TP LinuxNoEditorTargetPlatform
[2017.04.27-01.26.49:915][  0]LogTemp:Display: Loaded TP LinuxServerTargetPlatform
[2017.04.27-01.26.50:142][  0]LogTemp:Display: Loaded TP LinuxTargetPlatform
[2017.04.27-01.26.50:142][  0]LogTargetPlatformManager:Display: Building Assets For Windows
[2017.04.27-01.26.53:660][  0]LogDerivedDataCache:Display: Max Cache Size: 512 MB
[2017.04.27-01.27.29:933][  0]LogDerivedDataCache: Loaded boot cache 36.27s 50MB C:/Users/Ben/AppData/Local/UnrealEngine/4.15/DerivedDataCache/Boot.ddc.
[2017.04.27-01.27.29:933][  0]LogDerivedDataCache:Display: Loaded Boot cache: C:/Users/Ben/AppData/Local/UnrealEngine/4.15/DerivedDataCache/Boot.ddc
[2017.04.27-01.27.29:933][  0]LogDerivedDataCache: FDerivedDataBackendGraph:  Pak pak cache file ../../../../../../Users/Ben/Documents/Unreal Projects/CSC433TeamProject/DerivedDataCache/DDC.ddp not found, will not use a pak cache.
[2017.04.27-01.27.29:933][  0]LogDerivedDataCache: Unable to find inner node Pak for hierarchical cache Hierarchy.
[2017.04.27-01.27.29:933][  0]LogDerivedDataCache: FDerivedDataBackendGraph:  CompressedPak pak cache file ../../../../../../Users/Ben/Documents/Unreal Projects/CSC433TeamProject/DerivedDataCache/Compressed.ddp not found, will not use a pak cache.
[2017.04.27-01.27.29:933][  0]LogDerivedDataCache: Unable to find inner node CompressedPak for hierarchical cache Hierarchy.
[2017.04.27-01.27.30:275][  0]LogDerivedDataCache:Display: Pak cache opened for reading ../../../Engine/DerivedDataCache/Compressed.ddp.
[2017.04.27-01.27.30:288][  0]LogDerivedDataCache: Using Local data cache path C:/Users/Ben/AppData/Local/UnrealEngine/Common/DerivedDataCache: Writable
[2017.04.27-01.27.31:340][  0]LogSlate: Using Freetype 2.6.0
[2017.04.27-01.27.31:767][  0]LogSlate: SlateFontCache - WITH_FREETYPE: 1, WITH_HARFBUZZ: 1
[2017.04.27-01.27.31:767][  0]LogSlate: SlateFontCache - WITH_FREETYPE: 1, WITH_HARFBUZZ: 1
[2017.04.27-01.28.24:571][  0]LogInit: Selected Device Profile: [Windows]
[2017.04.27-01.28.25:316][  0]LogContentStreaming: Texture pool size is 0.00 MB
[2017.04.27-01.28.28:386][  0]LogMeshUtilities: Using QuadricMeshReduction for automatic static mesh reduction
[2017.04.27-01.28.28:594][  0]LogSimplygon: Simplygon DLL not present - disabling.
[2017.04.27-01.28.28:700][  0]LogMeshUtilities: Using SimplygonSwarm for distributed automatic mesh merging
[2017.04.27-01.28.28:700][  0]LogMeshUtilities: No automatic skeletal mesh reduction module available
[2017.04.27-01.28.28:700][  0]LogMeshUtilities: No automatic mesh merging module available
[2017.04.27-01.28.50:830][  0]LogNetVersion: GetLocalNetworkVersion: CL: 3299760, ProjectName: project433, ProjectVersion: , EngineNetworkVersion: 2, GameNetworkVersion: 0, NetworkChecksum: 3701128711
[2017.04.27-01.28.51:295][  0]LogAssetRegistry: FAssetRegistry took 0.0217 seconds to start up
[2017.04.27-01.28.51:881][  0]LogPackageLocalizationCache: Processed 3 localized package path(s) for 2 prioritized culture(s) in 0.476869 seconds
[2017.04.27-01.28.52:077][  0]LogUObjectArray: 32493 objects as part of root set at end of initial load.
[2017.04.27-01.28.52:077][  0]LogUObjectAllocator: 7077024 out of 0 bytes used by permanent object pool.
[2017.04.27-01.28.52:077][  0]LogUObjectArray: CloseDisregardForGC: 0/0 objects in disregard for GC pool
[2017.04.27-01.28.52:370][  0]LogInit: WinSock: version 1.1 (2.2), MaxSocks=32767, MaxUdp=65467
[2017.04.27-01.30.20:408][  0]LogTcpMessaging: Initializing TcpMessaging bridge
[2017.04.27-01.30.20:485][  0]LogUdpMessaging: Initializing bridge on interface 0.0.0.0:0 to multicast group 230.0.0.1:6666.
[2017.04.27-01.30.24:329][  0]LogMaterial: Uniform references updated for custom material expression Custom.
[2017.04.27-01.30.28:587][  0]SourceControl: Info Source control is disabled
[2017.04.27-01.30.29:111][  0]SourceControl: Info Source control is disabled
[2017.04.27-01.30.29:325][  0]SourceControl: Info Source control is disabled
[2017.04.27-01.30.29:497][  0]SourceControl: Info Source control is disabled
[2017.04.27-01.30.35:795][  0]LogEngine: Initializing Engine...
[2017.04.27-01.30.35:801][  0]LogHMD: Failed to initialize OpenVR with code 110
[2017.04.27-01.30.38:881][  0]LogAIModule: Creating AISystem for world Untitled
[2017.04.27-01.30.40:376][  0]LogInit: XAudio2 using 'Speakers (Realtek High Definition Audio)' : 2 channels at 48 kHz using 32 bits per sample (channel mask 0x3)
[2017.04.27-01.30.40:442][  0]LogInit: FAudioDevice initialized.
[2017.04.27-01.30.40:494][  0]LogDerivedDataCache: Saved boot cache 0.05s 50MB C:/Users/Ben/AppData/Local/UnrealEngine/4.15/DerivedDataCache/Boot.ddc.
[2017.04.27-01.30.40:518][  0]LogInit: Texture streaming: Enabled
[2017.04.27-01.30.41:650][  0]LogEngineSessionManager: EngineSessionManager initialized
[2017.04.27-01.30.43:021][  0]LogInit: Transaction tracking system initialized
[2017.04.27-01.30.45:688][  0]BlueprintLog: New page: Editor Load
[2017.04.27-01.30.48:850][  0]LocalizationService: Info Localization service is disabled
[2017.04.27-01.30.51:339][  0]LogConsoleResponse:Display: 
[2017.04.27-01.30.57:500][  0]LogCook:Display: Max memory allowance for cook 16384mb min free memory 0mb
[2017.04.27-01.30.57:500][  0]LogCook:Display: Mobile HDR setting 1
[2017.04.27-01.30.58:625][  0]LogFileCache: Scanning file cache for directory 'C:/Users/Ben/Documents/Unreal Projects/CSC433TeamProject/Content/' took 0.04s
[2017.04.27-01.31.00:817][  0]SourceControl: Info Source control is disabled
[2017.04.27-01.31.00:817][  0]Cmd: MAP LOAD FILE="../../../../../../Users/Ben/Documents/Unreal Projects/CSC433TeamProject/Content/ThirdPersonBP/Maps/ThirdPersonExampleMap.umap" TEMPLATE=0 SHOWPROGRESS=1 FEATURELEVEL=3
[2017.04.27-01.31.00:887][  0]LightingResults: New page: Lighting Build
[2017.04.27-01.31.01:175][  0]MapCheck: New page: Map Check
[2017.04.27-01.31.01:175][  0]LightingResults: New page: Lighting Build
[2017.04.27-01.31.16:324][  0]LogAIModule: Creating AISystem for world ThirdPersonExampleMap
[2017.04.27-01.31.18:803][  0]LogEditorServer: Finished looking for orphan Actors (0.000 secs)
[2017.04.27-01.31.18:869][  0]Cmd: MAP CHECKDEP NOCLEARLOG
[2017.04.27-01.31.18:953][  0]MapCheck: Info Map check complete: 0 Error(s), 0 Warning(s), took 84.116ms to complete.
[2017.04.27-01.31.18:953][  0]LogFileHelpers: Loading map 'ThirdPersonExampleMap' took 18.136
[2017.04.27-01.31.19:053][  0]LogWindowsTextInputMethodSystem:Display: IME system now deactivated.
[2017.04.27-01.31.22:981][  0]LogCollectionManager: Loaded 0 collections in 0.007337 seconds
[2017.04.27-01.31.23:126][  0]LogFileCache: Scanning file cache for directory 'C:/Users/Ben/Documents/Unreal Projects/CSC433TeamProject/Saved/Collections/' took 0.01s
[2017.04.27-01.31.23:126][  0]LogFileCache: Scanning file cache for directory 'C:/Users/Ben/Documents/Unreal Projects/CSC433TeamProject/Content/Developers/Ben/Collections/' took 0.01s
[2017.04.27-01.31.23:126][  0]LogFileCache: Scanning file cache for directory 'C:/Users/Ben/Documents/Unreal Projects/CSC433TeamProject/Content/Collections/' took 0.01s
[2017.04.27-01.31.23:126][  0]LogCollectionManager: Rebuilt the GUID cache for 0 collections in 0.000002 seconds
[2017.04.27-01.31.23:137][  0]LogContentBrowser: Native class hierarchy populated in 0.0108 seconds. Added 2245 classes and 453 folders.
[2017.04.27-01.31.23:140][  0]LogStats: UGameplayTagsManager::ConstructGameplayTagTree: Construct from data asset -  0.000 s
[2017.04.27-01.31.23:140][  0]LogStats: UGameplayTagsManager::ConstructGameplayTagTree: GameplayTagTreeChangedEvent.Broadcast -  0.000 s
[2017.04.27-01.31.23:199][  0]LogContentBrowser: Native class hierarchy updated for 'WidgetCarousel' in 0.0005 seconds. Added 0 classes and 0 folders.
[2017.04.27-01.31.33:824][  0]LogContentBrowser: Native class hierarchy updated for 'AddContentDialog' in 0.0019 seconds. Added 0 classes and 0 folders.
[2017.04.27-01.31.33:913][  0]LogContentBrowser: Native class hierarchy updated for 'SceneOutliner' in 0.0005 seconds. Added 1 classes and 2 folders.
[2017.04.27-01.31.34:341][  0]LogCrashTracker: Crashtracker disabled due to settings.
[2017.04.27-01.31.34:825][  0]LogUObjectGlobals:Warning: Failed to find object 'Class None.'
[2017.04.27-01.31.34:971][  0]LogContentBrowser: Native class hierarchy updated for 'HierarchicalLODOutliner' in 0.0008 seconds. Added 1 classes and 2 folders.
[2017.04.27-01.31.34:972][  0]LogLoad: (Engine Initialization) Total time: 342.01 seconds
[2017.04.27-01.31.34:972][  0]LogLoad: (Engine Initialization) Total Blueprint compile time: 1.45 seconds
[2017.04.27-01.31.34:972][  0]LogExternalProfiler: Found external profiler: VSPerf
[2017.04.27-01.31.34:972][  0]LogExternalProfiler: Using external profiler: VSPerf
[2017.04.27-01.31.35:071][  0]LogOcInput: OculusInput pre-init called
[2017.04.27-01.31.35:508][  0]LogContentStreaming: Texture pool size now 1000 MB
[2017.04.27-01.31.35:726][  0]LogSlate: Took 0.051074 seconds to synchronously load lazily loaded font '../../../Engine/Content/Slate/Fonts/Roboto-Regular.ttf' (155K)
[2017.04.27-01.31.35:761][  0]LogSlate: Took 0.028618 seconds to synchronously load lazily loaded font '../../../Engine/Content/Slate/Fonts/Roboto-Bold.ttf' (160K)
[2017.04.27-01.31.38:319][  0]LogSlate: Took 2.458768 seconds to synchronously load lazily loaded font '../../../Engine/Content/Editor/Slate/Fonts/FontAwesome.ttf' (139K)
[2017.04.27-01.31.47:220][  0]LogRenderer: Reallocating scene render targets to support 1208x576 NumSamples 1 (Frame:2).
[2017.04.27-01.31.47:220][  0]LogSlate: Took 1.073568 seconds to synchronously load lazily loaded font '../../../Engine/Content/Slate/Fonts/Roboto-Light.ttf' (159K)
[2017.04.27-01.31.51:650][  2]LogAssetRegistry: Asset discovery search completed in 180.3771 seconds
[2017.04.27-01.31.51:650][  2]LogCollectionManager: Rebuilt the object cache for 0 collections in 0.000008 seconds (found 0 objects)
[2017.04.27-01.31.51:650][  2]LogCollectionManager: Fixed up redirectors for 0 collections in 0.000028 seconds (updated 0 objects)
[2017.04.27-01.32.02:524][372]Cmd: MAP LOAD FILE="../../../../../../Users/Ben/Documents/Unreal Projects/CSC433TeamProject/Content/FirstPersonCPP/Maps/FirstPersonExampleMap.umap" TEMPLATE=0 SHOWPROGRESS=1 FEATURELEVEL=3
[2017.04.27-01.32.02:537][372]LogSlate: Took 0.000436 seconds to synchronously load lazily loaded font '../../../Engine/Content/Slate/Fonts/Roboto-Light.ttf' (159K)
[2017.04.27-01.32.02:558][372]LightingResults: New page: Lighting Build
[2017.04.27-01.32.02:562][372]LoadErrors: New page: Loading map: FirstPersonExampleMap.umap
[2017.04.27-01.32.02:664][372]MapCheck: New page: Map Check
[2017.04.27-01.32.02:664][372]LightingResults: New page: Lighting Build
[2017.04.27-01.32.04:711][372]LogSlate: Took 0.000501 seconds to synchronously load lazily loaded font '../../../Engine/Content/Slate/Fonts/Roboto-Regular.ttf' (155K)
[2017.04.27-01.32.29:732][372]LogStaticMesh:Warning: Rebuilding hierarchical instanced mesh component, please resave map FoliageInstancedStaticMeshComponent /Game/FirstPersonCPP/Maps/FirstPersonExampleMap.FirstPersonExampleMap:PersistentLevel.InstancedFoliageActor_0.FoliageInstancedStaticMeshComponent_0.
[2017.04.27-01.32.30:997][372]LogAIModule: Creating AISystem for world FirstPersonExampleMap
[2017.04.27-01.33.07:033][372]LogEditorServer: Finished looking for orphan Actors (0.000 secs)
[2017.04.27-01.33.08:434][372]Cmd: MAP CHECKDEP NOCLEARLOG
[2017.04.27-01.33.08:528][372]MapCheck: Info Map check complete: 0 Error(s), 0 Warning(s), took 93.603ms to complete.
[2017.04.27-01.33.08:528][372]LogFileHelpers: Loading map 'FirstPersonExampleMap' took 66.007
[2017.04.27-01.33.15:304][525]MapCheck: New page: Map Check
[2017.04.27-01.33.28:309][525]Cmd: MAP REBUILD ALLVISIBLE
[2017.04.27-01.33.28:381][525]LogEditorServer: Rebuildmap Clear paths rebuilt
[2017.04.27-01.33.49:621][525]LogMaterial: Missing cached shader map for material FDebugViewModeMaterialProxy WorldGridMaterial, compiling. Is special engine material.
[2017.04.27-01.33.49:757][525]LogTemp:Display: Added material ShaderMap 0x000001D102FBFC80 with Material 0x000001D14F45A500 to ShaderMapsBeingCompiled
[2017.04.27-01.33.49:788][525]LogTemp:Display: Kicking off shader compilation for FDebugViewModeMaterialProxy WorldGridMaterial, GameThreadShaderMap 0x000001D102FBFC80
[2017.04.27-01.33.49:833][525]LogMaterial: Missing cached shader map for material FDebugViewModeMaterialProxy M_TableRound, compiling. 
[2017.04.27-01.33.49:837][525]LogTemp:Display: Added material ShaderMap 0x000001D102FBF580 with Material 0x000001D1335FAB00 to ShaderMapsBeingCompiled
[2017.04.27-01.33.49:844][525]LogTemp:Display: Kicking off shader compilation for FDebugViewModeMaterialProxy M_TableRound, GameThreadShaderMap 0x000001D102FBF580
[2017.04.27-01.33.49:850][525]LogMaterial: Missing cached shader map for material FDebugViewModeMaterialProxy MaterialInstanceDynamic_1, compiling. 
[2017.04.27-01.33.49:852][525]LogTemp:Display: Added material ShaderMap 0x000001D102FBE780 with Material 0x000001D1335F8100 to ShaderMapsBeingCompiled
[2017.04.27-01.33.49:855][525]LogTemp:Display: Kicking off shader compilation for FDebugViewModeMaterialProxy MaterialInstanceDynamic_1, GameThreadShaderMap 0x000001D102FBE780
[2017.04.27-01.33.49:907][525]LogMaterial: Missing cached shader map for material FDebugViewModeMaterialProxy M_Wood_Floor_Walnut_Polished, compiling. 
[2017.04.27-01.33.49:911][525]LogTemp:Display: Added material ShaderMap 0x000001D102FBDD00 with Material 0x000001D13327C100 to ShaderMapsBeingCompiled
[2017.04.27-01.33.49:918][525]LogTemp:Display: Kicking off shader compilation for FDebugViewModeMaterialProxy M_Wood_Floor_Walnut_Polished, GameThreadShaderMap 0x000001D102FBDD00
[2017.04.27-01.33.49:929][525]LogMaterial: Missing cached shader map for material FDebugViewModeMaterialProxy M_CobbleStone_Smooth, compiling. 
[2017.04.27-01.33.49:942][525]LogTemp:Display: Added material ShaderMap 0x000001D102FBD280 with Material 0x000001D13327CD00 to ShaderMapsBeingCompiled
[2017.04.27-01.33.49:946][525]LogTemp:Display: Kicking off shader compilation for FDebugViewModeMaterialProxy M_CobbleStone_Smooth, GameThreadShaderMap 0x000001D102FBD280
[2017.04.27-01.33.50:012][525]LogMaterial: Missing cached shader map for material FDebugViewModeMaterialProxy CubeMaterialOverride, compiling. 
[2017.04.27-01.33.50:013][525]LogTemp:Display: Added material ShaderMap 0x000001D1332D7C80 with Material 0x000001D13327FA00 to ShaderMapsBeingCompiled
[2017.04.27-01.33.50:016][525]LogTemp:Display: Kicking off shader compilation for FDebugViewModeMaterialProxy CubeMaterialOverride, GameThreadShaderMap 0x000001D1332D7C80
[2017.04.27-01.33.50:019][525]LogMaterial: Missing cached shader map for material FDebugViewModeMaterialProxy LandscapeGizmo_Mat, compiling. 
[2017.04.27-01.33.50:029][525]LogTemp:Display: Added material ShaderMap 0x000001D1332D7200 with Material 0x000001D143A9B700 to ShaderMapsBeingCompiled
[2017.04.27-01.33.50:032][525]LogTemp:Display: Kicking off shader compilation for FDebugViewModeMaterialProxy LandscapeGizmo_Mat, GameThreadShaderMap 0x000001D1332D7200
[2017.04.27-01.33.50:186][525]LogMaterial: Missing cached shader map for material FDebugViewModeMaterialProxy M_CobbleStone_Rough, compiling. 
[2017.04.27-01.33.50:198][525]LogTemp:Display: Added material ShaderMap 0x000001D1332D6780 with Material 0x000001D143A98400 to ShaderMapsBeingCompiled
[2017.04.27-01.33.50:206][525]LogTemp:Display: Kicking off shader compilation for FDebugViewModeMaterialProxy M_CobbleStone_Rough, GameThreadShaderMap 0x000001D1332D6780
[2017.04.27-01.33.50:392][525]LogMaterial: Missing cached shader map for material FDebugViewModeMaterialProxy star, compiling. 
[2017.04.27-01.33.50:393][525]LogTemp:Display: Added material ShaderMap 0x000001D1335D7580 with Material 0x000001D14F44AB00 to ShaderMapsBeingCompiled
[2017.04.27-01.33.50:396][525]LogTemp:Display: Kicking off shader compilation for FDebugViewModeMaterialProxy star, GameThreadShaderMap 0x000001D1335D7580
[2017.04.27-01.33.50:400][525]LogMaterial: Missing cached shader map for material FDebugViewModeMaterialProxy M_Metal_Gold, compiling. 
[2017.04.27-01.33.50:401][525]LogTemp:Display: Added material ShaderMap 0x000001D1335D6E80 with Material 0x000001D14F44A800 to ShaderMapsBeingCompiled
[2017.04.27-01.33.50:404][525]LogTemp:Display: Kicking off shader compilation for FDebugViewModeMaterialProxy M_Metal_Gold, GameThreadShaderMap 0x000001D1335D6E80
[2017.04.27-01.33.50:407][525]LogMaterial: Missing cached shader map for material FDebugViewModeMaterialProxy wire_088088225_001, compiling. 
[2017.04.27-01.33.50:408][525]LogTemp:Display: Added material ShaderMap 0x000001D14E6C8480 with Material 0x000001D14F44AE00 to ShaderMapsBeingCompiled
[2017.04.27-01.33.50:411][525]LogTemp:Display: Kicking off shader compilation for FDebugViewModeMaterialProxy wire_088088225_001, GameThreadShaderMap 0x000001D14E6C8480
[2017.04.27-01.33.50:415][525]LogMaterial: Missing cached shader map for material FDebugViewModeMaterialProxy M_Brick_Hewn_Stone, compiling. 
[2017.04.27-01.33.50:417][525]LogTemp:Display: Added material ShaderMap 0x000001D14E6C9980 with Material 0x000001D14F44B400 to ShaderMapsBeingCompiled
[2017.04.27-01.33.50:420][525]LogTemp:Display: Kicking off shader compilation for FDebugViewModeMaterialProxy M_Brick_Hewn_Stone, GameThreadShaderMap 0x000001D14E6C9980
[2017.04.27-01.33.50:424][525]LogMaterial: Missing cached shader map for material FDebugViewModeMaterialProxy mesh0043mat, compiling. 
[2017.04.27-01.33.50:425][525]LogTemp:Display: Added material ShaderMap 0x000001D1334C6400 with Material 0x000001D147823A00 to ShaderMapsBeingCompiled
[2017.04.27-01.33.50:428][525]LogTemp:Display: Kicking off shader compilation for FDebugViewModeMaterialProxy mesh0043mat, GameThreadShaderMap 0x000001D1334C6400
[2017.04.27-01.33.50:432][525]LogMaterial: Missing cached shader map for material FDebugViewModeMaterialProxy Material_056, compiling. 
[2017.04.27-01.33.50:433][525]LogTemp:Display: Added material ShaderMap 0x000001D1334C5980 with Material 0x000001D147823100 to ShaderMapsBeingCompiled
[2017.04.27-01.33.50:436][525]LogTemp:Display: Kicking off shader compilation for FDebugViewModeMaterialProxy Material_056, GameThreadShaderMap 0x000001D1334C5980
[2017.04.27-01.33.50:439][525]LogMaterial: Missing cached shader map for material FDebugViewModeMaterialProxy Material_087_goomba_grp_png, compiling. 
[2017.04.27-01.33.50:440][525]LogTemp:Display: Added material ShaderMap 0x000001D1334C4F00 with Material 0x000001D145A03400 to ShaderMapsBeingCompiled
[2017.04.27-01.33.50:442][525]LogTemp:Display: Kicking off shader compilation for FDebugViewModeMaterialProxy Material_087_goomba_grp_png, GameThreadShaderMap 0x000001D1334C4F00
[2017.04.27-01.33.50:446][525]LogMaterial: Missing cached shader map for material FDebugViewModeMaterialProxy Material_054_goomba_grp_png, compiling. 
[2017.04.27-01.33.50:447][525]LogTemp:Display: Added material ShaderMap 0x000001D1334C4480 with Material 0x000001D145A01F00 to ShaderMapsBeingCompiled
[2017.04.27-01.33.50:449][525]LogTemp:Display: Kicking off shader compilation for FDebugViewModeMaterialProxy Material_054_goomba_grp_png, GameThreadShaderMap 0x000001D1334C4480
[2017.04.27-01.33.50:452][525]LogMaterial: Missing cached shader map for material FDebugViewModeMaterialProxy Material_055, compiling. 
[2017.04.27-01.33.50:453][525]LogTemp:Display: Added material ShaderMap 0x000001D147B7AB00 with Material 0x000001D145A01900 to ShaderMapsBeingCompiled
[2017.04.27-01.33.50:455][525]LogTemp:Display: Kicking off shader compilation for FDebugViewModeMaterialProxy Material_055, GameThreadShaderMap 0x000001D147B7AB00
[2017.04.27-01.33.51:232][525]LogTemp:Display: Finished compile of shader map 0x000001D102FBFC80
[2017.04.27-01.33.51:232][525]LogTemp:Display: Shader map FDebugViewModeMaterialProxy WorldGridMaterial complete, GameThreadShaderMap 0x000001D102FBFC80, marking material FDebugViewModeMaterialProxy WorldGridMaterial as finished
[2017.04.27-01.33.51:232][525]LogTemp:Display: Marking material as finished 0x000001D14F45A500
[2017.04.27-01.33.51:237][525]LogTemp:Display: Finished compile of shader map 0x000001D102FBF580
[2017.04.27-01.33.51:237][525]LogTemp:Display: Shader map FDebugViewModeMaterialProxy M_TableRound complete, GameThreadShaderMap 0x000001D102FBF580, marking material FDebugViewModeMaterialProxy M_TableRound as finished
[2017.04.27-01.33.51:237][525]LogTemp:Display: Marking material as finished 0x000001D1335FAB00
[2017.04.27-01.33.51:240][525]LogTemp:Display: Finished compile of shader map 0x000001D102FBDD00
[2017.04.27-01.33.51:241][525]LogTemp:Display: Shader map FDebugViewModeMaterialProxy M_Wood_Floor_Walnut_Polished complete, GameThreadShaderMap 0x000001D102FBDD00, marking material FDebugViewModeMaterialProxy M_Wood_Floor_Walnut_Polished as finished
[2017.04.27-01.33.51:241][525]LogTemp:Display: Marking material as finished 0x000001D13327C100
[2017.04.27-01.33.51:291][525]LogTemp:Display: Finished compile of shader map 0x000001D102FBE780
[2017.04.27-01.33.51:291][525]LogTemp:Display: Shader map FDebugViewModeMaterialProxy MaterialInstanceDynamic_1 complete, GameThreadShaderMap 0x000001D102FBE780, marking material FDebugViewModeMaterialProxy MaterialInstanceDynamic_1 as finished
[2017.04.27-01.33.51:291][525]LogTemp:Display: Marking material as finished 0x000001D1335F8100
[2017.04.27-01.33.51:379][525]LogTemp:Display: Finished compile of shader map 0x000001D1332D7200
[2017.04.27-01.33.51:379][525]LogTemp:Display: Shader map FDebugViewModeMaterialProxy LandscapeGizmo_Mat complete, GameThreadShaderMap 0x000001D1332D7200, marking material FDebugViewModeMaterialProxy LandscapeGizmo_Mat as finished
[2017.04.27-01.33.51:379][525]LogTemp:Display: Marking material as finished 0x000001D143A9B700
[2017.04.27-01.33.51:380][525]LogTemp:Display: Finished compile of shader map 0x000001D1332D7C80
[2017.04.27-01.33.51:381][525]LogTemp:Display: Shader map FDebugViewModeMaterialProxy CubeMaterialOverride complete, GameThreadShaderMap 0x000001D1332D7C80, marking material FDebugViewModeMaterialProxy CubeMaterialOverride as finished
[2017.04.27-01.33.51:381][525]LogTemp:Display: Marking material as finished 0x000001D13327FA00
[2017.04.27-01.33.51:565][525]LogTemp:Display: Finished compile of shader map 0x000001D1335D7580
[2017.04.27-01.33.51:565][525]LogTemp:Display: Shader map FDebugViewModeMaterialProxy star complete, GameThreadShaderMap 0x000001D1335D7580, marking material FDebugViewModeMaterialProxy star as finished
[2017.04.27-01.33.51:565][525]LogTemp:Display: Marking material as finished 0x000001D14F44AB00
[2017.04.27-01.33.51:676][525]LogTemp:Display: Finished compile of shader map 0x000001D1335D6E80
[2017.04.27-01.33.51:676][525]LogTemp:Display: Shader map FDebugViewModeMaterialProxy M_Metal_Gold complete, GameThreadShaderMap 0x000001D1335D6E80, marking material FDebugViewModeMaterialProxy M_Metal_Gold as finished
[2017.04.27-01.33.51:676][525]LogTemp:Display: Marking material as finished 0x000001D14F44A800
[2017.04.27-01.33.51:733][525]LogTemp:Display: Finished compile of shader map 0x000001D14E6C8480
[2017.04.27-01.33.51:733][525]LogTemp:Display: Shader map FDebugViewModeMaterialProxy wire_088088225_001 complete, GameThreadShaderMap 0x000001D14E6C8480, marking material FDebugViewModeMaterialProxy wire_088088225_001 as finished
[2017.04.27-01.33.51:733][525]LogTemp:Display: Marking material as finished 0x000001D14F44AE00
[2017.04.27-01.33.51:901][525]LogTemp:Display: Finished compile of shader map 0x000001D1334C6400
[2017.04.27-01.33.51:901][525]LogTemp:Display: Shader map FDebugViewModeMaterialProxy mesh0043mat complete, GameThreadShaderMap 0x000001D1334C6400, marking material FDebugViewModeMaterialProxy mesh0043mat as finished
[2017.04.27-01.33.51:901][525]LogTemp:Display: Marking material as finished 0x000001D147823A00
[2017.04.27-01.33.52:036][525]LogTemp:Display: Finished compile of shader map 0x000001D1334C5980
[2017.04.27-01.33.52:036][525]LogTemp:Display: Shader map FDebugViewModeMaterialProxy Material_056 complete, GameThreadShaderMap 0x000001D1334C5980, marking material FDebugViewModeMaterialProxy Material_056 as finished
[2017.04.27-01.33.52:036][525]LogTemp:Display: Marking material as finished 0x000001D147823100
[2017.04.27-01.33.52:050][525]LogTemp:Display: Finished compile of shader map 0x000001D14E6C9980
[2017.04.27-01.33.52:050][525]LogTemp:Display: Shader map FDebugViewModeMaterialProxy M_Brick_Hewn_Stone complete, GameThreadShaderMap 0x000001D14E6C9980, marking material FDebugViewModeMaterialProxy M_Brick_Hewn_Stone as finished
[2017.04.27-01.33.52:050][525]LogTemp:Display: Marking material as finished 0x000001D14F44B400
[2017.04.27-01.33.52:182][525]LogTemp:Display: Finished compile of shader map 0x000001D1334C4F00
[2017.04.27-01.33.52:182][525]LogTemp:Display: Shader map FDebugViewModeMaterialProxy Material_087_goomba_grp_png complete, GameThreadShaderMap 0x000001D1334C4F00, marking material FDebugViewModeMaterialProxy Material_087_goomba_grp_png as finished
[2017.04.27-01.33.52:182][525]LogTemp:Display: Marking material as finished 0x000001D145A03400
[2017.04.27-01.33.52:195][525]LogTemp:Display: Finished compile of shader map 0x000001D1334C4480
[2017.04.27-01.33.52:195][525]LogTemp:Display: Shader map FDebugViewModeMaterialProxy Material_054_goomba_grp_png complete, GameThreadShaderMap 0x000001D1334C4480, marking material FDebugViewModeMaterialProxy Material_054_goomba_grp_png as finished
[2017.04.27-01.33.52:195][525]LogTemp:Display: Marking material as finished 0x000001D145A01F00
[2017.04.27-01.33.52:304][525]LogTemp:Display: Finished compile of shader map 0x000001D147B7AB00
[2017.04.27-01.33.52:304][525]LogTemp:Display: Shader map FDebugViewModeMaterialProxy Material_055 complete, GameThreadShaderMap 0x000001D147B7AB00, marking material FDebugViewModeMaterialProxy Material_055 as finished
[2017.04.27-01.33.52:304][525]LogTemp:Display: Marking material as finished 0x000001D145A01900
[2017.04.27-01.33.52:877][525]LogTemp:Display: Finished compile of shader map 0x000001D1332D6780
[2017.04.27-01.33.52:877][525]LogTemp:Display: Shader map FDebugViewModeMaterialProxy M_CobbleStone_Rough complete, GameThreadShaderMap 0x000001D1332D6780, marking material FDebugViewModeMaterialProxy M_CobbleStone_Rough as finished
[2017.04.27-01.33.52:877][525]LogTemp:Display: Marking material as finished 0x000001D143A98400
[2017.04.27-01.33.53:154][525]LogTemp:Display: Finished compile of shader map 0x000001D102FBD280
[2017.04.27-01.33.53:154][525]LogTemp:Display: Shader map FDebugViewModeMaterialProxy M_CobbleStone_Smooth complete, GameThreadShaderMap 0x000001D102FBD280, marking material FDebugViewModeMaterialProxy M_CobbleStone_Smooth as finished
[2017.04.27-01.33.53:154][525]LogTemp:Display: Marking material as finished 0x000001D13327CD00
[2017.04.27-01.33.53:156][525]TextureStreamingBuild:Display: Compiling optional shaders took 3.578 seconds.
[2017.04.27-01.33.53:399][525]LogLevel:Display: Export Material TexCoord Scales took 0.243 seconds.
[2017.04.27-01.33.53:749][525]TextureStreamingBuild:Display: Build Texture Streaming took 0.302 seconds.
[2017.04.27-01.33.53:870][525]LightingResults: New page: Lighting Build - Apr 26, 2017, 11:33:53 AM
[2017.04.27-01.33.55:699][525]LogSwarmInterface: [OpenConnection] Registering TCP channel ...
[2017.04.27-01.33.56:810][525]LogSwarmInterface: [OpenConnection] Connecting to agent ...
[2017.04.27-01.33.57:590][525]LogSwarmInterface: [TryOpenConnection] Testing the Agent
[2017.04.27-01.34.02:106][525]LogSwarmInterface:Error: [TryOpenConnection] Waiting for the agent to start up ...
[2017.04.27-01.34.02:535][525]LogSwarmInterface:Error: System.Net.Sockets.SocketException (0x80004005): No connection could be made because the target machine actively refused it 127.0.0.1:8008

Server stack trace: 
   at System.Net.Sockets.Socket.DoConnect(EndPoint endPointSnapshot, SocketAddress socketAddress)
   at System.Net.Sockets.Socket.Connect(EndPoint remoteEP)
   at System.Runtime.Remoting.Channels.RemoteConnection.CreateNewSocket(EndPoint ipEndPoint)
   at System.Runtime.Remoting.Channels.SocketCache.GetSocket(String machinePortAndSid, Boolean openNew)
   at System.Runtime.Remoting.Channels.Tcp.TcpClientTransportSink.SendRequestWithRetry(IMessage msg, ITransportHeaders requestHeaders, Stream requestStream)
   at System.Runtime.Remoting.Channels.Tcp.TcpClientTransportSink.AsyncProcessRequest(IClientChannelSinkStack sinkStack, IMessage msg, ITransportHeaders headers, Stream stream)
   at System.Runtime.Remoting.Channels.BinaryClientFormatterSink.AsyncProcessMessage(IMessage msg, IMessageSink replySink)

Exception rethrown at [0]: 
   at System.Runtime.Remoting.Proxies.RealProxy.HandleReturnMessage(IMessage reqMsg, IMessage retMsg)
   at System.Runtime.Remoting.Proxies.RealProxy.PrivateInvoke(MessageData& msgData, Int32 type)
   at NSwarm.IAgentInterfaceWrapper.MethodDelegate.EndInvoke(Hashtable& OutParameters, IAsyncResult result)
   at NSwarm.FSwarmInterface.TryOpenConnection(FConnectionCallback CallbackFunc, IntPtr CallbackData, ELogFlags LoggingFlags)
[2017.04.27-01.34.09:539][525]LogSwarmInterface:Error: [TryOpenConnection] Waiting for the agent to start up ...
[2017.04.27-01.34.09:539][525]LogSwarmInterface:Error: System.Net.Sockets.SocketException (0x80004005): No connection could be made because the target machine actively refused it 127.0.0.1:8008

Server stack trace: 
   at System.Net.Sockets.Socket.DoConnect(EndPoint endPointSnapshot, SocketAddress socketAddress)
   at System.Net.Sockets.Socket.Connect(EndPoint remoteEP)
   at System.Runtime.Remoting.Channels.RemoteConnection.CreateNewSocket(EndPoint ipEndPoint)
   at System.Runtime.Remoting.Channels.SocketCache.GetSocket(String machinePortAndSid, Boolean openNew)
   at System.Runtime.Remoting.Channels.Tcp.TcpClientTransportSink.SendRequestWithRetry(IMessage msg, ITransportHeaders requestHeaders, Stream requestStream)
   at System.Runtime.Remoting.Channels.Tcp.TcpClientTransportSink.AsyncProcessRequest(IClientChannelSinkStack sinkStack, IMessage msg, ITransportHeaders headers, Stream stream)
   at System.Runtime.Remoting.Channels.BinaryClientFormatterSink.AsyncProcessMessage(IMessage msg, IMessageSink replySink)

Exception rethrown at [0]: 
   at System.Runtime.Remoting.Proxies.RealProxy.HandleReturnMessage(IMessage reqMsg, IMessage retMsg)
   at System.Runtime.Remoting.Proxies.RealProxy.PrivateInvoke(MessageData& msgData, Int32 type)
   at NSwarm.IAgentInterfaceWrapper.MethodDelegate.EndInvoke(Hashtable& OutParameters, IAsyncResult result)
   at NSwarm.FSwarmInterface.TryOpenConnection(FConnectionCallback CallbackFunc, IntPtr CallbackData, ELogFlags LoggingFlags)
[2017.04.27-01.34.20:353][525]LogSwarmInterface: [TryOpenConnection] Opening Connection to Agent
[2017.04.27-01.34.20:353][525]LogSwarmInterface: [TryOpenConnection] Local Process ID is 12872
[2017.04.27-01.34.37:472][525]LogStaticLightingSystem: Running Lightmass w/ ImmediateImport mode ENABLED
[2017.04.27-01.34.37:472][525]LogStaticLightingSystem: Running Lightmass w/ ImmediateProcess mode ENABLED
[2017.04.27-01.34.37:472][525]LogStaticLightingSystem: Running Lightmass w/ Sorting mode ENABLED
[2017.04.27-01.34.37:472][525]LogStaticLightingSystem: Running Lightmass w/ Mapping paddings ENABLED
[2017.04.27-01.34.37:472][525]LogStaticLightingSystem: Running Lightmass w/ Mapping debug paddings DISABLED
[2017.04.27-01.34.40:030][525]Cmd: MAP CHECK DONTDISPLAYDIALOG
[2017.04.27-01.34.40:031][525]MapCheck: New page: FirstPersonExampleMap - Apr 26, 2017, 11:34:40 AM
[2017.04.27-01.34.40:188][525]MapCheck:Warning: Warning InstancedFoliageActor_0 Static mesh actor has NULL StaticMesh property 
[2017.04.27-01.34.40:372][525]MapCheck: Info Map check complete: 0 Error(s), 1 Warning(s), took 341.556ms to complete.
[2017.04.27-01.34.40:394][525]LogEditorBuildUtils: Build time 1:13
[2017.04.27-01.34.55:901][ 87]LogSynthBenchmark:Display: FSynthBenchmark (V0.95):  requested WorkScale=5.00
[2017.04.27-01.34.55:901][ 87]LogSynthBenchmark:Display: ===============
[2017.04.27-01.34.55:901][ 87]LogSynthBenchmark:Display: Main Processor:
[2017.04.27-01.34.56:165][ 87]LogSynthBenchmark:Display:          ... 0.030397 s/Run 'RayIntersect'
[2017.04.27-01.34.56:165][ 87]LogSynthBenchmark:Display:          ... 0.022371 s/Run 'Fractal'
[2017.04.27-01.34.56:165][ 87]LogSynthBenchmark:Display: 
[2017.04.27-01.34.56:165][ 87]LogSynthBenchmark:Display:   CompiledTarget_x_Bits: 64
[2017.04.27-01.34.56:165][ 87]LogSynthBenchmark:Display:   UE_BUILD_SHIPPING: 0
[2017.04.27-01.34.56:165][ 87]LogSynthBenchmark:Display:   UE_BUILD_TEST: 0
[2017.04.27-01.34.56:165][ 87]LogSynthBenchmark:Display:   UE_BUILD_DEBUG: 0
[2017.04.27-01.34.56:165][ 87]LogSynthBenchmark:Display:   TotalPhysicalGBRam: 8
[2017.04.27-01.34.56:165][ 87]LogSynthBenchmark:Display:   NumberOfCores (physical): 4
[2017.04.27-01.34.56:165][ 87]LogSynthBenchmark:Display:   NumberOfCores (logical): 8
[2017.04.27-01.34.56:165][ 87]LogSynthBenchmark:Display:   CPU Perf Index 0: 84.3 (weight 1.00)
[2017.04.27-01.34.56:165][ 87]LogSynthBenchmark:Display:   CPU Perf Index 1: 127.8 (weight 1.50)
[2017.04.27-01.34.56:165][ 87]LogSynthBenchmark:Display:  
[2017.04.27-01.34.56:165][ 87]LogSynthBenchmark:Display: Graphics:
[2017.04.27-01.34.56:165][ 87]LogSynthBenchmark:Display:   Adapter Name: 'NVIDIA GeForce GTX 860M'
[2017.04.27-01.34.56:165][ 87]LogSynthBenchmark:Display:   (On Optimus the name might be wrong, memory should be ok)
[2017.04.27-01.34.56:165][ 87]LogSynthBenchmark:Display:   Vendor Id: 0x10DE
[2017.04.27-01.34.56:165][ 87]LogSynthBenchmark:Display:   Device Id: 0x1392
[2017.04.27-01.34.56:165][ 87]LogSynthBenchmark:Display:   Device Revision: 0xA2
[2017.04.27-01.34.56:165][ 87]LogSynthBenchmark:Display:   GPU Memory: 2019/0/4038 MB
[2017.04.27-01.34.57:164][ 87]LogSynthBenchmark:Display:   GPU first test: 0.40s
[2017.04.27-01.34.57:164][ 87]LogSynthBenchmark:Display:          ... 0.282 s/GigaPix, Confidence=100% 'ALUHeavyNoise' (likely to be very inaccurate)
[2017.04.27-01.34.57:165][ 87]LogSynthBenchmark:Display:          ... 0.255 s/GigaPix, Confidence=100% 'TexHeavy' (likely to be very inaccurate)
[2017.04.27-01.34.57:165][ 87]LogSynthBenchmark:Display:          ... 0.197 s/GigaPix, Confidence=100% 'DepTexHeavy' (likely to be very inaccurate)
[2017.04.27-01.34.57:165][ 87]LogSynthBenchmark:Display:          ... 0.878 s/GigaPix, Confidence=89% 'FillOnly' (likely to be very inaccurate)
[2017.04.27-01.34.57:165][ 87]LogSynthBenchmark:Display:          ... 0.048 s/GigaPix, Confidence=100% 'Bandwidth' (likely to be very inaccurate)
[2017.04.27-01.34.57:165][ 87]LogSynthBenchmark:Display:          ... 9.278 s/GigaVert, Confidence=11% 'VertThroughPut1' (likely to be very inaccurate)
[2017.04.27-01.34.57:165][ 87]LogSynthBenchmark:Display:          ... 0.330 s/GigaVert, Confidence=100% 'VertThroughPut2' (likely to be very inaccurate)
[2017.04.27-01.34.57:165][ 87]LogSynthBenchmark:Display:   GPU Final Results:
[2017.04.27-01.34.57:165][ 87]LogSynthBenchmark:Display:          ... 0.282 s/GigaPix, Confidence=100% 'ALUHeavyNoise'
[2017.04.27-01.34.57:165][ 87]LogSynthBenchmark:Display:          ... 0.255 s/GigaPix, Confidence=100% 'TexHeavy'
[2017.04.27-01.34.57:165][ 87]LogSynthBenchmark:Display:          ... 0.197 s/GigaPix, Confidence=100% 'DepTexHeavy'
[2017.04.27-01.34.57:165][ 87]LogSynthBenchmark:Display:          ... 0.878 s/GigaPix, Confidence=89% 'FillOnly'
[2017.04.27-01.34.57:165][ 87]LogSynthBenchmark:Display:          ... 0.048 s/GigaPix, Confidence=100% 'Bandwidth'
[2017.04.27-01.34.57:165][ 87]LogSynthBenchmark:Display:          ... 9.278 s/GigaVert, Confidence=11% 'VertThroughPut1'
[2017.04.27-01.34.57:165][ 87]LogSynthBenchmark:Display:          ... 0.330 s/GigaVert, Confidence=100% 'VertThroughPut2'
[2017.04.27-01.34.57:165][ 87]LogSynthBenchmark:Display: 
[2017.04.27-01.34.57:165][ 87]LogSynthBenchmark:Display:   GPU Perf Index 0: 6.1 (weight 1.00)
[2017.04.27-01.34.57:165][ 87]LogSynthBenchmark:Display:   GPU Perf Index 1: 3.4 (weight 0.10)
[2017.04.27-01.34.57:165][ 87]LogSynthBenchmark:Display:   GPU Perf Index 2: 5.1 (weight 0.10)
[2017.04.27-01.34.57:165][ 87]LogSynthBenchmark:Display:   GPU Perf Index 3: 3.4 (weight 3.00)
[2017.04.27-01.34.57:165][ 87]LogSynthBenchmark:Display:   GPU Perf Index 4: 4.4 (weight 1.00)
[2017.04.27-01.34.57:165][ 87]LogSynthBenchmark:Display:   GPU Perf Index 5: 603.7 (weight 0.00)
[2017.04.27-01.34.57:165][ 87]LogSynthBenchmark:Display:   GPU Perf Index 6: 18.7 (weight 0.00)
[2017.04.27-01.34.57:165][ 87]LogSynthBenchmark:Display:   CPUIndex: 110.4
[2017.04.27-01.34.57:165][ 87]LogSynthBenchmark:Display:   GPUIndex: 4.2
[2017.04.27-01.34.57:165][ 87]LogSynthBenchmark:Display: 
[2017.04.27-01.34.57:165][ 87]LogSynthBenchmark:Display:          ... Total Time: 1.263839 sec
