Log file open, 04/26/17 18:49:31
LogInit:Display: Running engine for game: Project433
LogPlatformFile: Not using cached read wrapper
LogInit:Display: RandInit(1761435743) SRandInit(1761435743).
LogTaskGraph: Started task graph with 5 named threads and 8 total threads with 1 sets of task threads.
LogStats: Stats thread started at 3.051879
LogInit: Using libcurl 7.47.1
LogInit:  - built for x86_64-pc-win32
LogInit:  - supports SSL with OpenSSL/1.0.2g
LogInit:  - supports HTTP deflate (compression) using libz 1.2.8
LogInit:  - other features:
LogInit:      CURL_VERSION_SSL
LogInit:      CURL_VERSION_LIBZ
LogInit:      CURL_VERSION_IPV6
LogInit:      CURL_VERSION_ASYNCHDNS
LogInit:      CURL_VERSION_LARGEFILE
LogInit:      CURL_VERSION_IDN
LogInit:  CurlRequestOptions (configurable via config and command line):
LogInit:  - bVerifyPeer = false  - Libcurl will NOT verify peer certificate
LogInit:  - bUseHttpProxy = false  - Libcurl will NOT use HTTP proxy
LogInit:  - bDontReuseConnections = false  - Libcurl will reuse connections
LogInit:  - CertBundlePath = nullptr  - Libcurl will use whatever was configured at build time.
LogInit: Build: ++UE4+Release-4.15-CL-3348071
LogInit: Engine Version: 4.15.1-3348071+++UE4+Release-4.15
LogInit: Compatible Engine Version: 4.15.0-3299760+++UE4+Release-4.15
LogInit: Net CL: 3299760
LogDevObjectVersion: Number of dev versions registered: 14
LogDevObjectVersion:   Dev-Blueprints (B0D832E4-1F89-4F0D-ACCF-7EB736FD4AA2): 8
LogDevObjectVersion:   Dev-Build (E1C64328-A22C-4D53-A36C-8E866417BD8C): 0
LogDevObjectVersion:   Dev-Core (375EC13C-06E4-48FB-B500-84F0262A717E): 2
LogDevObjectVersion:   Dev-Editor (E4B068ED-F494-42E9-A231-DA0B2E46BB41): 14
LogDevObjectVersion:   Dev-Framework (CFFC743F-43B0-4480-9391-14DF171D2073): 22
LogDevObjectVersion:   Dev-Mobile (B02B49B5-BB20-44E9-A304-32B752E40360): 0
LogDevObjectVersion:   Dev-Networking (A4E4105C-59A1-49B5-A7C5-40C4547EDFEE): 0
LogDevObjectVersion:   Dev-Online (39C831C9-5AE6-47DC-9A44-9C173E1C8E7C): 0
LogDevObjectVersion:   Dev-Physics (78F01B33-EBEA-4F98-B9B4-84EACCB95AA2): 0
LogDevObjectVersion:   Dev-Platform (6631380F-2D4D-43E0-8009-CF276956A95A): 0
LogDevObjectVersion:   Dev-Rendering (12F88B9F-8875-4AFC-A67C-D90C383ABD29): 12
LogDevObjectVersion:   Dev-Sequencer (7B5AE74C-D270-4C10-A958-57980B212A5A): 3
LogDevObjectVersion:   Dev-VR (D7296918-1DD6-4BDD-9DE2-64A83CC13884): 0
LogDevObjectVersion:   Dev-LoadTimes (C2A15278-BFE7-4AFE-6C17-90FF531DF755): 1
LogInit: Compiled (64-bit): Mar 15 2017 16:52:47
LogInit: Compiled with Visual C++: 19.00.23026.00
LogInit: Build Configuration: Development
LogInit: Branch Name: ++UE4+Release-4.15
LogInit: Command line:  
LogInit: Base directory: C:/Program Files/Epic Games/UE_4.15/Engine/Binaries/Win64/
LogInit: Installed Engine Build: 1
LogInit: Presizing for max 8388607 objects, including 0 objects not considered by GC, pre-allocating 0 bytes for permanent pool.
LogInit: Object subsystem initialized
[2017.04.27-01.50.02:832][  0]LogInit: Selected Device Profile: [Windows]
[2017.04.27-01.50.02:832][  0]LogInit: Applying CVar settings loaded from the selected device profile: [Windows]
[2017.04.27-01.50.03:500][  0]LogInit: Computer: BEN
[2017.04.27-01.50.03:500][  0]LogInit: User: Ben
[2017.04.27-01.50.03:500][  0]LogInit: CPU Page size=65536, Cores=4
[2017.04.27-01.50.03:500][  0]LogInit: High frequency timer resolution =2.435771 MHz
[2017.04.27-01.50.03:733][  0]LogMemory: Memory total: Physical=7.9GB (8GB approx)
[2017.04.27-01.50.03:733][  0]LogMemory: Platform Memory Stats for Windows
[2017.04.27-01.50.03:733][  0]LogMemory: Process Physical Memory: 262.44 MB used, 262.44 MB peak
[2017.04.27-01.50.03:733][  0]LogMemory: Process Virtual Memory: 262.69 MB used, 262.69 MB peak
[2017.04.27-01.50.03:733][  0]LogMemory: Physical Memory: 3414.23 MB used,  4660.62 MB free, 8074.85 MB total
[2017.04.27-01.50.03:733][  0]LogMemory: Virtual Memory: 654.74 MB used,  4660.62 MB free, 134217728.00 MB total
[2017.04.27-01.50.20:480][  0]LogTextLocalizationManager: No specific translations for ('en-US') exist, so ('en') translations will be used.
[2017.04.27-01.51.06:210][  0]LogD3D11RHI: D3D11 adapters:
[2017.04.27-01.51.06:375][  0]LogD3D11RHI:    0. 'NVIDIA GeForce GTX 860M' (Feature Level 11_0)
[2017.04.27-01.51.06:375][  0]LogD3D11RHI:       2018/0/4037 MB DedicatedVideo/DedicatedSystem/SharedSystem, Outputs:1, VendorId:0x10de
[2017.04.27-01.51.06:469][  0]LogD3D11RHI:    1. 'Intel(R) HD Graphics 4600' (Feature Level 11_0)
[2017.04.27-01.51.06:469][  0]LogD3D11RHI:       112/0/2048 MB DedicatedVideo/DedicatedSystem/SharedSystem, Outputs:0, VendorId:0x8086
[2017.04.27-01.51.06:472][  0]LogD3D11RHI:    2. 'Microsoft Basic Render Driver' (Feature Level 11_0)
[2017.04.27-01.51.06:472][  0]LogD3D11RHI:       0/0/4037 MB DedicatedVideo/DedicatedSystem/SharedSystem, Outputs:0, VendorId:0x1414
[2017.04.27-01.51.06:472][  0]LogD3D11RHI: Chosen D3D11 Adapter: 0
[2017.04.27-01.51.06:605][  0]LogD3D11RHI: Creating new Direct3DDevice
[2017.04.27-01.51.06:606][  0]LogD3D11RHI:     GPU DeviceId: 0x1392 (for the marketing name, search the web for "GPU Device Id")
[2017.04.27-01.51.06:606][  0]LogWindows: EnumDisplayDevices:
[2017.04.27-01.51.06:606][  0]LogWindows:    0. 'Intel(R) HD Graphics 4600' (P:1 D:1)
[2017.04.27-01.51.06:607][  0]LogWindows:    1. 'Intel(R) HD Graphics 4600' (P:0 D:0)
[2017.04.27-01.51.06:608][  0]LogWindows:    2. 'Intel(R) HD Graphics 4600' (P:0 D:0)
[2017.04.27-01.51.06:608][  0]LogWindows: DebugString: PrimaryIsNotTheChoosenAdapter PrimaryIsNotTheChoosenAdapter PrimaryIsNotTheChoosenAdapter FoundDriverCount:0 
[2017.04.27-01.51.06:608][  0]LogD3D11RHI:     Adapter Name: NVIDIA GeForce GTX 860M
[2017.04.27-01.51.06:608][  0]LogD3D11RHI:   Driver Version: Unknown (internal:Unknown, unified:Unknown)
[2017.04.27-01.51.06:608][  0]LogD3D11RHI:      Driver Date: Unknown
[2017.04.27-01.51.06:710][  0]LogRHI: Texture pool is 1361 MB (70% of 1945 MB)
[2017.04.27-01.51.07:103][  0]LogD3D11RHI: Async texture creation enabled
[2017.04.27-01.51.12:710][  0]LogD3D11RHI: GPU Timing Frequency: 1000.000000 (Debug: 2 1)
[2017.04.27-01.51.14:382][  0]LogShaderCompilers: Guid format shader working directory is -28 characters bigger than the processId version (../../../../../../Users/Ben/Documents/Unreal Projects/CSC433TeamProject/Intermediate/Shaders/WorkingDirectory/10432/).
[2017.04.27-01.51.14:383][  0]LogShaderCompilers: Cleaned the shader compiler working directory 'C:/Users/Ben/AppData/Local/Temp/UnrealShaderWorkingDir/AF029049492E018F402BC0A848F5B922/'.
[2017.04.27-01.51.14:406][  0]LogShaderCompilers:Display: Using Local Shader Compiler.
[2017.04.27-01.51.53:056][  0]LogTemp:Display: Loaded TP AllDesktopTargetPlatform
[2017.04.27-01.51.53:158][  0]LogTemp:Display: Loaded TP MacClientTargetPlatform
[2017.04.27-01.51.53:226][  0]LogTemp:Display: Loaded TP MacNoEditorTargetPlatform
[2017.04.27-01.51.53:285][  0]LogTemp:Display: Loaded TP MacServerTargetPlatform
[2017.04.27-01.51.53:368][  0]LogTemp:Display: Loaded TP MacTargetPlatform
[2017.04.27-01.51.53:429][  0]LogTemp:Display: Loaded TP WindowsClientTargetPlatform
[2017.04.27-01.51.53:490][  0]LogTemp:Display: Loaded TP WindowsNoEditorTargetPlatform
[2017.04.27-01.51.53:552][  0]LogTemp:Display: Loaded TP WindowsServerTargetPlatform
[2017.04.27-01.51.53:623][  0]LogTemp:Display: Loaded TP WindowsTargetPlatform
[2017.04.27-01.51.53:701][  0]LogTemp:Display: Loaded TP AndroidTargetPlatform
[2017.04.27-01.51.53:780][  0]LogTemp:Display: Loaded TP Android_ASTCTargetPlatform
[2017.04.27-01.51.53:841][  0]LogTemp:Display: Loaded TP Android_ATCTargetPlatform
[2017.04.27-01.51.53:900][  0]LogTemp:Display: Loaded TP Android_DXTTargetPlatform
[2017.04.27-01.51.53:959][  0]LogTemp:Display: Loaded TP Android_ETC1TargetPlatform
[2017.04.27-01.51.54:024][  0]LogTemp:Display: Loaded TP Android_ETC2TargetPlatform
[2017.04.27-01.51.54:182][  0]LogTemp:Display: Loaded TP Android_MultiTargetPlatform
[2017.04.27-01.51.54:182][  0]LogTemp:Display: Loaded TP Android_PVRTCTargetPlatform
[2017.04.27-01.51.54:226][  0]LogTemp:Display: Loaded TP HTML5TargetPlatform
[2017.04.27-01.51.54:654][  0]LogTemp:Display: Loaded TP IOSTargetPlatform
[2017.04.27-01.51.54:692][  0]LogTemp:Display: Loaded TP TVOSTargetPlatform
[2017.04.27-01.51.54:748][  0]LogTemp:Display: Loaded TP LinuxClientTargetPlatform
[2017.04.27-01.51.54:805][  0]LogTemp:Display: Loaded TP LinuxNoEditorTargetPlatform
[2017.04.27-01.51.54:867][  0]LogTemp:Display: Loaded TP LinuxServerTargetPlatform
[2017.04.27-01.51.55:012][  0]LogTemp:Display: Loaded TP LinuxTargetPlatform
[2017.04.27-01.51.55:012][  0]LogTargetPlatformManager:Display: Building Assets For Windows
[2017.04.27-01.52.07:729][  0]LogDerivedDataCache:Display: Max Cache Size: 512 MB
[2017.04.27-01.52.22:823][  0]LogDerivedDataCache: Loaded boot cache 14.97s 50MB C:/Users/Ben/AppData/Local/UnrealEngine/4.15/DerivedDataCache/Boot.ddc.
[2017.04.27-01.52.22:823][  0]LogDerivedDataCache:Display: Loaded Boot cache: C:/Users/Ben/AppData/Local/UnrealEngine/4.15/DerivedDataCache/Boot.ddc
[2017.04.27-01.52.22:823][  0]LogDerivedDataCache: FDerivedDataBackendGraph:  Pak pak cache file ../../../../../../Users/Ben/Documents/Unreal Projects/CSC433TeamProject/DerivedDataCache/DDC.ddp not found, will not use a pak cache.
[2017.04.27-01.52.22:823][  0]LogDerivedDataCache: Unable to find inner node Pak for hierarchical cache Hierarchy.
[2017.04.27-01.52.22:824][  0]LogDerivedDataCache: FDerivedDataBackendGraph:  CompressedPak pak cache file ../../../../../../Users/Ben/Documents/Unreal Projects/CSC433TeamProject/DerivedDataCache/Compressed.ddp not found, will not use a pak cache.
[2017.04.27-01.52.22:824][  0]LogDerivedDataCache: Unable to find inner node CompressedPak for hierarchical cache Hierarchy.
[2017.04.27-01.52.24:267][  0]LogDerivedDataCache:Display: Pak cache opened for reading ../../../Engine/DerivedDataCache/Compressed.ddp.
[2017.04.27-01.52.24:281][  0]LogDerivedDataCache: Using Local data cache path C:/Users/Ben/AppData/Local/UnrealEngine/Common/DerivedDataCache: Writable
[2017.04.27-01.52.28:180][  0]LogSlate: Using Freetype 2.6.0
[2017.04.27-01.52.30:208][  0]LogSlate: SlateFontCache - WITH_FREETYPE: 1, WITH_HARFBUZZ: 1
[2017.04.27-01.52.30:208][  0]LogSlate: SlateFontCache - WITH_FREETYPE: 1, WITH_HARFBUZZ: 1
[2017.04.27-01.53.36:147][  0]LogInit: Selected Device Profile: [Windows]
[2017.04.27-01.53.36:282][  0]LogContentStreaming: Texture pool size is 0.00 MB
[2017.04.27-01.53.39:154][  0]LogMeshUtilities: Using QuadricMeshReduction for automatic static mesh reduction
[2017.04.27-01.53.39:375][  0]LogSimplygon: Simplygon DLL not present - disabling.
[2017.04.27-01.53.39:645][  0]LogMeshUtilities: Using SimplygonSwarm for distributed automatic mesh merging
[2017.04.27-01.53.39:645][  0]LogMeshUtilities: No automatic skeletal mesh reduction module available
[2017.04.27-01.53.39:645][  0]LogMeshUtilities: No automatic mesh merging module available
[2017.04.27-01.53.53:885][  0]LogNetVersion: GetLocalNetworkVersion: CL: 3299760, ProjectName: project433, ProjectVersion: , EngineNetworkVersion: 2, GameNetworkVersion: 0, NetworkChecksum: 3701128711
[2017.04.27-01.53.54:232][  0]LogAssetRegistry: FAssetRegistry took 0.0274 seconds to start up
[2017.04.27-01.53.54:651][  0]LogAssetRegistry:Error: Failed to open file for write ../../../../../../Users/Ben/Documents/Unreal Projects/CSC433TeamProject/Intermediate/AssetRegistryCache/2657c409.bin
[2017.04.27-01.53.54:935][  0]LogPackageLocalizationCache: Processed 3 localized package path(s) for 2 prioritized culture(s) in 0.388358 seconds
[2017.04.27-01.53.54:987][  0]LogUObjectArray: 32493 objects as part of root set at end of initial load.
[2017.04.27-01.53.54:987][  0]LogUObjectAllocator: 7077024 out of 0 bytes used by permanent object pool.
[2017.04.27-01.53.54:987][  0]LogUObjectArray: CloseDisregardForGC: 0/0 objects in disregard for GC pool
[2017.04.27-01.53.55:302][  0]LogInit: WinSock: version 1.1 (2.2), MaxSocks=32767, MaxUdp=65467
[2017.04.27-01.54.37:631][  0]LogAssetRegistry:Error: Failed to open file for write ../../../../../../Users/Ben/Documents/Unreal Projects/CSC433TeamProject/Intermediate/CachedAssetRegistry.bin
[2017.04.27-01.54.39:914][  0]LogTcpMessaging: Initializing TcpMessaging bridge
[2017.04.27-01.54.40:174][  0]LogUdpMessaging: Initializing bridge on interface 0.0.0.0:0 to multicast group 230.0.0.1:6666.
[2017.04.27-01.54.42:780][  0]LogConfig:Warning: Failed to saved backup for config[TranslationPickerSettings]
[2017.04.27-01.54.43:981][  0]LogMaterial: Uniform references updated for custom material expression Custom.
[2017.04.27-01.54.47:245][  0]SourceControl: Info Source control is disabled
[2017.04.27-01.54.47:793][  0]SourceControl: Info Source control is disabled
[2017.04.27-01.54.47:936][  0]SourceControl: Info Source control is disabled
[2017.04.27-01.54.48:327][  0]SourceControl: Info Source control is disabled
[2017.04.27-01.55.01:387][  0]LogEngine: Initializing Engine...
[2017.04.27-01.55.01:482][  0]LogHMD: Failed to initialize OpenVR with code 110
[2017.04.27-01.55.05:628][  0]LogAIModule: Creating AISystem for world Untitled
[2017.04.27-01.55.05:925][  0]LogInit: XAudio2 using 'Speakers (Realtek High Definition Audio)' : 2 channels at 48 kHz using 32 bits per sample (channel mask 0x3)
[2017.04.27-01.55.06:463][  0]LogInit: FAudioDevice initialized.
[2017.04.27-01.55.06:484][  0]LogDerivedDataCache:Error: Could not save memory cache C:/Users/Ben/AppData/Local/UnrealEngine/4.15/DerivedDataCache/Boot.ddc.
[2017.04.27-01.55.06:505][  0]LogInit: Texture streaming: Enabled
[2017.04.27-01.55.08:128][  0]LogEngineSessionManager: EngineSessionManager initialized
[2017.04.27-01.55.14:962][  0]LogInit: Transaction tracking system initialized
[2017.04.27-01.55.20:121][  0]BlueprintLog: New page: Editor Load
[2017.04.27-01.55.26:301][  0]LocalizationService: Info Localization service is disabled
[2017.04.27-01.55.29:864][  0]LogConsoleResponse:Display: 
[2017.04.27-01.55.38:466][  0]LogFileCache: Scanning file cache for directory 'C:/Users/Ben/Documents/Unreal Projects/CSC433TeamProject/Content/' took 0.07s
[2017.04.27-01.55.38:466][  0]LogCook:Display: Max memory allowance for cook 16384mb min free memory 0mb
[2017.04.27-01.55.38:479][  0]LogCook:Display: Mobile HDR setting 1
[2017.04.27-01.55.43:416][  0]SourceControl: Info Source control is disabled
[2017.04.27-01.55.43:470][  0]Cmd: MAP LOAD FILE="../../../../../../Users/Ben/Documents/Unreal Projects/CSC433TeamProject/Content/ThirdPersonBP/Maps/ThirdPersonExampleMap.umap" TEMPLATE=0 SHOWPROGRESS=1 FEATURELEVEL=3
[2017.04.27-01.55.43:561][  0]LightingResults: New page: Lighting Build
[2017.04.27-01.55.43:867][  0]MapCheck: New page: Map Check
[2017.04.27-01.55.43:867][  0]LightingResults: New page: Lighting Build
[2017.04.27-01.55.56:960][  0]LogAIModule: Creating AISystem for world ThirdPersonExampleMap
[2017.04.27-01.55.58:021][  0]LogEditorServer: Finished looking for orphan Actors (0.000 secs)
[2017.04.27-01.55.58:102][  0]Cmd: MAP CHECKDEP NOCLEARLOG
[2017.04.27-01.55.58:286][  0]MapCheck: Info Map check complete: 0 Error(s), 0 Warning(s), took 183.211ms to complete.
[2017.04.27-01.55.58:286][  0]LogFileHelpers: Loading map 'ThirdPersonExampleMap' took 14.832
[2017.04.27-01.56.01:787][  0]LogCollectionManager: Loaded 0 collections in 0.026617 seconds
[2017.04.27-01.56.02:194][  0]LogFileCache: Scanning file cache for directory 'C:/Users/Ben/Documents/Unreal Projects/CSC433TeamProject/Saved/Collections/' took 0.01s
[2017.04.27-01.56.02:194][  0]LogFileCache: Scanning file cache for directory 'C:/Users/Ben/Documents/Unreal Projects/CSC433TeamProject/Content/Developers/Ben/Collections/' took 0.01s
[2017.04.27-01.56.02:194][  0]LogFileCache: Scanning file cache for directory 'C:/Users/Ben/Documents/Unreal Projects/CSC433TeamProject/Content/Collections/' took 0.01s
[2017.04.27-01.56.02:194][  0]LogCollectionManager: Rebuilt the GUID cache for 0 collections in 0.000005 seconds
[2017.04.27-01.56.02:238][  0]LogContentBrowser: Native class hierarchy populated in 0.0401 seconds. Added 2245 classes and 453 folders.
[2017.04.27-01.56.02:329][  0]LogStats: UGameplayTagsManager::ConstructGameplayTagTree: Construct from data asset -  0.000 s
[2017.04.27-01.56.02:330][  0]LogStats: UGameplayTagsManager::ConstructGameplayTagTree: GameplayTagTreeChangedEvent.Broadcast -  0.000 s
[2017.04.27-01.56.02:628][  0]LogContentBrowser: Native class hierarchy updated for 'WidgetCarousel' in 0.0016 seconds. Added 0 classes and 0 folders.
[2017.04.27-01.56.05:370][  0]LogContentBrowser: Native class hierarchy updated for 'AddContentDialog' in 0.0020 seconds. Added 0 classes and 0 folders.
[2017.04.27-01.56.05:604][  0]LogContentBrowser: Native class hierarchy updated for 'SceneOutliner' in 0.0019 seconds. Added 1 classes and 2 folders.
[2017.04.27-01.56.06:884][  0]LogCrashTracker: Crashtracker disabled due to settings.
[2017.04.27-01.56.07:038][  0]LogUObjectGlobals:Warning: Failed to find object 'Class None.'
[2017.04.27-01.56.07:368][  0]LogContentBrowser: Native class hierarchy updated for 'HierarchicalLODOutliner' in 0.0014 seconds. Added 1 classes and 2 folders.
[2017.04.27-01.56.07:369][  0]LogLoad: (Engine Initialization) Total time: 439.16 seconds
[2017.04.27-01.56.07:369][  0]LogLoad: (Engine Initialization) Total Blueprint compile time: 3.21 seconds
[2017.04.27-01.56.07:369][  0]LogExternalProfiler: Found external profiler: VSPerf
[2017.04.27-01.56.07:369][  0]LogExternalProfiler: Using external profiler: VSPerf
[2017.04.27-01.56.07:711][  0]LogOcInput: OculusInput pre-init called
[2017.04.27-01.56.07:752][  0]LogContentStreaming: Texture pool size now 1000 MB
[2017.04.27-01.56.07:756][  0]LogSlate: Took 0.000627 seconds to synchronously load lazily loaded font '../../../Engine/Content/Slate/Fonts/Roboto-Regular.ttf' (155K)
[2017.04.27-01.56.07:774][  0]LogSlate: Took 0.000736 seconds to synchronously load lazily loaded font '../../../Engine/Content/Slate/Fonts/Roboto-Bold.ttf' (160K)
[2017.04.27-01.56.07:883][  0]LogSlate: Took 0.051672 seconds to synchronously load lazily loaded font '../../../Engine/Content/Editor/Slate/Fonts/FontAwesome.ttf' (139K)
[2017.04.27-01.56.09:420][  0]LogSlate: Took 0.092687 seconds to synchronously load lazily loaded font '../../../Engine/Content/Slate/Fonts/Roboto-Light.ttf' (159K)
[2017.04.27-01.56.09:504][  0]LogRenderer: Reallocating scene render targets to support 1208x576 NumSamples 1 (Frame:2).
[2017.04.27-01.56.12:911][  6]LogAssetRegistry: Asset discovery search completed in 138.7039 seconds
[2017.04.27-01.56.12:945][  6]LogCollectionManager: Rebuilt the object cache for 0 collections in 0.000011 seconds (found 0 objects)
[2017.04.27-01.56.12:945][  6]LogCollectionManager: Fixed up redirectors for 0 collections in 0.034205 seconds (updated 0 objects)
