Log file open, 04/26/17 19:08:33
LogInit:Display: Running engine for game: Project433
LogPlatformFile: Not using cached read wrapper
LogInit:Display: RandInit(1355112309) SRandInit(1355112309).
LogTaskGraph: Started task graph with 5 named threads and 8 total threads with 1 sets of task threads.
LogStats: Stats thread started at 0.568975
LogInit: Using libcurl 7.47.1
LogInit:  - built for x86_64-pc-win32
LogInit:  - supports SSL with OpenSSL/1.0.2g
LogInit:  - supports HTTP deflate (compression) using libz 1.2.8
LogInit:  - other features:
LogInit:      CURL_VERSION_SSL
LogInit:      CURL_VERSION_LIBZ
LogInit:      CURL_VERSION_IPV6
LogInit:      CURL_VERSION_ASYNCHDNS
LogInit:      CURL_VERSION_LARGEFILE
LogInit:      CURL_VERSION_IDN
LogInit:  CurlRequestOptions (configurable via config and command line):
LogInit:  - bVerifyPeer = false  - Libcurl will NOT verify peer certificate
LogInit:  - bUseHttpProxy = false  - Libcurl will NOT use HTTP proxy
LogInit:  - bDontReuseConnections = false  - Libcurl will reuse connections
LogInit:  - CertBundlePath = nullptr  - Libcurl will use whatever was configured at build time.
LogInit: Build: ++UE4+Release-4.15-CL-3348071
LogInit: Engine Version: 4.15.1-3348071+++UE4+Release-4.15
LogInit: Compatible Engine Version: 4.15.0-3299760+++UE4+Release-4.15
LogInit: Net CL: 3299760
LogDevObjectVersion: Number of dev versions registered: 14
LogDevObjectVersion:   Dev-Blueprints (B0D832E4-1F89-4F0D-ACCF-7EB736FD4AA2): 8
LogDevObjectVersion:   Dev-Build (E1C64328-A22C-4D53-A36C-8E866417BD8C): 0
LogDevObjectVersion:   Dev-Core (375EC13C-06E4-48FB-B500-84F0262A717E): 2
LogDevObjectVersion:   Dev-Editor (E4B068ED-F494-42E9-A231-DA0B2E46BB41): 14
LogDevObjectVersion:   Dev-Framework (CFFC743F-43B0-4480-9391-14DF171D2073): 22
LogDevObjectVersion:   Dev-Mobile (B02B49B5-BB20-44E9-A304-32B752E40360): 0
LogDevObjectVersion:   Dev-Networking (A4E4105C-59A1-49B5-A7C5-40C4547EDFEE): 0
LogDevObjectVersion:   Dev-Online (39C831C9-5AE6-47DC-9A44-9C173E1C8E7C): 0
LogDevObjectVersion:   Dev-Physics (78F01B33-EBEA-4F98-B9B4-84EACCB95AA2): 0
LogDevObjectVersion:   Dev-Platform (6631380F-2D4D-43E0-8009-CF276956A95A): 0
LogDevObjectVersion:   Dev-Rendering (12F88B9F-8875-4AFC-A67C-D90C383ABD29): 12
LogDevObjectVersion:   Dev-Sequencer (7B5AE74C-D270-4C10-A958-57980B212A5A): 3
LogDevObjectVersion:   Dev-VR (D7296918-1DD6-4BDD-9DE2-64A83CC13884): 0
LogDevObjectVersion:   Dev-LoadTimes (C2A15278-BFE7-4AFE-6C17-90FF531DF755): 1
LogInit: Compiled (64-bit): Mar 15 2017 16:52:47
LogInit: Compiled with Visual C++: 19.00.23026.00
LogInit: Build Configuration: Development
LogInit: Branch Name: ++UE4+Release-4.15
LogInit: Command line:  
LogInit: Base directory: C:/Program Files/Epic Games/UE_4.15/Engine/Binaries/Win64/
LogInit: Installed Engine Build: 1
LogInit: Presizing for max 8388607 objects, including 0 objects not considered by GC, pre-allocating 0 bytes for permanent pool.
LogInit: Object subsystem initialized
[2017.04.27-02.08.44:003][  0]LogInit: Selected Device Profile: [Windows]
[2017.04.27-02.08.44:003][  0]LogInit: Applying CVar settings loaded from the selected device profile: [Windows]
[2017.04.27-02.08.44:594][  0]LogInit: Computer: BEN
[2017.04.27-02.08.44:594][  0]LogInit: User: Ben
[2017.04.27-02.08.44:594][  0]LogInit: CPU Page size=65536, Cores=4
[2017.04.27-02.08.44:594][  0]LogInit: High frequency timer resolution =2.435779 MHz
[2017.04.27-02.08.44:742][  0]LogMemory: Memory total: Physical=7.9GB (8GB approx)
[2017.04.27-02.08.44:742][  0]LogMemory: Platform Memory Stats for Windows
[2017.04.27-02.08.44:742][  0]LogMemory: Process Physical Memory: 262.73 MB used, 262.73 MB peak
[2017.04.27-02.08.44:742][  0]LogMemory: Process Virtual Memory: 262.63 MB used, 262.63 MB peak
[2017.04.27-02.08.44:742][  0]LogMemory: Physical Memory: 3386.36 MB used,  4688.49 MB free, 8074.85 MB total
[2017.04.27-02.08.44:742][  0]LogMemory: Virtual Memory: 645.11 MB used,  4688.49 MB free, 134217728.00 MB total
[2017.04.27-02.08.53:190][  0]LogTextLocalizationManager: No specific translations for ('en-US') exist, so ('en') translations will be used.
[2017.04.27-02.09.13:776][  0]LogD3D11RHI: D3D11 adapters:
[2017.04.27-02.09.14:435][  0]LogD3D11RHI:    0. 'NVIDIA GeForce GTX 860M' (Feature Level 11_0)
[2017.04.27-02.09.14:435][  0]LogD3D11RHI:       2018/0/4037 MB DedicatedVideo/DedicatedSystem/SharedSystem, Outputs:1, VendorId:0x10de
[2017.04.27-02.09.14:550][  0]LogD3D11RHI:    1. 'Intel(R) HD Graphics 4600' (Feature Level 11_0)
[2017.04.27-02.09.14:550][  0]LogD3D11RHI:       112/0/2048 MB DedicatedVideo/DedicatedSystem/SharedSystem, Outputs:0, VendorId:0x8086
[2017.04.27-02.09.14:555][  0]LogD3D11RHI:    2. 'Microsoft Basic Render Driver' (Feature Level 11_0)
[2017.04.27-02.09.14:555][  0]LogD3D11RHI:       0/0/4037 MB DedicatedVideo/DedicatedSystem/SharedSystem, Outputs:0, VendorId:0x1414
[2017.04.27-02.09.14:555][  0]LogD3D11RHI: Chosen D3D11 Adapter: 0
[2017.04.27-02.09.14:786][  0]LogD3D11RHI: Creating new Direct3DDevice
[2017.04.27-02.09.14:787][  0]LogD3D11RHI:     GPU DeviceId: 0x1392 (for the marketing name, search the web for "GPU Device Id")
[2017.04.27-02.09.14:787][  0]LogWindows: EnumDisplayDevices:
[2017.04.27-02.09.14:787][  0]LogWindows:    0. 'Intel(R) HD Graphics 4600' (P:1 D:1)
[2017.04.27-02.09.14:788][  0]LogWindows:    1. 'Intel(R) HD Graphics 4600' (P:0 D:0)
[2017.04.27-02.09.14:788][  0]LogWindows:    2. 'Intel(R) HD Graphics 4600' (P:0 D:0)
[2017.04.27-02.09.14:789][  0]LogWindows: DebugString: PrimaryIsNotTheChoosenAdapter PrimaryIsNotTheChoosenAdapter PrimaryIsNotTheChoosenAdapter FoundDriverCount:0 
[2017.04.27-02.09.14:789][  0]LogD3D11RHI:     Adapter Name: NVIDIA GeForce GTX 860M
[2017.04.27-02.09.14:789][  0]LogD3D11RHI:   Driver Version: Unknown (internal:Unknown, unified:Unknown)
[2017.04.27-02.09.14:789][  0]LogD3D11RHI:      Driver Date: Unknown
[2017.04.27-02.09.14:821][  0]LogRHI: Texture pool is 1361 MB (70% of 1945 MB)
[2017.04.27-02.09.15:008][  0]LogD3D11RHI: Async texture creation enabled
[2017.04.27-02.09.17:262][  0]LogD3D11RHI: GPU Timing Frequency: 1000.000000 (Debug: 2 1)
[2017.04.27-02.09.18:102][  0]LogShaderCompilers: Guid format shader working directory is -28 characters bigger than the processId version (../../../../../../Users/Ben/Documents/Unreal Projects/CSC433TeamProject/Intermediate/Shaders/WorkingDirectory/10532/).
[2017.04.27-02.09.18:103][  0]LogShaderCompilers: Cleaned the shader compiler working directory 'C:/Users/Ben/AppData/Local/Temp/UnrealShaderWorkingDir/64196B1B4B834842A36B169F5DF2708C/'.
[2017.04.27-02.09.18:126][  0]LogShaderCompilers:Display: Using Local Shader Compiler.
[2017.04.27-02.09.35:797][  0]LogTemp:Display: Loaded TP AllDesktopTargetPlatform
[2017.04.27-02.09.35:927][  0]LogTemp:Display: Loaded TP MacClientTargetPlatform
[2017.04.27-02.09.36:034][  0]LogTemp:Display: Loaded TP MacNoEditorTargetPlatform
[2017.04.27-02.09.36:087][  0]LogTemp:Display: Loaded TP MacServerTargetPlatform
[2017.04.27-02.09.36:174][  0]LogTemp:Display: Loaded TP MacTargetPlatform
[2017.04.27-02.09.36:285][  0]LogTemp:Display: Loaded TP WindowsClientTargetPlatform
[2017.04.27-02.09.36:343][  0]LogTemp:Display: Loaded TP WindowsNoEditorTargetPlatform
[2017.04.27-02.09.36:396][  0]LogTemp:Display: Loaded TP WindowsServerTargetPlatform
[2017.04.27-02.09.36:462][  0]LogTemp:Display: Loaded TP WindowsTargetPlatform
[2017.04.27-02.09.36:585][  0]LogTemp:Display: Loaded TP AndroidTargetPlatform
[2017.04.27-02.09.36:762][  0]LogTemp:Display: Loaded TP Android_ASTCTargetPlatform
[2017.04.27-02.09.36:851][  0]LogTemp:Display: Loaded TP Android_ATCTargetPlatform
[2017.04.27-02.09.36:903][  0]LogTemp:Display: Loaded TP Android_DXTTargetPlatform
[2017.04.27-02.09.36:955][  0]LogTemp:Display: Loaded TP Android_ETC1TargetPlatform
[2017.04.27-02.09.37:005][  0]LogTemp:Display: Loaded TP Android_ETC2TargetPlatform
[2017.04.27-02.09.37:166][  0]LogTemp:Display: Loaded TP Android_MultiTargetPlatform
[2017.04.27-02.09.37:166][  0]LogTemp:Display: Loaded TP Android_PVRTCTargetPlatform
[2017.04.27-02.09.37:202][  0]LogTemp:Display: Loaded TP HTML5TargetPlatform
[2017.04.27-02.09.37:519][  0]LogTemp:Display: Loaded TP IOSTargetPlatform
[2017.04.27-02.09.37:570][  0]LogTemp:Display: Loaded TP TVOSTargetPlatform
[2017.04.27-02.09.37:622][  0]LogTemp:Display: Loaded TP LinuxClientTargetPlatform
[2017.04.27-02.09.37:674][  0]LogTemp:Display: Loaded TP LinuxNoEditorTargetPlatform
[2017.04.27-02.09.37:727][  0]LogTemp:Display: Loaded TP LinuxServerTargetPlatform
[2017.04.27-02.09.37:936][  0]LogTemp:Display: Loaded TP LinuxTargetPlatform
[2017.04.27-02.09.37:936][  0]LogTargetPlatformManager:Display: Building Assets For Windows
[2017.04.27-02.09.43:768][  0]LogDerivedDataCache:Display: Max Cache Size: 512 MB
[2017.04.27-02.10.07:367][  0]LogDerivedDataCache: Loaded boot cache 23.58s 50MB C:/Users/Ben/AppData/Local/UnrealEngine/4.15/DerivedDataCache/Boot.ddc.
[2017.04.27-02.10.07:367][  0]LogDerivedDataCache:Display: Loaded Boot cache: C:/Users/Ben/AppData/Local/UnrealEngine/4.15/DerivedDataCache/Boot.ddc
[2017.04.27-02.10.07:368][  0]LogDerivedDataCache: FDerivedDataBackendGraph:  Pak pak cache file ../../../../../../Users/Ben/Documents/Unreal Projects/CSC433TeamProject/DerivedDataCache/DDC.ddp not found, will not use a pak cache.
[2017.04.27-02.10.07:368][  0]LogDerivedDataCache: Unable to find inner node Pak for hierarchical cache Hierarchy.
[2017.04.27-02.10.07:368][  0]LogDerivedDataCache: FDerivedDataBackendGraph:  CompressedPak pak cache file ../../../../../../Users/Ben/Documents/Unreal Projects/CSC433TeamProject/DerivedDataCache/Compressed.ddp not found, will not use a pak cache.
[2017.04.27-02.10.07:368][  0]LogDerivedDataCache: Unable to find inner node CompressedPak for hierarchical cache Hierarchy.
[2017.04.27-02.10.07:504][  0]LogDerivedDataCache:Display: Pak cache opened for reading ../../../Engine/DerivedDataCache/Compressed.ddp.
[2017.04.27-02.10.07:516][  0]LogDerivedDataCache: Using Local data cache path C:/Users/Ben/AppData/Local/UnrealEngine/Common/DerivedDataCache: Writable
[2017.04.27-02.10.07:890][  0]LogSlate: Using Freetype 2.6.0
[2017.04.27-02.10.08:114][  0]LogSlate: SlateFontCache - WITH_FREETYPE: 1, WITH_HARFBUZZ: 1
[2017.04.27-02.10.08:114][  0]LogSlate: SlateFontCache - WITH_FREETYPE: 1, WITH_HARFBUZZ: 1
[2017.04.27-02.10.30:148][  0]LogInit: Selected Device Profile: [Windows]
[2017.04.27-02.10.30:282][  0]LogContentStreaming: Texture pool size is 0.00 MB
[2017.04.27-02.10.32:533][  0]LogMeshUtilities: Using QuadricMeshReduction for automatic static mesh reduction
[2017.04.27-02.10.32:660][  0]LogSimplygon: Simplygon DLL not present - disabling.
[2017.04.27-02.10.32:823][  0]LogMeshUtilities: Using SimplygonSwarm for distributed automatic mesh merging
[2017.04.27-02.10.32:823][  0]LogMeshUtilities: No automatic skeletal mesh reduction module available
[2017.04.27-02.10.32:823][  0]LogMeshUtilities: No automatic mesh merging module available
[2017.04.27-02.10.44:290][  0]LogNetVersion: GetLocalNetworkVersion: CL: 3299760, ProjectName: project433, ProjectVersion: , EngineNetworkVersion: 2, GameNetworkVersion: 0, NetworkChecksum: 3701128711
[2017.04.27-02.10.44:568][  0]LogAssetRegistry: FAssetRegistry took 0.0258 seconds to start up
[2017.04.27-02.10.45:484][  0]LogPackageLocalizationCache: Processed 3 localized package path(s) for 2 prioritized culture(s) in 0.589071 seconds
[2017.04.27-02.10.45:546][  0]LogUObjectArray: 32493 objects as part of root set at end of initial load.
[2017.04.27-02.10.45:546][  0]LogUObjectAllocator: 7077024 out of 0 bytes used by permanent object pool.
[2017.04.27-02.10.45:546][  0]LogUObjectArray: CloseDisregardForGC: 0/0 objects in disregard for GC pool
[2017.04.27-02.10.45:860][  0]LogInit: WinSock: version 1.1 (2.2), MaxSocks=32767, MaxUdp=65467
[2017.04.27-02.11.24:984][  0]LogTcpMessaging: Initializing TcpMessaging bridge
[2017.04.27-02.11.25:129][  0]LogUdpMessaging: Initializing bridge on interface 0.0.0.0:0 to multicast group 230.0.0.1:6666.
[2017.04.27-02.11.32:710][  0]LogMaterial: Uniform references updated for custom material expression Custom.
[2017.04.27-02.11.35:372][  0]SourceControl: Info Source control is disabled
[2017.04.27-02.11.36:087][  0]SourceControl: Info Source control is disabled
[2017.04.27-02.11.36:288][  0]SourceControl: Info Source control is disabled
[2017.04.27-02.11.36:502][  0]SourceControl: Info Source control is disabled
[2017.04.27-02.11.49:706][  0]LogEngine: Initializing Engine...
[2017.04.27-02.11.49:835][  0]LogHMD: Failed to initialize OpenVR with code 110
[2017.04.27-02.11.54:447][  0]LogAIModule: Creating AISystem for world Untitled
[2017.04.27-02.11.56:005][  0]LogInit: XAudio2 using 'Speakers (Realtek High Definition Audio)' : 2 channels at 48 kHz using 32 bits per sample (channel mask 0x3)
[2017.04.27-02.11.56:224][  0]LogInit: FAudioDevice initialized.
[2017.04.27-02.11.56:311][  0]LogDerivedDataCache: Saved boot cache 0.09s 50MB C:/Users/Ben/AppData/Local/UnrealEngine/4.15/DerivedDataCache/Boot.ddc.
[2017.04.27-02.11.56:326][  0]LogInit: Texture streaming: Enabled
[2017.04.27-02.12.00:373][  0]LogEngineSessionManager: EngineSessionManager initialized
[2017.04.27-02.12.00:373][  0]LogEngineSessionManager: EngineSessionManager sent abnormal shutdown report. Type=AbnormalShutdown, SessionId={0B0B434D-4059-ED2E-229C-6589FD9CD885}
[2017.04.27-02.12.00:373][  0]LogEngineSessionManager: EngineSessionManager sent abnormal shutdown report. Type=AbnormalShutdown, SessionId={E1BBC8E9-4D9E-B762-4088-ACAFEC423802}
[2017.04.27-02.12.04:324][  0]LogInit: Transaction tracking system initialized
[2017.04.27-02.12.08:085][  0]BlueprintLog: New page: Editor Load
[2017.04.27-02.12.15:080][  0]LocalizationService: Info Localization service is disabled
[2017.04.27-02.12.17:688][  0]LogConsoleResponse:Display: 
[2017.04.27-02.12.21:449][  0]LogFileCache: Scanning file cache for directory 'C:/Users/Ben/Documents/Unreal Projects/CSC433TeamProject/Content/' took 0.06s
[2017.04.27-02.12.21:449][  0]LogCook:Display: Max memory allowance for cook 16384mb min free memory 0mb
[2017.04.27-02.12.21:450][  0]LogCook:Display: Mobile HDR setting 1
[2017.04.27-02.12.25:501][  0]SourceControl: Info Source control is disabled
[2017.04.27-02.12.25:553][  0]Cmd: MAP LOAD FILE="../../../../../../Users/Ben/Documents/Unreal Projects/CSC433TeamProject/Content/ThirdPersonBP/Maps/ThirdPersonExampleMap.umap" TEMPLATE=0 SHOWPROGRESS=1 FEATURELEVEL=3
[2017.04.27-02.12.25:645][  0]LightingResults: New page: Lighting Build
[2017.04.27-02.12.25:918][  0]MapCheck: New page: Map Check
[2017.04.27-02.12.25:918][  0]LightingResults: New page: Lighting Build
[2017.04.27-02.12.34:937][  0]LogAIModule: Creating AISystem for world ThirdPersonExampleMap
[2017.04.27-02.12.36:011][  0]LogEditorServer: Finished looking for orphan Actors (0.000 secs)
[2017.04.27-02.12.36:081][  0]Cmd: MAP CHECKDEP NOCLEARLOG
[2017.04.27-02.12.36:217][  0]MapCheck: Info Map check complete: 0 Error(s), 0 Warning(s), took 136.166ms to complete.
[2017.04.27-02.12.36:217][  0]LogFileHelpers: Loading map 'ThirdPersonExampleMap' took 10.680
[2017.04.27-02.12.38:688][  0]LogCollectionManager: Loaded 0 collections in 0.014310 seconds
[2017.04.27-02.12.39:019][  0]LogFileCache: Scanning file cache for directory 'C:/Users/Ben/Documents/Unreal Projects/CSC433TeamProject/Saved/Collections/' took 0.01s
[2017.04.27-02.12.39:019][  0]LogFileCache: Scanning file cache for directory 'C:/Users/Ben/Documents/Unreal Projects/CSC433TeamProject/Content/Developers/Ben/Collections/' took 0.01s
[2017.04.27-02.12.39:019][  0]LogFileCache: Scanning file cache for directory 'C:/Users/Ben/Documents/Unreal Projects/CSC433TeamProject/Content/Collections/' took 0.01s
[2017.04.27-02.12.39:019][  0]LogCollectionManager: Rebuilt the GUID cache for 0 collections in 0.000023 seconds
[2017.04.27-02.12.39:056][  0]LogContentBrowser: Native class hierarchy populated in 0.0335 seconds. Added 2245 classes and 453 folders.
[2017.04.27-02.12.39:121][  0]LogStats: UGameplayTagsManager::ConstructGameplayTagTree: Construct from data asset -  0.000 s
[2017.04.27-02.12.39:122][  0]LogStats: UGameplayTagsManager::ConstructGameplayTagTree: GameplayTagTreeChangedEvent.Broadcast -  0.000 s
[2017.04.27-02.12.39:325][  0]LogContentBrowser: Native class hierarchy updated for 'WidgetCarousel' in 0.0010 seconds. Added 0 classes and 0 folders.
[2017.04.27-02.12.41:728][  0]LogContentBrowser: Native class hierarchy updated for 'AddContentDialog' in 0.0018 seconds. Added 0 classes and 0 folders.
[2017.04.27-02.12.41:908][  0]LogContentBrowser: Native class hierarchy updated for 'SceneOutliner' in 0.0020 seconds. Added 1 classes and 2 folders.
[2017.04.27-02.12.43:068][  0]LogCrashTracker: Crashtracker disabled due to settings.
[2017.04.27-02.12.43:219][  0]LogUObjectGlobals:Warning: Failed to find object 'Class None.'
[2017.04.27-02.12.43:492][  0]LogContentBrowser: Native class hierarchy updated for 'HierarchicalLODOutliner' in 0.0007 seconds. Added 1 classes and 2 folders.
[2017.04.27-02.12.43:492][  0]LogLoad: (Engine Initialization) Total time: 270.62 seconds
[2017.04.27-02.12.43:492][  0]LogLoad: (Engine Initialization) Total Blueprint compile time: 1.64 seconds
[2017.04.27-02.12.43:492][  0]LogExternalProfiler: Found external profiler: VSPerf
[2017.04.27-02.12.43:492][  0]LogExternalProfiler: Using external profiler: VSPerf
[2017.04.27-02.12.43:864][  0]LogOcInput: OculusInput pre-init called
[2017.04.27-02.12.44:078][  0]LogContentStreaming: Texture pool size now 1000 MB
[2017.04.27-02.12.44:184][  0]LogSlate: Took 0.028362 seconds to synchronously load lazily loaded font '../../../Engine/Content/Slate/Fonts/Roboto-Regular.ttf' (155K)
[2017.04.27-02.12.44:296][  0]LogSlate: Took 0.085118 seconds to synchronously load lazily loaded font '../../../Engine/Content/Slate/Fonts/Roboto-Bold.ttf' (160K)
[2017.04.27-02.12.44:383][  0]LogSlate: Took 0.026572 seconds to synchronously load lazily loaded font '../../../Engine/Content/Editor/Slate/Fonts/FontAwesome.ttf' (139K)
[2017.04.27-02.12.45:627][  0]LogRenderer: Reallocating scene render targets to support 1208x576 NumSamples 1 (Frame:2).
[2017.04.27-02.12.46:544][  1]LogSlate: Took 0.070030 seconds to synchronously load lazily loaded font '../../../Engine/Content/Slate/Fonts/Roboto-Light.ttf' (159K)
[2017.04.27-02.12.48:790][  6]LogAssetRegistry: Asset discovery search completed in 124.2447 seconds
[2017.04.27-02.12.48:804][  6]LogCollectionManager: Rebuilt the object cache for 0 collections in 0.000015 seconds (found 0 objects)
[2017.04.27-02.12.48:804][  6]LogCollectionManager: Fixed up redirectors for 0 collections in 0.013896 seconds (updated 0 objects)
[2017.04.27-02.14.15:202][306]Cmd: MAP LOAD FILE="../../../../../../Users/Ben/Documents/Unreal Projects/CSC433TeamProject/Content/FirstPersonCPP/Maps/FirstPersonExampleMap.umap" TEMPLATE=0 SHOWPROGRESS=1 FEATURELEVEL=3
[2017.04.27-02.14.15:229][306]LogSlate: Took 0.000301 seconds to synchronously load lazily loaded font '../../../Engine/Content/Slate/Fonts/Roboto-Light.ttf' (159K)
[2017.04.27-02.14.15:246][306]LightingResults: New page: Lighting Build
[2017.04.27-02.14.15:251][306]LoadErrors: New page: Loading map: FirstPersonExampleMap.umap
[2017.04.27-02.14.15:278][306]MapCheck: New page: Map Check
[2017.04.27-02.14.15:278][306]LightingResults: New page: Lighting Build
[2017.04.27-02.14.16:398][306]LogSlate: Took 0.000741 seconds to synchronously load lazily loaded font '../../../Engine/Content/Slate/Fonts/Roboto-Regular.ttf' (155K)
[2017.04.27-02.14.28:401][306]LogStaticMesh:Warning: Rebuilding hierarchical instanced mesh component, please resave map FoliageInstancedStaticMeshComponent /Game/FirstPersonCPP/Maps/FirstPersonExampleMap.FirstPersonExampleMap:PersistentLevel.InstancedFoliageActor_0.FoliageInstancedStaticMeshComponent_0.
[2017.04.27-02.14.28:983][306]LogAIModule: Creating AISystem for world FirstPersonExampleMap
[2017.04.27-02.14.34:854][306]LogEditorServer: Finished looking for orphan Actors (0.000 secs)
[2017.04.27-02.14.35:107][306]Cmd: MAP CHECKDEP NOCLEARLOG
[2017.04.27-02.14.35:237][306]MapCheck: Info Map check complete: 0 Error(s), 0 Warning(s), took 129.467ms to complete.
[2017.04.27-02.14.35:237][306]LogFileHelpers: Loading map 'FirstPersonExampleMap' took 20.036
[2017.04.27-02.14.43:819][436]MapCheck: New page: Map Check
[2017.04.27-02.14.43:978][436]Cmd: MAP REBUILD ALLVISIBLE
[2017.04.27-02.14.43:978][436]LogEditorServer: Rebuildmap Clear paths rebuilt
[2017.04.27-02.14.45:166][436]LogMaterial: Missing cached shader map for material FDebugViewModeMaterialProxy WorldGridMaterial, compiling. Is special engine material.
[2017.04.27-02.14.45:361][436]LogTemp:Display: Added material ShaderMap 0x00000190D9D3FC80 with Material 0x000001909A68AB00 to ShaderMapsBeingCompiled
[2017.04.27-02.14.45:370][436]LogTemp:Display: Kicking off shader compilation for FDebugViewModeMaterialProxy WorldGridMaterial, GameThreadShaderMap 0x00000190D9D3FC80
[2017.04.27-02.14.45:423][436]LogMaterial: Missing cached shader map for material FDebugViewModeMaterialProxy M_TableRound, compiling. 
[2017.04.27-02.14.45:425][436]LogTemp:Display: Added material ShaderMap 0x00000190D9D3F580 with Material 0x00000190A2857100 to ShaderMapsBeingCompiled
[2017.04.27-02.14.45:430][436]LogTemp:Display: Kicking off shader compilation for FDebugViewModeMaterialProxy M_TableRound, GameThreadShaderMap 0x00000190D9D3F580
[2017.04.27-02.14.45:437][436]LogMaterial: Missing cached shader map for material FDebugViewModeMaterialProxy MaterialInstanceDynamic_1, compiling. 
[2017.04.27-02.14.45:441][436]LogTemp:Display: Added material ShaderMap 0x00000190D9D3E780 with Material 0x00000190A2855300 to ShaderMapsBeingCompiled
[2017.04.27-02.14.45:445][436]LogTemp:Display: Kicking off shader compilation for FDebugViewModeMaterialProxy MaterialInstanceDynamic_1, GameThreadShaderMap 0x00000190D9D3E780
[2017.04.27-02.14.45:463][436]LogMaterial: Missing cached shader map for material FDebugViewModeMaterialProxy M_Wood_Floor_Walnut_Polished, compiling. 
[2017.04.27-02.14.45:466][436]LogTemp:Display: Added material ShaderMap 0x00000190D9D3DD00 with Material 0x000001909CF85F00 to ShaderMapsBeingCompiled
[2017.04.27-02.14.45:473][436]LogTemp:Display: Kicking off shader compilation for FDebugViewModeMaterialProxy M_Wood_Floor_Walnut_Polished, GameThreadShaderMap 0x00000190D9D3DD00
[2017.04.27-02.14.45:489][436]LogMaterial: Missing cached shader map for material FDebugViewModeMaterialProxy M_CobbleStone_Smooth, compiling. 
[2017.04.27-02.14.45:497][436]LogTemp:Display: Added material ShaderMap 0x00000190D9D3D280 with Material 0x000001909CF87100 to ShaderMapsBeingCompiled
[2017.04.27-02.14.45:502][436]LogTemp:Display: Kicking off shader compilation for FDebugViewModeMaterialProxy M_CobbleStone_Smooth, GameThreadShaderMap 0x00000190D9D3D280
[2017.04.27-02.14.45:512][436]LogMaterial: Missing cached shader map for material FDebugViewModeMaterialProxy CubeMaterialOverride, compiling. 
[2017.04.27-02.14.45:514][436]LogTemp:Display: Added material ShaderMap 0x000001909BEFBC80 with Material 0x000001909CF87400 to ShaderMapsBeingCompiled
[2017.04.27-02.14.45:520][436]LogTemp:Display: Kicking off shader compilation for FDebugViewModeMaterialProxy CubeMaterialOverride, GameThreadShaderMap 0x000001909BEFBC80
[2017.04.27-02.14.45:527][436]LogMaterial: Missing cached shader map for material FDebugViewModeMaterialProxy LandscapeGizmo_Mat, compiling. 
[2017.04.27-02.14.45:530][436]LogTemp:Display: Added material ShaderMap 0x000001909BEFB200 with Material 0x000001909CF84100 to ShaderMapsBeingCompiled
[2017.04.27-02.14.45:535][436]LogTemp:Display: Kicking off shader compilation for FDebugViewModeMaterialProxy LandscapeGizmo_Mat, GameThreadShaderMap 0x000001909BEFB200
[2017.04.27-02.14.45:553][436]LogMaterial: Missing cached shader map for material FDebugViewModeMaterialProxy M_CobbleStone_Rough, compiling. 
[2017.04.27-02.14.45:563][436]LogTemp:Display: Added material ShaderMap 0x000001909BEFA780 with Material 0x000001909CF9EE00 to ShaderMapsBeingCompiled
[2017.04.27-02.14.45:570][436]LogTemp:Display: Kicking off shader compilation for FDebugViewModeMaterialProxy M_CobbleStone_Rough, GameThreadShaderMap 0x000001909BEFA780
[2017.04.27-02.14.45:593][436]LogMaterial: Missing cached shader map for material FDebugViewModeMaterialProxy star, compiling. 
[2017.04.27-02.14.45:594][436]LogTemp:Display: Added material ShaderMap 0x000001909BF0EE80 with Material 0x000001909CF9D600 to ShaderMapsBeingCompiled
[2017.04.27-02.14.45:597][436]LogTemp:Display: Kicking off shader compilation for FDebugViewModeMaterialProxy star, GameThreadShaderMap 0x000001909BF0EE80
[2017.04.27-02.14.45:602][436]LogMaterial: Missing cached shader map for material FDebugViewModeMaterialProxy M_Metal_Gold, compiling. 
[2017.04.27-02.14.45:603][436]LogTemp:Display: Added material ShaderMap 0x000001909BF0E780 with Material 0x000001909C5CF400 to ShaderMapsBeingCompiled
[2017.04.27-02.14.45:606][436]LogTemp:Display: Kicking off shader compilation for FDebugViewModeMaterialProxy M_Metal_Gold, GameThreadShaderMap 0x000001909BF0E780
[2017.04.27-02.14.45:634][436]LogMaterial: Missing cached shader map for material FDebugViewModeMaterialProxy wire_088088225_001, compiling. 
[2017.04.27-02.14.45:634][436]LogTemp:Display: Added material ShaderMap 0x000001909BF0DD00 with Material 0x000001909C5CDF00 to ShaderMapsBeingCompiled
[2017.04.27-02.14.45:636][436]LogTemp:Display: Kicking off shader compilation for FDebugViewModeMaterialProxy wire_088088225_001, GameThreadShaderMap 0x000001909BF0DD00
[2017.04.27-02.14.45:639][436]LogMaterial: Missing cached shader map for material FDebugViewModeMaterialProxy M_Brick_Hewn_Stone, compiling. 
[2017.04.27-02.14.45:640][436]LogTemp:Display: Added material ShaderMap 0x000001909BF0D280 with Material 0x000001909C5CFD00 to ShaderMapsBeingCompiled
[2017.04.27-02.14.45:642][436]LogTemp:Display: Kicking off shader compilation for FDebugViewModeMaterialProxy M_Brick_Hewn_Stone, GameThreadShaderMap 0x000001909BF0D280
[2017.04.27-02.14.45:645][436]LogMaterial: Missing cached shader map for material FDebugViewModeMaterialProxy mesh0043mat, compiling. 
[2017.04.27-02.14.45:646][436]LogTemp:Display: Added material ShaderMap 0x000001909BF0C800 with Material 0x000001909C5CD300 to ShaderMapsBeingCompiled
[2017.04.27-02.14.45:648][436]LogTemp:Display: Kicking off shader compilation for FDebugViewModeMaterialProxy mesh0043mat, GameThreadShaderMap 0x000001909BF0C800
[2017.04.27-02.14.45:651][436]LogMaterial: Missing cached shader map for material FDebugViewModeMaterialProxy Material_056, compiling. 
[2017.04.27-02.14.45:652][436]LogTemp:Display: Added material ShaderMap 0x00000190E56F1D00 with Material 0x000001909B33AB00 to ShaderMapsBeingCompiled
[2017.04.27-02.14.45:654][436]LogTemp:Display: Kicking off shader compilation for FDebugViewModeMaterialProxy Material_056, GameThreadShaderMap 0x00000190E56F1D00
[2017.04.27-02.14.45:657][436]LogMaterial: Missing cached shader map for material FDebugViewModeMaterialProxy Material_087_goomba_grp_png, compiling. 
[2017.04.27-02.14.45:658][436]LogTemp:Display: Added material ShaderMap 0x00000190E56F2080 with Material 0x000001909B33A800 to ShaderMapsBeingCompiled
[2017.04.27-02.14.45:661][436]LogTemp:Display: Kicking off shader compilation for FDebugViewModeMaterialProxy Material_087_goomba_grp_png, GameThreadShaderMap 0x00000190E56F2080
[2017.04.27-02.14.45:665][436]LogMaterial: Missing cached shader map for material FDebugViewModeMaterialProxy Material_054_goomba_grp_png, compiling. 
[2017.04.27-02.14.45:666][436]LogTemp:Display: Added material ShaderMap 0x000001909C5ABC80 with Material 0x000001909B33A200 to ShaderMapsBeingCompiled
[2017.04.27-02.14.45:670][436]LogTemp:Display: Kicking off shader compilation for FDebugViewModeMaterialProxy Material_054_goomba_grp_png, GameThreadShaderMap 0x000001909C5ABC80
[2017.04.27-02.14.45:687][436]LogMaterial: Missing cached shader map for material FDebugViewModeMaterialProxy Material_055, compiling. 
[2017.04.27-02.14.45:688][436]LogTemp:Display: Added material ShaderMap 0x000001909C5AB200 with Material 0x000001909B339C00 to ShaderMapsBeingCompiled
[2017.04.27-02.14.45:692][436]LogTemp:Display: Kicking off shader compilation for FDebugViewModeMaterialProxy Material_055, GameThreadShaderMap 0x000001909C5AB200
[2017.04.27-02.14.45:897][436]LogTemp:Display: Finished compile of shader map 0x00000190D9D3FC80
[2017.04.27-02.14.45:897][436]LogTemp:Display: Shader map FDebugViewModeMaterialProxy WorldGridMaterial complete, GameThreadShaderMap 0x00000190D9D3FC80, marking material FDebugViewModeMaterialProxy WorldGridMaterial as finished
[2017.04.27-02.14.45:897][436]LogTemp:Display: Marking material as finished 0x000001909A68AB00
[2017.04.27-02.14.45:914][436]LogTemp:Display: Finished compile of shader map 0x00000190D9D3F580
[2017.04.27-02.14.45:914][436]LogTemp:Display: Shader map FDebugViewModeMaterialProxy M_TableRound complete, GameThreadShaderMap 0x00000190D9D3F580, marking material FDebugViewModeMaterialProxy M_TableRound as finished
[2017.04.27-02.14.45:914][436]LogTemp:Display: Marking material as finished 0x00000190A2857100
[2017.04.27-02.14.46:055][436]LogTemp:Display: Finished compile of shader map 0x00000190D9D3DD00
[2017.04.27-02.14.46:055][436]LogTemp:Display: Shader map FDebugViewModeMaterialProxy M_Wood_Floor_Walnut_Polished complete, GameThreadShaderMap 0x00000190D9D3DD00, marking material FDebugViewModeMaterialProxy M_Wood_Floor_Walnut_Polished as finished
[2017.04.27-02.14.46:055][436]LogTemp:Display: Marking material as finished 0x000001909CF85F00
[2017.04.27-02.14.46:057][436]LogTemp:Display: Finished compile of shader map 0x000001909BEFBC80
[2017.04.27-02.14.46:057][436]LogTemp:Display: Shader map FDebugViewModeMaterialProxy CubeMaterialOverride complete, GameThreadShaderMap 0x000001909BEFBC80, marking material FDebugViewModeMaterialProxy CubeMaterialOverride as finished
[2017.04.27-02.14.46:057][436]LogTemp:Display: Marking material as finished 0x000001909CF87400
[2017.04.27-02.14.46:088][436]LogTemp:Display: Finished compile of shader map 0x00000190D9D3E780
[2017.04.27-02.14.46:088][436]LogTemp:Display: Shader map FDebugViewModeMaterialProxy MaterialInstanceDynamic_1 complete, GameThreadShaderMap 0x00000190D9D3E780, marking material FDebugViewModeMaterialProxy MaterialInstanceDynamic_1 as finished
[2017.04.27-02.14.46:088][436]LogTemp:Display: Marking material as finished 0x00000190A2855300
[2017.04.27-02.14.46:153][436]LogTemp:Display: Finished compile of shader map 0x000001909BEFB200
[2017.04.27-02.14.46:153][436]LogTemp:Display: Shader map FDebugViewModeMaterialProxy LandscapeGizmo_Mat complete, GameThreadShaderMap 0x000001909BEFB200, marking material FDebugViewModeMaterialProxy LandscapeGizmo_Mat as finished
[2017.04.27-02.14.46:153][436]LogTemp:Display: Marking material as finished 0x000001909CF84100
[2017.04.27-02.14.46:253][436]LogTemp:Display: Finished compile of shader map 0x000001909BF0EE80
[2017.04.27-02.14.46:253][436]LogTemp:Display: Shader map FDebugViewModeMaterialProxy star complete, GameThreadShaderMap 0x000001909BF0EE80, marking material FDebugViewModeMaterialProxy star as finished
[2017.04.27-02.14.46:253][436]LogTemp:Display: Marking material as finished 0x000001909CF9D600
[2017.04.27-02.14.46:418][436]LogTemp:Display: Finished compile of shader map 0x000001909BF0DD00
[2017.04.27-02.14.46:418][436]LogTemp:Display: Shader map FDebugViewModeMaterialProxy wire_088088225_001 complete, GameThreadShaderMap 0x000001909BF0DD00, marking material FDebugViewModeMaterialProxy wire_088088225_001 as finished
[2017.04.27-02.14.46:418][436]LogTemp:Display: Marking material as finished 0x000001909C5CDF00
[2017.04.27-02.14.46:433][436]LogTemp:Display: Finished compile of shader map 0x000001909BF0E780
[2017.04.27-02.14.46:433][436]LogTemp:Display: Shader map FDebugViewModeMaterialProxy M_Metal_Gold complete, GameThreadShaderMap 0x000001909BF0E780, marking material FDebugViewModeMaterialProxy M_Metal_Gold as finished
[2017.04.27-02.14.46:433][436]LogTemp:Display: Marking material as finished 0x000001909C5CF400
[2017.04.27-02.14.46:598][436]LogTemp:Display: Finished compile of shader map 0x000001909BF0C800
[2017.04.27-02.14.46:598][436]LogTemp:Display: Shader map FDebugViewModeMaterialProxy mesh0043mat complete, GameThreadShaderMap 0x000001909BF0C800, marking material FDebugViewModeMaterialProxy mesh0043mat as finished
[2017.04.27-02.14.46:598][436]LogTemp:Display: Marking material as finished 0x000001909C5CD300
[2017.04.27-02.14.46:720][436]LogTemp:Display: Finished compile of shader map 0x00000190E56F1D00
[2017.04.27-02.14.46:720][436]LogTemp:Display: Shader map FDebugViewModeMaterialProxy Material_056 complete, GameThreadShaderMap 0x00000190E56F1D00, marking material FDebugViewModeMaterialProxy Material_056 as finished
[2017.04.27-02.14.46:720][436]LogTemp:Display: Marking material as finished 0x000001909B33AB00
[2017.04.27-02.14.46:767][436]LogTemp:Display: Finished compile of shader map 0x000001909BF0D280
[2017.04.27-02.14.46:767][436]LogTemp:Display: Shader map FDebugViewModeMaterialProxy M_Brick_Hewn_Stone complete, GameThreadShaderMap 0x000001909BF0D280, marking material FDebugViewModeMaterialProxy M_Brick_Hewn_Stone as finished
[2017.04.27-02.14.46:767][436]LogTemp:Display: Marking material as finished 0x000001909C5CFD00
[2017.04.27-02.14.46:868][436]LogTemp:Display: Finished compile of shader map 0x00000190E56F2080
[2017.04.27-02.14.46:868][436]LogTemp:Display: Shader map FDebugViewModeMaterialProxy Material_087_goomba_grp_png complete, GameThreadShaderMap 0x00000190E56F2080, marking material FDebugViewModeMaterialProxy Material_087_goomba_grp_png as finished
[2017.04.27-02.14.46:868][436]LogTemp:Display: Marking material as finished 0x000001909B33A800
[2017.04.27-02.14.46:914][436]LogTemp:Display: Finished compile of shader map 0x000001909C5ABC80
[2017.04.27-02.14.46:914][436]LogTemp:Display: Shader map FDebugViewModeMaterialProxy Material_054_goomba_grp_png complete, GameThreadShaderMap 0x000001909C5ABC80, marking material FDebugViewModeMaterialProxy Material_054_goomba_grp_png as finished
[2017.04.27-02.14.46:914][436]LogTemp:Display: Marking material as finished 0x000001909B33A200
[2017.04.27-02.14.46:981][436]LogTemp:Display: Finished compile of shader map 0x000001909C5AB200
[2017.04.27-02.14.46:981][436]LogTemp:Display: Shader map FDebugViewModeMaterialProxy Material_055 complete, GameThreadShaderMap 0x000001909C5AB200, marking material FDebugViewModeMaterialProxy Material_055 as finished
[2017.04.27-02.14.46:981][436]LogTemp:Display: Marking material as finished 0x000001909B339C00
[2017.04.27-02.14.47:549][436]LogTemp:Display: Finished compile of shader map 0x000001909BEFA780
[2017.04.27-02.14.47:549][436]LogTemp:Display: Shader map FDebugViewModeMaterialProxy M_CobbleStone_Rough complete, GameThreadShaderMap 0x000001909BEFA780, marking material FDebugViewModeMaterialProxy M_CobbleStone_Rough as finished
[2017.04.27-02.14.47:549][436]LogTemp:Display: Marking material as finished 0x000001909CF9EE00
[2017.04.27-02.14.47:881][436]LogTemp:Display: Finished compile of shader map 0x00000190D9D3D280
[2017.04.27-02.14.47:881][436]LogTemp:Display: Shader map FDebugViewModeMaterialProxy M_CobbleStone_Smooth complete, GameThreadShaderMap 0x00000190D9D3D280, marking material FDebugViewModeMaterialProxy M_CobbleStone_Smooth as finished
[2017.04.27-02.14.47:881][436]LogTemp:Display: Marking material as finished 0x000001909CF87100
[2017.04.27-02.14.47:884][436]TextureStreamingBuild:Display: Compiling optional shaders took 2.961 seconds.
[2017.04.27-02.14.48:280][436]LogLevel:Display: Export Material TexCoord Scales took 0.396 seconds.
[2017.04.27-02.14.48:323][436]TextureStreamingBuild:Display: Build Texture Streaming took 0.026 seconds.
[2017.04.27-02.14.48:384][436]LightingResults: New page: Lighting Build - Apr 26, 2017, 12:14:48 PM
[2017.04.27-02.14.49:339][436]LogSwarmInterface: [OpenConnection] Registering TCP channel ...
[2017.04.27-02.14.49:825][436]LogSwarmInterface: [OpenConnection] Connecting to agent ...
[2017.04.27-02.14.50:085][436]LogSwarmInterface: [TryOpenConnection] Testing the Agent
[2017.04.27-02.14.53:939][436]LogSwarmInterface:Error: [TryOpenConnection] Waiting for the agent to start up ...
[2017.04.27-02.14.54:043][436]LogSwarmInterface:Error: System.Net.Sockets.SocketException (0x80004005): No connection could be made because the target machine actively refused it 127.0.0.1:8008

Server stack trace: 
   at System.Net.Sockets.Socket.DoConnect(EndPoint endPointSnapshot, SocketAddress socketAddress)
   at System.Net.Sockets.Socket.Connect(EndPoint remoteEP)
   at System.Runtime.Remoting.Channels.RemoteConnection.CreateNewSocket(EndPoint ipEndPoint)
   at System.Runtime.Remoting.Channels.SocketCache.GetSocket(String machinePortAndSid, Boolean openNew)
   at System.Runtime.Remoting.Channels.Tcp.TcpClientTransportSink.SendRequestWithRetry(IMessage msg, ITransportHeaders requestHeaders, Stream requestStream)
   at System.Runtime.Remoting.Channels.Tcp.TcpClientTransportSink.AsyncProcessRequest(IClientChannelSinkStack sinkStack, IMessage msg, ITransportHeaders headers, Stream stream)
   at System.Runtime.Remoting.Channels.BinaryClientFormatterSink.AsyncProcessMessage(IMessage msg, IMessageSink replySink)

Exception rethrown at [0]: 
   at System.Runtime.Remoting.Proxies.RealProxy.HandleReturnMessage(IMessage reqMsg, IMessage retMsg)
   at System.Runtime.Remoting.Proxies.RealProxy.PrivateInvoke(MessageData& msgData, Int32 type)
   at NSwarm.IAgentInterfaceWrapper.MethodDelegate.EndInvoke(Hashtable& OutParameters, IAsyncResult result)
   at NSwarm.FSwarmInterface.TryOpenConnection(FConnectionCallback CallbackFunc, IntPtr CallbackData, ELogFlags LoggingFlags)
[2017.04.27-02.14.59:364][436]LogSwarmInterface: [TryOpenConnection] Opening Connection to Agent
[2017.04.27-02.14.59:364][436]LogSwarmInterface: [TryOpenConnection] Local Process ID is 10532
[2017.04.27-02.15.05:372][436]LogStaticLightingSystem: Running Lightmass w/ ImmediateImport mode ENABLED
[2017.04.27-02.15.05:372][436]LogStaticLightingSystem: Running Lightmass w/ ImmediateProcess mode ENABLED
[2017.04.27-02.15.05:372][436]LogStaticLightingSystem: Running Lightmass w/ Sorting mode ENABLED
[2017.04.27-02.15.05:372][436]LogStaticLightingSystem: Running Lightmass w/ Mapping paddings ENABLED
[2017.04.27-02.15.05:372][436]LogStaticLightingSystem: Running Lightmass w/ Mapping debug paddings DISABLED
[2017.04.27-02.15.07:493][436]Cmd: MAP CHECK DONTDISPLAYDIALOG
[2017.04.27-02.15.07:494][436]MapCheck: New page: FirstPersonExampleMap - Apr 26, 2017, 12:15:07 PM
[2017.04.27-02.15.07:606][436]MapCheck:Warning: Warning InstancedFoliageActor_0 Static mesh actor has NULL StaticMesh property 
[2017.04.27-02.15.07:835][436]MapCheck: Info Map check complete: 0 Error(s), 1 Warning(s), took 341.175ms to complete.
[2017.04.27-02.15.07:857][436]LogEditorBuildUtils: Build time 0:24
[2017.04.27-02.16.35:360][223]LogStreaming:Warning: Took 1614.69ms to ProcessLoadedPackages
[2017.04.27-02.17.44:884][310]Job is a success!
[2017.04.27-02.19.07:066][311]LogTexture:Display: Building textures: HQ_Lightmap0_2 (AutoDXT, 2048X2048) - 211 MB total VRAM
[2017.04.27-02.19.07:066][311]LogTexture:Display: Building textures: HQ_Lightmap0_1 (AutoDXT, 2048X2048) - 211 MB total VRAM
[2017.04.27-02.19.07:066][311]LogTexture:Display: Building textures: SkyOcclusion0_2 (AutoDXT, 2048X1024) - 211 MB total VRAM
[2017.04.27-02.19.07:066][311]LogTexture:Display: Building textures: LQ_Lightmap_0_2 (DXT1, 2048X2048) - 211 MB total VRAM
[2017.04.27-02.19.07:066][311]LogTexture:Display: Building textures: SkyOcclusion0_1 (AutoDXT, 2048X1024) - 211 MB total VRAM
[2017.04.27-02.19.07:066][311]LogTexture:Display: Building textures: LQ_Lightmap_0_1 (DXT1, 2048X2048) - 211 MB total VRAM
[2017.04.27-02.19.07:066][311]LogTexture:Display: Building textures: HQ_Lightmap0_3 (AutoDXT, 2048X2048) - 211 MB total VRAM
[2017.04.27-02.19.07:066][311]LogTexture:Display: Building textures: SkyOcclusion0_3 (AutoDXT, 2048X1024) - 211 MB total VRAM
[2017.04.27-02.19.07:066][311]LogTexture:Display: Building textures: LQ_Lightmap_0_3 (DXT1, 2048X2048) - 211 MB total VRAM
[2017.04.27-02.19.07:066][311]LogTexture:Display: Building textures: SkyOcclusion0_4 (AutoDXT, 2048X1024) - 211 MB total VRAM
[2017.04.27-02.19.07:066][311]LogTexture:Display: Building textures: HQ_Lightmap0_4 (AutoDXT, 2048X2048) - 211 MB total VRAM
[2017.04.27-02.19.07:066][311]LogTexture:Display: Building textures: LQ_Lightmap_0_4 (DXT1, 2048X2048) - 211 MB total VRAM
[2017.04.27-02.19.07:066][311]LogTexture:Display: Building textures: SkyOcclusion0_5 (AutoDXT, 256X128) - 211 MB total VRAM
[2017.04.27-02.19.07:067][311]LogTexture:Display: Building textures: HQ_Lightmap0_5 (AutoDXT, 256X256) - 211 MB total VRAM
[2017.04.27-02.19.07:067][311]LogTexture:Display: Building textures: LQ_Lightmap_0_5 (DXT1, 256X256) - 211 MB total VRAM
[2017.04.27-02.19.07:067][311]LogTexture:Display: Building textures: SkyOcclusion1_6 (AutoDXT, 256X128) - 211 MB total VRAM
[2017.04.27-02.19.07:067][311]LogTexture:Display: Building textures: HQ_Lightmap1_6 (AutoDXT, 256X256) - 211 MB total VRAM
[2017.04.27-02.19.07:067][311]LogTexture:Display: Building textures: LQ_Lightmap_1_6 (DXT1, 256X256) - 211 MB total VRAM
[2017.04.27-02.19.07:067][311]LogTexture:Display: Building textures: LQ_Lightmap_0_7 (DXT1, 256X256) - 211 MB total VRAM
[2017.04.27-02.19.07:067][311]LogTexture:Display: Building textures: SkyOcclusion0_8 (AutoDXT, 256X128) - 211 MB total VRAM
[2017.04.27-02.19.07:067][311]LogTexture:Display: Building textures: HQ_Lightmap0_8 (AutoDXT, 256X256) - 211 MB total VRAM
[2017.04.27-02.19.07:067][311]LogTexture:Display: Building textures: SkyOcclusion0_9 (AutoDXT, 256X128) - 211 MB total VRAM
[2017.04.27-02.19.07:067][311]LogTexture:Display: Building textures: HQ_Lightmap0_7 (AutoDXT, 256X256) - 211 MB total VRAM
[2017.04.27-02.19.07:067][311]LogTexture:Display: Building textures: SkyOcclusion0_7 (AutoDXT, 256X128) - 211 MB total VRAM
[2017.04.27-02.19.07:067][311]LogTexture:Display: Building textures: SkyOcclusion0_10 (AutoDXT, 256X128) - 211 MB total VRAM
[2017.04.27-02.19.07:067][311]LogTexture:Display: Building textures: HQ_Lightmap0_10 (AutoDXT, 256X256) - 211 MB total VRAM
[2017.04.27-02.19.07:067][311]LogTexture:Display: Building textures: LQ_Lightmap_0_8 (DXT1, 256X256) - 211 MB total VRAM
[2017.04.27-02.19.07:067][311]LogTexture:Display: Building textures: SkyOcclusion0_11 (AutoDXT, 256X128) - 211 MB total VRAM
[2017.04.27-02.19.07:067][311]LogTexture:Display: Building textures: LQ_Lightmap_0_10 (DXT1, 256X256) - 211 MB total VRAM
[2017.04.27-02.19.07:067][311]LogTexture:Display: Building textures: HQ_Lightmap0_11 (AutoDXT, 256X256) - 211 MB total VRAM
[2017.04.27-02.19.07:067][311]LogTexture:Display: Building textures: LQ_Lightmap_0_9 (DXT1, 256X256) - 211 MB total VRAM
[2017.04.27-02.19.07:067][311]LogTexture:Display: Building textures: LQ_Lightmap_0_11 (DXT1, 256X256) - 211 MB total VRAM
[2017.04.27-02.19.07:067][311]LogTexture:Display: Building textures: LQ_Lightmap_0_12 (DXT1, 256X256) - 211 MB total VRAM
[2017.04.27-02.19.07:067][311]LogTexture:Display: Building textures: SkyOcclusion0_13 (AutoDXT, 256X128) - 211 MB total VRAM
[2017.04.27-02.19.07:067][311]LogTexture:Display: Building textures: HQ_Lightmap0_13 (AutoDXT, 256X256) - 211 MB total VRAM
[2017.04.27-02.19.07:067][311]LogTexture:Display: Building textures: SkyOcclusion0_12 (AutoDXT, 256X128) - 211 MB total VRAM
[2017.04.27-02.19.07:067][311]LogTexture:Display: Building textures: HQ_Lightmap0_12 (AutoDXT, 256X256) - 211 MB total VRAM
[2017.04.27-02.19.07:067][311]LogTexture:Display: Building textures: HQ_Lightmap0_9 (AutoDXT, 256X256) - 211 MB total VRAM
[2017.04.27-02.19.07:067][311]LogTexture:Display: Building textures: LQ_Lightmap_0_14 (DXT1, 256X256) - 211 MB total VRAM
[2017.04.27-02.19.07:067][311]LogTexture:Display: Building textures: LQ_Lightmap_0_13 (DXT1, 256X256) - 211 MB total VRAM
[2017.04.27-02.19.07:067][311]LogTexture:Display: Building textures: HQ_Lightmap0_14 (AutoDXT, 256X256) - 211 MB total VRAM
[2017.04.27-02.19.07:067][311]LogTexture:Display: Building textures: HQ_Lightmap0_15 (AutoDXT, 256X256) - 211 MB total VRAM
[2017.04.27-02.19.07:067][311]LogTexture:Display: Building textures: SkyOcclusion0_14 (AutoDXT, 256X128) - 211 MB total VRAM
[2017.04.27-02.19.07:067][311]LogTexture:Display: Building textures: SkyOcclusion0_16 (AutoDXT, 256X128) - 211 MB total VRAM
[2017.04.27-02.19.07:067][311]LogTexture:Display: Building textures: SkyOcclusion0_15 (AutoDXT, 256X128) - 211 MB total VRAM
[2017.04.27-02.19.07:067][311]LogTexture:Display: Building textures: HQ_Lightmap0_16 (AutoDXT, 256X256) - 211 MB total VRAM
[2017.04.27-02.19.07:067][311]LogTexture:Display: Building textures: LQ_Lightmap_0_16 (DXT1, 256X256) - 211 MB total VRAM
[2017.04.27-02.19.07:067][311]LogTexture:Display: Building textures: HQ_Lightmap0_17 (AutoDXT, 128X128) - 211 MB total VRAM
[2017.04.27-02.19.07:067][311]LogTexture:Display: Building textures: LQ_Lightmap_0_17 (DXT1, 128X128) - 211 MB total VRAM
[2017.04.27-02.19.07:067][311]LogTexture:Display: Building textures: SkyOcclusion0_18 (AutoDXT, 256X128) - 211 MB total VRAM
[2017.04.27-02.19.07:067][311]LogTexture:Display: Building textures: LQ_Lightmap_0_15 (DXT1, 256X256) - 211 MB total VRAM
[2017.04.27-02.19.07:067][311]LogTexture:Display: Building textures: LQ_Lightmap_0_18 (DXT1, 256X256) - 211 MB total VRAM
[2017.04.27-02.19.07:067][311]LogTexture:Display: Building textures: SkyOcclusion0_17 (AutoDXT, 128X64) - 211 MB total VRAM
[2017.04.27-02.19.07:067][311]LogTexture:Display: Building textures: HQ_Lightmap0_19 (AutoDXT, 128X128) - 211 MB total VRAM
[2017.04.27-02.19.07:067][311]LogTexture:Display: Building textures: LQ_Lightmap_0_19 (DXT1, 128X128) - 211 MB total VRAM
[2017.04.27-02.19.07:067][311]LogTexture:Display: Building textures: SkyOcclusion0_20 (AutoDXT, 128X64) - 211 MB total VRAM
[2017.04.27-02.19.07:067][311]LogTexture:Display: Building textures: LQ_Lightmap_0_20 (DXT1, 128X128) - 211 MB total VRAM
[2017.04.27-02.19.07:067][311]LogTexture:Display: Building textures: HQ_Lightmap0_18 (AutoDXT, 256X256) - 211 MB total VRAM
[2017.04.27-02.19.07:067][311]LogTexture:Display: Building textures: HQ_Lightmap0_21 (AutoDXT, 256X256) - 211 MB total VRAM
[2017.04.27-02.19.07:067][311]LogTexture:Display: Building textures: LQ_Lightmap_0_21 (DXT1, 256X256) - 211 MB total VRAM
[2017.04.27-02.19.07:067][311]LogTexture:Display: Building textures: SkyOcclusion0_22 (AutoDXT, 256X128) - 211 MB total VRAM
[2017.04.27-02.19.07:067][311]LogTexture:Display: Building textures: HQ_Lightmap0_22 (AutoDXT, 256X256) - 211 MB total VRAM
[2017.04.27-02.19.07:067][311]LogTexture:Display: Building textures: LQ_Lightmap_0_22 (DXT1, 256X256) - 211 MB total VRAM
[2017.04.27-02.19.07:067][311]LogTexture:Display: Building textures: HQ_Lightmap0_23 (AutoDXT, 128X128) - 211 MB total VRAM
[2017.04.27-02.19.07:067][311]LogTexture:Display: Building textures: LQ_Lightmap_0_23 (DXT1, 128X128) - 211 MB total VRAM
[2017.04.27-02.19.07:067][311]LogTexture:Display: Building textures: HQ_Lightmap0_24 (AutoDXT, 128X128) - 212 MB total VRAM
[2017.04.27-02.19.07:067][311]LogTexture:Display: Building textures: SkyOcclusion0_21 (AutoDXT, 256X128) - 212 MB total VRAM
[2017.04.27-02.19.07:068][311]LogTexture:Display: Building textures: LQ_Lightmap_0_24 (DXT1, 128X128) - 212 MB total VRAM
[2017.04.27-02.19.07:068][311]LogTexture:Display: Building textures: SkyOcclusion0_23 (AutoDXT, 128X64) - 212 MB total VRAM
[2017.04.27-02.19.07:068][311]LogTexture:Display: Building textures: SkyOcclusion0_24 (AutoDXT, 128X64) - 212 MB total VRAM
[2017.04.27-02.19.07:068][311]LogTexture:Display: Building textures: SkyOcclusion0_25 (AutoDXT, 128X64) - 212 MB total VRAM
[2017.04.27-02.19.07:068][311]LogTexture:Display: Building textures: HQ_Lightmap0_25 (AutoDXT, 128X128) - 212 MB total VRAM
[2017.04.27-02.19.07:068][311]LogTexture:Display: Building textures: SkyOcclusion1_26 (AutoDXT, 64X32) - 212 MB total VRAM
[2017.04.27-02.19.07:068][311]LogTexture:Display: Building textures: HQ_Lightmap1_26 (AutoDXT, 64X64) - 212 MB total VRAM
[2017.04.27-02.19.07:068][311]LogTexture:Display: Building textures: LQ_Lightmap_1_26 (DXT1, 64X64) - 212 MB total VRAM
[2017.04.27-02.19.07:068][311]LogTexture:Display: Building textures: HQ_Lightmap0_20 (AutoDXT, 128X128) - 212 MB total VRAM
[2017.04.27-02.19.07:068][311]LogTexture:Display: Building textures: LQ_Lightmap_0_25 (DXT1, 128X128) - 212 MB total VRAM
[2017.04.27-02.19.07:068][311]LogTexture:Display: Building textures: SkyOcclusion0_19 (AutoDXT, 128X64) - 212 MB total VRAM
[2017.04.27-02.19.26:690][311]LogTexture:Display: Building textures: ShadowMapTexture2D_0 (BGRA8, 1024X1024) - 212 MB total VRAM
[2017.04.27-02.19.26:690][311]LogTexture:Display: Building textures: ShadowMapTexture2D_2 (BGRA8, 1024X1024) - 212 MB total VRAM
[2017.04.27-02.19.26:690][311]LogTexture:Display: Building textures: ShadowMapTexture2D_1 (BGRA8, 1024X1024) - 212 MB total VRAM
[2017.04.27-02.19.26:890][311]LogTexture:Display: Building textures: ShadowMapTexture2D_3 (BGRA8, 1024X1024) - 212 MB total VRAM
[2017.04.27-02.19.27:090][311]LogTexture:Display: Building textures: ShadowMapTexture2D_4 (BGRA8, 1024X1024) - 212 MB total VRAM
[2017.04.27-02.19.27:090][311]LogTexture:Display: Building textures: ShadowMapTexture2D_8 (G8, 256X64) - 212 MB total VRAM
[2017.04.27-02.19.27:090][311]LogTexture:Display: Building textures: ShadowMapTexture2D_7 (BGRA8, 512X64) - 212 MB total VRAM
[2017.04.27-02.19.27:090][311]LogTexture:Display: Building textures: ShadowMapTexture2D_9 (G8, 256X64) - 212 MB total VRAM
[2017.04.27-02.19.27:090][311]LogTexture:Display: Building textures: ShadowMapTexture2D_10 (G8, 256X64) - 212 MB total VRAM
[2017.04.27-02.19.27:090][311]LogTexture:Display: Building textures: ShadowMapTexture2D_15 (G8, 256X64) - 212 MB total VRAM
[2017.04.27-02.19.27:090][311]LogTexture:Display: Building textures: ShadowMapTexture2D_12 (G8, 256X64) - 212 MB total VRAM
[2017.04.27-02.19.27:090][311]LogTexture:Display: Building textures: ShadowMapTexture2D_16 (G8, 256X64) - 212 MB total VRAM
[2017.04.27-02.19.27:090][311]LogTexture:Display: Building textures: ShadowMapTexture2D_5 (BGRA8, 1024X1024) - 212 MB total VRAM
[2017.04.27-02.19.27:090][311]LogTexture:Display: Building textures: ShadowMapTexture2D_14 (G8, 256X64) - 212 MB total VRAM
[2017.04.27-02.19.27:090][311]LogTexture:Display: Building textures: ShadowMapTexture2D_17 (G8, 256X64) - 212 MB total VRAM
[2017.04.27-02.19.27:587][311]LogTexture:Display: Building textures: ShadowMapTexture2D_18 (G8, 256X64) - 212 MB total VRAM
[2017.04.27-02.19.27:587][311]LogTexture:Display: Building textures: ShadowMapTexture2D_19 (G8, 256X64) - 212 MB total VRAM
[2017.04.27-02.19.27:587][311]LogTexture:Display: Building textures: ShadowMapTexture2D_23 (G8, 128X64) - 212 MB total VRAM
[2017.04.27-02.19.27:587][311]LogTexture:Display: Building textures: ShadowMapTexture2D_22 (G8, 128X64) - 212 MB total VRAM
[2017.04.27-02.19.27:587][311]LogTexture:Display: Building textures: ShadowMapTexture2D_26 (G8, 128X64) - 212 MB total VRAM
[2017.04.27-02.19.27:587][311]LogTexture:Display: Building textures: ShadowMapTexture2D_27 (G8, 64X64) - 212 MB total VRAM
[2017.04.27-02.19.27:587][311]LogTexture:Display: Building textures: ShadowMapTexture2D_21 (G8, 256X64) - 212 MB total VRAM
[2017.04.27-02.19.27:587][311]LogTexture:Display: Building textures: ShadowMapTexture2D_59 (G8, 32X32) - 212 MB total VRAM
[2017.04.27-02.19.27:587][311]LogTexture:Display: Building textures: ShadowMapTexture2D_24 (G8, 256X64) - 212 MB total VRAM
[2017.04.27-02.19.27:587][311]LogTexture:Display: Building textures: ShadowMapTexture2D_13 (G8, 256X64) - 212 MB total VRAM
[2017.04.27-02.19.27:587][311]LogTexture:Display: Building textures: ShadowMapTexture2D_11 (G8, 256X64) - 212 MB total VRAM
[2017.04.27-02.19.27:588][311]LogTexture:Display: Building textures: ShadowMapTexture2D_6 (BGRA8, 1024X1024) - 212 MB total VRAM
[2017.04.27-02.19.27:701][311]LogTexture:Display: Building textures: ShadowMapTexture2D_25 (G8, 256X64) - 212 MB total VRAM
[2017.04.27-02.19.27:701][311]LogTexture:Display: Building textures: ShadowMapTexture2D_20 (G8, 128X64) - 212 MB total VRAM
[2017.04.27-02.19.27:701][311]LogTexture:Display: Building textures: ShadowMapTexture2D_28 (BGRA8, 32X64) - 212 MB total VRAM
[2017.04.27-02.19.50:335][311]Lightmass on BEN: 4:21 min total, 13.5 sec importing, 1.01 sec setup, 17.9 sec photons, 3:48 min processing, 0 ms extra exporting [98/98 mappings]. Threads: 26:38 min total, 8:25 min processing.
[2017.04.27-02.19.54:799][311]LogStaticLightingSystem: Illumination: 5:02 min (8.77 sec encoding lightmaps, 20.6 sec encoding shadowmaps)
[2017.04.27-02.19.54:799][311]LogStaticLightingSystem: Lightmap texture memory:  45.2 MB (45.2 MB streaming, 0.0 MB non-streaming), 52 textures
[2017.04.27-02.19.54:799][311]LogStaticLightingSystem: Shadowmap texture memory: 37.9 MB (37.9 MB streaming, 0.0 MB non-streaming), 30 textures
[2017.04.27-02.19.57:151][311]DumpUnbuiltLightIteractions
[2017.04.27-02.19.57:151][311]Lights with unbuilt interactions: 0
[2017.04.27-02.19.57:151][311]
[2017.04.27-02.19.57:151][311]Primitives with unbuilt interactions: 0
[2017.04.27-02.19.58:184][312]Cmd: MAP CHECK NOTIFYRESULTS
[2017.04.27-02.19.58:586][312]MapCheck: New page: FirstPersonExampleMap - Apr 26, 2017, 12:19:58 PM
[2017.04.27-02.19.59:093][312]MapCheck:Warning: Warning InstancedFoliageActor_0 Static mesh actor has NULL StaticMesh property 
[2017.04.27-02.20.23:497][312]MapCheck: Info Map check complete: 0 Error(s), 1 Warning(s), took 25,174.117ms to complete.
[2017.04.27-02.20.55:887][381]LogSavePackage: Save=17449.38ms
[2017.04.27-02.20.55:911][381]LogSavePackage: Moving '../../../../../../Users/Ben/Documents/Unreal Projects/CSC433TeamProject/Saved/FirstPersonExampleMap9DC62AD4456315023A25AC9C35EA7A1C.tmp' to '../../../../../../Users/Ben/Documents/Unreal Projects/CSC433TeamProject/Content/FirstPersonCPP/Maps/FirstPersonExampleMap.umap'
[2017.04.27-02.20.56:401][381]LogSavePackage:Display: Finished SavePackage ../../../../../../Users/Ben/Documents/Unreal Projects/CSC433TeamProject/Content/FirstPersonCPP/Maps/FirstPersonExampleMap.umap
[2017.04.27-02.20.56:896][381]LogFileHelpers: Saving map 'FirstPersonExampleMap' took 20.751
[2017.04.27-02.21.11:891][381]LogSavePackage: Save=5774.14ms
[2017.04.27-02.21.11:891][381]LogSavePackage: Moving '../../../../../../Users/Ben/Documents/Unreal Projects/CSC433TeamProject/Saved/FirstPersonExampleMap_BuiltDataCC1125B84F736339442ED6B79FC7F2FF.tmp' to '../../../../../../Users/Ben/Documents/Unreal Projects/CSC433TeamProject/Content/FirstPersonCPP/Maps/FirstPersonExampleMap_BuiltData.uasset'
[2017.04.27-02.21.11:925][381]LogSavePackage:Display: Finished SavePackage ../../../../../../Users/Ben/Documents/Unreal Projects/CSC433TeamProject/Content/FirstPersonCPP/Maps/FirstPersonExampleMap_BuiltData.uasset
[2017.04.27-02.21.12:984][381]LogWindowsTextInputMethodSystem:Display: IME system now deactivated.
[2017.04.27-02.21.16:304][382]Cmd: QUIT_EDITOR
[2017.04.27-02.21.20:533][382]LogExit: Preparing to exit.
[2017.04.27-02.21.24:557][382]LogDirectoryWatcher: A directory notification for 'C:/Users/Ben/Documents/Unreal Projects/CSC433TeamProject/Content/' was aborted.
[2017.04.27-02.21.27:263][382]LogExit: Editor shut down
[2017.04.27-02.21.27:266][382]LogExit: Transaction tracking system shut down
[2017.04.27-02.21.47:894][382]LogObj: Freed 0b from 0 cluster array pools.
[2017.04.27-02.21.47:895][382]LogExit: Object subsystem successfully closed.
[2017.04.27-02.21.52:894][382]LogD3D11RHI: Shutdown
[2017.04.27-02.21.52:960][382]LogD3D11RHI: CleanupD3DDevice
[2017.04.27-02.21.54:958][382]LogD3D11RHI: ~FD3D11DynamicRHI
[2017.04.27-02.22.07:186][382]LogModuleManager: Shutting down and abandoning module HierarchicalLODUtilities (500)
[2017.04.27-02.22.07:216][382]LogModuleManager: Shutting down and abandoning module HierarchicalLODOutliner (498)
[2017.04.27-02.22.07:225][382]LogModuleManager: Shutting down and abandoning module CrashTracker (496)
[2017.04.27-02.22.07:246][382]LogModuleManager: Shutting down and abandoning module SceneOutliner (494)
[2017.04.27-02.22.07:275][382]LogModuleManager: Shutting down and abandoning module AddContentDialog (492)
[2017.04.27-02.22.07:443][382]LogDirectoryWatcher: A directory notification for 'C:/Program Files/Epic Games/UE_4.15/FeaturePacks/' was aborted.
[2017.04.27-02.22.07:484][382]LogModuleManager: Shutting down and abandoning module WidgetCarousel (491)
[2017.04.27-02.22.07:484][382]LogModuleManager: Shutting down and abandoning module EditorWidgets (488)
[2017.04.27-02.22.07:484][382]LogModuleManager: Shutting down and abandoning module CollectionManager (486)
[2017.04.27-02.22.07:502][382]LogDirectoryWatcher: A directory notification for 'C:/Users/Ben/Documents/Unreal Projects/CSC433TeamProject/Content/Collections/' was aborted.
[2017.04.27-02.22.07:502][382]LogDirectoryWatcher: A directory notification for 'C:/Users/Ben/Documents/Unreal Projects/CSC433TeamProject/Content/Developers/Ben/Collections/' was aborted.
[2017.04.27-02.22.07:502][382]LogDirectoryWatcher: A directory notification for 'C:/Users/Ben/Documents/Unreal Projects/CSC433TeamProject/Saved/Collections/' was aborted.
[2017.04.27-02.22.07:503][382]LogModuleManager: Shutting down and abandoning module StatsViewer (484)
[2017.04.27-02.22.07:511][382]LogModuleManager: Shutting down and abandoning module FoliageEdit (482)
[2017.04.27-02.22.07:525][382]LogModuleManager: Shutting down and abandoning module LandscapeEditor (480)
[2017.04.27-02.22.07:622][382]LogModuleManager: Shutting down and abandoning module SceneDepthPickerMode (478)
[2017.04.27-02.22.07:622][382]LogModuleManager: Shutting down and abandoning module ActorPickerMode (476)
[2017.04.27-02.22.07:622][382]LogModuleManager: Shutting down and abandoning module GeometryMode (474)
[2017.04.27-02.22.07:622][382]LogModuleManager: Shutting down and abandoning module TextureAlignMode (472)
[2017.04.27-02.22.07:622][382]LogModuleManager: Shutting down and abandoning module BspMode (470)
[2017.04.27-02.22.07:641][382]LogModuleManager: Shutting down and abandoning module HardwareSurvey (468)
[2017.04.27-02.22.07:651][382]LogModuleManager: Shutting down and abandoning module SequenceRecorderSections (466)
[2017.04.27-02.22.07:651][382]LogModuleManager: Shutting down and abandoning module AutomationWorker (464)
[2017.04.27-02.22.07:660][382]LogModuleManager: Shutting down and abandoning module MatineeToLevelSequence (462)
[2017.04.27-02.22.07:704][382]LogModuleManager: Shutting down and abandoning module LevelSequenceEditor (460)
[2017.04.27-02.22.07:780][382]LogModuleManager: Shutting down and abandoning module PlacementMode (459)
[2017.04.27-02.22.07:780][382]LogModuleManager: Shutting down and abandoning module WmfMediaFactory (456)
[2017.04.27-02.22.07:780][382]LogModuleManager: Shutting down and abandoning module WmfMediaEditor (454)
[2017.04.27-02.22.07:780][382]LogModuleManager: Shutting down and abandoning module MfMediaFactory (452)
[2017.04.27-02.22.07:780][382]LogModuleManager: Shutting down and abandoning module MfMediaEditor (450)
[2017.04.27-02.22.07:780][382]LogModuleManager: Shutting down and abandoning module AvfMediaFactory (448)
[2017.04.27-02.22.07:780][382]LogModuleManager: Shutting down and abandoning module AvfMediaEditor (446)
[2017.04.27-02.22.07:780][382]LogModuleManager: Shutting down and abandoning module AndroidMediaFactory (444)
[2017.04.27-02.22.07:780][382]LogModuleManager: Shutting down and abandoning module Media (443)
[2017.04.27-02.22.07:780][382]LogModuleManager: Shutting down and abandoning module AndroidMediaEditor (440)
[2017.04.27-02.22.07:781][382]LogModuleManager: Shutting down and abandoning module CharacterAI (438)
[2017.04.27-02.22.07:781][382]LogModuleManager: Shutting down and abandoning module AudioCapture (436)
[2017.04.27-02.22.07:795][382]LogModuleManager: Shutting down and abandoning module SequenceRecorder (435)
[2017.04.27-02.22.07:857][382]LogModuleManager: Shutting down and abandoning module SmartSnapping (432)
[2017.04.27-02.22.07:858][382]LogModuleManager: Shutting down and abandoning module SessionServices (430)
[2017.04.27-02.22.07:858][382]LogModuleManager: Shutting down and abandoning module ViewportSnapping (428)
[2017.04.27-02.22.07:858][382]LogModuleManager: Shutting down and abandoning module ViewportInteraction (426)
[2017.04.27-02.22.07:858][382]LogModuleManager: Shutting down and abandoning module LogVisualizer (424)
[2017.04.27-02.22.08:042][382]LogModuleManager: Shutting down and abandoning module IntroTutorials (422)
[2017.04.27-02.22.08:437][382]LogModuleManager: Shutting down and abandoning module GameProjectGeneration (421)
[2017.04.27-02.22.08:496][382]LogModuleManager: Shutting down and abandoning module EditorLiveStreaming (418)
[2017.04.27-02.22.08:512][382]LogModuleManager: Shutting down and abandoning module IOSPlatformEditor (416)
[2017.04.27-02.22.08:599][382]LogModuleManager: Shutting down and abandoning module HTML5PlatformEditor (414)
[2017.04.27-02.22.08:599][382]LogModuleManager: Shutting down and abandoning module AndroidPlatformEditor (412)
[2017.04.27-02.22.08:614][382]LogModuleManager: Shutting down and abandoning module AndroidDeviceDetection (411)
[2017.04.27-02.22.08:830][382]LogModuleManager: Shutting down and abandoning module IOSRuntimeSettings (408)
[2017.04.27-02.22.08:830][382]LogModuleManager: Shutting down and abandoning module AndroidRuntimeSettings (406)
[2017.04.27-02.22.08:830][382]LogModuleManager: Shutting down and abandoning module InputBindingEditor (404)
[2017.04.27-02.22.08:899][382]LogModuleManager: Shutting down and abandoning module NiagaraEditor (402)
[2017.04.27-02.22.09:095][382]LogModuleManager: Shutting down and abandoning module MergeActors (400)
[2017.04.27-02.22.09:144][382]LogModuleManager: Shutting down and abandoning module SizeMap (398)
[2017.04.27-02.22.09:176][382]LogModuleManager: Shutting down and abandoning module TreeMap (396)
[2017.04.27-02.22.09:215][382]LogModuleManager: Shutting down and abandoning module ReferenceViewer (394)
[2017.04.27-02.22.09:215][382]LogModuleManager: Shutting down and abandoning module LocalizationDashboard (392)
[2017.04.27-02.22.09:323][382]LogModuleManager: Shutting down and abandoning module LocalizationService (391)
[2017.04.27-02.22.09:374][382]LogModuleManager: Shutting down and abandoning module HardwareTargeting (388)
[2017.04.27-02.22.09:374][382]LogModuleManager: Shutting down and abandoning module DeviceProfileEditor (386)
[2017.04.27-02.22.09:403][382]LogModuleManager: Shutting down and abandoning module UndoHistory (384)
[2017.04.27-02.22.09:460][382]LogModuleManager: Shutting down and abandoning module UserFeedback (382)
[2017.04.27-02.22.09:460][382]LogModuleManager: Shutting down and abandoning module XmlParser (380)
[2017.04.27-02.22.09:503][382]LogModuleManager: Shutting down and abandoning module Blutility (378)
[2017.04.27-02.22.09:503][382]LogModuleManager: Shutting down and abandoning module ProjectSettingsViewer (376)
[2017.04.27-02.22.09:503][382]LogModuleManager: Shutting down and abandoning module ProjectTargetPlatformEditor (375)
[2017.04.27-02.22.09:613][382]LogModuleManager: Shutting down and abandoning module EditorSettingsViewer (372)
[2017.04.27-02.22.09:614][382]LogModuleManager: Shutting down and abandoning module SettingsEditor (370)
[2017.04.27-02.22.09:696][382]LogModuleManager: Shutting down and abandoning module ProjectLauncher (368)
[2017.04.27-02.22.09:803][382]LogModuleManager: Shutting down and abandoning module SessionFrontend (366)
[2017.04.27-02.22.09:823][382]LogModuleManager: Shutting down and abandoning module ProfilerClient (364)
[2017.04.27-02.22.09:864][382]LogModuleManager: Shutting down and abandoning module DeviceManager (362)
[2017.04.27-02.22.09:948][382]LogModuleManager: Shutting down and abandoning module TargetDeviceServices (361)
[2017.04.27-02.22.09:992][382]LogModuleManager: Shutting down and abandoning module AutomationController (358)
[2017.04.27-02.22.10:190][382]LogModuleManager: Shutting down and abandoning module AutomationWindow (356)
[2017.04.27-02.22.10:290][382]LogModuleManager: Shutting down and abandoning module Layers (354)
[2017.04.27-02.22.10:470][382]LogModuleManager: Shutting down and abandoning module ComponentVisualizers (352)
[2017.04.27-02.22.10:471][382]LogModuleManager: Shutting down and abandoning module DetailCustomizations (350)
[2017.04.27-02.22.10:851][382]LogModuleManager: Shutting down and abandoning module PackagesDialog (348)
[2017.04.27-02.22.10:852][382]LogModuleManager: Shutting down and abandoning module Persona (346)
[2017.04.27-02.22.11:019][382]LogModuleManager: Shutting down and abandoning module AnimGraph (345)
[2017.04.27-02.22.11:019][382]LogModuleManager: Shutting down and abandoning module Kismet (342)
[2017.04.27-02.22.11:085][382]LogModuleManager: Shutting down and abandoning module GraphEditor (340)
[2017.04.27-02.22.11:337][382]LogModuleManager: Shutting down and abandoning module ClassViewer (338)
[2017.04.27-02.22.11:541][382]LogModuleManager: Shutting down and abandoning module Toolbox (336)
[2017.04.27-02.22.11:582][382]LogModuleManager: Shutting down and abandoning module ModuleUI (334)
[2017.04.27-02.22.11:710][382]LogModuleManager: Shutting down and abandoning module MovieSceneTools (332)
[2017.04.27-02.22.12:245][382]LogModuleManager: Shutting down and abandoning module OutputLog (330)
[2017.04.27-02.22.12:274][382]LogModuleManager: Shutting down and abandoning module GammaUI (328)
[2017.04.27-02.22.12:287][382]LogModuleManager: Shutting down and abandoning module Documentation (326)
[2017.04.27-02.22.12:287][382]LogModuleManager: Shutting down and abandoning module Niagara (324)
[2017.04.27-02.22.12:287][382]LogModuleManager: Shutting down and abandoning module StreamingPauseRendering (322)
[2017.04.27-02.22.12:287][382]LogModuleManager: Shutting down and abandoning module AnalyticsET (320)
[2017.04.27-02.22.12:288][382]LogModuleManager: Shutting down and abandoning module PortalServices (318)
[2017.04.27-02.22.12:288][382]LogModuleManager: Shutting down and abandoning module PortalRpc (316)
[2017.04.27-02.22.12:288][382]LogModuleManager: Shutting down and abandoning module MessagingRpc (314)
[2017.04.27-02.22.12:288][382]LogModuleManager: Shutting down and abandoning module AIModule (312)
[2017.04.27-02.22.12:374][382]LogModuleManager: Shutting down and abandoning module GameplayDebugger (311)
[2017.04.27-02.22.12:422][382]LogModuleManager: Shutting down and abandoning module AITestSuite (309)
[2017.04.27-02.22.12:445][382]LogModuleManager: Shutting down and abandoning module ProfilerService (306)
[2017.04.27-02.22.12:523][382]LogModuleManager: Shutting down and abandoning module TaskGraph (304)
[2017.04.27-02.22.12:534][382]LogModuleManager: Shutting down and abandoning module SteamVRController (302)
[2017.04.27-02.22.12:534][382]LogModuleManager: Shutting down and abandoning module SteamVR (300)
[2017.04.27-02.22.12:535][382]LogModuleManager: Shutting down and abandoning module ProceduralMeshComponentEditor (298)
[2017.04.27-02.22.12:535][382]LogModuleManager: Shutting down and abandoning module ProceduralMeshComponent (296)
[2017.04.27-02.22.12:535][382]LogModuleManager: Shutting down and abandoning module OculusLibrary (294)
[2017.04.27-02.22.12:535][382]LogModuleManager: Shutting down and abandoning module OculusInput (292)
[2017.04.27-02.22.12:535][382]LogModuleManager: Shutting down and abandoning module MobilePatchingUtils (290)
[2017.04.27-02.22.12:549][382]LogModuleManager: Shutting down and abandoning module CustomMeshComponent (288)
[2017.04.27-02.22.12:549][382]LogModuleManager: Shutting down and abandoning module CableComponent (286)
[2017.04.27-02.22.12:594][382]LogModuleManager: Shutting down and abandoning module ArchVisCharacter (284)
[2017.04.27-02.22.12:594][382]LogModuleManager: Shutting down and abandoning module MediaPlayerEditor (280)
[2017.04.27-02.22.12:811][382]LogModuleManager: Shutting down and abandoning module HTML5Networking (278)
[2017.04.27-02.22.12:811][382]LogModuleManager: Shutting down and abandoning module AlembicImporter (276)
[2017.04.27-02.22.12:820][382]LogModuleManager: Shutting down and abandoning module AlembicLibrary (275)
[2017.04.27-02.22.12:939][382]LogModuleManager: Shutting down and abandoning module GeometryCache (274)
[2017.04.27-02.22.12:939][382]LogModuleManager: Shutting down and abandoning module GeometryCacheEd (273)
[2017.04.27-02.22.12:939][382]LogModuleManager: Shutting down and abandoning module SuperSearchEditor (268)
[2017.04.27-02.22.12:939][382]LogModuleManager: Shutting down and abandoning module SuperSearch (267)
[2017.04.27-02.22.12:939][382]LogModuleManager: Shutting down and abandoning module SpeedTreeImporter (264)
[2017.04.27-02.22.13:180][382]LogModuleManager: Shutting down and abandoning module PluginBrowser (262)
[2017.04.27-02.22.13:467][382]LogModuleManager: Shutting down and abandoning module MobileLauncherProfileWizard (260)
[2017.04.27-02.22.13:537][382]LogModuleManager: Shutting down and abandoning module EpicSurvey (258)
[2017.04.27-02.22.13:552][382]LogModuleManager: Shutting down and abandoning module VisualStudioSourceCodeAccess (256)
[2017.04.27-02.22.13:557][382]LogModuleManager: Shutting down and abandoning module DesktopPlatform (255)
[2017.04.27-02.22.13:587][382]LogModuleManager: Shutting down and abandoning module UObjectPlugin (252)
[2017.04.27-02.22.13:587][382]LogModuleManager: Shutting down and abandoning module SubversionSourceControl (250)
[2017.04.27-02.22.13:610][382]LogModuleManager: Shutting down and abandoning module PerforceSourceControl (248)
[2017.04.27-02.22.13:628][382]LogModuleManager: Shutting down and abandoning module GitSourceControl (246)
[2017.04.27-02.22.13:651][382]LogModuleManager: Shutting down and abandoning module SourceControl (245)
[2017.04.27-02.22.13:731][382]LogModuleManager: Shutting down and abandoning module LightPropagationVolumeEditor (242)
[2017.04.27-02.22.13:774][382]LogModuleManager: Shutting down and abandoning module PaperTiledImporter (240)
[2017.04.27-02.22.13:774][382]LogModuleManager: Shutting down and abandoning module PaperSpriteSheetImporter (238)
[2017.04.27-02.22.13:774][382]LogModuleManager: Shutting down and abandoning module Paper2DEditor (236)
[2017.04.27-02.22.13:927][382]LogModuleManager: Shutting down and abandoning module MeshPaint (235)
[2017.04.27-02.22.13:927][382]LogModuleManager: Shutting down and abandoning module LevelEditor (233)
[2017.04.27-02.22.14:012][382]LogModuleManager: Shutting down and abandoning module PixelInspectorModule (232)
[2017.04.27-02.22.14:021][382]LogModuleManager: Shutting down and abandoning module MainFrame (230)
[2017.04.27-02.22.14:021][382]LogModuleManager: Shutting down and abandoning module HotReload (229)
[2017.04.27-02.22.14:097][382]LogModuleManager: Shutting down and abandoning module ContentBrowser (225)
[2017.04.27-02.22.14:135][382]LogModuleManager: Shutting down and abandoning module PhysXVehiclesEditor (222)
[2017.04.27-02.22.14:144][382]LogModuleManager: Shutting down and abandoning module PhysXVehicles (220)
[2017.04.27-02.22.14:144][382]LogModuleManager: Shutting down and abandoning module LocationServicesBPLibrary (218)
[2017.04.27-02.22.14:144][382]LogModuleManager: Shutting down and abandoning module UdpMessaging (216)
[2017.04.27-02.22.14:245][382]LogModuleManager: Shutting down and abandoning module TcpMessaging (214)
[2017.04.27-02.22.14:345][382]LogModuleManager: Shutting down and abandoning module GameplayTagsEditor (212)
[2017.04.27-02.22.14:373][382]LogModuleManager: Shutting down and abandoning module FacialAnimationEditor (210)
[2017.04.27-02.22.14:386][382]LogModuleManager: Shutting down and abandoning module FacialAnimation (208)
[2017.04.27-02.22.14:386][382]LogModuleManager: Shutting down and abandoning module LightPropagationVolumeRuntime (206)
[2017.04.27-02.22.14:386][382]LogModuleManager: Shutting down and abandoning module Paper2D (204)
[2017.04.27-02.22.14:386][382]LogModuleManager: Shutting down and abandoning module WindowsMoviePlayer (202)
[2017.04.27-02.22.14:408][382]LogModuleManager: Shutting down and abandoning module WmfMedia (200)
[2017.04.27-02.22.14:433][382]LogModuleManager: Shutting down and abandoning module MfMedia (198)
[2017.04.27-02.22.14:434][382]LogModuleManager: Shutting down and abandoning module MediaAssets (196)
[2017.04.27-02.22.14:434][382]LogModuleManager: Shutting down and abandoning module GameLiveStreaming (194)
[2017.04.27-02.22.14:434][382]LogModuleManager: Shutting down and abandoning module VREditor (192)
[2017.04.27-02.22.14:456][382]LogModuleManager: Shutting down and abandoning module GameplayTasksEditor (190)
[2017.04.27-02.22.14:457][382]LogModuleManager: Shutting down and abandoning module BehaviorTreeEditor (188)
[2017.04.27-02.22.14:628][382]LogModuleManager: Shutting down and abandoning module FunctionalTesting (186)
[2017.04.27-02.22.14:628][382]LogModuleManager: Shutting down and abandoning module CollisionAnalyzer (184)
[2017.04.27-02.22.14:782][382]LogModuleManager: Shutting down and abandoning module UMG (182)
[2017.04.27-02.22.14:838][382]LogModuleManager: Shutting down and abandoning module UMGEditor (181)
[2017.04.27-02.22.14:885][382]LogModuleManager: Shutting down and abandoning module Sequencer (180)
[2017.04.27-02.22.14:908][382]LogModuleManager: Shutting down and abandoning module AssetTools (178)
[2017.04.27-02.22.14:951][382]LogModuleManager: Shutting down and abandoning module MessageLog (177)
[2017.04.27-02.22.14:951][382]LogModuleManager: Shutting down and abandoning module WorkspaceMenuStructure (176)
[2017.04.27-02.22.14:993][382]LogModuleManager: Shutting down and abandoning module SlateReflector (170)
[2017.04.27-02.22.15:033][382]LogModuleManager: Shutting down and abandoning module Slate (168)
[2017.04.27-02.22.15:033][382]LogModuleManager: Shutting down and abandoning module EditorStyle (166)
[2017.04.27-02.22.15:107][382]LogModuleManager: Shutting down and abandoning module SourceCodeAccess (164)
[2017.04.27-02.22.15:127][382]LogModuleManager: Shutting down and abandoning module HeadMountedDisplay (162)
[2017.04.27-02.22.15:127][382]LogModuleManager: Shutting down and abandoning module XAudio2 (160)
[2017.04.27-02.22.15:128][382]LogModuleManager: Shutting down and abandoning module Networking (158)
[2017.04.27-02.22.15:128][382]LogModuleManager: Shutting down and abandoning module Core (154)
[2017.04.27-02.22.15:128][382]LogModuleManager: Shutting down and abandoning module AssetRegistry (152)
[2017.04.27-02.22.16:036][382]LogDirectoryWatcher: A directory notification for '../../../Engine/Content/' was aborted.
[2017.04.27-02.22.16:036][382]LogDirectoryWatcher: A directory notification for '../../../../../../Users/Ben/Documents/Unreal Projects/CSC433TeamProject/Content/' was aborted.
[2017.04.27-02.22.16:037][382]LogDirectoryWatcher: A directory notification for '../../../Engine/Plugins/2D/Paper2D/Content/' was aborted.
[2017.04.27-02.22.16:038][382]LogModuleManager: Shutting down and abandoning module DirectoryWatcher (151)
[2017.04.27-02.22.16:054][382]LogModuleManager: Shutting down and abandoning module KismetCompiler (148)
[2017.04.27-02.22.16:054][382]LogModuleManager: Shutting down and abandoning module PhysXFormats (146)
[2017.04.27-02.22.16:123][382]LogModuleManager: Shutting down and abandoning module MeshUtilities (144)
[2017.04.27-02.22.16:519][382]LogModuleManager: Shutting down and abandoning module SimplygonSwarm (143)
[2017.04.27-02.22.16:605][382]LogModuleManager: Shutting down and abandoning module SimplygonMeshReduction (141)
[2017.04.27-02.22.16:619][382]LogModuleManager: Shutting down and abandoning module QuadricMeshReduction (139)
[2017.04.27-02.22.16:729][382]LogModuleManager: Shutting down and abandoning module PropertyEditor (137)
[2017.04.27-02.22.17:370][382]LogModuleManager: Shutting down and abandoning module DerivedDataCache (134)
[2017.04.27-02.22.17:424][382]LogDerivedDataCache: Shutdown
[2017.04.27-02.22.17:424][382]LogModuleManager: Shutting down and abandoning module TargetPlatform (132)
[2017.04.27-02.22.17:478][382]LogModuleManager: Shutting down and abandoning module VulkanShaderFormat (131)
[2017.04.27-02.22.17:531][382]LogModuleManager: Shutting down and abandoning module ShaderFormatOpenGL (129)
[2017.04.27-02.22.17:554][382]LogModuleManager: Shutting down and abandoning module ShaderFormatD3D (127)
[2017.04.27-02.22.17:571][382]LogModuleManager: Shutting down and abandoning module MetalShaderFormat (125)
[2017.04.27-02.22.17:606][382]LogModuleManager: Shutting down and abandoning module TextureFormatUncompressed (123)
[2017.04.27-02.22.17:606][382]LogModuleManager: Shutting down and abandoning module TextureFormatPVR (121)
[2017.04.27-02.22.17:606][382]LogModuleManager: Shutting down and abandoning module TextureFormatDXT (119)
[2017.04.27-02.22.17:606][382]LogModuleManager: Shutting down and abandoning module TextureFormatIntelISPCTexComp (117)
[2017.04.27-02.22.17:820][382]LogModuleManager: Shutting down and abandoning module TextureFormatASTC (115)
[2017.04.27-02.22.17:821][382]LogModuleManager: Shutting down and abandoning module ImageWrapper (114)
[2017.04.27-02.22.17:821][382]LogModuleManager: Shutting down and abandoning module TextureFormatAndroid (111)
[2017.04.27-02.22.17:821][382]LogModuleManager: Shutting down and abandoning module AudioFormatOpus (109)
[2017.04.27-02.22.17:821][382]LogModuleManager: Shutting down and abandoning module AudioFormatOgg (107)
[2017.04.27-02.22.17:821][382]LogModuleManager: Shutting down and abandoning module AudioFormatADPCM (105)
[2017.04.27-02.22.17:821][382]LogModuleManager: Shutting down and abandoning module LinuxTargetPlatform (103)
[2017.04.27-02.22.17:822][382]LogModuleManager: Shutting down and abandoning module LinuxServerTargetPlatform (101)
[2017.04.27-02.22.17:822][382]LogModuleManager: Shutting down and abandoning module LinuxNoEditorTargetPlatform (99)
[2017.04.27-02.22.17:822][382]LogModuleManager: Shutting down and abandoning module LinuxClientTargetPlatform (97)
[2017.04.27-02.22.17:822][382]LogModuleManager: Shutting down and abandoning module TVOSTargetPlatform (95)
[2017.04.27-02.22.17:822][382]LogModuleManager: Shutting down and abandoning module Messaging (93)
[2017.04.27-02.22.17:822][382]LogModuleManager: Shutting down and abandoning module IOSTargetPlatform (91)
[2017.04.27-02.22.17:823][382]LogModuleManager: Shutting down and abandoning module HTML5TargetPlatform (89)
[2017.04.27-02.22.17:857][382]LogModuleManager: Shutting down and abandoning module Android_PVRTCTargetPlatform (87)
[2017.04.27-02.22.17:857][382]LogModuleManager: Shutting down and abandoning module Android_MultiTargetPlatform (85)
[2017.04.27-02.22.17:857][382]LogModuleManager: Shutting down and abandoning module Android_ETC2TargetPlatform (83)
[2017.04.27-02.22.17:857][382]LogModuleManager: Shutting down and abandoning module Android_ETC1TargetPlatform (81)
[2017.04.27-02.22.17:857][382]LogModuleManager: Shutting down and abandoning module Android_DXTTargetPlatform (79)
[2017.04.27-02.22.17:857][382]LogModuleManager: Shutting down and abandoning module Android_ATCTargetPlatform (77)
[2017.04.27-02.22.17:857][382]LogModuleManager: Shutting down and abandoning module Android_ASTCTargetPlatform (75)
[2017.04.27-02.22.17:869][382]LogModuleManager: Shutting down and abandoning module AndroidTargetPlatform (73)
[2017.04.27-02.22.17:900][382]LogModuleManager: Shutting down and abandoning module WindowsTargetPlatform (71)
[2017.04.27-02.22.17:900][382]LogModuleManager: Shutting down and abandoning module WindowsServerTargetPlatform (69)
[2017.04.27-02.22.17:900][382]LogModuleManager: Shutting down and abandoning module WindowsNoEditorTargetPlatform (67)
[2017.04.27-02.22.17:900][382]LogModuleManager: Shutting down and abandoning module WindowsClientTargetPlatform (65)
[2017.04.27-02.22.17:900][382]LogModuleManager: Shutting down and abandoning module MacTargetPlatform (63)
[2017.04.27-02.22.17:900][382]LogModuleManager: Shutting down and abandoning module MacServerTargetPlatform (61)
[2017.04.27-02.22.17:916][382]LogModuleManager: Shutting down and abandoning module MacNoEditorTargetPlatform (59)
[2017.04.27-02.22.17:926][382]LogModuleManager: Shutting down and abandoning module MacClientTargetPlatform (57)
[2017.04.27-02.22.17:936][382]LogModuleManager: Shutting down and abandoning module AllDesktopTargetPlatform (55)
[2017.04.27-02.22.17:936][382]LogModuleManager: Shutting down and abandoning module InputCore (52)
[2017.04.27-02.22.17:936][382]LogModuleManager: Shutting down and abandoning module Settings (50)
[2017.04.27-02.22.17:937][382]LogModuleManager: Shutting down and abandoning module OculusRift (48)
[2017.04.27-02.22.17:952][382]LogModuleManager: Shutting down and abandoning module GearVR (46)
[2017.04.27-02.22.17:966][382]LogModuleManager: Shutting down and abandoning module ExampleDeviceProfileSelector (44)
[2017.04.27-02.22.17:966][382]LogModuleManager: Shutting down and abandoning module OnlineBlueprintSupport (42)
[2017.04.27-02.22.17:966][382]LogModuleManager: Shutting down and abandoning module OnlineSubsystem (38)
[2017.04.27-02.22.17:966][382]LogOnline:Display: Unloading online subsystem: NULL
[2017.04.27-02.22.18:031][382]LogModuleManager: Shutting down and abandoning module XMPP (37)
[2017.04.27-02.22.18:078][382]LogModuleManager: Shutting down and abandoning module HTTP (35)
[2017.04.27-02.22.18:078][382]LogHttp:Display: Http module shutting down, but needs to wait on 1 outstanding Http requests:
[2017.04.27-02.22.18:078][382]LogHttp:Display: 	verb=[POST] url=[https://datarouter.ol.epicgames.com/datarouter/api/v1/public/data?SessionID=%7BE41495E1-414B-03BA-D3DF-A8A784810AF5%7D&AppID=UEEditor.Rocket.Release&AppVersion=4.15.1-3348071%2B%2B%2BUE4%2BRelease-4.15&UserID=120b57b3486e4067c9a574821aa03cd4%7Cbfeaeffc666644d1acbab0e600508cd9%7C2c4d8f98-788f-4a05-8290-d2d3a13e068e&AppEnvironment=datacollector-binary&UploadType=eteventstream] status=Processing
[2017.04.27-02.22.18:100][382]LogModuleManager: Shutting down and abandoning module SSL (34)
[2017.04.27-02.22.18:143][382]LogModuleManager: Shutting down and abandoning module AudioEditor (30)
[2017.04.27-02.22.18:160][382]LogModuleManager: Shutting down and abandoning module TextureCompressor (28)
[2017.04.27-02.22.18:160][382]LogModuleManager: Shutting down and abandoning module ShaderCore (26)
[2017.04.27-02.22.18:175][382]LogModuleManager: Shutting down and abandoning module Landscape (24)
[2017.04.27-02.22.18:175][382]LogModuleManager: Shutting down and abandoning module SlateRHIRenderer (22)
[2017.04.27-02.22.18:221][382]LogModuleManager: Shutting down and abandoning module OpenGLDrv (20)
[2017.04.27-02.22.18:268][382]LogModuleManager: Shutting down and abandoning module D3D11RHI (18)
[2017.04.27-02.22.18:268][382]LogModuleManager: Shutting down and abandoning module AnimGraphRuntime (16)
[2017.04.27-02.22.18:287][382]LogModuleManager: Shutting down and abandoning module Renderer (14)
[2017.04.27-02.22.18:287][382]LogModuleManager: Shutting down and abandoning module Engine (12)
[2017.04.27-02.22.18:287][382]LogModuleManager: Shutting down and abandoning module CoreUObject (10)
[2017.04.27-02.22.18:287][382]LogModuleManager: Shutting down and abandoning module NetworkFile (8)
[2017.04.27-02.22.18:299][382]LogModuleManager: Shutting down and abandoning module StreamingFile (6)
[2017.04.27-02.22.18:316][382]LogModuleManager: Shutting down and abandoning module SandboxFile (4)
[2017.04.27-02.22.18:333][382]LogModuleManager: Shutting down and abandoning module PakFile (2)
[2017.04.27-02.22.18:393][382]LogExit: Exiting.
[2017.04.27-02.22.18:407][382]Log file closed, 04/26/17 19:22:18
