Log file open, 04/27/17 11:38:30
LogInit:Display: Running engine for game: Project433
LogPlatformFile: Not using cached read wrapper
LogInit:Display: RandInit(72296426) SRandInit(72296426).
LogTaskGraph: Started task graph with 5 named threads and 8 total threads with 1 sets of task threads.
LogStats: Stats thread started at 0.129590
LogInit: Using libcurl 7.47.1
LogInit:  - built for x86_64-pc-win32
LogInit:  - supports SSL with OpenSSL/1.0.2g
LogInit:  - supports HTTP deflate (compression) using libz 1.2.8
LogInit:  - other features:
LogInit:      CURL_VERSION_SSL
LogInit:      CURL_VERSION_LIBZ
LogInit:      CURL_VERSION_IPV6
LogInit:      CURL_VERSION_ASYNCHDNS
LogInit:      CURL_VERSION_LARGEFILE
LogInit:      CURL_VERSION_IDN
LogInit:  CurlRequestOptions (configurable via config and command line):
LogInit:  - bVerifyPeer = false  - Libcurl will NOT verify peer certificate
LogInit:  - bUseHttpProxy = false  - Libcurl will NOT use HTTP proxy
LogInit:  - bDontReuseConnections = false  - Libcurl will reuse connections
LogInit:  - CertBundlePath = nullptr  - Libcurl will use whatever was configured at build time.
LogInit: Build: ++UE4+Release-4.15-CL-3348071
LogInit: Engine Version: 4.15.1-3348071+++UE4+Release-4.15
LogInit: Compatible Engine Version: 4.15.0-3299760+++UE4+Release-4.15
LogInit: Net CL: 3299760
LogDevObjectVersion: Number of dev versions registered: 14
LogDevObjectVersion:   Dev-Blueprints (B0D832E4-1F89-4F0D-ACCF-7EB736FD4AA2): 8
LogDevObjectVersion:   Dev-Build (E1C64328-A22C-4D53-A36C-8E866417BD8C): 0
LogDevObjectVersion:   Dev-Core (375EC13C-06E4-48FB-B500-84F0262A717E): 2
LogDevObjectVersion:   Dev-Editor (E4B068ED-F494-42E9-A231-DA0B2E46BB41): 14
LogDevObjectVersion:   Dev-Framework (CFFC743F-43B0-4480-9391-14DF171D2073): 22
LogDevObjectVersion:   Dev-Mobile (B02B49B5-BB20-44E9-A304-32B752E40360): 0
LogDevObjectVersion:   Dev-Networking (A4E4105C-59A1-49B5-A7C5-40C4547EDFEE): 0
LogDevObjectVersion:   Dev-Online (39C831C9-5AE6-47DC-9A44-9C173E1C8E7C): 0
LogDevObjectVersion:   Dev-Physics (78F01B33-EBEA-4F98-B9B4-84EACCB95AA2): 0
LogDevObjectVersion:   Dev-Platform (6631380F-2D4D-43E0-8009-CF276956A95A): 0
LogDevObjectVersion:   Dev-Rendering (12F88B9F-8875-4AFC-A67C-D90C383ABD29): 12
LogDevObjectVersion:   Dev-Sequencer (7B5AE74C-D270-4C10-A958-57980B212A5A): 3
LogDevObjectVersion:   Dev-VR (D7296918-1DD6-4BDD-9DE2-64A83CC13884): 0
LogDevObjectVersion:   Dev-LoadTimes (C2A15278-BFE7-4AFE-6C17-90FF531DF755): 1
LogInit: Compiled (64-bit): Mar 15 2017 16:52:47
LogInit: Compiled with Visual C++: 19.00.23026.00
LogInit: Build Configuration: Development
LogInit: Branch Name: ++UE4+Release-4.15
LogInit: Command line:  
LogInit: Base directory: C:/Program Files/Epic Games/UE_4.15/Engine/Binaries/Win64/
LogInit: Installed Engine Build: 1
LogInit: Presizing for max 8388607 objects, including 0 objects not considered by GC, pre-allocating 0 bytes for permanent pool.
LogInit: Object subsystem initialized
[2017.04.27-18.38.31:518][  0]LogInit: Selected Device Profile: [Windows]
[2017.04.27-18.38.31:518][  0]LogInit: Applying CVar settings loaded from the selected device profile: [Windows]
[2017.04.27-18.38.31:561][  0]LogInit: Computer: BEN
[2017.04.27-18.38.31:561][  0]LogInit: User: Ben
[2017.04.27-18.38.31:561][  0]LogInit: CPU Page size=65536, Cores=4
[2017.04.27-18.38.31:561][  0]LogInit: High frequency timer resolution =2.435779 MHz
[2017.04.27-18.38.31:561][  0]LogMemory: Memory total: Physical=7.9GB (8GB approx)
[2017.04.27-18.38.31:561][  0]LogMemory: Platform Memory Stats for Windows
[2017.04.27-18.38.31:561][  0]LogMemory: Process Physical Memory: 262.75 MB used, 262.75 MB peak
[2017.04.27-18.38.31:561][  0]LogMemory: Process Virtual Memory: 262.64 MB used, 262.64 MB peak
[2017.04.27-18.38.31:561][  0]LogMemory: Physical Memory: 3934.55 MB used,  4140.30 MB free, 8074.85 MB total
[2017.04.27-18.38.31:561][  0]LogMemory: Virtual Memory: 645.11 MB used,  4140.30 MB free, 134217728.00 MB total
[2017.04.27-18.38.31:720][  0]LogTextLocalizationManager: No specific translations for ('en-US') exist, so ('en') translations will be used.
[2017.04.27-18.38.34:605][  0]LogD3D11RHI: D3D11 adapters:
[2017.04.27-18.38.34:636][  0]LogD3D11RHI:    0. 'NVIDIA GeForce GTX 860M' (Feature Level 11_0)
[2017.04.27-18.38.34:636][  0]LogD3D11RHI:       2018/0/4037 MB DedicatedVideo/DedicatedSystem/SharedSystem, Outputs:1, VendorId:0x10de
[2017.04.27-18.38.34:651][  0]LogD3D11RHI:    1. 'Intel(R) HD Graphics 4600' (Feature Level 11_0)
[2017.04.27-18.38.34:651][  0]LogD3D11RHI:       112/0/2048 MB DedicatedVideo/DedicatedSystem/SharedSystem, Outputs:0, VendorId:0x8086
[2017.04.27-18.38.34:654][  0]LogD3D11RHI:    2. 'Microsoft Basic Render Driver' (Feature Level 11_0)
[2017.04.27-18.38.34:654][  0]LogD3D11RHI:       0/0/4037 MB DedicatedVideo/DedicatedSystem/SharedSystem, Outputs:0, VendorId:0x1414
[2017.04.27-18.38.34:654][  0]LogD3D11RHI: Chosen D3D11 Adapter: 0
[2017.04.27-18.38.34:670][  0]LogD3D11RHI: Creating new Direct3DDevice
[2017.04.27-18.38.34:670][  0]LogD3D11RHI:     GPU DeviceId: 0x1392 (for the marketing name, search the web for "GPU Device Id")
[2017.04.27-18.38.34:670][  0]LogWindows: EnumDisplayDevices:
[2017.04.27-18.38.34:671][  0]LogWindows:    0. 'Intel(R) HD Graphics 4600' (P:1 D:1)
[2017.04.27-18.38.34:671][  0]LogWindows:    1. 'Intel(R) HD Graphics 4600' (P:0 D:0)
[2017.04.27-18.38.34:672][  0]LogWindows:    2. 'Intel(R) HD Graphics 4600' (P:0 D:0)
[2017.04.27-18.38.34:672][  0]LogWindows: DebugString: PrimaryIsNotTheChoosenAdapter PrimaryIsNotTheChoosenAdapter PrimaryIsNotTheChoosenAdapter FoundDriverCount:0 
[2017.04.27-18.38.34:672][  0]LogD3D11RHI:     Adapter Name: NVIDIA GeForce GTX 860M
[2017.04.27-18.38.34:672][  0]LogD3D11RHI:   Driver Version: Unknown (internal:Unknown, unified:Unknown)
[2017.04.27-18.38.34:672][  0]LogD3D11RHI:      Driver Date: Unknown
[2017.04.27-18.38.34:672][  0]LogRHI: Texture pool is 1361 MB (70% of 1945 MB)
[2017.04.27-18.38.34:703][  0]LogD3D11RHI: Async texture creation enabled
[2017.04.27-18.38.34:723][  0]LogD3D11RHI: GPU Timing Frequency: 1000.000000 (Debug: 2 1)
[2017.04.27-18.38.34:724][  0]LogShaderCompilers: Guid format shader working directory is -28 characters bigger than the processId version (../../../../../../Users/Ben/Documents/Unreal Projects/CSC433TeamProject/Intermediate/Shaders/WorkingDirectory/11932/).
[2017.04.27-18.38.34:724][  0]LogShaderCompilers: Cleaned the shader compiler working directory 'C:/Users/Ben/AppData/Local/Temp/UnrealShaderWorkingDir/0C8274324A3632F99E24DDB24C30F8E9/'.
[2017.04.27-18.38.34:724][  0]LogShaderCompilers:Display: Using Local Shader Compiler.
[2017.04.27-18.38.39:560][  0]LogTemp:Display: Loaded TP AllDesktopTargetPlatform
[2017.04.27-18.38.39:641][  0]LogTemp:Display: Loaded TP MacClientTargetPlatform
[2017.04.27-18.38.39:694][  0]LogTemp:Display: Loaded TP MacNoEditorTargetPlatform
[2017.04.27-18.38.39:747][  0]LogTemp:Display: Loaded TP MacServerTargetPlatform
[2017.04.27-18.38.39:886][  0]LogTemp:Display: Loaded TP MacTargetPlatform
[2017.04.27-18.38.40:003][  0]LogTemp:Display: Loaded TP WindowsClientTargetPlatform
[2017.04.27-18.38.40:056][  0]LogTemp:Display: Loaded TP WindowsNoEditorTargetPlatform
[2017.04.27-18.38.40:111][  0]LogTemp:Display: Loaded TP WindowsServerTargetPlatform
[2017.04.27-18.38.40:154][  0]LogTemp:Display: Loaded TP WindowsTargetPlatform
[2017.04.27-18.38.40:442][  0]LogTemp:Display: Loaded TP AndroidTargetPlatform
[2017.04.27-18.38.40:580][  0]LogTemp:Display: Loaded TP Android_ASTCTargetPlatform
[2017.04.27-18.38.40:636][  0]LogTemp:Display: Loaded TP Android_ATCTargetPlatform
[2017.04.27-18.38.40:718][  0]LogTemp:Display: Loaded TP Android_DXTTargetPlatform
[2017.04.27-18.38.40:771][  0]LogTemp:Display: Loaded TP Android_ETC1TargetPlatform
[2017.04.27-18.38.40:822][  0]LogTemp:Display: Loaded TP Android_ETC2TargetPlatform
[2017.04.27-18.38.40:992][  0]LogTemp:Display: Loaded TP Android_MultiTargetPlatform
[2017.04.27-18.38.40:992][  0]LogTemp:Display: Loaded TP Android_PVRTCTargetPlatform
[2017.04.27-18.38.41:044][  0]LogTemp:Display: Loaded TP HTML5TargetPlatform
[2017.04.27-18.38.41:345][  0]LogTemp:Display: Loaded TP IOSTargetPlatform
[2017.04.27-18.38.41:547][  0]LogTemp:Display: Loaded TP TVOSTargetPlatform
[2017.04.27-18.38.41:646][  0]LogTemp:Display: Loaded TP LinuxClientTargetPlatform
[2017.04.27-18.38.41:720][  0]LogTemp:Display: Loaded TP LinuxNoEditorTargetPlatform
[2017.04.27-18.38.41:777][  0]LogTemp:Display: Loaded TP LinuxServerTargetPlatform
[2017.04.27-18.38.41:859][  0]LogTemp:Display: Loaded TP LinuxTargetPlatform
[2017.04.27-18.38.41:859][  0]LogTargetPlatformManager:Display: Building Assets For Windows
[2017.04.27-18.38.42:757][  0]LogDerivedDataCache:Display: Max Cache Size: 512 MB
[2017.04.27-18.38.43:451][  0]LogDerivedDataCache: Loaded boot cache 0.69s 50MB C:/Users/Ben/AppData/Local/UnrealEngine/4.15/DerivedDataCache/Boot.ddc.
[2017.04.27-18.38.43:451][  0]LogDerivedDataCache:Display: Loaded Boot cache: C:/Users/Ben/AppData/Local/UnrealEngine/4.15/DerivedDataCache/Boot.ddc
[2017.04.27-18.38.43:452][  0]LogDerivedDataCache: FDerivedDataBackendGraph:  Pak pak cache file ../../../../../../Users/Ben/Documents/Unreal Projects/CSC433TeamProject/DerivedDataCache/DDC.ddp not found, will not use a pak cache.
[2017.04.27-18.38.43:452][  0]LogDerivedDataCache: Unable to find inner node Pak for hierarchical cache Hierarchy.
[2017.04.27-18.38.43:452][  0]LogDerivedDataCache: FDerivedDataBackendGraph:  CompressedPak pak cache file ../../../../../../Users/Ben/Documents/Unreal Projects/CSC433TeamProject/DerivedDataCache/Compressed.ddp not found, will not use a pak cache.
[2017.04.27-18.38.43:452][  0]LogDerivedDataCache: Unable to find inner node CompressedPak for hierarchical cache Hierarchy.
[2017.04.27-18.38.43:505][  0]LogDerivedDataCache:Display: Pak cache opened for reading ../../../Engine/DerivedDataCache/Compressed.ddp.
[2017.04.27-18.38.43:518][  0]LogDerivedDataCache: Using Local data cache path C:/Users/Ben/AppData/Local/UnrealEngine/Common/DerivedDataCache: Writable
[2017.04.27-18.38.43:530][  0]LogSlate: Using Freetype 2.6.0
[2017.04.27-18.38.43:557][  0]LogSlate: SlateFontCache - WITH_FREETYPE: 1, WITH_HARFBUZZ: 1
[2017.04.27-18.38.43:557][  0]LogSlate: SlateFontCache - WITH_FREETYPE: 1, WITH_HARFBUZZ: 1
[2017.04.27-18.38.45:129][  0]LogInit: Selected Device Profile: [Windows]
[2017.04.27-18.38.45:137][  0]LogContentStreaming: Texture pool size is 0.00 MB
[2017.04.27-18.38.45:638][  0]LogMeshUtilities: Using QuadricMeshReduction for automatic static mesh reduction
[2017.04.27-18.38.45:693][  0]LogSimplygon: Simplygon DLL not present - disabling.
[2017.04.27-18.38.45:739][  0]LogMeshUtilities: Using SimplygonSwarm for distributed automatic mesh merging
[2017.04.27-18.38.45:739][  0]LogMeshUtilities: No automatic skeletal mesh reduction module available
[2017.04.27-18.38.45:739][  0]LogMeshUtilities: No automatic mesh merging module available
[2017.04.27-18.38.48:586][  0]LogNetVersion: GetLocalNetworkVersion: CL: 3299760, ProjectName: project433, ProjectVersion: , EngineNetworkVersion: 2, GameNetworkVersion: 0, NetworkChecksum: 3701128711
[2017.04.27-18.38.48:669][  0]LogAssetRegistry: FAssetRegistry took 0.0224 seconds to start up
[2017.04.27-18.38.48:767][  0]LogPackageLocalizationCache: Processed 3 localized package path(s) for 2 prioritized culture(s) in 0.054355 seconds
[2017.04.27-18.38.48:776][  0]LogUObjectArray: 32493 objects as part of root set at end of initial load.
[2017.04.27-18.38.48:776][  0]LogUObjectAllocator: 7077024 out of 0 bytes used by permanent object pool.
[2017.04.27-18.38.48:776][  0]LogUObjectArray: CloseDisregardForGC: 0/0 objects in disregard for GC pool
[2017.04.27-18.38.48:901][  0]LogInit: WinSock: version 1.1 (2.2), MaxSocks=32767, MaxUdp=65467
[2017.04.27-18.39.14:810][  0]LogTcpMessaging: Initializing TcpMessaging bridge
[2017.04.27-18.39.14:938][  0]LogUdpMessaging: Initializing bridge on interface 0.0.0.0:0 to multicast group 230.0.0.1:6666.
[2017.04.27-18.39.16:664][  0]LogMaterial: Uniform references updated for custom material expression Custom.
[2017.04.27-18.39.18:239][  0]SourceControl: Info Source control is disabled
[2017.04.27-18.39.18:405][  0]SourceControl: Info Source control is disabled
[2017.04.27-18.39.18:598][  0]SourceControl: Info Source control is disabled
[2017.04.27-18.39.18:792][  0]SourceControl: Info Source control is disabled
[2017.04.27-18.39.23:400][  0]LogEngine: Initializing Engine...
[2017.04.27-18.39.23:402][  0]LogHMD: Failed to initialize OpenVR with code 110
[2017.04.27-18.39.24:977][  0]LogAIModule: Creating AISystem for world Untitled
[2017.04.27-18.39.24:989][  0]LogInit: XAudio2 using 'Speakers (Realtek High Definition Audio)' : 2 channels at 48 kHz using 32 bits per sample (channel mask 0x3)
[2017.04.27-18.39.25:299][  0]LogInit: FAudioDevice initialized.
[2017.04.27-18.39.25:359][  0]LogDerivedDataCache: Saved boot cache 0.06s 50MB C:/Users/Ben/AppData/Local/UnrealEngine/4.15/DerivedDataCache/Boot.ddc.
[2017.04.27-18.39.25:376][  0]LogInit: Texture streaming: Enabled
[2017.04.27-18.39.25:577][  0]LogEngineSessionManager: EngineSessionManager initialized
[2017.04.27-18.39.25:750][  0]LogInit: Transaction tracking system initialized
[2017.04.27-18.39.26:696][  0]BlueprintLog: New page: Editor Load
[2017.04.27-18.39.28:643][  0]LocalizationService: Info Localization service is disabled
[2017.04.27-18.39.30:170][  0]LogConsoleResponse:Display: 
[2017.04.27-18.39.31:145][  0]LogCook:Display: Max memory allowance for cook 16384mb min free memory 0mb
[2017.04.27-18.39.31:145][  0]LogCook:Display: Mobile HDR setting 1
[2017.04.27-18.39.32:741][  0]LogFileCache: Scanning file cache for directory 'C:/Users/Ben/Documents/Unreal Projects/CSC433TeamProject/Content/' took 0.03s
[2017.04.27-18.39.32:851][  0]SourceControl: Info Source control is disabled
[2017.04.27-18.39.32:851][  0]Cmd: MAP LOAD FILE="../../../../../../Users/Ben/Documents/Unreal Projects/CSC433TeamProject/Content/ThirdPersonBP/Maps/ThirdPersonExampleMap.umap" TEMPLATE=0 SHOWPROGRESS=1 FEATURELEVEL=3
[2017.04.27-18.39.32:851][  0]LightingResults: New page: Lighting Build
[2017.04.27-18.39.32:899][  0]MapCheck: New page: Map Check
[2017.04.27-18.39.32:899][  0]LightingResults: New page: Lighting Build
[2017.04.27-18.39.35:298][  0]LogAIModule: Creating AISystem for world ThirdPersonExampleMap
[2017.04.27-18.39.35:376][  0]LogEditorServer: Finished looking for orphan Actors (0.000 secs)
[2017.04.27-18.39.35:377][  0]Cmd: MAP CHECKDEP NOCLEARLOG
[2017.04.27-18.39.35:470][  0]MapCheck: Info Map check complete: 0 Error(s), 0 Warning(s), took 93.475ms to complete.
[2017.04.27-18.39.35:471][  0]LogFileHelpers: Loading map 'ThirdPersonExampleMap' took 2.620
[2017.04.27-18.39.35:947][  0]LogCollectionManager: Loaded 0 collections in 0.002833 seconds
[2017.04.27-18.39.36:093][  0]LogFileCache: Scanning file cache for directory 'C:/Users/Ben/Documents/Unreal Projects/CSC433TeamProject/Saved/Collections/' took 0.01s
[2017.04.27-18.39.36:093][  0]LogFileCache: Scanning file cache for directory 'C:/Users/Ben/Documents/Unreal Projects/CSC433TeamProject/Content/Developers/Ben/Collections/' took 0.01s
[2017.04.27-18.39.36:093][  0]LogFileCache: Scanning file cache for directory 'C:/Users/Ben/Documents/Unreal Projects/CSC433TeamProject/Content/Collections/' took 0.01s
[2017.04.27-18.39.36:093][  0]LogCollectionManager: Rebuilt the GUID cache for 0 collections in 0.000002 seconds
[2017.04.27-18.39.36:106][  0]LogContentBrowser: Native class hierarchy populated in 0.0132 seconds. Added 2245 classes and 453 folders.
[2017.04.27-18.39.36:111][  0]LogStats: UGameplayTagsManager::ConstructGameplayTagTree: Construct from data asset -  0.000 s
[2017.04.27-18.39.36:112][  0]LogStats: UGameplayTagsManager::ConstructGameplayTagTree: GameplayTagTreeChangedEvent.Broadcast -  0.000 s
[2017.04.27-18.39.36:207][  0]LogContentBrowser: Native class hierarchy updated for 'WidgetCarousel' in 0.0007 seconds. Added 0 classes and 0 folders.
[2017.04.27-18.39.37:894][  0]LogContentBrowser: Native class hierarchy updated for 'AddContentDialog' in 0.0018 seconds. Added 0 classes and 0 folders.
[2017.04.27-18.39.38:001][  0]LogContentBrowser: Native class hierarchy updated for 'SceneOutliner' in 0.0008 seconds. Added 1 classes and 2 folders.
[2017.04.27-18.39.38:178][  0]LogCrashTracker: Crashtracker disabled due to settings.
[2017.04.27-18.39.38:195][  0]LogUObjectGlobals:Warning: Failed to find object 'Class None.'
[2017.04.27-18.39.38:297][  0]LogContentBrowser: Native class hierarchy updated for 'HierarchicalLODOutliner' in 0.0010 seconds. Added 1 classes and 2 folders.
[2017.04.27-18.39.38:298][  0]LogLoad: (Engine Initialization) Total time: 71.59 seconds
[2017.04.27-18.39.38:298][  0]LogLoad: (Engine Initialization) Total Blueprint compile time: 0.62 seconds
[2017.04.27-18.39.38:298][  0]LogExternalProfiler: Found external profiler: VSPerf
[2017.04.27-18.39.38:298][  0]LogExternalProfiler: Using external profiler: VSPerf
[2017.04.27-18.39.38:307][  0]LogOcInput: OculusInput pre-init called
[2017.04.27-18.39.38:331][  0]LogContentStreaming: Texture pool size now 1000 MB
[2017.04.27-18.39.38:333][  0]LogSlate: Took 0.000281 seconds to synchronously load lazily loaded font '../../../Engine/Content/Slate/Fonts/Roboto-Regular.ttf' (155K)
[2017.04.27-18.39.38:373][  0]LogSlate: Took 0.035348 seconds to synchronously load lazily loaded font '../../../Engine/Content/Slate/Fonts/Roboto-Bold.ttf' (160K)
[2017.04.27-18.39.38:420][  0]LogSlate: Took 0.028049 seconds to synchronously load lazily loaded font '../../../Engine/Content/Editor/Slate/Fonts/FontAwesome.ttf' (139K)
[2017.04.27-18.39.38:817][  0]LogSlate: Took 0.000611 seconds to synchronously load lazily loaded font '../../../Engine/Content/Slate/Fonts/Roboto-Light.ttf' (159K)
[2017.04.27-18.39.38:921][  0]LogRenderer: Reallocating scene render targets to support 1208x576 NumSamples 1 (Frame:2).
[2017.04.27-18.39.39:102][  2]LogAssetRegistry: Asset discovery search completed in 50.4558 seconds
[2017.04.27-18.39.39:102][  2]LogCollectionManager: Rebuilt the object cache for 0 collections in 0.000008 seconds (found 0 objects)
[2017.04.27-18.39.39:102][  2]LogCollectionManager: Fixed up redirectors for 0 collections in 0.000029 seconds (updated 0 objects)
[2017.04.27-18.39.39:387][  8]LogSlate: Took 0.000326 seconds to synchronously load lazily loaded font '../../../Engine/Content/Slate/Fonts/Roboto-Light.ttf' (159K)
[2017.04.27-18.39.53:060][302]Cmd: MAP LOAD FILE="../../../../../../Users/Ben/Documents/Unreal Projects/CSC433TeamProject/Content/FirstPersonCPP/Maps/FirstPersonExampleMap.umap" TEMPLATE=0 SHOWPROGRESS=1 FEATURELEVEL=3
[2017.04.27-18.39.53:067][302]LogSlate: Took 0.000378 seconds to synchronously load lazily loaded font '../../../Engine/Content/Slate/Fonts/Roboto-Light.ttf' (159K)
[2017.04.27-18.39.53:088][302]LightingResults: New page: Lighting Build
[2017.04.27-18.39.53:093][302]LoadErrors: New page: Loading map: FirstPersonExampleMap.umap
[2017.04.27-18.39.53:119][302]MapCheck: New page: Map Check
[2017.04.27-18.39.53:119][302]LightingResults: New page: Lighting Build
[2017.04.27-18.39.54:010][302]LogSlate: Took 0.000227 seconds to synchronously load lazily loaded font '../../../Engine/Content/Slate/Fonts/Roboto-Regular.ttf' (155K)
[2017.04.27-18.39.55:404][302]LogStaticMesh:Warning: Rebuilding hierarchical instanced mesh component, please resave map FoliageInstancedStaticMeshComponent /Game/FirstPersonCPP/Maps/FirstPersonExampleMap.FirstPersonExampleMap:PersistentLevel.InstancedFoliageActor_0.FoliageInstancedStaticMeshComponent_0.
[2017.04.27-18.39.57:432][302]LogAIModule: Creating AISystem for world FirstPersonExampleMap
[2017.04.27-18.40.01:192][302]LogEditorServer: Finished looking for orphan Actors (0.000 secs)
[2017.04.27-18.40.01:367][302]Cmd: MAP CHECKDEP NOCLEARLOG
[2017.04.27-18.40.01:613][302]MapCheck: Info Map check complete: 0 Error(s), 0 Warning(s), took 245.581ms to complete.
[2017.04.27-18.40.01:613][302]LogFileHelpers: Loading map 'FirstPersonExampleMap' took 8.554
[2017.04.27-18.40.04:243][359]MapCheck: New page: Map Check
[2017.04.27-18.40.05:275][359]Cmd: MAP REBUILD ALLVISIBLE
[2017.04.27-18.40.05:292][359]LogEditorServer: Rebuildmap Clear paths rebuilt
[2017.04.27-18.40.06:595][359]LogMaterial: Missing cached shader map for material FDebugViewModeMaterialProxy WorldGridMaterial, compiling. Is special engine material.
[2017.04.27-18.40.06:637][359]LogTemp:Display: Added material ShaderMap 0x0000025AF236B200 with Material 0x0000025A8D5F8D00 to ShaderMapsBeingCompiled
[2017.04.27-18.40.06:662][359]LogTemp:Display: Kicking off shader compilation for FDebugViewModeMaterialProxy WorldGridMaterial, GameThreadShaderMap 0x0000025AF236B200
[2017.04.27-18.40.06:685][359]LogMaterial: Missing cached shader map for material FDebugViewModeMaterialProxy M_TableRound, compiling. 
[2017.04.27-18.40.06:688][359]LogTemp:Display: Added material ShaderMap 0x0000025AF2368F00 with Material 0x0000025AD28FA200 to ShaderMapsBeingCompiled
[2017.04.27-18.40.06:697][359]LogTemp:Display: Kicking off shader compilation for FDebugViewModeMaterialProxy M_TableRound, GameThreadShaderMap 0x0000025AF2368F00
[2017.04.27-18.40.06:705][359]LogMaterial: Missing cached shader map for material FDebugViewModeMaterialProxy MaterialInstanceDynamic_1, compiling. 
[2017.04.27-18.40.06:711][359]LogTemp:Display: Added material ShaderMap 0x0000025AD2EA5D00 with Material 0x0000025AD28FAB00 to ShaderMapsBeingCompiled
[2017.04.27-18.40.06:718][359]LogTemp:Display: Kicking off shader compilation for FDebugViewModeMaterialProxy MaterialInstanceDynamic_1, GameThreadShaderMap 0x0000025AD2EA5D00
[2017.04.27-18.40.06:731][359]LogMaterial: Missing cached shader map for material FDebugViewModeMaterialProxy M_Wood_Floor_Walnut_Polished, compiling. 
[2017.04.27-18.40.06:734][359]LogTemp:Display: Added material ShaderMap 0x0000025AD2EA5980 with Material 0x0000025AD2E85000 to ShaderMapsBeingCompiled
[2017.04.27-18.40.06:744][359]LogTemp:Display: Kicking off shader compilation for FDebugViewModeMaterialProxy M_Wood_Floor_Walnut_Polished, GameThreadShaderMap 0x0000025AD2EA5980
[2017.04.27-18.40.06:760][359]LogMaterial: Missing cached shader map for material FDebugViewModeMaterialProxy M_CobbleStone_Smooth, compiling. 
[2017.04.27-18.40.06:775][359]LogTemp:Display: Added material ShaderMap 0x0000025AF29FC800 with Material 0x0000025AD2E84D00 to ShaderMapsBeingCompiled
[2017.04.27-18.40.06:786][359]LogTemp:Display: Kicking off shader compilation for FDebugViewModeMaterialProxy M_CobbleStone_Smooth, GameThreadShaderMap 0x0000025AF29FC800
[2017.04.27-18.40.06:795][359]LogMaterial: Missing cached shader map for material FDebugViewModeMaterialProxy CubeMaterialOverride, compiling. 
[2017.04.27-18.40.06:797][359]LogTemp:Display: Added material ShaderMap 0x0000025AF29FC480 with Material 0x0000025AD2CE0D00 to ShaderMapsBeingCompiled
[2017.04.27-18.40.06:803][359]LogTemp:Display: Kicking off shader compilation for FDebugViewModeMaterialProxy CubeMaterialOverride, GameThreadShaderMap 0x0000025AF29FC480
[2017.04.27-18.40.06:809][359]LogMaterial: Missing cached shader map for material FDebugViewModeMaterialProxy LandscapeGizmo_Mat, compiling. 
[2017.04.27-18.40.06:859][359]LogTemp:Display: Added material ShaderMap 0x0000025AF298A780 with Material 0x0000025AD2CE3700 to ShaderMapsBeingCompiled
[2017.04.27-18.40.06:864][359]LogTemp:Display: Kicking off shader compilation for FDebugViewModeMaterialProxy LandscapeGizmo_Mat, GameThreadShaderMap 0x0000025AF298A780
[2017.04.27-18.40.06:872][359]LogMaterial: Missing cached shader map for material FDebugViewModeMaterialProxy M_CobbleStone_Rough, compiling. 
[2017.04.27-18.40.06:881][359]LogTemp:Display: Added material ShaderMap 0x0000025AF2989D00 with Material 0x0000025AD2CE2B00 to ShaderMapsBeingCompiled
[2017.04.27-18.40.06:885][359]LogTemp:Display: Kicking off shader compilation for FDebugViewModeMaterialProxy M_CobbleStone_Rough, GameThreadShaderMap 0x0000025AF2989D00
[2017.04.27-18.40.06:890][359]LogMaterial: Missing cached shader map for material FDebugViewModeMaterialProxy star, compiling. 
[2017.04.27-18.40.06:891][359]LogTemp:Display: Added material ShaderMap 0x0000025AF2989280 with Material 0x0000025AE5D2F100 to ShaderMapsBeingCompiled
[2017.04.27-18.40.06:895][359]LogTemp:Display: Kicking off shader compilation for FDebugViewModeMaterialProxy star, GameThreadShaderMap 0x0000025AF2989280
[2017.04.27-18.40.06:900][359]LogMaterial: Missing cached shader map for material FDebugViewModeMaterialProxy M_Metal_Gold, compiling. 
[2017.04.27-18.40.06:902][359]LogTemp:Display: Added material ShaderMap 0x0000025AF2988800 with Material 0x0000025AE5D2D900 to ShaderMapsBeingCompiled
[2017.04.27-18.40.06:906][359]LogTemp:Display: Kicking off shader compilation for FDebugViewModeMaterialProxy M_Metal_Gold, GameThreadShaderMap 0x0000025AF2988800
[2017.04.27-18.40.06:910][359]LogMaterial: Missing cached shader map for material FDebugViewModeMaterialProxy wire_088088225_001, compiling. 
[2017.04.27-18.40.06:911][359]LogTemp:Display: Added material ShaderMap 0x0000025A906B2E80 with Material 0x0000025AE5D2CD00 to ShaderMapsBeingCompiled
[2017.04.27-18.40.06:913][359]LogTemp:Display: Kicking off shader compilation for FDebugViewModeMaterialProxy wire_088088225_001, GameThreadShaderMap 0x0000025A906B2E80
[2017.04.27-18.40.06:915][359]LogMaterial: Missing cached shader map for material FDebugViewModeMaterialProxy M_Brick_Hewn_Stone, compiling. 
[2017.04.27-18.40.06:916][359]LogTemp:Display: Added material ShaderMap 0x0000025A906B2400 with Material 0x0000025AE5D2DC00 to ShaderMapsBeingCompiled
[2017.04.27-18.40.06:919][359]LogTemp:Display: Kicking off shader compilation for FDebugViewModeMaterialProxy M_Brick_Hewn_Stone, GameThreadShaderMap 0x0000025A906B2400
[2017.04.27-18.40.06:922][359]LogMaterial: Missing cached shader map for material FDebugViewModeMaterialProxy mesh0043mat, compiling. 
[2017.04.27-18.40.06:922][359]LogTemp:Display: Added material ShaderMap 0x0000025A906B1980 with Material 0x0000025AF2705F00 to ShaderMapsBeingCompiled
[2017.04.27-18.40.06:924][359]LogTemp:Display: Kicking off shader compilation for FDebugViewModeMaterialProxy mesh0043mat, GameThreadShaderMap 0x0000025A906B1980
[2017.04.27-18.40.06:927][359]LogMaterial: Missing cached shader map for material FDebugViewModeMaterialProxy Material_056, compiling. 
[2017.04.27-18.40.06:928][359]LogTemp:Display: Added material ShaderMap 0x0000025A906B0F00 with Material 0x0000025AF2706200 to ShaderMapsBeingCompiled
[2017.04.27-18.40.06:930][359]LogTemp:Display: Kicking off shader compilation for FDebugViewModeMaterialProxy Material_056, GameThreadShaderMap 0x0000025A906B0F00
[2017.04.27-18.40.06:933][359]LogMaterial: Missing cached shader map for material FDebugViewModeMaterialProxy Material_087_goomba_grp_png, compiling. 
[2017.04.27-18.40.06:934][359]LogTemp:Display: Added material ShaderMap 0x0000025A906B0100 with Material 0x0000025AF2705C00 to ShaderMapsBeingCompiled
[2017.04.27-18.40.06:936][359]LogTemp:Display: Kicking off shader compilation for FDebugViewModeMaterialProxy Material_087_goomba_grp_png, GameThreadShaderMap 0x0000025A906B0100
[2017.04.27-18.40.06:939][359]LogMaterial: Missing cached shader map for material FDebugViewModeMaterialProxy Material_054_goomba_grp_png, compiling. 
[2017.04.27-18.40.06:940][359]LogTemp:Display: Added material ShaderMap 0x0000025AF272CF00 with Material 0x0000025AF2705600 to ShaderMapsBeingCompiled
[2017.04.27-18.40.06:942][359]LogTemp:Display: Kicking off shader compilation for FDebugViewModeMaterialProxy Material_054_goomba_grp_png, GameThreadShaderMap 0x0000025AF272CF00
[2017.04.27-18.40.06:945][359]LogMaterial: Missing cached shader map for material FDebugViewModeMaterialProxy Material_055, compiling. 
[2017.04.27-18.40.06:946][359]LogTemp:Display: Added material ShaderMap 0x0000025AF272D600 with Material 0x0000025AF2B3F700 to ShaderMapsBeingCompiled
[2017.04.27-18.40.06:948][359]LogTemp:Display: Kicking off shader compilation for FDebugViewModeMaterialProxy Material_055, GameThreadShaderMap 0x0000025AF272D600
[2017.04.27-18.40.08:580][359]LogTemp:Display: Finished compile of shader map 0x0000025AF236B200
[2017.04.27-18.40.08:580][359]LogTemp:Display: Shader map FDebugViewModeMaterialProxy WorldGridMaterial complete, GameThreadShaderMap 0x0000025AF236B200, marking material FDebugViewModeMaterialProxy WorldGridMaterial as finished
[2017.04.27-18.40.08:580][359]LogTemp:Display: Marking material as finished 0x0000025A8D5F8D00
[2017.04.27-18.40.08:584][359]LogTemp:Display: Finished compile of shader map 0x0000025AF2368F00
[2017.04.27-18.40.08:584][359]LogTemp:Display: Shader map FDebugViewModeMaterialProxy M_TableRound complete, GameThreadShaderMap 0x0000025AF2368F00, marking material FDebugViewModeMaterialProxy M_TableRound as finished
[2017.04.27-18.40.08:584][359]LogTemp:Display: Marking material as finished 0x0000025AD28FA200
[2017.04.27-18.40.08:587][359]LogTemp:Display: Finished compile of shader map 0x0000025AD2EA5D00
[2017.04.27-18.40.08:587][359]LogTemp:Display: Shader map FDebugViewModeMaterialProxy MaterialInstanceDynamic_1 complete, GameThreadShaderMap 0x0000025AD2EA5D00, marking material FDebugViewModeMaterialProxy MaterialInstanceDynamic_1 as finished
[2017.04.27-18.40.08:587][359]LogTemp:Display: Marking material as finished 0x0000025AD28FAB00
[2017.04.27-18.40.08:588][359]LogTemp:Display: Finished compile of shader map 0x0000025AD2EA5980
[2017.04.27-18.40.08:588][359]LogTemp:Display: Shader map FDebugViewModeMaterialProxy M_Wood_Floor_Walnut_Polished complete, GameThreadShaderMap 0x0000025AD2EA5980, marking material FDebugViewModeMaterialProxy M_Wood_Floor_Walnut_Polished as finished
[2017.04.27-18.40.08:588][359]LogTemp:Display: Marking material as finished 0x0000025AD2E85000
[2017.04.27-18.40.08:713][359]LogTemp:Display: Finished compile of shader map 0x0000025AF298A780
[2017.04.27-18.40.08:713][359]LogTemp:Display: Shader map FDebugViewModeMaterialProxy LandscapeGizmo_Mat complete, GameThreadShaderMap 0x0000025AF298A780, marking material FDebugViewModeMaterialProxy LandscapeGizmo_Mat as finished
[2017.04.27-18.40.08:713][359]LogTemp:Display: Marking material as finished 0x0000025AD2CE3700
[2017.04.27-18.40.08:715][359]LogTemp:Display: Finished compile of shader map 0x0000025AF29FC480
[2017.04.27-18.40.08:715][359]LogTemp:Display: Shader map FDebugViewModeMaterialProxy CubeMaterialOverride complete, GameThreadShaderMap 0x0000025AF29FC480, marking material FDebugViewModeMaterialProxy CubeMaterialOverride as finished
[2017.04.27-18.40.08:715][359]LogTemp:Display: Marking material as finished 0x0000025AD2CE0D00
[2017.04.27-18.40.08:891][359]LogTemp:Display: Finished compile of shader map 0x0000025AF2989280
[2017.04.27-18.40.08:891][359]LogTemp:Display: Shader map FDebugViewModeMaterialProxy star complete, GameThreadShaderMap 0x0000025AF2989280, marking material FDebugViewModeMaterialProxy star as finished
[2017.04.27-18.40.08:891][359]LogTemp:Display: Marking material as finished 0x0000025AE5D2F100
[2017.04.27-18.40.09:026][359]LogTemp:Display: Finished compile of shader map 0x0000025AF2988800
[2017.04.27-18.40.09:026][359]LogTemp:Display: Shader map FDebugViewModeMaterialProxy M_Metal_Gold complete, GameThreadShaderMap 0x0000025AF2988800, marking material FDebugViewModeMaterialProxy M_Metal_Gold as finished
[2017.04.27-18.40.09:026][359]LogTemp:Display: Marking material as finished 0x0000025AE5D2D900
[2017.04.27-18.40.09:074][359]LogTemp:Display: Finished compile of shader map 0x0000025A906B2E80
[2017.04.27-18.40.09:074][359]LogTemp:Display: Shader map FDebugViewModeMaterialProxy wire_088088225_001 complete, GameThreadShaderMap 0x0000025A906B2E80, marking material FDebugViewModeMaterialProxy wire_088088225_001 as finished
[2017.04.27-18.40.09:074][359]LogTemp:Display: Marking material as finished 0x0000025AE5D2CD00
[2017.04.27-18.40.09:245][359]LogTemp:Display: Finished compile of shader map 0x0000025A906B1980
[2017.04.27-18.40.09:245][359]LogTemp:Display: Shader map FDebugViewModeMaterialProxy mesh0043mat complete, GameThreadShaderMap 0x0000025A906B1980, marking material FDebugViewModeMaterialProxy mesh0043mat as finished
[2017.04.27-18.40.09:245][359]LogTemp:Display: Marking material as finished 0x0000025AF2705F00
[2017.04.27-18.40.09:358][359]LogTemp:Display: Finished compile of shader map 0x0000025A906B0F00
[2017.04.27-18.40.09:358][359]LogTemp:Display: Shader map FDebugViewModeMaterialProxy Material_056 complete, GameThreadShaderMap 0x0000025A906B0F00, marking material FDebugViewModeMaterialProxy Material_056 as finished
[2017.04.27-18.40.09:358][359]LogTemp:Display: Marking material as finished 0x0000025AF2706200
[2017.04.27-18.40.09:383][359]LogTemp:Display: Finished compile of shader map 0x0000025A906B2400
[2017.04.27-18.40.09:383][359]LogTemp:Display: Shader map FDebugViewModeMaterialProxy M_Brick_Hewn_Stone complete, GameThreadShaderMap 0x0000025A906B2400, marking material FDebugViewModeMaterialProxy M_Brick_Hewn_Stone as finished
[2017.04.27-18.40.09:383][359]LogTemp:Display: Marking material as finished 0x0000025AE5D2DC00
[2017.04.27-18.40.09:531][359]LogTemp:Display: Finished compile of shader map 0x0000025A906B0100
[2017.04.27-18.40.09:531][359]LogTemp:Display: Shader map FDebugViewModeMaterialProxy Material_087_goomba_grp_png complete, GameThreadShaderMap 0x0000025A906B0100, marking material FDebugViewModeMaterialProxy Material_087_goomba_grp_png as finished
[2017.04.27-18.40.09:531][359]LogTemp:Display: Marking material as finished 0x0000025AF2705C00
[2017.04.27-18.40.09:548][359]LogTemp:Display: Finished compile of shader map 0x0000025AF272CF00
[2017.04.27-18.40.09:548][359]LogTemp:Display: Shader map FDebugViewModeMaterialProxy Material_054_goomba_grp_png complete, GameThreadShaderMap 0x0000025AF272CF00, marking material FDebugViewModeMaterialProxy Material_054_goomba_grp_png as finished
[2017.04.27-18.40.09:548][359]LogTemp:Display: Marking material as finished 0x0000025AF2705600
[2017.04.27-18.40.09:646][359]LogTemp:Display: Finished compile of shader map 0x0000025AF272D600
[2017.04.27-18.40.09:646][359]LogTemp:Display: Shader map FDebugViewModeMaterialProxy Material_055 complete, GameThreadShaderMap 0x0000025AF272D600, marking material FDebugViewModeMaterialProxy Material_055 as finished
[2017.04.27-18.40.09:646][359]LogTemp:Display: Marking material as finished 0x0000025AF2B3F700
[2017.04.27-18.40.10:184][359]LogTemp:Display: Finished compile of shader map 0x0000025AF2989D00
[2017.04.27-18.40.10:184][359]LogTemp:Display: Shader map FDebugViewModeMaterialProxy M_CobbleStone_Rough complete, GameThreadShaderMap 0x0000025AF2989D00, marking material FDebugViewModeMaterialProxy M_CobbleStone_Rough as finished
[2017.04.27-18.40.10:184][359]LogTemp:Display: Marking material as finished 0x0000025AD2CE2B00
[2017.04.27-18.40.10:527][359]LogTemp:Display: Finished compile of shader map 0x0000025AF29FC800
[2017.04.27-18.40.10:527][359]LogTemp:Display: Shader map FDebugViewModeMaterialProxy M_CobbleStone_Smooth complete, GameThreadShaderMap 0x0000025AF29FC800, marking material FDebugViewModeMaterialProxy M_CobbleStone_Smooth as finished
[2017.04.27-18.40.10:527][359]LogTemp:Display: Marking material as finished 0x0000025AD2E84D00
[2017.04.27-18.40.10:532][359]TextureStreamingBuild:Display: Compiling optional shaders took 3.977 seconds.
[2017.04.27-18.40.10:793][359]LogLevel:Display: Export Material TexCoord Scales took 0.262 seconds.
[2017.04.27-18.40.10:836][359]TextureStreamingBuild:Display: Build Texture Streaming took 0.028 seconds.
[2017.04.27-18.40.10:894][359]LightingResults: New page: Lighting Build - Apr 27, 2017, 4:40:10 AM
[2017.04.27-18.40.12:856][359]LogSwarmInterface: [OpenConnection] Registering TCP channel ...
[2017.04.27-18.40.13:422][359]LogSwarmInterface: [OpenConnection] Connecting to agent ...
[2017.04.27-18.40.13:831][359]LogSwarmInterface: [TryOpenConnection] Testing the Agent
[2017.04.27-18.40.17:538][359]LogSwarmInterface:Error: [TryOpenConnection] Waiting for the agent to start up ...
[2017.04.27-18.40.17:775][359]LogSwarmInterface:Error: System.Net.Sockets.SocketException (0x80004005): No connection could be made because the target machine actively refused it 127.0.0.1:8008

Server stack trace: 
   at System.Net.Sockets.Socket.DoConnect(EndPoint endPointSnapshot, SocketAddress socketAddress)
   at System.Net.Sockets.Socket.Connect(EndPoint remoteEP)
   at System.Runtime.Remoting.Channels.RemoteConnection.CreateNewSocket(EndPoint ipEndPoint)
   at System.Runtime.Remoting.Channels.SocketCache.GetSocket(String machinePortAndSid, Boolean openNew)
   at System.Runtime.Remoting.Channels.Tcp.TcpClientTransportSink.SendRequestWithRetry(IMessage msg, ITransportHeaders requestHeaders, Stream requestStream)
   at System.Runtime.Remoting.Channels.Tcp.TcpClientTransportSink.AsyncProcessRequest(IClientChannelSinkStack sinkStack, IMessage msg, ITransportHeaders headers, Stream stream)
   at System.Runtime.Remoting.Channels.BinaryClientFormatterSink.AsyncProcessMessage(IMessage msg, IMessageSink replySink)

Exception rethrown at [0]: 
   at System.Runtime.Remoting.Proxies.RealProxy.HandleReturnMessage(IMessage reqMsg, IMessage retMsg)
   at System.Runtime.Remoting.Proxies.RealProxy.PrivateInvoke(MessageData& msgData, Int32 type)
   at NSwarm.IAgentInterfaceWrapper.MethodDelegate.EndInvoke(Hashtable& OutParameters, IAsyncResult result)
   at NSwarm.FSwarmInterface.TryOpenConnection(FConnectionCallback CallbackFunc, IntPtr CallbackData, ELogFlags LoggingFlags)
[2017.04.27-18.40.23:249][359]LogSwarmInterface: [TryOpenConnection] Opening Connection to Agent
[2017.04.27-18.40.23:249][359]LogSwarmInterface: [TryOpenConnection] Local Process ID is 11932
[2017.04.27-18.40.32:138][359]LogStaticLightingSystem: Running Lightmass w/ ImmediateImport mode ENABLED
[2017.04.27-18.40.32:138][359]LogStaticLightingSystem: Running Lightmass w/ ImmediateProcess mode ENABLED
[2017.04.27-18.40.32:138][359]LogStaticLightingSystem: Running Lightmass w/ Sorting mode ENABLED
[2017.04.27-18.40.32:138][359]LogStaticLightingSystem: Running Lightmass w/ Mapping paddings ENABLED
[2017.04.27-18.40.32:138][359]LogStaticLightingSystem: Running Lightmass w/ Mapping debug paddings DISABLED
[2017.04.27-18.40.33:537][359]Cmd: MAP CHECK DONTDISPLAYDIALOG
[2017.04.27-18.40.33:537][359]MapCheck: New page: FirstPersonExampleMap - Apr 27, 2017, 4:40:33 AM
[2017.04.27-18.40.33:538][359]MapCheck:Warning: Warning InstancedFoliageActor_0 Static mesh actor has NULL StaticMesh property 
[2017.04.27-18.40.33:654][359]MapCheck: Info Map check complete: 0 Error(s), 1 Warning(s), took 117.546ms to complete.
[2017.04.27-18.40.33:678][359]LogEditorBuildUtils: Build time 0:28
