Log file open, 04/19/17 17:20:55
LogInit:Display: Running engine for game: Project433
LogPlatformFile: Not using cached read wrapper
LogInit:Display: RandInit(953247917) SRandInit(953247918).
LogTaskGraph: Started task graph with 5 named threads and 8 total threads with 1 sets of task threads.
LogStats: Stats thread started at 5.294922
LogInit: Using libcurl 7.47.1
LogInit:  - built for x86_64-pc-win32
LogInit:  - supports SSL with OpenSSL/1.0.2g
LogInit:  - supports HTTP deflate (compression) using libz 1.2.8
LogInit:  - other features:
LogInit:      CURL_VERSION_SSL
LogInit:      CURL_VERSION_LIBZ
LogInit:      CURL_VERSION_IPV6
LogInit:      CURL_VERSION_ASYNCHDNS
LogInit:      CURL_VERSION_LARGEFILE
LogInit:      CURL_VERSION_IDN
LogInit:  CurlRequestOptions (configurable via config and command line):
LogInit:  - bVerifyPeer = false  - Libcurl will NOT verify peer certificate
LogInit:  - bUseHttpProxy = false  - Libcurl will NOT use HTTP proxy
LogInit:  - bDontReuseConnections = false  - Libcurl will reuse connections
LogInit:  - CertBundlePath = nullptr  - Libcurl will use whatever was configured at build time.
LogInit: Build: ++UE4+Release-4.15-CL-3348071
LogInit: Engine Version: 4.15.1-3348071+++UE4+Release-4.15
LogInit: Compatible Engine Version: 4.15.0-3299760+++UE4+Release-4.15
LogInit: Net CL: 3299760
LogDevObjectVersion: Number of dev versions registered: 14
LogDevObjectVersion:   Dev-Blueprints (B0D832E4-1F89-4F0D-ACCF-7EB736FD4AA2): 8
LogDevObjectVersion:   Dev-Build (E1C64328-A22C-4D53-A36C-8E866417BD8C): 0
LogDevObjectVersion:   Dev-Core (375EC13C-06E4-48FB-B500-84F0262A717E): 2
LogDevObjectVersion:   Dev-Editor (E4B068ED-F494-42E9-A231-DA0B2E46BB41): 14
LogDevObjectVersion:   Dev-Framework (CFFC743F-43B0-4480-9391-14DF171D2073): 22
LogDevObjectVersion:   Dev-Mobile (B02B49B5-BB20-44E9-A304-32B752E40360): 0
LogDevObjectVersion:   Dev-Networking (A4E4105C-59A1-49B5-A7C5-40C4547EDFEE): 0
LogDevObjectVersion:   Dev-Online (39C831C9-5AE6-47DC-9A44-9C173E1C8E7C): 0
LogDevObjectVersion:   Dev-Physics (78F01B33-EBEA-4F98-B9B4-84EACCB95AA2): 0
LogDevObjectVersion:   Dev-Platform (6631380F-2D4D-43E0-8009-CF276956A95A): 0
LogDevObjectVersion:   Dev-Rendering (12F88B9F-8875-4AFC-A67C-D90C383ABD29): 12
LogDevObjectVersion:   Dev-Sequencer (7B5AE74C-D270-4C10-A958-57980B212A5A): 3
LogDevObjectVersion:   Dev-VR (D7296918-1DD6-4BDD-9DE2-64A83CC13884): 0
LogDevObjectVersion:   Dev-LoadTimes (C2A15278-BFE7-4AFE-6C17-90FF531DF755): 1
LogInit: Compiled (64-bit): Mar 15 2017 16:52:47
LogInit: Compiled with Visual C++: 19.00.23026.00
LogInit: Build Configuration: Development
LogInit: Branch Name: ++UE4+Release-4.15
LogInit: Command line:  
LogInit: Base directory: C:/Program Files/Epic Games/UE_4.15/Engine/Binaries/Win64/
LogInit: Installed Engine Build: 1
LogInit: Presizing for max 8388607 objects, including 0 objects not considered by GC, pre-allocating 0 bytes for permanent pool.
LogInit: Object subsystem initialized
[2017.04.20-00.20.59:402][  0]LogInit: Selected Device Profile: [Windows]
[2017.04.20-00.20.59:402][  0]LogInit: Applying CVar settings loaded from the selected device profile: [Windows]
[2017.04.20-00.20.59:632][  0]LogInit: Computer: BEN
[2017.04.20-00.20.59:632][  0]LogInit: User: Ben
[2017.04.20-00.20.59:632][  0]LogInit: CPU Page size=65536, Cores=4
[2017.04.20-00.20.59:632][  0]LogInit: High frequency timer resolution =2.435778 MHz
[2017.04.20-00.20.59:668][  0]LogMemory: Memory total: Physical=7.9GB (8GB approx)
[2017.04.20-00.20.59:668][  0]LogMemory: Platform Memory Stats for Windows
[2017.04.20-00.20.59:668][  0]LogMemory: Process Physical Memory: 262.60 MB used, 262.60 MB peak
[2017.04.20-00.20.59:668][  0]LogMemory: Process Virtual Memory: 262.59 MB used, 262.59 MB peak
[2017.04.20-00.20.59:668][  0]LogMemory: Physical Memory: 5936.25 MB used,  2138.60 MB free, 8074.85 MB total
[2017.04.20-00.20.59:668][  0]LogMemory: Virtual Memory: 645.11 MB used,  2138.60 MB free, 134217728.00 MB total
[2017.04.20-00.21.02:591][  0]LogTextLocalizationManager: No specific translations for ('en-US') exist, so ('en') translations will be used.
[2017.04.20-00.21.10:334][  0]LogD3D11RHI: D3D11 adapters:
[2017.04.20-00.21.10:529][  0]LogD3D11RHI:    0. 'NVIDIA GeForce GTX 860M' (Feature Level 11_0)
[2017.04.20-00.21.10:529][  0]LogD3D11RHI:       2018/0/4037 MB DedicatedVideo/DedicatedSystem/SharedSystem, Outputs:1, VendorId:0x10de
[2017.04.20-00.21.10:561][  0]LogD3D11RHI:    1. 'Intel(R) HD Graphics 4600' (Feature Level 11_0)
[2017.04.20-00.21.10:561][  0]LogD3D11RHI:       112/0/2048 MB DedicatedVideo/DedicatedSystem/SharedSystem, Outputs:0, VendorId:0x8086
[2017.04.20-00.21.10:565][  0]LogD3D11RHI:    2. 'Microsoft Basic Render Driver' (Feature Level 11_0)
[2017.04.20-00.21.10:565][  0]LogD3D11RHI:       0/0/4037 MB DedicatedVideo/DedicatedSystem/SharedSystem, Outputs:0, VendorId:0x1414
[2017.04.20-00.21.10:565][  0]LogD3D11RHI: Chosen D3D11 Adapter: 0
[2017.04.20-00.21.10:621][  0]LogD3D11RHI: Creating new Direct3DDevice
[2017.04.20-00.21.10:621][  0]LogD3D11RHI:     GPU DeviceId: 0x1392 (for the marketing name, search the web for "GPU Device Id")
[2017.04.20-00.21.10:621][  0]LogWindows: EnumDisplayDevices:
[2017.04.20-00.21.10:621][  0]LogWindows:    0. 'Intel(R) HD Graphics 4600' (P:1 D:1)
[2017.04.20-00.21.10:622][  0]LogWindows:    1. 'Intel(R) HD Graphics 4600' (P:0 D:0)
[2017.04.20-00.21.10:623][  0]LogWindows:    2. 'Intel(R) HD Graphics 4600' (P:0 D:0)
[2017.04.20-00.21.10:623][  0]LogWindows: DebugString: PrimaryIsNotTheChoosenAdapter PrimaryIsNotTheChoosenAdapter PrimaryIsNotTheChoosenAdapter FoundDriverCount:0 
[2017.04.20-00.21.10:623][  0]LogD3D11RHI:     Adapter Name: NVIDIA GeForce GTX 860M
[2017.04.20-00.21.10:623][  0]LogD3D11RHI:   Driver Version: Unknown (internal:Unknown, unified:Unknown)
[2017.04.20-00.21.10:623][  0]LogD3D11RHI:      Driver Date: Unknown
[2017.04.20-00.21.10:648][  0]LogRHI: Texture pool is 1361 MB (70% of 1945 MB)
[2017.04.20-00.21.10:838][  0]LogD3D11RHI: Async texture creation enabled
[2017.04.20-00.21.11:903][  0]LogD3D11RHI: GPU Timing Frequency: 1000.000000 (Debug: 2 6)
[2017.04.20-00.21.12:192][  0]LogShaderCompilers: Guid format shader working directory is -28 characters bigger than the processId version (../../../../../../Users/Ben/Documents/Unreal Projects/CSC433TeamProject/Intermediate/Shaders/WorkingDirectory/19148/).
[2017.04.20-00.21.12:193][  0]LogShaderCompilers: Cleaned the shader compiler working directory 'C:/Users/Ben/AppData/Local/Temp/UnrealShaderWorkingDir/679FEEE54CC200B7DB7E54A3EE145AD7/'.
[2017.04.20-00.21.12:205][  0]LogShaderCompilers:Display: Using Local Shader Compiler.
[2017.04.20-00.21.29:068][  0]LogTemp:Display: Loaded TP AllDesktopTargetPlatform
[2017.04.20-00.21.29:160][  0]LogTemp:Display: Loaded TP MacClientTargetPlatform
[2017.04.20-00.21.29:272][  0]LogTemp:Display: Loaded TP MacNoEditorTargetPlatform
[2017.04.20-00.21.29:369][  0]LogTemp:Display: Loaded TP MacServerTargetPlatform
[2017.04.20-00.21.29:508][  0]LogTemp:Display: Loaded TP MacTargetPlatform
[2017.04.20-00.21.29:606][  0]LogTemp:Display: Loaded TP WindowsClientTargetPlatform
[2017.04.20-00.21.29:685][  0]LogTemp:Display: Loaded TP WindowsNoEditorTargetPlatform
[2017.04.20-00.21.29:825][  0]LogTemp:Display: Loaded TP WindowsServerTargetPlatform
[2017.04.20-00.21.29:897][  0]LogTemp:Display: Loaded TP WindowsTargetPlatform
[2017.04.20-00.21.29:993][  0]LogTemp:Display: Loaded TP AndroidTargetPlatform
[2017.04.20-00.21.30:077][  0]LogTemp:Display: Loaded TP Android_ASTCTargetPlatform
[2017.04.20-00.21.30:131][  0]LogTemp:Display: Loaded TP Android_ATCTargetPlatform
[2017.04.20-00.21.30:184][  0]LogTemp:Display: Loaded TP Android_DXTTargetPlatform
[2017.04.20-00.21.30:238][  0]LogTemp:Display: Loaded TP Android_ETC1TargetPlatform
[2017.04.20-00.21.30:293][  0]LogTemp:Display: Loaded TP Android_ETC2TargetPlatform
[2017.04.20-00.21.30:476][  0]LogTemp:Display: Loaded TP Android_MultiTargetPlatform
[2017.04.20-00.21.30:476][  0]LogTemp:Display: Loaded TP Android_PVRTCTargetPlatform
[2017.04.20-00.21.30:514][  0]LogTemp:Display: Loaded TP HTML5TargetPlatform
[2017.04.20-00.21.30:871][  0]LogTemp:Display: Loaded TP IOSTargetPlatform
[2017.04.20-00.21.30:928][  0]LogTemp:Display: Loaded TP TVOSTargetPlatform
[2017.04.20-00.21.31:069][  0]LogTemp:Display: Loaded TP LinuxClientTargetPlatform
[2017.04.20-00.21.31:124][  0]LogTemp:Display: Loaded TP LinuxNoEditorTargetPlatform
[2017.04.20-00.21.31:180][  0]LogTemp:Display: Loaded TP LinuxServerTargetPlatform
[2017.04.20-00.21.31:315][  0]LogTemp:Display: Loaded TP LinuxTargetPlatform
[2017.04.20-00.21.31:333][  0]LogTargetPlatformManager:Display: Building Assets For Windows
[2017.04.20-00.21.37:204][  0]LogDerivedDataCache:Display: Max Cache Size: 512 MB
[2017.04.20-00.21.41:688][  0]LogDerivedDataCache: Loaded boot cache 4.45s 50MB C:/Users/Ben/AppData/Local/UnrealEngine/4.15/DerivedDataCache/Boot.ddc.
[2017.04.20-00.21.41:688][  0]LogDerivedDataCache:Display: Loaded Boot cache: C:/Users/Ben/AppData/Local/UnrealEngine/4.15/DerivedDataCache/Boot.ddc
[2017.04.20-00.21.41:689][  0]LogDerivedDataCache: FDerivedDataBackendGraph:  Pak pak cache file ../../../../../../Users/Ben/Documents/Unreal Projects/CSC433TeamProject/DerivedDataCache/DDC.ddp not found, will not use a pak cache.
[2017.04.20-00.21.41:689][  0]LogDerivedDataCache: Unable to find inner node Pak for hierarchical cache Hierarchy.
[2017.04.20-00.21.41:689][  0]LogDerivedDataCache: FDerivedDataBackendGraph:  CompressedPak pak cache file ../../../../../../Users/Ben/Documents/Unreal Projects/CSC433TeamProject/DerivedDataCache/Compressed.ddp not found, will not use a pak cache.
[2017.04.20-00.21.41:689][  0]LogDerivedDataCache: Unable to find inner node CompressedPak for hierarchical cache Hierarchy.
[2017.04.20-00.21.41:843][  0]LogDerivedDataCache:Display: Pak cache opened for reading ../../../Engine/DerivedDataCache/Compressed.ddp.
[2017.04.20-00.21.41:913][  0]LogDerivedDataCache: Using Local data cache path C:/Users/Ben/AppData/Local/UnrealEngine/Common/DerivedDataCache: Writable
[2017.04.20-00.21.44:175][  0]LogSlate: Using Freetype 2.6.0
[2017.04.20-00.21.44:981][  0]LogSlate: SlateFontCache - WITH_FREETYPE: 1, WITH_HARFBUZZ: 1
[2017.04.20-00.21.44:981][  0]LogSlate: SlateFontCache - WITH_FREETYPE: 1, WITH_HARFBUZZ: 1
[2017.04.20-00.22.19:412][  0]LogInit: Selected Device Profile: [Windows]
[2017.04.20-00.22.19:669][  0]LogContentStreaming: Texture pool size is 0.00 MB
[2017.04.20-00.22.22:241][  0]LogMeshUtilities: Using QuadricMeshReduction for automatic static mesh reduction
[2017.04.20-00.22.22:458][  0]LogSimplygon: Simplygon DLL not present - disabling.
[2017.04.20-00.22.22:747][  0]LogMeshUtilities: Using SimplygonSwarm for distributed automatic mesh merging
[2017.04.20-00.22.22:748][  0]LogMeshUtilities: No automatic skeletal mesh reduction module available
[2017.04.20-00.22.22:748][  0]LogMeshUtilities: No automatic mesh merging module available
[2017.04.20-00.22.40:045][  0]LogNetVersion: GetLocalNetworkVersion: CL: 3299760, ProjectName: project433, ProjectVersion: , EngineNetworkVersion: 2, GameNetworkVersion: 0, NetworkChecksum: 3701128711
[2017.04.20-00.22.40:589][  0]LogAssetRegistry: FAssetRegistry took 0.0260 seconds to start up
[2017.04.20-00.22.41:590][  0]LogPackageLocalizationCache: Processed 3 localized package path(s) for 2 prioritized culture(s) in 0.782333 seconds
[2017.04.20-00.22.41:746][  0]LogUObjectArray: 32493 objects as part of root set at end of initial load.
[2017.04.20-00.22.41:746][  0]LogUObjectAllocator: 7077032 out of 0 bytes used by permanent object pool.
[2017.04.20-00.22.41:746][  0]LogUObjectArray: CloseDisregardForGC: 0/0 objects in disregard for GC pool
[2017.04.20-00.22.42:113][  0]LogInit: WinSock: version 1.1 (2.2), MaxSocks=32767, MaxUdp=65467
[2017.04.20-00.24.09:110][  0]LogTcpMessaging: Initializing TcpMessaging bridge
[2017.04.20-00.24.09:638][  0]LogUdpMessaging: Initializing bridge on interface 0.0.0.0:0 to multicast group 230.0.0.1:6666.
[2017.04.20-00.24.14:165][  0]LogMaterial: Uniform references updated for custom material expression Custom.
[2017.04.20-00.24.16:855][  0]SourceControl: Info Source control is disabled
[2017.04.20-00.24.17:897][  0]SourceControl: Info Source control is disabled
[2017.04.20-00.24.18:211][  0]SourceControl: Info Source control is disabled
[2017.04.20-00.24.18:709][  0]SourceControl: Info Source control is disabled
[2017.04.20-00.24.24:359][  0]LogEngine: Initializing Engine...
[2017.04.20-00.24.24:387][  0]LogHMD: Failed to initialize OpenVR with code 110
[2017.04.20-00.24.27:550][  0]LogAIModule: Creating AISystem for world Untitled
[2017.04.20-00.24.27:966][  0]LogInit: XAudio2 using 'Speakers (Realtek High Definition Audio)' : 2 channels at 48 kHz using 32 bits per sample (channel mask 0x3)
[2017.04.20-00.24.28:036][  0]LogInit: FAudioDevice initialized.
[2017.04.20-00.24.28:124][  0]LogDerivedDataCache: Saved boot cache 0.09s 50MB C:/Users/Ben/AppData/Local/UnrealEngine/4.15/DerivedDataCache/Boot.ddc.
[2017.04.20-00.24.28:158][  0]LogInit: Texture streaming: Enabled
[2017.04.20-00.24.29:697][  0]LogEngineSessionManager: EngineSessionManager initialized
[2017.04.20-00.24.31:709][  0]LogInit: Transaction tracking system initialized
[2017.04.20-00.24.33:240][  0]BlueprintLog: New page: Editor Load
[2017.04.20-00.24.37:686][  0]LocalizationService: Info Localization service is disabled
[2017.04.20-00.24.40:846][  0]LogConsoleResponse:Display: 
[2017.04.20-00.24.46:249][  0]LogFileCache: Scanning file cache for directory 'C:/Users/Ben/Documents/Unreal Projects/CSC433TeamProject/Content/' took 0.29s
[2017.04.20-00.24.46:249][  0]LogCook:Display: Max memory allowance for cook 16384mb min free memory 0mb
[2017.04.20-00.24.46:295][  0]LogCook:Display: Mobile HDR setting 1
[2017.04.20-00.24.55:578][  0]SourceControl: Info Source control is disabled
[2017.04.20-00.24.55:648][  0]Cmd: MAP LOAD FILE="../../../../../../Users/Ben/Documents/Unreal Projects/CSC433TeamProject/Content/ThirdPersonBP/Maps/ThirdPersonExampleMap.umap" TEMPLATE=0 SHOWPROGRESS=1 FEATURELEVEL=3
[2017.04.20-00.24.55:736][  0]LightingResults: New page: Lighting Build
[2017.04.20-00.24.56:325][  0]MapCheck: New page: Map Check
[2017.04.20-00.24.56:325][  0]LightingResults: New page: Lighting Build
[2017.04.20-00.25.14:558][  0]LogAIModule: Creating AISystem for world ThirdPersonExampleMap
[2017.04.20-00.25.19:484][  0]LogEditorServer: Finished looking for orphan Actors (0.000 secs)
[2017.04.20-00.25.19:896][  0]Cmd: MAP CHECKDEP NOCLEARLOG
[2017.04.20-00.25.19:989][  0]MapCheck: Info Map check complete: 0 Error(s), 0 Warning(s), took 92.462ms to complete.
[2017.04.20-00.25.20:020][  0]LogFileHelpers: Loading map 'ThirdPersonExampleMap' took 24.402
[2017.04.20-00.25.22:203][  0]LogWindowsTextInputMethodSystem:Display: IME system now deactivated.
[2017.04.20-00.25.27:177][  0]LogCollectionManager: Loaded 0 collections in 0.169547 seconds
[2017.04.20-00.25.27:994][  0]LogFileCache: Scanning file cache for directory 'C:/Users/Ben/Documents/Unreal Projects/CSC433TeamProject/Saved/Collections/' took 0.01s
[2017.04.20-00.25.27:994][  0]LogFileCache: Scanning file cache for directory 'C:/Users/Ben/Documents/Unreal Projects/CSC433TeamProject/Content/Developers/Ben/Collections/' took 0.01s
[2017.04.20-00.25.27:994][  0]LogFileCache: Scanning file cache for directory 'C:/Users/Ben/Documents/Unreal Projects/CSC433TeamProject/Content/Collections/' took 0.01s
[2017.04.20-00.25.27:994][  0]LogCollectionManager: Rebuilt the GUID cache for 0 collections in 0.000005 seconds
[2017.04.20-00.25.28:046][  0]LogContentBrowser: Native class hierarchy populated in 0.0478 seconds. Added 2245 classes and 453 folders.
[2017.04.20-00.25.28:456][  0]LogStats: UGameplayTagsManager::ConstructGameplayTagTree: Construct from data asset -  0.014 s
[2017.04.20-00.25.28:479][  0]LogStats: UGameplayTagsManager::ConstructGameplayTagTree: GameplayTagTreeChangedEvent.Broadcast -  0.000 s
[2017.04.20-00.25.28:740][  0]LogContentBrowser: Native class hierarchy updated for 'WidgetCarousel' in 0.0017 seconds. Added 0 classes and 0 folders.
[2017.04.20-00.25.32:446][  0]LogContentBrowser: Native class hierarchy updated for 'AddContentDialog' in 0.0020 seconds. Added 0 classes and 0 folders.
[2017.04.20-00.25.32:864][  0]LogContentBrowser: Native class hierarchy updated for 'SceneOutliner' in 0.0018 seconds. Added 1 classes and 2 folders.
[2017.04.20-00.25.34:764][  0]LogCrashTracker: Crashtracker disabled due to settings.
[2017.04.20-00.25.35:057][  0]LogUObjectGlobals:Warning: Failed to find object 'Class None.'
[2017.04.20-00.25.35:556][  0]LogContentBrowser: Native class hierarchy updated for 'HierarchicalLODOutliner' in 0.0020 seconds. Added 1 classes and 2 folders.
[2017.04.20-00.25.35:557][  0]LogLoad: (Engine Initialization) Total time: 303.99 seconds
[2017.04.20-00.25.35:557][  0]LogLoad: (Engine Initialization) Total Blueprint compile time: 3.00 seconds
[2017.04.20-00.25.35:557][  0]LogExternalProfiler: Found external profiler: VSPerf
[2017.04.20-00.25.35:557][  0]LogExternalProfiler: Using external profiler: VSPerf
[2017.04.20-00.25.35:747][  0]LogOcInput: OculusInput pre-init called
[2017.04.20-00.25.36:683][  0]LogContentStreaming: Texture pool size now 1000 MB
[2017.04.20-00.25.36:989][  0]LogSlate: Took 0.029805 seconds to synchronously load lazily loaded font '../../../Engine/Content/Slate/Fonts/Roboto-Regular.ttf' (155K)
[2017.04.20-00.25.37:065][  0]LogSlate: Took 0.031982 seconds to synchronously load lazily loaded font '../../../Engine/Content/Slate/Fonts/Roboto-Bold.ttf' (160K)
[2017.04.20-00.25.37:166][  0]LogSlate: Took 0.030797 seconds to synchronously load lazily loaded font '../../../Engine/Content/Editor/Slate/Fonts/FontAwesome.ttf' (139K)
[2017.04.20-00.25.40:102][  0]LogRenderer: Reallocating scene render targets to support 1208x576 NumSamples 1 (Frame:2).
[2017.04.20-00.25.42:933][  4]LogAssetRegistry: Asset discovery search completed in 182.3687 seconds
[2017.04.20-00.25.42:933][  4]LogCollectionManager: Rebuilt the object cache for 0 collections in 0.000011 seconds (found 0 objects)
[2017.04.20-00.25.42:933][  4]LogCollectionManager: Fixed up redirectors for 0 collections in 0.000037 seconds (updated 0 objects)
[2017.04.20-00.25.44:183][  4]LogSlate: Took 0.039425 seconds to synchronously load lazily loaded font '../../../Engine/Content/Slate/Fonts/Roboto-Light.ttf' (159K)
[2017.04.20-00.25.51:585][577]Cmd: MAP LOAD FILE="../../../../../../Users/Ben/Documents/Unreal Projects/CSC433TeamProject/Content/FirstPersonCPP/Maps/FirstPersonExampleMap.umap" TEMPLATE=0 SHOWPROGRESS=1 FEATURELEVEL=3
[2017.04.20-00.25.51:641][577]LogSlate: Took 0.000601 seconds to synchronously load lazily loaded font '../../../Engine/Content/Slate/Fonts/Roboto-Light.ttf' (159K)
[2017.04.20-00.25.51:687][577]LightingResults: New page: Lighting Build
[2017.04.20-00.25.51:693][577]LoadErrors: New page: Loading map: FirstPersonExampleMap.umap
[2017.04.20-00.25.51:824][577]MapCheck: New page: Map Check
[2017.04.20-00.25.51:824][577]LightingResults: New page: Lighting Build
[2017.04.20-00.25.52:857][577]LogSlate: Took 0.000225 seconds to synchronously load lazily loaded font '../../../Engine/Content/Slate/Fonts/Roboto-Regular.ttf' (155K)
[2017.04.20-00.26.02:627][577]LogStaticMesh:Warning: Rebuilding hierarchical instanced mesh component, please resave map FoliageInstancedStaticMeshComponent /Game/FirstPersonCPP/Maps/FirstPersonExampleMap.FirstPersonExampleMap:PersistentLevel.InstancedFoliageActor_0.FoliageInstancedStaticMeshComponent_0.
[2017.04.20-00.26.03:288][577]LogAIModule: Creating AISystem for world FirstPersonExampleMap
[2017.04.20-00.26.08:488][577]LogEditorServer: Finished looking for orphan Actors (0.000 secs)
[2017.04.20-00.26.08:784][577]Cmd: MAP CHECKDEP NOCLEARLOG
[2017.04.20-00.26.08:932][577]MapCheck: Info Map check complete: 0 Error(s), 0 Warning(s), took 148.025ms to complete.
[2017.04.20-00.26.08:932][577]LogFileHelpers: Loading map 'FirstPersonExampleMap' took 17.473
[2017.04.20-00.26.13:511][902]LogEditorViewport: Clicking on Actor (LMB): StaticMeshActor (Cylinder)
[2017.04.20-00.40.17:781][967]LogRenderer: Reallocating scene render targets to support 1208x584 NumSamples 1 (Frame:3013).
[2017.04.20-00.40.17:829][968]LogRenderer: Reallocating scene render targets to support 1208x600 NumSamples 1 (Frame:3015).
[2017.04.20-00.40.17:880][969]LogRenderer: Reallocating scene render targets to support 1208x604 NumSamples 1 (Frame:3017).
[2017.04.20-00.40.17:978][970]LogRenderer: Reallocating scene render targets to support 1208x608 NumSamples 1 (Frame:3019).
[2017.04.20-00.41.32:743][156]LogFactory: FactoryCreateFile: StaticMesh with FbxFactory (0 0 ../../../../../../Users/Ben/Desktop/College/Junior/Spring 17/CSc 433/Team Project/powerstar.fbx)
[2017.04.20-00.41.32:971][156]LogFbx: ItemName: GlobalSettings, ItemCount : 1
[2017.04.20-00.41.32:971][156]LogFbx: ItemName: NodeAttribute, ItemCount : 2
[2017.04.20-00.41.32:971][156]LogFbx: ItemName: Geometry, ItemCount : 1
[2017.04.20-00.41.32:971][156]LogFbx: ItemName: Model, ItemCount : 3
[2017.04.20-00.41.32:971][156]LogFbx: ItemName: Material, ItemCount : 2
[2017.04.20-00.41.32:971][156]LogFbx: ItemName: Texture, ItemCount : 2
[2017.04.20-00.41.32:971][156]LogFbx: ItemName: Video, ItemCount : 2
[2017.04.20-00.41.32:994][156]LogFbx: Loading FBX Scene from ../../../../../../Users/Ben/Desktop/College/Junior/Spring 17/CSc 433/Team Project/powerstar.fbx
[2017.04.20-00.41.33:022][156]LogFbx: FBX Scene Loaded Succesfully
[2017.04.20-00.41.42:737][156]LogFbx: Loading FBX Scene from ../../../../../../Users/Ben/Desktop/College/Junior/Spring 17/CSc 433/Team Project/powerstar.fbx
[2017.04.20-00.41.42:752][156]LogFbx: FBX Scene Loaded Succesfully
[2017.04.20-00.41.42:817][156]LogLinker: Can't find file '/Game/FirstPersonCPP/Blueprints/Material_063_3ED452ED_c_bmp'
[2017.04.20-00.41.42:818][156]LogLinker: Can't find file '/Game/FirstPersonCPP/Blueprints/Material_063_3ED452ED_c_bmp'
[2017.04.20-00.41.42:887][156]LogLinker: Can't find file '/Game/FirstPersonCPP/Blueprints/3ED452ED_c'
[2017.04.20-00.41.42:887][156]LogLinker: Can't find file '/Game/FirstPersonCPP/Blueprints/3ED452ED_c'
[2017.04.20-00.41.42:888][156]LogStreaming:Warning: Failed to read file 'C:\Users\Ben\Desktop\College\Junior\Spring 17\CSc 433\Team Project\3ED452ED_c.bmp' error.
[2017.04.20-00.41.42:888][156]LogStreaming:Warning: Failed to read file '../../../../../../Users/Ben/Desktop/College/Junior/Spring 17/CSc 433/Team Project/3ED452ED_c.bmp' error.
[2017.04.20-00.41.42:888][156]LogStreaming:Warning: Failed to read file '../../../../../../Users/Ben/Desktop/College/Junior/Spring 17/CSc 433/Team Project/3ED452ED_c.bmp' error.
[2017.04.20-00.41.42:888][156]LogFbxMaterialImport:Warning: Unable to find TEXTure file 3ED452ED_c.bmp. Tried:
 - C:\Users\Ben\Desktop\College\Junior\Spring 17\CSc 433\Team Project\3ED452ED_c.bmp
 - ../../../../../../Users/Ben/Desktop/College/Junior/Spring 17/CSc 433/Team Project/3ED452ED_c.bmp
 - ../../../../../../Users/Ben/Desktop/College/Junior/Spring 17/CSc 433/Team Project/3ED452ED_c.bmp
[2017.04.20-00.41.42:935][156]LogMaterial: Missing cached shader map for material Material_063_3ED452ED_c_bmp, compiling. 
[2017.04.20-00.41.42:979][156]LogTemp:Display: Added material ShaderMap 0x00000267E6467580 with Material 0x00000267E641E800 to ShaderMapsBeingCompiled
[2017.04.20-00.41.43:135][156]LogTemp:Display: Kicking off shader compilation for Material_063_3ED452ED_c_bmp, GameThreadShaderMap 0x00000267E6467580
[2017.04.20-00.41.43:324][156]LogLinker: Can't find file '/Game/FirstPersonCPP/Blueprints/Material_065_713E77D_c_bmp'
[2017.04.20-00.41.43:324][156]LogLinker: Can't find file '/Game/FirstPersonCPP/Blueprints/Material_065_713E77D_c_bmp'
[2017.04.20-00.41.43:326][156]LogLinker: Can't find file '/Game/FirstPersonCPP/Blueprints/texture'
[2017.04.20-00.41.43:326][156]LogLinker: Can't find file '/Game/FirstPersonCPP/Blueprints/texture'
[2017.04.20-00.41.43:770][156]LogTexture:Display: Building textures: texture (AutoDXT, 32X64) - 191 MB total VRAM
[2017.04.20-00.41.43:853][156]LogMaterial: Missing cached shader map for material Material_065_713E77D_c_bmp, compiling. 
[2017.04.20-00.41.43:854][156]LogTemp:Display: Added material ShaderMap 0x0000026792C65980 with Material 0x00000267E641CA00 to ShaderMapsBeingCompiled
[2017.04.20-00.41.43:868][156]LogTemp:Display: Kicking off shader compilation for Material_065_713E77D_c_bmp, GameThreadShaderMap 0x0000026792C65980
[2017.04.20-00.41.44:121][156]LogStaticMesh: Building static mesh powerstar...
[2017.04.20-00.41.44:302][156]LogStaticMesh: Built static mesh [0.18s] /Game/FirstPersonCPP/Blueprints/powerstar.powerstar
[2017.04.20-00.41.44:510][156]FBXImport:Warning: Warning No smoothing group information was found in this FBX scene.  Please make sure to enable the 'Export Smoothing Groups' option in the FBX Exporter plug-in before exporting the file.  Even for tools that don't support smoothing groups, the FBX Exporter will generate appropriate smoothing data at export-time so that correct vertex normals can be inferred while importing. 
[2017.04.20-00.41.47:239][157]LogTemp:Display: Finished compile of shader map 0x00000267E6467580
[2017.04.20-00.41.47:239][157]LogTemp:Display: Shader map Material_063_3ED452ED_c_bmp complete, GameThreadShaderMap 0x00000267E6467580, marking material Material_063_3ED452ED_c_bmp as finished
[2017.04.20-00.41.47:239][157]LogTemp:Display: Marking material as finished 0x00000267E641E800
[2017.04.20-00.41.47:272][157]LogTemp:Display: Finished compile of shader map 0x0000026792C65980
[2017.04.20-00.41.47:272][157]LogTemp:Display: Shader map Material_065_713E77D_c_bmp complete, GameThreadShaderMap 0x0000026792C65980, marking material Material_065_713E77D_c_bmp as finished
[2017.04.20-00.41.47:272][157]LogTemp:Display: Marking material as finished 0x00000267E641CA00
[2017.04.20-00.41.50:271][489]LogFileHelpers: Editor autosave (incl. sublevels) for '/Game/FirstPersonCPP/Maps/FirstPersonExampleMap' took 0.057
[2017.04.20-00.41.50:332][489]OBJ SavePackage: Generating thumbnails for [1] asset(s) in package [/Game/FirstPersonCPP/Blueprints/powerstar] ([1] browsable assets)...
[2017.04.20-00.41.50:378][489]OBJ SavePackage:     Rendered thumbnail for [StaticMesh /Game/FirstPersonCPP/Blueprints/powerstar.powerstar]
[2017.04.20-00.41.50:378][489]OBJ SavePackage: Finished generating thumbnails for package [/Game/FirstPersonCPP/Blueprints/powerstar]
[2017.04.20-00.41.50:549][489]LogSavePackage: Save=158.41ms
[2017.04.20-00.41.50:549][489]LogSavePackage: Moving '../../../../../../Users/Ben/Documents/Unreal Projects/CSC433TeamProject/Saved/powerstar_Auto113718C3948946157C0DA01B164DE7BAC.tmp' to '../../../../../../Users/Ben/Documents/Unreal Projects/CSC433TeamProject/Saved/Autosaves/Game/FirstPersonCPP/Blueprints/powerstar_Auto1.uasset'
[2017.04.20-00.41.50:567][489]LogSavePackage:Display: Finished SavePackage ../../../../../../Users/Ben/Documents/Unreal Projects/CSC433TeamProject/Saved/Autosaves/Game/FirstPersonCPP/Blueprints/powerstar_Auto1.uasset
[2017.04.20-00.41.50:568][489]OBJ SavePackage: Generating thumbnails for [1] asset(s) in package [/Game/FirstPersonCPP/Blueprints/Material_063_3ED452ED_c_bmp] ([1] browsable assets)...
[2017.04.20-00.41.50:597][489]OBJ SavePackage:     Rendered thumbnail for [Material /Game/FirstPersonCPP/Blueprints/Material_063_3ED452ED_c_bmp.Material_063_3ED452ED_c_bmp]
[2017.04.20-00.41.50:597][489]OBJ SavePackage: Finished generating thumbnails for package [/Game/FirstPersonCPP/Blueprints/Material_063_3ED452ED_c_bmp]
[2017.04.20-00.41.50:618][489]LogSavePackage: Save=18.19ms
[2017.04.20-00.41.50:618][489]LogSavePackage: Moving '../../../../../../Users/Ben/Documents/Unreal Projects/CSC433TeamProject/Saved/Material_063_3ED452ED_c_bmp_Auto1EDD6708A4C041B9C8DB22F9CAB1570A9.tmp' to '../../../../../../Users/Ben/Documents/Unreal Projects/CSC433TeamProject/Saved/Autosaves/Game/FirstPersonCPP/Blueprints/Material_063_3ED452ED_c_bmp_Auto1.uasset'
[2017.04.20-00.41.50:620][489]LogSavePackage:Display: Finished SavePackage ../../../../../../Users/Ben/Documents/Unreal Projects/CSC433TeamProject/Saved/Autosaves/Game/FirstPersonCPP/Blueprints/Material_063_3ED452ED_c_bmp_Auto1.uasset
[2017.04.20-00.41.50:621][489]OBJ SavePackage: Generating thumbnails for [1] asset(s) in package [/Game/FirstPersonCPP/Blueprints/Material_065_713E77D_c_bmp] ([1] browsable assets)...
[2017.04.20-00.41.50:638][489]OBJ SavePackage:     Rendered thumbnail for [Material /Game/FirstPersonCPP/Blueprints/Material_065_713E77D_c_bmp.Material_065_713E77D_c_bmp]
[2017.04.20-00.41.50:638][489]OBJ SavePackage: Finished generating thumbnails for package [/Game/FirstPersonCPP/Blueprints/Material_065_713E77D_c_bmp]
[2017.04.20-00.41.50:658][489]LogSavePackage: Save=18.14ms
[2017.04.20-00.41.50:658][489]LogSavePackage: Moving '../../../../../../Users/Ben/Documents/Unreal Projects/CSC433TeamProject/Saved/Material_065_713E77D_c_bmp_Auto1AE5FE2BF4CF41F658EE6E780241C9A9D.tmp' to '../../../../../../Users/Ben/Documents/Unreal Projects/CSC433TeamProject/Saved/Autosaves/Game/FirstPersonCPP/Blueprints/Material_065_713E77D_c_bmp_Auto1.uasset'
[2017.04.20-00.41.50:661][489]LogSavePackage:Display: Finished SavePackage ../../../../../../Users/Ben/Documents/Unreal Projects/CSC433TeamProject/Saved/Autosaves/Game/FirstPersonCPP/Blueprints/Material_065_713E77D_c_bmp_Auto1.uasset
[2017.04.20-00.41.50:661][489]OBJ SavePackage: Generating thumbnails for [1] asset(s) in package [/Game/FirstPersonCPP/Blueprints/texture] ([1] browsable assets)...
[2017.04.20-00.41.50:662][489]OBJ SavePackage:     Rendered thumbnail for [Texture2D /Game/FirstPersonCPP/Blueprints/texture.texture]
[2017.04.20-00.41.50:662][489]OBJ SavePackage: Finished generating thumbnails for package [/Game/FirstPersonCPP/Blueprints/texture]
[2017.04.20-00.41.50:669][489]LogSavePackage: Save=5.25ms
[2017.04.20-00.41.50:669][489]LogSavePackage: Moving '../../../../../../Users/Ben/Documents/Unreal Projects/CSC433TeamProject/Saved/texture_Auto193E23D814475BE5A4FD59E9EB88FBB01.tmp' to '../../../../../../Users/Ben/Documents/Unreal Projects/CSC433TeamProject/Saved/Autosaves/Game/FirstPersonCPP/Blueprints/texture_Auto1.uasset'
[2017.04.20-00.41.50:671][489]LogSavePackage:Display: Finished SavePackage ../../../../../../Users/Ben/Documents/Unreal Projects/CSC433TeamProject/Saved/Autosaves/Game/FirstPersonCPP/Blueprints/texture_Auto1.uasset
[2017.04.20-00.41.50:671][489]LogFileHelpers: Auto-saving content packages took 0.399
[2017.04.20-00.42.03:015][876]LogActorFactory: Actor Factory created powerstar
[2017.04.20-00.42.16:493][447]LogActorFactory: Actor Factory created powerstar
[2017.04.20-00.42.18:114][587]LogEditorViewport: Clicking on Actor (LMB): StaticMeshActor (Plane)
[2017.04.20-00.42.20:452][841]LogEditorViewport: Clicking on Actor (LMB): StaticMeshActor (powerstar)
[2017.04.20-00.42.51:995][547]Cmd: TRANSACTION UNDO
[2017.04.20-00.42.51:995][547]LogEditorTransaction: Undo Create Actors
[2017.04.20-00.42.52:088][547]LogSlate: Took 0.025672 seconds to synchronously load lazily loaded font '../../../Engine/Content/Slate/Fonts/Roboto-Light.ttf' (159K)
[2017.04.20-00.42.54:174][778]Cmd: TRANSACTION UNDO
[2017.04.20-00.42.54:174][778]LogEditorTransaction: Undo Move Actors
[2017.04.20-00.42.55:441][909]Cmd: TRANSACTION REDO
[2017.04.20-00.42.55:441][909]LogEditorTransaction: Redo Move Actors
[2017.04.20-00.43.06:237][120]LogEditorViewport: Clicking on Actor (LMB): StaticMeshActor (powerstar)
[2017.04.20-00.43.06:851][187]LogEditorViewport: Clicking on Actor (LMB): StaticMeshActor (powerstar)
[2017.04.20-00.43.09:124][437]LogEditorViewport: Clicking on Actor (LMB): StaticMeshActor (powerstar)
[2017.04.20-00.43.11:446][695]LogEditorViewport: Clicking on Actor (LMB): StaticMeshActor (powerstar)
[2017.04.20-00.43.11:553][701]LogEditorViewport: Clicking on Component (LMB): StaticMeshComponent (StaticMeshComponent0)
[2017.04.20-00.43.20:599][561]LogEditorViewport: Clicking on Component (context menu): StaticMeshComponent (StaticMeshComponent0)
[2017.04.20-00.43.27:406][309]LogEditorViewport: Clicking on Component (LMB): StaticMeshComponent (StaticMeshComponent0)
[2017.04.20-00.44.19:151][ 51]LogMaterial: Missing cached shader map for material star, compiling. 
[2017.04.20-00.44.19:153][ 51]LogTemp:Display: Added material ShaderMap 0x0000026782E5A400 with Material 0x00000267826F1300 to ShaderMapsBeingCompiled
[2017.04.20-00.44.19:176][ 51]LogTemp:Display: Kicking off shader compilation for star, GameThreadShaderMap 0x0000026782E5A400
[2017.04.20-00.44.20:087][ 51]LogMaterial: Missing cached shader map for material star, compiling. 
[2017.04.20-00.44.20:088][ 51]LogTemp:Display: Added material ShaderMap 0x00000267934D0800 with Material 0x00000267826F1300 to ShaderMapsBeingCompiled
[2017.04.20-00.44.20:098][ 51]LogTemp:Display: Kicking off shader compilation for star, GameThreadShaderMap 0x00000267934D0800
[2017.04.20-00.44.20:098][ 51]LogMaterial: 0.00 seconds spent updating 1 materials, 1 interfaces, 0 instances, 0 with static permutations.
[2017.04.20-00.44.20:200][ 51]LogSlate: Took 0.050921 seconds to synchronously load lazily loaded font '../../../Engine/Content/Editor/Slate/Fonts/Roboto-BoldCondensed.ttf' (158K)
[2017.04.20-00.44.21:916][102]LogTemp:Display: Finished compile of shader map 0x00000267934D0800
[2017.04.20-00.44.21:916][102]LogTemp:Display: Shader map star complete, GameThreadShaderMap 0x00000267934D0800, marking material star as finished
[2017.04.20-00.44.21:916][102]LogTemp:Display: Marking material as finished 0x00000267826F1300
[2017.04.20-00.44.21:972][103]MaterialEditorStats: Info Base pass shader with only dynamic lighting: 80 instructions
[2017.04.20-00.44.21:972][103]MaterialEditorStats: Info Vertex shader: 29 instructions
[2017.04.20-00.44.21:972][103]MaterialEditorStats: Info Texture samplers: 1/16
[2017.04.20-00.44.36:350][126]LogMaterial: Missing cached shader map for material star, compiling. 
[2017.04.20-00.44.36:351][126]LogTemp:Display: Added material ShaderMap 0x0000026796605D00 with Material 0x00000267826F1300 to ShaderMapsBeingCompiled
[2017.04.20-00.44.36:369][126]LogTemp:Display: Kicking off shader compilation for star, GameThreadShaderMap 0x0000026796605D00
[2017.04.20-00.44.36:387][126]LogMaterial: 0.02 seconds spent updating 1 materials, 1 interfaces, 0 instances, 0 with static permutations.
[2017.04.20-00.44.36:389][126]LogMaterial: Missing cached shader map for material FMatExpressionPreview MaterialExpressionTextureSample_0, compiling. 
[2017.04.20-00.44.36:389][126]LogTemp:Display: Added material ShaderMap 0x0000026793116E80 with Material 0x00000267967A4400 to ShaderMapsBeingCompiled
[2017.04.20-00.44.36:391][126]LogTemp:Display: Kicking off shader compilation for FMatExpressionPreview MaterialExpressionTextureSample_0, GameThreadShaderMap 0x0000026793116E80
[2017.04.20-00.44.36:399][126]LogTemp:Display: Removed shader map 0x0000026793116E80 from material 0x00000267967A4400
[2017.04.20-00.44.36:423][126]LogMaterial: Missing cached shader map for material FMatExpressionPreview MaterialExpressionTextureSample_0, compiling. 
[2017.04.20-00.44.36:424][126]LogTemp:Display: Added material ShaderMap 0x0000026793115600 with Material 0x00000267879CFD00 to ShaderMapsBeingCompiled
[2017.04.20-00.44.36:426][126]LogTemp:Display: Kicking off shader compilation for FMatExpressionPreview MaterialExpressionTextureSample_0, GameThreadShaderMap 0x0000026793115600
[2017.04.20-00.44.37:454][167]LogTemp:Display: Finished compile of shader map 0x0000026796605D00
[2017.04.20-00.44.37:455][167]LogTemp:Display: Shader map star complete, GameThreadShaderMap 0x0000026796605D00, marking material star as finished
[2017.04.20-00.44.37:455][167]LogTemp:Display: Marking material as finished 0x00000267826F1300
[2017.04.20-00.44.37:475][168]MaterialEditorStats: Info Base pass shader with only dynamic lighting: 80 instructions
[2017.04.20-00.44.37:475][168]MaterialEditorStats: Info Vertex shader: 29 instructions
[2017.04.20-00.44.37:475][168]MaterialEditorStats: Info Texture samplers: 1/16
[2017.04.20-00.44.37:568][174]LogTemp:Display: Finished compile of shader map 0x0000026793115600
[2017.04.20-00.44.37:568][174]LogTemp:Display: Shader map FMatExpressionPreview MaterialExpressionTextureSample_0 complete, GameThreadShaderMap 0x0000026793115600, marking material FMatExpressionPreview MaterialExpressionTextureSample_0 as finished
[2017.04.20-00.44.37:568][174]LogTemp:Display: Marking material as finished 0x00000267879CFD00
[2017.04.20-00.44.42:482][561]LogMaterial: Missing cached shader map for material star, compiling. 
[2017.04.20-00.44.42:483][561]LogTemp:Display: Added material ShaderMap 0x00000267F507F200 with Material 0x00000267826F1300 to ShaderMapsBeingCompiled
[2017.04.20-00.44.42:491][561]LogTemp:Display: Kicking off shader compilation for star, GameThreadShaderMap 0x00000267F507F200
[2017.04.20-00.44.42:491][561]LogMaterial: 0.00 seconds spent updating 1 materials, 1 interfaces, 0 instances, 0 with static permutations.
[2017.04.20-00.44.42:585][561]LogMaterial: Missing cached shader map for material FMatExpressionPreview MaterialExpressionTextureSample_0, compiling. 
[2017.04.20-00.44.42:588][561]LogTemp:Display: Added material ShaderMap 0x0000026796605D00 with Material 0x00000267F506C100 to ShaderMapsBeingCompiled
[2017.04.20-00.44.42:596][561]LogTemp:Display: Kicking off shader compilation for FMatExpressionPreview MaterialExpressionTextureSample_0, GameThreadShaderMap 0x0000026796605D00
[2017.04.20-00.44.43:806][619]LogTemp:Display: Finished compile of shader map 0x00000267F507F200
[2017.04.20-00.44.43:806][619]LogTemp:Display: Shader map star complete, GameThreadShaderMap 0x00000267F507F200, marking material star as finished
[2017.04.20-00.44.43:806][619]LogTemp:Display: Marking material as finished 0x00000267826F1300
[2017.04.20-00.44.43:822][620]MaterialEditorStats: Info Base pass shader with only dynamic lighting: 81 instructions
[2017.04.20-00.44.43:822][620]MaterialEditorStats: Info Vertex shader: 31 instructions
[2017.04.20-00.44.43:822][620]MaterialEditorStats: Info Texture samplers: 2/16
[2017.04.20-00.44.43:898][625]LogTemp:Display: Finished compile of shader map 0x0000026796605D00
[2017.04.20-00.44.43:898][625]LogTemp:Display: Shader map FMatExpressionPreview MaterialExpressionTextureSample_0 complete, GameThreadShaderMap 0x0000026796605D00, marking material FMatExpressionPreview MaterialExpressionTextureSample_0 as finished
[2017.04.20-00.44.43:898][625]LogTemp:Display: Marking material as finished 0x00000267F506C100
[2017.04.20-00.45.30:107][142]LogMaterial: Missing cached shader map for material star, compiling. 
[2017.04.20-00.45.30:107][142]LogTemp:Display: Added material ShaderMap 0x00000267936AA080 with Material 0x00000267826F1300 to ShaderMapsBeingCompiled
[2017.04.20-00.45.30:116][142]LogTemp:Display: Kicking off shader compilation for star, GameThreadShaderMap 0x00000267936AA080
[2017.04.20-00.45.30:117][142]LogMaterial: 0.00 seconds spent updating 1 materials, 1 interfaces, 0 instances, 0 with static permutations.
[2017.04.20-00.45.31:685][218]LogTemp:Display: Finished compile of shader map 0x00000267936AA080
[2017.04.20-00.45.31:685][218]LogTemp:Display: Shader map star complete, GameThreadShaderMap 0x00000267936AA080, marking material star as finished
[2017.04.20-00.45.31:685][218]LogTemp:Display: Marking material as finished 0x00000267826F1300
[2017.04.20-00.45.31:700][219]MaterialEditorStats: Info Base pass shader with only dynamic lighting: 81 instructions
[2017.04.20-00.45.31:700][219]MaterialEditorStats: Info Vertex shader: 31 instructions
[2017.04.20-00.45.31:700][219]MaterialEditorStats: Info Texture samplers: 2/16
[2017.04.20-00.45.51:725][978]LogMaterial: Missing cached shader map for material star, compiling. 
[2017.04.20-00.45.51:749][978]LogTemp:Display: Added material ShaderMap 0x00000267966CA400 with Material 0x00000267826F1300 to ShaderMapsBeingCompiled
[2017.04.20-00.45.51:758][978]LogTemp:Display: Kicking off shader compilation for star, GameThreadShaderMap 0x00000267966CA400
[2017.04.20-00.45.51:758][978]LogMaterial: 0.00 seconds spent updating 1 materials, 1 interfaces, 0 instances, 0 with static permutations.
[2017.04.20-00.45.53:251][ 53]LogTemp:Display: Finished compile of shader map 0x00000267966CA400
[2017.04.20-00.45.53:251][ 53]LogTemp:Display: Shader map star complete, GameThreadShaderMap 0x00000267966CA400, marking material star as finished
[2017.04.20-00.45.53:251][ 53]LogTemp:Display: Marking material as finished 0x00000267826F1300
[2017.04.20-00.45.53:267][ 54]MaterialEditorStats: Info Base pass shader with only dynamic lighting: 84 instructions
[2017.04.20-00.45.53:267][ 54]MaterialEditorStats: Info Vertex shader: 31 instructions
[2017.04.20-00.45.53:267][ 54]MaterialEditorStats: Info Texture samplers: 2/16
[2017.04.20-00.46.08:405][243]LogEditorTransaction: Undo Create Pin Link
[2017.04.20-00.46.08:408][243]LogMaterial: Missing cached shader map for material star, compiling. 
[2017.04.20-00.46.08:409][243]LogTemp:Display: Added material ShaderMap 0x00000268004F6E80 with Material 0x00000267826F1300 to ShaderMapsBeingCompiled
[2017.04.20-00.46.08:419][243]LogTemp:Display: Kicking off shader compilation for star, GameThreadShaderMap 0x00000268004F6E80
[2017.04.20-00.46.08:419][243]LogMaterial: 0.00 seconds spent updating 1 materials, 1 interfaces, 0 instances, 0 with static permutations.
[2017.04.20-00.46.09:529][290]LogTemp:Display: Finished compile of shader map 0x00000268004F6E80
[2017.04.20-00.46.09:529][290]LogTemp:Display: Shader map star complete, GameThreadShaderMap 0x00000268004F6E80, marking material star as finished
[2017.04.20-00.46.09:529][290]LogTemp:Display: Marking material as finished 0x00000267826F1300
[2017.04.20-00.46.09:544][291]MaterialEditorStats: Info Base pass shader with only dynamic lighting: 84 instructions
[2017.04.20-00.46.09:544][291]MaterialEditorStats: Info Vertex shader: 31 instructions
[2017.04.20-00.46.09:544][291]MaterialEditorStats: Info Texture samplers: 2/16
[2017.04.20-00.46.10:110][332]LogEditorTransaction: Undo Create Pin Link
[2017.04.20-00.46.10:117][332]LogMaterial: Missing cached shader map for material star, compiling. 
[2017.04.20-00.46.10:118][332]LogTemp:Display: Added material ShaderMap 0x00000268004F7900 with Material 0x00000267826F1300 to ShaderMapsBeingCompiled
[2017.04.20-00.46.10:126][332]LogTemp:Display: Kicking off shader compilation for star, GameThreadShaderMap 0x00000268004F7900
[2017.04.20-00.46.10:126][332]LogMaterial: 0.00 seconds spent updating 1 materials, 1 interfaces, 0 instances, 0 with static permutations.
[2017.04.20-00.46.10:625][354]LogEditorTransaction: Undo Create Pin Link
[2017.04.20-00.46.10:629][354]LogMaterial: Missing cached shader map for material star, compiling. 
[2017.04.20-00.46.10:630][354]LogTemp:Display: Added material ShaderMap 0x00000268004BA400 with Material 0x00000267826F1300 to ShaderMapsBeingCompiled
[2017.04.20-00.46.10:645][354]LogTemp:Display: Kicking off shader compilation for star, GameThreadShaderMap 0x00000268004BA400
[2017.04.20-00.46.10:645][354]LogMaterial: 0.00 seconds spent updating 1 materials, 1 interfaces, 0 instances, 0 with static permutations.
[2017.04.20-00.46.11:071][371]LogTemp:Display: Finished compile of shader map 0x00000268004F7900
[2017.04.20-00.46.11:071][371]LogTemp:Display: Shader map star complete, GameThreadShaderMap 0x00000268004F7900, marking material star as finished
[2017.04.20-00.46.11:071][371]LogTemp:Display: Marking material as finished 0x00000267826F1300
[2017.04.20-00.46.11:173][376]LogEditorTransaction: Undo Create Pin Link
[2017.04.20-00.46.11:190][376]LogMaterial: Missing cached shader map for material star, compiling. 
[2017.04.20-00.46.11:192][376]LogTemp:Display: Added material ShaderMap 0x00000267F78AF900 with Material 0x00000267826F1300 to ShaderMapsBeingCompiled
[2017.04.20-00.46.11:207][376]LogTemp:Display: Kicking off shader compilation for star, GameThreadShaderMap 0x00000267F78AF900
[2017.04.20-00.46.11:210][376]LogMaterial: Missing cached shader map for material star, compiling. 
[2017.04.20-00.46.11:211][376]LogTemp:Display: Added material ShaderMap 0x00000268004F7900 with Material 0x00000267826F1300 to ShaderMapsBeingCompiled
[2017.04.20-00.46.11:224][376]LogTemp:Display: Kicking off shader compilation for star, GameThreadShaderMap 0x00000268004F7900
[2017.04.20-00.46.11:224][376]LogMaterial: 0.00 seconds spent updating 1 materials, 1 interfaces, 0 instances, 0 with static permutations.
[2017.04.20-00.46.11:526][387]LogTemp:Display: Finished compile of shader map 0x00000267F78AF900
[2017.04.20-00.46.11:526][387]LogTemp:Display: Shader map star complete, GameThreadShaderMap 0x00000267F78AF900, marking material star as finished
[2017.04.20-00.46.11:526][387]LogTemp:Display: Marking material as finished 0x00000267826F1300
[2017.04.20-00.46.11:613][391]LogTemp:Display: Finished compile of shader map 0x00000268004BA400
[2017.04.20-00.46.11:613][391]LogTemp:Display: Shader map star complete, GameThreadShaderMap 0x00000268004BA400, marking material star as finished
[2017.04.20-00.46.11:613][391]LogTemp:Display: Marking material as finished 0x00000267826F1300
[2017.04.20-00.46.12:528][433]LogTemp:Display: Finished compile of shader map 0x00000268004F7900
[2017.04.20-00.46.12:528][433]LogTemp:Display: Shader map star complete, GameThreadShaderMap 0x00000268004F7900, marking material star as finished
[2017.04.20-00.46.12:528][433]LogTemp:Display: Marking material as finished 0x00000267826F1300
[2017.04.20-00.46.12:542][434]MaterialEditorStats: Info Base pass shader with only dynamic lighting: 81 instructions
[2017.04.20-00.46.12:542][434]MaterialEditorStats: Info Vertex shader: 31 instructions
[2017.04.20-00.46.12:542][434]MaterialEditorStats: Info Texture samplers: 2/16
[2017.04.20-00.46.14:092][558]LogMaterial: Missing cached shader map for material star, compiling. 
[2017.04.20-00.46.14:093][558]LogTemp:Display: Added material ShaderMap 0x00000267F7794F00 with Material 0x00000267826F1300 to ShaderMapsBeingCompiled
[2017.04.20-00.46.14:103][558]LogTemp:Display: Kicking off shader compilation for star, GameThreadShaderMap 0x00000267F7794F00
[2017.04.20-00.46.14:103][558]LogMaterial: 0.00 seconds spent updating 1 materials, 1 interfaces, 0 instances, 0 with static permutations.
[2017.04.20-00.46.15:300][615]LogTemp:Display: Finished compile of shader map 0x00000267F7794F00
[2017.04.20-00.46.15:300][615]LogTemp:Display: Shader map star complete, GameThreadShaderMap 0x00000267F7794F00, marking material star as finished
[2017.04.20-00.46.15:300][615]LogTemp:Display: Marking material as finished 0x00000267826F1300
[2017.04.20-00.46.15:313][616]MaterialEditorStats: Info Base pass shader with only dynamic lighting: 81 instructions
[2017.04.20-00.46.15:313][616]MaterialEditorStats: Info Vertex shader: 31 instructions
[2017.04.20-00.46.15:313][616]MaterialEditorStats: Info Texture samplers: 2/16
[2017.04.20-00.46.16:972][746]LogEditorTransaction: Undo Create Pin Link
[2017.04.20-00.46.16:975][746]LogMaterial: Missing cached shader map for material star, compiling. 
[2017.04.20-00.46.16:976][746]LogTemp:Display: Added material ShaderMap 0x00000267F7794480 with Material 0x00000267826F1300 to ShaderMapsBeingCompiled
[2017.04.20-00.46.16:985][746]LogTemp:Display: Kicking off shader compilation for star, GameThreadShaderMap 0x00000267F7794480
[2017.04.20-00.46.16:987][746]LogMaterial: Missing cached shader map for material star, compiling. 
[2017.04.20-00.46.16:988][746]LogTemp:Display: Added material ShaderMap 0x00000267F77F7C80 with Material 0x00000267826F1300 to ShaderMapsBeingCompiled
[2017.04.20-00.46.16:997][746]LogTemp:Display: Kicking off shader compilation for star, GameThreadShaderMap 0x00000267F77F7C80
[2017.04.20-00.46.16:997][746]LogMaterial: 0.00 seconds spent updating 1 materials, 1 interfaces, 0 instances, 0 with static permutations.
[2017.04.20-00.46.18:170][800]LogTemp:Display: Finished compile of shader map 0x00000267F77F7C80
[2017.04.20-00.46.18:170][800]LogTemp:Display: Shader map star complete, GameThreadShaderMap 0x00000267F77F7C80, marking material star as finished
[2017.04.20-00.46.18:170][800]LogTemp:Display: Marking material as finished 0x00000267826F1300
[2017.04.20-00.46.18:183][801]MaterialEditorStats: Info Base pass shader with only dynamic lighting: 81 instructions
[2017.04.20-00.46.18:183][801]MaterialEditorStats: Info Vertex shader: 31 instructions
[2017.04.20-00.46.18:183][801]MaterialEditorStats: Info Texture samplers: 2/16
[2017.04.20-00.46.33:586][ 82]LogMaterial: Missing cached shader map for material star, compiling. 
[2017.04.20-00.46.33:587][ 82]LogTemp:Display: Added material ShaderMap 0x00000267F7710B80 with Material 0x00000267826F1300 to ShaderMapsBeingCompiled
[2017.04.20-00.46.33:597][ 82]LogTemp:Display: Kicking off shader compilation for star, GameThreadShaderMap 0x00000267F7710B80
[2017.04.20-00.46.33:597][ 82]LogMaterial: 0.00 seconds spent updating 1 materials, 1 interfaces, 0 instances, 0 with static permutations.
[2017.04.20-00.46.34:766][138]LogTemp:Display: Finished compile of shader map 0x00000267F7710B80
[2017.04.20-00.46.34:766][138]LogTemp:Display: Shader map star complete, GameThreadShaderMap 0x00000267F7710B80, marking material star as finished
[2017.04.20-00.46.34:766][138]LogTemp:Display: Marking material as finished 0x00000267826F1300
[2017.04.20-00.46.34:781][139]MaterialEditorStats: Info Base pass shader with only dynamic lighting: 81 instructions
[2017.04.20-00.46.34:781][139]MaterialEditorStats: Info Vertex shader: 31 instructions
[2017.04.20-00.46.34:781][139]MaterialEditorStats: Info Texture samplers: 2/16
[2017.04.20-00.46.54:091][434]LogMaterial: Missing cached shader map for material FMatExpressionPreview MaterialExpressionConstant_0, compiling. 
[2017.04.20-00.46.54:091][434]LogTemp:Display: Added material ShaderMap 0x00000267F507E400 with Material 0x00000267F7790700 to ShaderMapsBeingCompiled
[2017.04.20-00.46.54:093][434]LogTemp:Display: Kicking off shader compilation for FMatExpressionPreview MaterialExpressionConstant_0, GameThreadShaderMap 0x00000267F507E400
[2017.04.20-00.46.54:376][452]LogTemp:Display: Finished compile of shader map 0x00000267F507E400
[2017.04.20-00.46.54:376][452]LogTemp:Display: Shader map FMatExpressionPreview MaterialExpressionConstant_0 complete, GameThreadShaderMap 0x00000267F507E400, marking material FMatExpressionPreview MaterialExpressionConstant_0 as finished
[2017.04.20-00.46.54:376][452]LogTemp:Display: Marking material as finished 0x00000267F7790700
[2017.04.20-00.47.04:444][227]LogMaterial: Missing cached shader map for material star, compiling. 
[2017.04.20-00.47.04:445][227]LogTemp:Display: Added material ShaderMap 0x00000267966CB900 with Material 0x00000267826F1300 to ShaderMapsBeingCompiled
[2017.04.20-00.47.04:465][227]LogTemp:Display: Kicking off shader compilation for star, GameThreadShaderMap 0x00000267966CB900
[2017.04.20-00.47.04:465][227]LogMaterial: 0.00 seconds spent updating 1 materials, 1 interfaces, 0 instances, 0 with static permutations.
[2017.04.20-00.47.05:761][294]LogTemp:Display: Finished compile of shader map 0x00000267966CB900
[2017.04.20-00.47.05:761][294]LogTemp:Display: Shader map star complete, GameThreadShaderMap 0x00000267966CB900, marking material star as finished
[2017.04.20-00.47.05:761][294]LogTemp:Display: Marking material as finished 0x00000267826F1300
[2017.04.20-00.47.05:774][295]MaterialEditorStats: Info Base pass shader with only dynamic lighting: 86 instructions
[2017.04.20-00.47.05:774][295]MaterialEditorStats: Info Vertex shader: 31 instructions
[2017.04.20-00.47.05:774][295]MaterialEditorStats: Info Texture samplers: 2/16
[2017.04.20-00.47.41:493][151]LogMaterialEditor: Saving and Compiling material star
[2017.04.20-00.47.42:268][151]LogMaterial: Missing cached shader map for material star, compiling. 
[2017.04.20-00.47.42:268][151]LogTemp:Display: Added material ShaderMap 0x0000026800417580 with Material 0x00000267826F1300 to ShaderMapsBeingCompiled
[2017.04.20-00.47.42:288][151]LogTemp:Display: Kicking off shader compilation for star, GameThreadShaderMap 0x0000026800417580
[2017.04.20-00.47.42:288][151]LogMaterial: 0.00 seconds spent updating 1 materials, 1 interfaces, 0 instances, 0 with static permutations.
[2017.04.20-00.47.42:312][151]LogMaterial: Missing cached shader map for material star, compiling. 
[2017.04.20-00.47.42:313][151]LogTemp:Display: Added material ShaderMap 0x00000267966C8F00 with Material 0x00000267DE5B1480 to ShaderMapsBeingCompiled
[2017.04.20-00.47.42:334][151]LogTemp:Display: Kicking off shader compilation for star, GameThreadShaderMap 0x00000267966C8F00
[2017.04.20-00.47.42:339][151]LogMaterial: Missing cached shader map for material star, compiling. 
[2017.04.20-00.47.42:340][151]LogTemp:Display: Added material ShaderMap 0x0000026800416780 with Material 0x00000267DE5B1480 to ShaderMapsBeingCompiled
[2017.04.20-00.47.42:356][151]LogTemp:Display: Kicking off shader compilation for star, GameThreadShaderMap 0x0000026800416780
[2017.04.20-00.47.42:358][151]LogMaterial: 0.00 seconds spent updating 1 materials, 1 interfaces, 0 instances, 0 with static permutations.
[2017.04.20-00.47.42:412][151]LogMaterial: Missing cached shader map for material FDebugViewModeMaterialProxy star, compiling. 
[2017.04.20-00.47.42:412][151]LogTemp:Display: Added material ShaderMap 0x00000267F543F200 with Material 0x00000267F54D9000 to ShaderMapsBeingCompiled
[2017.04.20-00.47.43:570][151]LogTemp:Display: Finished compile of shader map 0x00000267F543F200
[2017.04.20-00.47.43:570][151]LogTemp:Display: Shader map FDebugViewModeMaterialProxy star complete, GameThreadShaderMap 0x00000267F543F200, marking material FDebugViewModeMaterialProxy star as finished
[2017.04.20-00.47.43:570][151]LogTemp:Display: Marking material as finished 0x00000267F54D9000
[2017.04.20-00.47.43:591][151]TextureStreamingBuild:Display: Compiling optional shaders took 1.186 seconds.
[2017.04.20-00.47.44:998][151]LogTemp:Display: Finished compile of shader map 0x0000026800416780
[2017.04.20-00.47.44:998][151]LogTemp:Display: Shader map star complete, GameThreadShaderMap 0x0000026800416780, marking material star as finished
[2017.04.20-00.47.44:999][151]LogTemp:Display: Marking material as finished 0x00000267DE5B1480
[2017.04.20-00.47.45:005][151]LogTemp:Display: Finished compile of shader map 0x0000026800417580
[2017.04.20-00.47.45:005][151]LogTemp:Display: Shader map star complete, GameThreadShaderMap 0x0000026800417580, marking material star as finished
[2017.04.20-00.47.45:006][151]LogTemp:Display: Marking material as finished 0x00000267826F1300
[2017.04.20-00.47.45:030][151]Cmd: OBJ SAVEPACKAGE PACKAGE="/Game/FirstPersonCPP/Blueprints/star" FILE="../../../../../../Users/Ben/Documents/Unreal Projects/CSC433TeamProject/Content/FirstPersonCPP/Blueprints/star.uasset" SILENT=true
[2017.04.20-00.47.45:047][151]LogSavePackage: Save=15.36ms
[2017.04.20-00.47.45:047][151]LogSavePackage: Moving '../../../../../../Users/Ben/Documents/Unreal Projects/CSC433TeamProject/Saved/star1D4671B3482DF534E33E9FA33D9A874C.tmp' to '../../../../../../Users/Ben/Documents/Unreal Projects/CSC433TeamProject/Content/FirstPersonCPP/Blueprints/star.uasset'
[2017.04.20-00.47.45:078][151]LogSavePackage:Display: Finished SavePackage ../../../../../../Users/Ben/Documents/Unreal Projects/CSC433TeamProject/Content/FirstPersonCPP/Blueprints/star.uasset
[2017.04.20-00.47.45:088][151]MaterialEditorStats: Info Base pass shader with only dynamic lighting: 86 instructions
[2017.04.20-00.47.45:088][151]MaterialEditorStats: Info Vertex shader: 31 instructions
[2017.04.20-00.47.45:088][151]MaterialEditorStats: Info Texture samplers: 3/16
[2017.04.20-00.48.19:612][787]LogEditorViewport: Clicking on Component (LMB): StaticMeshComponent (StaticMeshComponent0)
[2017.04.20-00.48.23:049][176]LogEditorViewport: Clicking on Component (LMB): StaticMeshComponent (StaticMeshComponent0)
[2017.04.20-00.49.35:969][494]LogEditorViewport: Clicking on Component (LMB): StaticMeshComponent (StaticMeshComponent0)
[2017.04.20-00.49.36:067][504]LogEditorViewport: Clicking on Actor (double click): StaticMeshActor (powerstar)
[2017.04.20-00.51.51:924][597]LogSavePackage: Save=1138.65ms
[2017.04.20-00.51.51:924][597]LogSavePackage: Moving '../../../../../../Users/Ben/Documents/Unreal Projects/CSC433TeamProject/Saved/FirstPersonExampleMap_Auto27CC6AB7445CE23E7B4F8779F2D6A6066.tmp' to '../../../../../../Users/Ben/Documents/Unreal Projects/CSC433TeamProject/Saved/Autosaves/Game/FirstPersonCPP/Maps/FirstPersonExampleMap_Auto2.umap'
[2017.04.20-00.51.51:928][597]LogSavePackage:Display: Finished SavePackage ../../../../../../Users/Ben/Documents/Unreal Projects/CSC433TeamProject/Saved/Autosaves/Game/FirstPersonCPP/Maps/FirstPersonExampleMap_Auto2.umap
[2017.04.20-00.51.51:958][597]LogFileHelpers: Editor autosave (incl. sublevels) for '/Game/FirstPersonCPP/Maps/FirstPersonExampleMap' took 1.378
[2017.04.20-00.51.51:958][597]LogFileHelpers: Editor autosave (incl. sublevels) for all levels took 1.378
[2017.04.20-00.55.50:271][ 68]LogEditorViewport: Clicking on Actor (LMB): StaticMeshActor (powerstar)
[2017.04.20-00.58.13:612][882]LogEditorViewport: Clicking on Actor (context menu): StaticMeshActor (powerstar)
[2017.04.20-01.00.17:846][175]LogSavePackage: Save=15.33ms
[2017.04.20-01.00.17:846][175]LogSavePackage: Moving '../../../../../../Users/Ben/Documents/Unreal Projects/CSC433TeamProject/Saved/powerstarA823DF294D3DC2CAA4CDB8A1E67656EE.tmp' to '../../../../../../Users/Ben/Documents/Unreal Projects/CSC433TeamProject/Content/FirstPersonCPP/Blueprints/powerstar.uasset'
[2017.04.20-01.00.17:852][175]LogSavePackage:Display: Finished SavePackage ../../../../../../Users/Ben/Documents/Unreal Projects/CSC433TeamProject/Content/FirstPersonCPP/Blueprints/powerstar.uasset
[2017.04.20-01.00.22:005][570]LogEditorViewport: Clicking on Actor (LMB): BP_Sky_Sphere_C (SkySphereBlueprint)
[2017.04.20-01.00.33:313][870]LogEditorViewport: Clicking on Actor (LMB): StaticMeshActor (Wall1)
[2017.04.20-01.00.34:468][989]LogEditorViewport: Clicking on Actor (LMB): StaticMeshActor (Plane)
[2017.04.20-01.00.40:824][637]LogTemp: Repeting last play command: Selected Viewport
[2017.04.20-01.00.40:863][637]LogBlueprintUserMessages: Early PlayInEditor Detection: Level '/Game/FirstPersonCPP/Maps/FirstPersonExampleMap.FirstPersonExampleMap:PersistentLevel' has LevelScriptBlueprint '/Game/FirstPersonCPP/Maps/FirstPersonExampleMap.FirstPersonExampleMap:PersistentLevel.FirstPersonExampleMap' with GeneratedClass '/Game/FirstPersonCPP/Maps/FirstPersonExampleMap.FirstPersonExampleMap_C' with ClassGeneratedBy '/Game/FirstPersonCPP/Maps/FirstPersonExampleMap.FirstPersonExampleMap:PersistentLevel.FirstPersonExampleMap'
[2017.04.20-01.00.40:880][637]LogPlayLevel: PlayLevel: No blueprints needed recompiling
[2017.04.20-01.00.40:995][637]PIE: New page: PIE session: FirstPersonExampleMap (Apr 19, 2017, 11:00:40 AM)
[2017.04.20-01.00.41:099][637]LogPlayLevel: Creating play world package: /Game/FirstPersonCPP/Maps/UEDPIE_0_FirstPersonExampleMap
[2017.04.20-01.00.41:275][637]LogStaticMesh:Warning: Rebuilding hierarchical instanced mesh component, please resave map FoliageInstancedStaticMeshComponent /Game/FirstPersonCPP/Maps/UEDPIE_0_FirstPersonExampleMap.FirstPersonExampleMap:PersistentLevel.InstancedFoliageActor_0.FoliageInstancedStaticMeshComponent_0.
[2017.04.20-01.00.41:422][637]LogPlayLevel: PIE: StaticDuplicateObject took: (0.322108s)
[2017.04.20-01.00.41:422][637]LogAIModule: Creating AISystem for world FirstPersonExampleMap
[2017.04.20-01.00.41:423][637]LogPlayLevel: PIE: World Init took: (0.000990s)
[2017.04.20-01.00.41:443][637]LogPlayLevel: PIE: Created PIE world by copying editor world from /Game/FirstPersonCPP/Maps/FirstPersonExampleMap.FirstPersonExampleMap to /Game/FirstPersonCPP/Maps/UEDPIE_0_FirstPersonExampleMap.FirstPersonExampleMap (0.400470s)
[2017.04.20-01.00.41:514][637]LogInit: XAudio2 using 'Speakers (Realtek High Definition Audio)' : 2 channels at 48 kHz using 32 bits per sample (channel mask 0x3)
[2017.04.20-01.00.41:538][637]LogInit: FAudioDevice initialized.
[2017.04.20-01.00.41:808][637]LogLoad: Game class is 'ThirdPersonGameMode_C'
[2017.04.20-01.00.42:114][637]LogWorld: Bringing World /Game/FirstPersonCPP/Maps/UEDPIE_0_FirstPersonExampleMap.FirstPersonExampleMap up for play (max tick rate 0) at 2017.04.19-18.00.42
[2017.04.20-01.00.42:394][637]LogWorld: Bringing up level for play took: 0.285921
[2017.04.20-01.00.42:669][637]LogContentBrowser: Native class hierarchy updated for 'MovieSceneCapture' in 0.0013 seconds. Added 11 classes and 0 folders.
[2017.04.20-01.00.42:797][637]PIE: Info Play in editor start time for /Game/FirstPersonCPP/Maps/UEDPIE_0_FirstPersonExampleMap 1.425
[2017.04.20-01.00.42:798][637]LogBlueprintUserMessages: Late PlayInEditor Detection: Level '/Game/FirstPersonCPP/Maps/FirstPersonExampleMap.FirstPersonExampleMap:PersistentLevel' has LevelScriptBlueprint '/Game/FirstPersonCPP/Maps/FirstPersonExampleMap.FirstPersonExampleMap:PersistentLevel.FirstPersonExampleMap' with GeneratedClass '/Game/FirstPersonCPP/Maps/FirstPersonExampleMap.FirstPersonExampleMap_C' with ClassGeneratedBy '/Game/FirstPersonCPP/Maps/FirstPersonExampleMap.FirstPersonExampleMap:PersistentLevel.FirstPersonExampleMap'
[2017.04.20-01.01.17:528][861]LogBlueprintUserMessages: Early EndPlayMap Detection: Level '/Game/FirstPersonCPP/Maps/FirstPersonExampleMap.FirstPersonExampleMap:PersistentLevel' has LevelScriptBlueprint '/Game/FirstPersonCPP/Maps/FirstPersonExampleMap.FirstPersonExampleMap:PersistentLevel.FirstPersonExampleMap' with GeneratedClass '/Game/FirstPersonCPP/Maps/FirstPersonExampleMap.FirstPersonExampleMap_C' with ClassGeneratedBy '/Game/FirstPersonCPP/Maps/FirstPersonExampleMap.FirstPersonExampleMap:PersistentLevel.FirstPersonExampleMap'
[2017.04.20-01.01.17:891][861]LogBlueprintUserMessages: Late EndPlayMap Detection: Level '/Game/FirstPersonCPP/Maps/FirstPersonExampleMap.FirstPersonExampleMap:PersistentLevel' has LevelScriptBlueprint '/Game/FirstPersonCPP/Maps/FirstPersonExampleMap.FirstPersonExampleMap:PersistentLevel.FirstPersonExampleMap' with GeneratedClass '/Game/FirstPersonCPP/Maps/FirstPersonExampleMap.FirstPersonExampleMap_C' with ClassGeneratedBy '/Game/FirstPersonCPP/Maps/FirstPersonExampleMap.FirstPersonExampleMap:PersistentLevel.FirstPersonExampleMap'
[2017.04.20-01.01.21:404][156]LogEditorViewport: Clicking on Actor (LMB): StaticMeshActor (powerstar)
[2017.04.20-01.01.21:987][200]LogEditorViewport: Clicking on Actor (context menu): StaticMeshActor (powerstar)
[2017.04.20-01.01.51:580][375]LogSavePackage: Save=15.23ms
[2017.04.20-01.01.51:580][375]LogSavePackage: Moving '../../../../../../Users/Ben/Documents/Unreal Projects/CSC433TeamProject/Saved/powerstar9D3F527D4D2C5B24D4B47CB08589B76B.tmp' to '../../../../../../Users/Ben/Documents/Unreal Projects/CSC433TeamProject/Content/FirstPersonCPP/Blueprints/powerstar.uasset'
[2017.04.20-01.01.51:583][375]LogSavePackage:Display: Finished SavePackage ../../../../../../Users/Ben/Documents/Unreal Projects/CSC433TeamProject/Content/FirstPersonCPP/Blueprints/powerstar.uasset
[2017.04.20-01.02.12:669][468]LogSavePackage: Save=6.37ms
[2017.04.20-01.02.12:669][468]LogSavePackage: Moving '../../../../../../Users/Ben/Documents/Unreal Projects/CSC433TeamProject/Saved/powerstar5185EA4C4C0D07A37748EDB793B0E06F.tmp' to '../../../../../../Users/Ben/Documents/Unreal Projects/CSC433TeamProject/Content/FirstPersonCPP/Blueprints/powerstar.uasset'
[2017.04.20-01.02.12:671][468]LogSavePackage:Display: Finished SavePackage ../../../../../../Users/Ben/Documents/Unreal Projects/CSC433TeamProject/Content/FirstPersonCPP/Blueprints/powerstar.uasset
[2017.04.20-01.02.30:021][972]LogEditorViewport: Clicking on Actor (LMB): StaticMeshActor (powerstar)
[2017.04.20-01.02.48:257][828]LogEditorViewport: Clicking on Actor (LMB): StaticMeshActor (Plane)
[2017.04.20-01.02.51:772][134]LogTemp: Repeting last play command: Selected Viewport
[2017.04.20-01.02.51:785][134]LogBlueprintUserMessages: Early PlayInEditor Detection: Level '/Game/FirstPersonCPP/Maps/FirstPersonExampleMap.FirstPersonExampleMap:PersistentLevel' has LevelScriptBlueprint '/Game/FirstPersonCPP/Maps/FirstPersonExampleMap.FirstPersonExampleMap:PersistentLevel.FirstPersonExampleMap' with GeneratedClass '/Game/FirstPersonCPP/Maps/FirstPersonExampleMap.FirstPersonExampleMap_C' with ClassGeneratedBy '/Game/FirstPersonCPP/Maps/FirstPersonExampleMap.FirstPersonExampleMap:PersistentLevel.FirstPersonExampleMap'
[2017.04.20-01.02.51:785][134]LogPlayLevel: PlayLevel: No blueprints needed recompiling
[2017.04.20-01.02.51:785][134]PIE: New page: PIE session: FirstPersonExampleMap (Apr 19, 2017, 11:02:51 AM)
[2017.04.20-01.02.51:785][134]LogPlayLevel: Creating play world package: /Game/FirstPersonCPP/Maps/UEDPIE_0_FirstPersonExampleMap
[2017.04.20-01.02.51:813][134]LogStaticMesh:Warning: Rebuilding hierarchical instanced mesh component, please resave map FoliageInstancedStaticMeshComponent /Game/FirstPersonCPP/Maps/UEDPIE_0_FirstPersonExampleMap.FirstPersonExampleMap:PersistentLevel.InstancedFoliageActor_0.FoliageInstancedStaticMeshComponent_0.
[2017.04.20-01.02.51:824][134]LogPlayLevel: PIE: StaticDuplicateObject took: (0.038646s)
[2017.04.20-01.02.51:825][134]LogAIModule: Creating AISystem for world FirstPersonExampleMap
[2017.04.20-01.02.51:825][134]LogPlayLevel: PIE: World Init took: (0.000997s)
[2017.04.20-01.02.51:825][134]LogPlayLevel: PIE: Created PIE world by copying editor world from /Game/FirstPersonCPP/Maps/FirstPersonExampleMap.FirstPersonExampleMap to /Game/FirstPersonCPP/Maps/UEDPIE_0_FirstPersonExampleMap.FirstPersonExampleMap (0.039924s)
[2017.04.20-01.02.51:842][134]LogInit: XAudio2 using 'Speakers (Realtek High Definition Audio)' : 2 channels at 48 kHz using 32 bits per sample (channel mask 0x3)
[2017.04.20-01.02.51:850][134]LogInit: FAudioDevice initialized.
[2017.04.20-01.02.51:881][134]LogLoad: Game class is 'ThirdPersonGameMode_C'
[2017.04.20-01.02.51:886][134]LogWorld: Bringing World /Game/FirstPersonCPP/Maps/UEDPIE_0_FirstPersonExampleMap.FirstPersonExampleMap up for play (max tick rate 0) at 2017.04.19-18.02.51
[2017.04.20-01.02.51:887][134]LogWorld: Bringing up level for play took: 0.004586
[2017.04.20-01.02.51:889][134]PIE: Info Play in editor start time for /Game/FirstPersonCPP/Maps/UEDPIE_0_FirstPersonExampleMap 0.517
[2017.04.20-01.02.51:890][134]LogBlueprintUserMessages: Late PlayInEditor Detection: Level '/Game/FirstPersonCPP/Maps/FirstPersonExampleMap.FirstPersonExampleMap:PersistentLevel' has LevelScriptBlueprint '/Game/FirstPersonCPP/Maps/FirstPersonExampleMap.FirstPersonExampleMap:PersistentLevel.FirstPersonExampleMap' with GeneratedClass '/Game/FirstPersonCPP/Maps/FirstPersonExampleMap.FirstPersonExampleMap_C' with ClassGeneratedBy '/Game/FirstPersonCPP/Maps/FirstPersonExampleMap.FirstPersonExampleMap:PersistentLevel.FirstPersonExampleMap'
[2017.04.20-01.03.14:054][345]LogBlueprintUserMessages: Early EndPlayMap Detection: Level '/Game/FirstPersonCPP/Maps/FirstPersonExampleMap.FirstPersonExampleMap:PersistentLevel' has LevelScriptBlueprint '/Game/FirstPersonCPP/Maps/FirstPersonExampleMap.FirstPersonExampleMap:PersistentLevel.FirstPersonExampleMap' with GeneratedClass '/Game/FirstPersonCPP/Maps/FirstPersonExampleMap.FirstPersonExampleMap_C' with ClassGeneratedBy '/Game/FirstPersonCPP/Maps/FirstPersonExampleMap.FirstPersonExampleMap:PersistentLevel.FirstPersonExampleMap'
[2017.04.20-01.03.14:141][345]LogBlueprintUserMessages: Late EndPlayMap Detection: Level '/Game/FirstPersonCPP/Maps/FirstPersonExampleMap.FirstPersonExampleMap:PersistentLevel' has LevelScriptBlueprint '/Game/FirstPersonCPP/Maps/FirstPersonExampleMap.FirstPersonExampleMap:PersistentLevel.FirstPersonExampleMap' with GeneratedClass '/Game/FirstPersonCPP/Maps/FirstPersonExampleMap.FirstPersonExampleMap_C' with ClassGeneratedBy '/Game/FirstPersonCPP/Maps/FirstPersonExampleMap.FirstPersonExampleMap:PersistentLevel.FirstPersonExampleMap'
[2017.04.20-01.03.16:630][565]LogEditorViewport: Clicking on Actor (LMB): StaticMeshActor (powerstar)
[2017.04.20-01.03.17:288][617]LogEditorViewport: Clicking on Actor (context menu): StaticMeshActor (powerstar)
[2017.04.20-01.03.26:998][530]LogEditorViewport: Clicking on Actor (LMB): Landscape (Landscape)
[2017.04.20-01.03.29:638][739]LogWindows: Windows GetLastError: The operation completed successfully. (0)
[2017.04.20-01.03.44:169][739]LogCrashTracker: 


[2017.04.20-01.03.44:169][739]LogCrashTracker: 


[2017.04.20-01.03.44:169][739]LogWindows:Error: === Critical error: ===
[2017.04.20-01.03.44:169][739]LogWindows:Error: 
[2017.04.20-01.03.44:169][739]LogWindows:Error: Assertion failed: (Index >= 0) & (Index < ArrayNum) [File:D:\Build\++UE4+Release-4.15+Compile\Sync\Engine\Source\Runtime\Core\Public\Containers/Array.h] [Line: 633] 
[2017.04.20-01.03.44:169][739]LogWindows:Error: Array index out of bounds: 64 from an array of size 0
[2017.04.20-01.03.44:170][739]LogWindows:Error: 
[2017.04.20-01.03.44:170][739]LogWindows:Error: 
[2017.04.20-01.03.44:170][739]LogWindows:Error: KERNELBASE.dll!0x000000005ADA3C58
[2017.04.20-01.03.44:170][739]LogWindows:Error: UE4Editor-Core.dll!0x0000000010C564EE
[2017.04.20-01.03.44:170][739]LogWindows:Error: UE4Editor-Core.dll!0x0000000010A7CEEE
[2017.04.20-01.03.44:170][739]LogWindows:Error: UE4Editor-Core.dll!0x0000000010A02729
[2017.04.20-01.03.44:170][739]LogWindows:Error: UE4Editor-Engine.dll!0x000000000DC4F18B
[2017.04.20-01.03.44:170][739]LogWindows:Error: UE4Editor-Foliage.dll!0x000000001A2DAA17
[2017.04.20-01.03.44:170][739]LogWindows:Error: UE4Editor-Foliage.dll!0x000000001A2DCF47
[2017.04.20-01.03.44:170][739]LogWindows:Error: UE4Editor-Foliage.dll!0x000000001A2CA34B
[2017.04.20-01.03.44:170][739]LogWindows:Error: UE4Editor-Engine.dll!0x000000000D3E2CAA
[2017.04.20-01.03.44:170][739]LogWindows:Error: UE4Editor-Engine.dll!0x000000000D4E023D
[2017.04.20-01.03.44:170][739]LogWindows:Error: UE4Editor-Landscape.dll!0x000000000ABA1213
[2017.04.20-01.03.44:170][739]LogWindows:Error: UE4Editor-UnrealEd.dll!0x000000000B5F6490
[2017.04.20-01.03.44:170][739]LogWindows:Error: UE4Editor-UnrealEd.dll!0x000000000B62F6BD
[2017.04.20-01.03.44:170][739]LogWindows:Error: UE4Editor-UnrealEd.dll!0x000000000B2B53D1
[2017.04.20-01.03.44:170][739]LogWindows:Error: UE4Editor-UnrealEd.dll!0x000000000B29A4FB
[2017.04.20-01.03.44:170][739]LogWindows:Error: UE4Editor-UnrealEd.dll!0x000000000B5E6DB2
[2017.04.20-01.03.44:170][739]LogWindows:Error: UE4Editor-Engine.dll!0x000000000E2FB2A4
[2017.04.20-01.03.44:170][739]LogWindows:Error: UE4Editor-Slate.dll!0x000000000D022F39
[2017.04.20-01.03.44:170][739]LogWindows:Error: UE4Editor-Slate.dll!0x000000000CDD411C
[2017.04.20-01.03.44:170][739]LogWindows:Error: UE4Editor-Slate.dll!0x000000000CDA47F5
[2017.04.20-01.03.44:170][739]LogWindows:Error: UE4Editor-Slate.dll!0x000000000CE47193
[2017.04.20-01.03.44:170][739]LogWindows:Error: UE4Editor-Slate.dll!0x000000000CE31100
[2017.04.20-01.03.44:170][739]LogWindows:Error: UE4Editor-Slate.dll!0x000000000CE20211
[2017.04.20-01.03.44:170][739]LogWindows:Error: UE4Editor-Core.dll!0x0000000010C4CDF9
[2017.04.20-01.03.44:170][739]LogWindows:Error: UE4Editor-Core.dll!0x0000000010C367C1
[2017.04.20-01.03.44:170][739]LogWindows:Error: UE4Editor-Core.dll!0x0000000010C4EA1C
[2017.04.20-01.03.44:170][739]LogWindows:Error: UE4Editor-Core.dll!0x0000000010C326E9
[2017.04.20-01.03.44:170][739]LogWindows:Error: USER32.dll!0x000000005E2F1C24
[2017.04.20-01.03.44:170][739]LogWindows:Error: USER32.dll!0x000000005E2F156C
[2017.04.20-01.03.44:170][739]LogWindows:Error: UE4Editor-Core.dll!0x0000000010C4F326
[2017.04.20-01.03.44:170][739]LogWindows:Error: UE4Editor.exe!0x000000009583D790
[2017.04.20-01.03.44:170][739]LogWindows:Error: UE4Editor.exe!0x000000009582EB40
[2017.04.20-01.03.44:170][739]LogWindows:Error: UE4Editor.exe!0x000000009582EBBA
[2017.04.20-01.03.44:170][739]LogWindows:Error: UE4Editor.exe!0x0000000095840A29
[2017.04.20-01.03.44:170][739]LogWindows:Error: UE4Editor.exe!0x00000000958422B6
[2017.04.20-01.03.44:170][739]LogWindows:Error: KERNEL32.DLL!0x000000005DC88364
[2017.04.20-01.03.44:170][739]LogWindows:Error: ntdll.dll!0x000000005E8E70D1
[2017.04.20-01.03.44:170][739]LogWindows:Error: ntdll.dll!0x000000005E8E70D1
[2017.04.20-01.03.44:170][739]LogWindows:Error: 
[2017.04.20-01.03.44:237][739]LogExit: Executing StaticShutdownAfterError
[2017.04.20-01.03.45:395][739]LogWindows: FPlatformMisc::RequestExit(1)
[2017.04.20-01.03.45:407][739]Log file closed, 04/19/17 18:03:45
