Log file open, 04/26/17 18:50:13
LogInit:Display: Running engine for game: Project433
LogPlatformFile: Not using cached read wrapper
LogInit:Display: RandInit(1959215791) SRandInit(1959215791).
LogTaskGraph: Started task graph with 5 named threads and 8 total threads with 1 sets of task threads.
LogStats: Stats thread started at 0.079397
LogInit: Using libcurl 7.47.1
LogInit:  - built for x86_64-pc-win32
LogInit:  - supports SSL with OpenSSL/1.0.2g
LogInit:  - supports HTTP deflate (compression) using libz 1.2.8
LogInit:  - other features:
LogInit:      CURL_VERSION_SSL
LogInit:      CURL_VERSION_LIBZ
LogInit:      CURL_VERSION_IPV6
LogInit:      CURL_VERSION_ASYNCHDNS
LogInit:      CURL_VERSION_LARGEFILE
LogInit:      CURL_VERSION_IDN
LogInit:  CurlRequestOptions (configurable via config and command line):
LogInit:  - bVerifyPeer = false  - Libcurl will NOT verify peer certificate
LogInit:  - bUseHttpProxy = false  - Libcurl will NOT use HTTP proxy
LogInit:  - bDontReuseConnections = false  - Libcurl will reuse connections
LogInit:  - CertBundlePath = nullptr  - Libcurl will use whatever was configured at build time.
LogInit: Build: ++UE4+Release-4.15-CL-3348071
LogInit: Engine Version: 4.15.1-3348071+++UE4+Release-4.15
LogInit: Compatible Engine Version: 4.15.0-3299760+++UE4+Release-4.15
LogInit: Net CL: 3299760
LogDevObjectVersion: Number of dev versions registered: 14
LogDevObjectVersion:   Dev-Blueprints (B0D832E4-1F89-4F0D-ACCF-7EB736FD4AA2): 8
LogDevObjectVersion:   Dev-Build (E1C64328-A22C-4D53-A36C-8E866417BD8C): 0
LogDevObjectVersion:   Dev-Core (375EC13C-06E4-48FB-B500-84F0262A717E): 2
LogDevObjectVersion:   Dev-Editor (E4B068ED-F494-42E9-A231-DA0B2E46BB41): 14
LogDevObjectVersion:   Dev-Framework (CFFC743F-43B0-4480-9391-14DF171D2073): 22
LogDevObjectVersion:   Dev-Mobile (B02B49B5-BB20-44E9-A304-32B752E40360): 0
LogDevObjectVersion:   Dev-Networking (A4E4105C-59A1-49B5-A7C5-40C4547EDFEE): 0
LogDevObjectVersion:   Dev-Online (39C831C9-5AE6-47DC-9A44-9C173E1C8E7C): 0
LogDevObjectVersion:   Dev-Physics (78F01B33-EBEA-4F98-B9B4-84EACCB95AA2): 0
LogDevObjectVersion:   Dev-Platform (6631380F-2D4D-43E0-8009-CF276956A95A): 0
LogDevObjectVersion:   Dev-Rendering (12F88B9F-8875-4AFC-A67C-D90C383ABD29): 12
LogDevObjectVersion:   Dev-Sequencer (7B5AE74C-D270-4C10-A958-57980B212A5A): 3
LogDevObjectVersion:   Dev-VR (D7296918-1DD6-4BDD-9DE2-64A83CC13884): 0
LogDevObjectVersion:   Dev-LoadTimes (C2A15278-BFE7-4AFE-6C17-90FF531DF755): 1
LogInit: Compiled (64-bit): Mar 15 2017 16:52:47
LogInit: Compiled with Visual C++: 19.00.23026.00
LogInit: Build Configuration: Development
LogInit: Branch Name: ++UE4+Release-4.15
LogInit: Command line:  
LogInit: Base directory: C:/Program Files/Epic Games/UE_4.15/Engine/Binaries/Win64/
LogInit: Installed Engine Build: 1
LogInit: Presizing for max 8388607 objects, including 0 objects not considered by GC, pre-allocating 0 bytes for permanent pool.
LogInit: Object subsystem initialized
[2017.04.27-01.50.14:639][  0]LogInit: Selected Device Profile: [Windows]
[2017.04.27-01.50.14:639][  0]LogInit: Applying CVar settings loaded from the selected device profile: [Windows]
[2017.04.27-01.50.14:650][  0]LogInit: Computer: BEN
[2017.04.27-01.50.14:650][  0]LogInit: User: Ben
[2017.04.27-01.50.14:650][  0]LogInit: CPU Page size=65536, Cores=4
[2017.04.27-01.50.14:650][  0]LogInit: High frequency timer resolution =2.435771 MHz
[2017.04.27-01.50.14:650][  0]LogMemory: Memory total: Physical=7.9GB (8GB approx)
[2017.04.27-01.50.14:650][  0]LogMemory: Platform Memory Stats for Windows
[2017.04.27-01.50.14:650][  0]LogMemory: Process Physical Memory: 262.77 MB used, 262.77 MB peak
[2017.04.27-01.50.14:650][  0]LogMemory: Process Virtual Memory: 262.64 MB used, 262.64 MB peak
[2017.04.27-01.50.14:650][  0]LogMemory: Physical Memory: 3566.25 MB used,  4508.60 MB free, 8074.85 MB total
[2017.04.27-01.50.14:650][  0]LogMemory: Virtual Memory: 645.11 MB used,  4508.60 MB free, 134217728.00 MB total
[2017.04.27-01.50.20:480][  0]LogTextLocalizationManager: No specific translations for ('en-US') exist, so ('en') translations will be used.
[2017.04.27-01.51.06:210][  0]LogD3D11RHI: D3D11 adapters:
[2017.04.27-01.51.06:375][  0]LogD3D11RHI:    0. 'NVIDIA GeForce GTX 860M' (Feature Level 11_0)
[2017.04.27-01.51.06:375][  0]LogD3D11RHI:       2018/0/4037 MB DedicatedVideo/DedicatedSystem/SharedSystem, Outputs:1, VendorId:0x10de
[2017.04.27-01.51.06:469][  0]LogD3D11RHI:    1. 'Intel(R) HD Graphics 4600' (Feature Level 11_0)
[2017.04.27-01.51.06:469][  0]LogD3D11RHI:       112/0/2048 MB DedicatedVideo/DedicatedSystem/SharedSystem, Outputs:0, VendorId:0x8086
[2017.04.27-01.51.06:471][  0]LogD3D11RHI:    2. 'Microsoft Basic Render Driver' (Feature Level 11_0)
[2017.04.27-01.51.06:471][  0]LogD3D11RHI:       0/0/4037 MB DedicatedVideo/DedicatedSystem/SharedSystem, Outputs:0, VendorId:0x1414
[2017.04.27-01.51.06:471][  0]LogD3D11RHI: Chosen D3D11 Adapter: 0
[2017.04.27-01.51.06:605][  0]LogD3D11RHI: Creating new Direct3DDevice
[2017.04.27-01.51.06:606][  0]LogD3D11RHI:     GPU DeviceId: 0x1392 (for the marketing name, search the web for "GPU Device Id")
[2017.04.27-01.51.06:606][  0]LogWindows: EnumDisplayDevices:
[2017.04.27-01.51.06:606][  0]LogWindows:    0. 'Intel(R) HD Graphics 4600' (P:1 D:1)
[2017.04.27-01.51.06:607][  0]LogWindows:    1. 'Intel(R) HD Graphics 4600' (P:0 D:0)
[2017.04.27-01.51.06:608][  0]LogWindows:    2. 'Intel(R) HD Graphics 4600' (P:0 D:0)
[2017.04.27-01.51.06:608][  0]LogWindows: DebugString: PrimaryIsNotTheChoosenAdapter PrimaryIsNotTheChoosenAdapter PrimaryIsNotTheChoosenAdapter FoundDriverCount:0 
[2017.04.27-01.51.06:608][  0]LogD3D11RHI:     Adapter Name: NVIDIA GeForce GTX 860M
[2017.04.27-01.51.06:608][  0]LogD3D11RHI:   Driver Version: Unknown (internal:Unknown, unified:Unknown)
[2017.04.27-01.51.06:608][  0]LogD3D11RHI:      Driver Date: Unknown
[2017.04.27-01.51.06:710][  0]LogRHI: Texture pool is 1361 MB (70% of 1945 MB)
[2017.04.27-01.51.07:103][  0]LogD3D11RHI: Async texture creation enabled
[2017.04.27-01.51.12:710][  0]LogD3D11RHI: GPU Timing Frequency: 1000.000000 (Debug: 2 1)
[2017.04.27-01.51.14:382][  0]LogShaderCompilers: Guid format shader working directory is -27 characters bigger than the processId version (../../../../../../Users/Ben/Documents/Unreal Projects/CSC433TeamProject/Intermediate/Shaders/WorkingDirectory/8208/).
[2017.04.27-01.51.14:383][  0]LogShaderCompilers: Cleaned the shader compiler working directory 'C:/Users/Ben/AppData/Local/Temp/UnrealShaderWorkingDir/391EB985425F4D5F6619109A82ACA91C/'.
[2017.04.27-01.51.14:406][  0]LogShaderCompilers:Display: Using Local Shader Compiler.
[2017.04.27-01.51.53:056][  0]LogTemp:Display: Loaded TP AllDesktopTargetPlatform
[2017.04.27-01.51.53:158][  0]LogTemp:Display: Loaded TP MacClientTargetPlatform
[2017.04.27-01.51.53:219][  0]LogTemp:Display: Loaded TP MacNoEditorTargetPlatform
[2017.04.27-01.51.53:280][  0]LogTemp:Display: Loaded TP MacServerTargetPlatform
[2017.04.27-01.51.53:368][  0]LogTemp:Display: Loaded TP MacTargetPlatform
[2017.04.27-01.51.53:429][  0]LogTemp:Display: Loaded TP WindowsClientTargetPlatform
[2017.04.27-01.51.53:490][  0]LogTemp:Display: Loaded TP WindowsNoEditorTargetPlatform
[2017.04.27-01.51.53:552][  0]LogTemp:Display: Loaded TP WindowsServerTargetPlatform
[2017.04.27-01.51.53:622][  0]LogTemp:Display: Loaded TP WindowsTargetPlatform
[2017.04.27-01.51.53:701][  0]LogTemp:Display: Loaded TP AndroidTargetPlatform
[2017.04.27-01.51.53:779][  0]LogTemp:Display: Loaded TP Android_ASTCTargetPlatform
[2017.04.27-01.51.53:840][  0]LogTemp:Display: Loaded TP Android_ATCTargetPlatform
[2017.04.27-01.51.53:899][  0]LogTemp:Display: Loaded TP Android_DXTTargetPlatform
[2017.04.27-01.51.53:959][  0]LogTemp:Display: Loaded TP Android_ETC1TargetPlatform
[2017.04.27-01.51.54:024][  0]LogTemp:Display: Loaded TP Android_ETC2TargetPlatform
[2017.04.27-01.51.54:182][  0]LogTemp:Display: Loaded TP Android_MultiTargetPlatform
[2017.04.27-01.51.54:182][  0]LogTemp:Display: Loaded TP Android_PVRTCTargetPlatform
[2017.04.27-01.51.54:226][  0]LogTemp:Display: Loaded TP HTML5TargetPlatform
[2017.04.27-01.51.54:650][  0]LogTemp:Display: Loaded TP IOSTargetPlatform
[2017.04.27-01.51.54:688][  0]LogTemp:Display: Loaded TP TVOSTargetPlatform
[2017.04.27-01.51.54:746][  0]LogTemp:Display: Loaded TP LinuxClientTargetPlatform
[2017.04.27-01.51.54:803][  0]LogTemp:Display: Loaded TP LinuxNoEditorTargetPlatform
[2017.04.27-01.51.54:867][  0]LogTemp:Display: Loaded TP LinuxServerTargetPlatform
[2017.04.27-01.51.55:012][  0]LogTemp:Display: Loaded TP LinuxTargetPlatform
[2017.04.27-01.51.55:012][  0]LogTargetPlatformManager:Display: Building Assets For Windows
[2017.04.27-01.52.07:729][  0]LogDerivedDataCache:Display: Max Cache Size: 512 MB
[2017.04.27-01.52.22:838][  0]LogDerivedDataCache: Loaded boot cache 14.99s 50MB C:/Users/Ben/AppData/Local/UnrealEngine/4.15/DerivedDataCache/Boot.ddc.
[2017.04.27-01.52.22:838][  0]LogDerivedDataCache:Display: Loaded Boot cache: C:/Users/Ben/AppData/Local/UnrealEngine/4.15/DerivedDataCache/Boot.ddc
[2017.04.27-01.52.22:838][  0]LogDerivedDataCache: FDerivedDataBackendGraph:  Pak pak cache file ../../../../../../Users/Ben/Documents/Unreal Projects/CSC433TeamProject/DerivedDataCache/DDC.ddp not found, will not use a pak cache.
[2017.04.27-01.52.22:838][  0]LogDerivedDataCache: Unable to find inner node Pak for hierarchical cache Hierarchy.
[2017.04.27-01.52.22:839][  0]LogDerivedDataCache: FDerivedDataBackendGraph:  CompressedPak pak cache file ../../../../../../Users/Ben/Documents/Unreal Projects/CSC433TeamProject/DerivedDataCache/Compressed.ddp not found, will not use a pak cache.
[2017.04.27-01.52.22:839][  0]LogDerivedDataCache: Unable to find inner node CompressedPak for hierarchical cache Hierarchy.
[2017.04.27-01.52.24:263][  0]LogDerivedDataCache:Display: Pak cache opened for reading ../../../Engine/DerivedDataCache/Compressed.ddp.
[2017.04.27-01.52.24:278][  0]LogDerivedDataCache: Using Local data cache path C:/Users/Ben/AppData/Local/UnrealEngine/Common/DerivedDataCache: Writable
[2017.04.27-01.52.28:180][  0]LogSlate: Using Freetype 2.6.0
[2017.04.27-01.52.30:208][  0]LogSlate: SlateFontCache - WITH_FREETYPE: 1, WITH_HARFBUZZ: 1
[2017.04.27-01.52.30:208][  0]LogSlate: SlateFontCache - WITH_FREETYPE: 1, WITH_HARFBUZZ: 1
[2017.04.27-01.53.36:148][  0]LogInit: Selected Device Profile: [Windows]
[2017.04.27-01.53.36:282][  0]LogContentStreaming: Texture pool size is 0.00 MB
[2017.04.27-01.53.39:155][  0]LogMeshUtilities: Using QuadricMeshReduction for automatic static mesh reduction
[2017.04.27-01.53.39:375][  0]LogSimplygon: Simplygon DLL not present - disabling.
[2017.04.27-01.53.39:645][  0]LogMeshUtilities: Using SimplygonSwarm for distributed automatic mesh merging
[2017.04.27-01.53.39:645][  0]LogMeshUtilities: No automatic skeletal mesh reduction module available
[2017.04.27-01.53.39:645][  0]LogMeshUtilities: No automatic mesh merging module available
[2017.04.27-01.53.53:885][  0]LogNetVersion: GetLocalNetworkVersion: CL: 3299760, ProjectName: project433, ProjectVersion: , EngineNetworkVersion: 2, GameNetworkVersion: 0, NetworkChecksum: 3701128711
[2017.04.27-01.53.54:232][  0]LogAssetRegistry: FAssetRegistry took 0.0274 seconds to start up
[2017.04.27-01.53.54:669][  0]LogFileManager:Warning: MoveFile was unable to move '../../../../../../Users/Ben/Documents/Unreal Projects/CSC433TeamProject/Intermediate/AssetRegistryCache/1d5167fa.bin.tmp' to '../../../../../../Users/Ben/Documents/Unreal Projects/CSC433TeamProject/Intermediate/AssetRegistryCache/1d5167fa.bin', retrying in .5s...
[2017.04.27-01.53.55:170][  0]LogFileManager:Warning: MoveFile was unable to move '../../../../../../Users/Ben/Documents/Unreal Projects/CSC433TeamProject/Intermediate/AssetRegistryCache/1d5167fa.bin.tmp' to '../../../../../../Users/Ben/Documents/Unreal Projects/CSC433TeamProject/Intermediate/AssetRegistryCache/1d5167fa.bin', retrying in .5s...
[2017.04.27-01.53.55:671][  0]LogFileManager:Warning: MoveFile was unable to move '../../../../../../Users/Ben/Documents/Unreal Projects/CSC433TeamProject/Intermediate/AssetRegistryCache/1d5167fa.bin.tmp' to '../../../../../../Users/Ben/Documents/Unreal Projects/CSC433TeamProject/Intermediate/AssetRegistryCache/1d5167fa.bin', retrying in .5s...
[2017.04.27-01.53.56:172][  0]LogFileManager:Warning: MoveFile was unable to move '../../../../../../Users/Ben/Documents/Unreal Projects/CSC433TeamProject/Intermediate/AssetRegistryCache/1d5167fa.bin.tmp' to '../../../../../../Users/Ben/Documents/Unreal Projects/CSC433TeamProject/Intermediate/AssetRegistryCache/1d5167fa.bin', retrying in .5s...
[2017.04.27-01.53.56:673][  0]LogFileManager:Warning: MoveFile was unable to move '../../../../../../Users/Ben/Documents/Unreal Projects/CSC433TeamProject/Intermediate/AssetRegistryCache/1d5167fa.bin.tmp' to '../../../../../../Users/Ben/Documents/Unreal Projects/CSC433TeamProject/Intermediate/AssetRegistryCache/1d5167fa.bin', retrying in .5s...
[2017.04.27-01.53.57:175][  0]LogFileManager:Warning: MoveFile was unable to move '../../../../../../Users/Ben/Documents/Unreal Projects/CSC433TeamProject/Intermediate/AssetRegistryCache/1d5167fa.bin.tmp' to '../../../../../../Users/Ben/Documents/Unreal Projects/CSC433TeamProject/Intermediate/AssetRegistryCache/1d5167fa.bin', retrying in .5s...
[2017.04.27-01.53.57:676][  0]LogFileManager:Warning: MoveFile was unable to move '../../../../../../Users/Ben/Documents/Unreal Projects/CSC433TeamProject/Intermediate/AssetRegistryCache/1d5167fa.bin.tmp' to '../../../../../../Users/Ben/Documents/Unreal Projects/CSC433TeamProject/Intermediate/AssetRegistryCache/1d5167fa.bin', retrying in .5s...
[2017.04.27-01.53.58:177][  0]LogFileManager:Warning: MoveFile was unable to move '../../../../../../Users/Ben/Documents/Unreal Projects/CSC433TeamProject/Intermediate/AssetRegistryCache/1d5167fa.bin.tmp' to '../../../../../../Users/Ben/Documents/Unreal Projects/CSC433TeamProject/Intermediate/AssetRegistryCache/1d5167fa.bin', retrying in .5s...
[2017.04.27-01.53.58:678][  0]LogFileManager:Warning: MoveFile was unable to move '../../../../../../Users/Ben/Documents/Unreal Projects/CSC433TeamProject/Intermediate/AssetRegistryCache/1d5167fa.bin.tmp' to '../../../../../../Users/Ben/Documents/Unreal Projects/CSC433TeamProject/Intermediate/AssetRegistryCache/1d5167fa.bin', retrying in .5s...
[2017.04.27-01.53.59:179][  0]LogFileManager:Warning: MoveFile was unable to move '../../../../../../Users/Ben/Documents/Unreal Projects/CSC433TeamProject/Intermediate/AssetRegistryCache/1d5167fa.bin.tmp' to '../../../../../../Users/Ben/Documents/Unreal Projects/CSC433TeamProject/Intermediate/AssetRegistryCache/1d5167fa.bin', retrying in .5s...
[2017.04.27-01.53.59:680][  0]LogFileManager:Error: Error moving file '../../../../../../Users/Ben/Documents/Unreal Projects/CSC433TeamProject/Intermediate/AssetRegistryCache/1d5167fa.bin.tmp' to '../../../../../../Users/Ben/Documents/Unreal Projects/CSC433TeamProject/Intermediate/AssetRegistryCache/1d5167fa.bin'.
[2017.04.27-01.53.59:725][  0]LogPackageLocalizationCache: Processed 3 localized package path(s) for 2 prioritized culture(s) in 5.298809 seconds
[2017.04.27-01.53.59:741][  0]LogUObjectArray: 32493 objects as part of root set at end of initial load.
[2017.04.27-01.53.59:742][  0]LogUObjectAllocator: 7077024 out of 0 bytes used by permanent object pool.
[2017.04.27-01.53.59:742][  0]LogUObjectArray: CloseDisregardForGC: 0/0 objects in disregard for GC pool
[2017.04.27-01.54.00:042][  0]LogInit: WinSock: version 1.1 (2.2), MaxSocks=32767, MaxUdp=65467
[2017.04.27-01.54.39:914][  0]LogTcpMessaging: Initializing TcpMessaging bridge
[2017.04.27-01.54.40:174][  0]LogUdpMessaging: Initializing bridge on interface 0.0.0.0:0 to multicast group 230.0.0.1:6666.
[2017.04.27-01.54.43:982][  0]LogMaterial: Uniform references updated for custom material expression Custom.
[2017.04.27-01.54.47:245][  0]SourceControl: Info Source control is disabled
[2017.04.27-01.54.47:789][  0]SourceControl: Info Source control is disabled
[2017.04.27-01.54.47:936][  0]SourceControl: Info Source control is disabled
[2017.04.27-01.54.48:327][  0]SourceControl: Info Source control is disabled
[2017.04.27-01.55.01:387][  0]LogEngine: Initializing Engine...
[2017.04.27-01.55.01:482][  0]LogHMD: Failed to initialize OpenVR with code 110
[2017.04.27-01.55.05:628][  0]LogAIModule: Creating AISystem for world Untitled
[2017.04.27-01.55.05:925][  0]LogInit: XAudio2 using 'Speakers (Realtek High Definition Audio)' : 2 channels at 48 kHz using 32 bits per sample (channel mask 0x3)
[2017.04.27-01.55.06:464][  0]LogInit: FAudioDevice initialized.
[2017.04.27-01.55.06:551][  0]LogDerivedDataCache: Saved boot cache 0.09s 50MB C:/Users/Ben/AppData/Local/UnrealEngine/4.15/DerivedDataCache/Boot.ddc.
[2017.04.27-01.55.06:565][  0]LogInit: Texture streaming: Enabled
[2017.04.27-01.55.08:125][  0]LogEngineSessionManager: EngineSessionManager initialized
[2017.04.27-01.55.08:126][  0]LogEngineSessionManager: EngineSessionManager sent abnormal shutdown report. Type=AbnormalShutdown, SessionId={D7CAF40A-4797-1AC9-E2C8-878517629C87}
[2017.04.27-01.55.14:962][  0]LogInit: Transaction tracking system initialized
[2017.04.27-01.55.20:121][  0]BlueprintLog: New page: Editor Load
[2017.04.27-01.55.26:301][  0]LocalizationService: Info Localization service is disabled
[2017.04.27-01.55.29:858][  0]LogConsoleResponse:Display: 
[2017.04.27-01.55.38:466][  0]LogFileCache: Scanning file cache for directory 'C:/Users/Ben/Documents/Unreal Projects/CSC433TeamProject/Content/' took 0.07s
[2017.04.27-01.55.38:466][  0]LogCook:Display: Max memory allowance for cook 16384mb min free memory 0mb
[2017.04.27-01.55.38:479][  0]LogCook:Display: Mobile HDR setting 1
[2017.04.27-01.55.43:416][  0]SourceControl: Info Source control is disabled
[2017.04.27-01.55.43:469][  0]Cmd: MAP LOAD FILE="../../../../../../Users/Ben/Documents/Unreal Projects/CSC433TeamProject/Content/ThirdPersonBP/Maps/ThirdPersonExampleMap.umap" TEMPLATE=0 SHOWPROGRESS=1 FEATURELEVEL=3
[2017.04.27-01.55.43:561][  0]LightingResults: New page: Lighting Build
[2017.04.27-01.55.43:867][  0]MapCheck: New page: Map Check
[2017.04.27-01.55.43:867][  0]LightingResults: New page: Lighting Build
[2017.04.27-01.55.56:670][  0]LogAIModule: Creating AISystem for world ThirdPersonExampleMap
[2017.04.27-01.55.58:021][  0]LogEditorServer: Finished looking for orphan Actors (0.000 secs)
[2017.04.27-01.55.58:102][  0]Cmd: MAP CHECKDEP NOCLEARLOG
[2017.04.27-01.55.58:285][  0]MapCheck: Info Map check complete: 0 Error(s), 0 Warning(s), took 182.859ms to complete.
[2017.04.27-01.55.58:286][  0]LogFileHelpers: Loading map 'ThirdPersonExampleMap' took 14.832
[2017.04.27-01.55.59:255][  0]LogWindowsTextInputMethodSystem:Display: IME system now deactivated.
[2017.04.27-01.56.01:787][  0]LogCollectionManager: Loaded 0 collections in 0.026512 seconds
[2017.04.27-01.56.02:194][  0]LogFileCache: Scanning file cache for directory 'C:/Users/Ben/Documents/Unreal Projects/CSC433TeamProject/Saved/Collections/' took 0.01s
[2017.04.27-01.56.02:194][  0]LogFileCache: Scanning file cache for directory 'C:/Users/Ben/Documents/Unreal Projects/CSC433TeamProject/Content/Developers/Ben/Collections/' took 0.01s
[2017.04.27-01.56.02:194][  0]LogFileCache: Scanning file cache for directory 'C:/Users/Ben/Documents/Unreal Projects/CSC433TeamProject/Content/Collections/' took 0.01s
[2017.04.27-01.56.02:194][  0]LogCollectionManager: Rebuilt the GUID cache for 0 collections in 0.000023 seconds
[2017.04.27-01.56.02:237][  0]LogContentBrowser: Native class hierarchy populated in 0.0395 seconds. Added 2245 classes and 453 folders.
[2017.04.27-01.56.02:330][  0]LogStats: UGameplayTagsManager::ConstructGameplayTagTree: Construct from data asset -  0.000 s
[2017.04.27-01.56.02:330][  0]LogStats: UGameplayTagsManager::ConstructGameplayTagTree: GameplayTagTreeChangedEvent.Broadcast -  0.000 s
[2017.04.27-01.56.02:630][  0]LogContentBrowser: Native class hierarchy updated for 'WidgetCarousel' in 0.0015 seconds. Added 0 classes and 0 folders.
[2017.04.27-01.56.05:370][  0]LogContentBrowser: Native class hierarchy updated for 'AddContentDialog' in 0.0019 seconds. Added 0 classes and 0 folders.
[2017.04.27-01.56.05:604][  0]LogContentBrowser: Native class hierarchy updated for 'SceneOutliner' in 0.0017 seconds. Added 1 classes and 2 folders.
[2017.04.27-01.56.06:884][  0]LogCrashTracker: Crashtracker disabled due to settings.
[2017.04.27-01.56.07:038][  0]LogUObjectGlobals:Warning: Failed to find object 'Class None.'
[2017.04.27-01.56.07:368][  0]LogContentBrowser: Native class hierarchy updated for 'HierarchicalLODOutliner' in 0.0013 seconds. Added 1 classes and 2 folders.
[2017.04.27-01.56.07:369][  0]LogLoad: (Engine Initialization) Total time: 354.99 seconds
[2017.04.27-01.56.07:369][  0]LogLoad: (Engine Initialization) Total Blueprint compile time: 3.22 seconds
[2017.04.27-01.56.07:369][  0]LogExternalProfiler: Found external profiler: VSPerf
[2017.04.27-01.56.07:369][  0]LogExternalProfiler: Using external profiler: VSPerf
[2017.04.27-01.56.07:406][  0]LogOcInput: OculusInput pre-init called
[2017.04.27-01.56.07:618][  0]LogContentStreaming: Texture pool size now 1000 MB
[2017.04.27-01.56.07:725][  0]LogSlate: Took 0.028271 seconds to synchronously load lazily loaded font '../../../Engine/Content/Slate/Fonts/Roboto-Regular.ttf' (155K)
[2017.04.27-01.56.07:769][  0]LogSlate: Took 0.026351 seconds to synchronously load lazily loaded font '../../../Engine/Content/Slate/Fonts/Roboto-Bold.ttf' (160K)
[2017.04.27-01.56.07:883][  0]LogSlate: Took 0.051658 seconds to synchronously load lazily loaded font '../../../Engine/Content/Editor/Slate/Fonts/FontAwesome.ttf' (139K)
[2017.04.27-01.56.09:485][  0]LogRenderer: Reallocating scene render targets to support 1208x576 NumSamples 1 (Frame:2).
[2017.04.27-01.56.10:929][  1]LogSlate: Took 0.000412 seconds to synchronously load lazily loaded font '../../../Engine/Content/Slate/Fonts/Roboto-Light.ttf' (159K)
[2017.04.27-01.56.13:005][  6]LogAssetRegistry: Asset discovery search completed in 138.7982 seconds
[2017.04.27-01.56.13:005][  6]LogCollectionManager: Rebuilt the object cache for 0 collections in 0.000012 seconds (found 0 objects)
[2017.04.27-01.56.13:005][  6]LogCollectionManager: Fixed up redirectors for 0 collections in 0.000044 seconds (updated 0 objects)
[2017.04.27-01.56.20:205][ 68]Cmd: MAP LOAD FILE="../../../../../../Users/Ben/Documents/Unreal Projects/CSC433TeamProject/Content/FirstPersonCPP/Maps/FirstPersonExampleMap.umap" TEMPLATE=0 SHOWPROGRESS=1 FEATURELEVEL=3
[2017.04.27-01.56.20:231][ 68]LogSlate: Took 0.000475 seconds to synchronously load lazily loaded font '../../../Engine/Content/Slate/Fonts/Roboto-Light.ttf' (159K)
[2017.04.27-01.56.20:257][ 68]LightingResults: New page: Lighting Build
[2017.04.27-01.56.20:265][ 68]LoadErrors: New page: Loading map: FirstPersonExampleMap.umap
[2017.04.27-01.56.20:306][ 68]MapCheck: New page: Map Check
[2017.04.27-01.56.20:307][ 68]LightingResults: New page: Lighting Build
[2017.04.27-01.56.21:545][ 68]LogSlate: Took 0.000492 seconds to synchronously load lazily loaded font '../../../Engine/Content/Slate/Fonts/Roboto-Regular.ttf' (155K)
[2017.04.27-01.56.33:469][ 68]LogStaticMesh:Warning: Rebuilding hierarchical instanced mesh component, please resave map FoliageInstancedStaticMeshComponent /Game/FirstPersonCPP/Maps/FirstPersonExampleMap.FirstPersonExampleMap:PersistentLevel.InstancedFoliageActor_0.FoliageInstancedStaticMeshComponent_0.
[2017.04.27-01.56.35:239][ 68]LogAIModule: Creating AISystem for world FirstPersonExampleMap
[2017.04.27-01.56.42:441][ 68]LogEditorServer: Finished looking for orphan Actors (0.000 secs)
[2017.04.27-01.56.42:633][ 68]Cmd: MAP CHECKDEP NOCLEARLOG
[2017.04.27-01.56.42:843][ 68]MapCheck: Info Map check complete: 0 Error(s), 0 Warning(s), took 209.161ms to complete.
[2017.04.27-01.56.42:843][ 68]LogFileHelpers: Loading map 'FirstPersonExampleMap' took 22.640
[2017.04.27-01.57.01:646][602]MapCheck: New page: Map Check
[2017.04.27-01.57.01:982][602]Cmd: MAP REBUILD ALLVISIBLE
[2017.04.27-01.57.01:982][602]LogEditorServer: Rebuildmap Clear paths rebuilt
[2017.04.27-01.57.02:829][602]LogMaterial: Missing cached shader map for material FDebugViewModeMaterialProxy WorldGridMaterial, compiling. Is special engine material.
[2017.04.27-01.57.02:870][602]LogTemp:Display: Added material ShaderMap 0x000001B85A070F00 with Material 0x000001B84EAFFA00 to ShaderMapsBeingCompiled
[2017.04.27-01.57.02:878][602]LogTemp:Display: Kicking off shader compilation for FDebugViewModeMaterialProxy WorldGridMaterial, GameThreadShaderMap 0x000001B85A070F00
[2017.04.27-01.57.02:884][602]LogMaterial: Missing cached shader map for material FDebugViewModeMaterialProxy M_TableRound, compiling. 
[2017.04.27-01.57.02:886][602]LogTemp:Display: Added material ShaderMap 0x000001B85A070800 with Material 0x000001B84EAFE500 to ShaderMapsBeingCompiled
[2017.04.27-01.57.02:890][602]LogTemp:Display: Kicking off shader compilation for FDebugViewModeMaterialProxy M_TableRound, GameThreadShaderMap 0x000001B85A070800
[2017.04.27-01.57.02:895][602]LogMaterial: Missing cached shader map for material FDebugViewModeMaterialProxy MaterialInstanceDynamic_1, compiling. 
[2017.04.27-01.57.02:897][602]LogTemp:Display: Added material ShaderMap 0x000001B85A071280 with Material 0x000001B84EAFF700 to ShaderMapsBeingCompiled
[2017.04.27-01.57.02:902][602]LogTemp:Display: Kicking off shader compilation for FDebugViewModeMaterialProxy MaterialInstanceDynamic_1, GameThreadShaderMap 0x000001B85A071280
[2017.04.27-01.57.02:914][602]LogMaterial: Missing cached shader map for material FDebugViewModeMaterialProxy M_Wood_Floor_Walnut_Polished, compiling. 
[2017.04.27-01.57.02:916][602]LogTemp:Display: Added material ShaderMap 0x000001B85A071D00 with Material 0x000001B83A70A200 to ShaderMapsBeingCompiled
[2017.04.27-01.57.02:918][602]LogTemp:Display: Kicking off shader compilation for FDebugViewModeMaterialProxy M_Wood_Floor_Walnut_Polished, GameThreadShaderMap 0x000001B85A071D00
[2017.04.27-01.57.02:923][602]LogMaterial: Missing cached shader map for material FDebugViewModeMaterialProxy M_CobbleStone_Smooth, compiling. 
[2017.04.27-01.57.02:927][602]LogTemp:Display: Added material ShaderMap 0x000001B83AA1F580 with Material 0x000001B83A70A500 to ShaderMapsBeingCompiled
[2017.04.27-01.57.02:930][602]LogTemp:Display: Kicking off shader compilation for FDebugViewModeMaterialProxy M_CobbleStone_Smooth, GameThreadShaderMap 0x000001B83AA1F580
[2017.04.27-01.57.02:952][602]LogMaterial: Missing cached shader map for material FDebugViewModeMaterialProxy CubeMaterialOverride, compiling. 
[2017.04.27-01.57.02:953][602]LogTemp:Display: Added material ShaderMap 0x000001B83A397C80 with Material 0x000001B83A320400 to ShaderMapsBeingCompiled
[2017.04.27-01.57.02:956][602]LogTemp:Display: Kicking off shader compilation for FDebugViewModeMaterialProxy CubeMaterialOverride, GameThreadShaderMap 0x000001B83A397C80
[2017.04.27-01.57.02:960][602]LogMaterial: Missing cached shader map for material FDebugViewModeMaterialProxy LandscapeGizmo_Mat, compiling. 
[2017.04.27-01.57.02:961][602]LogTemp:Display: Added material ShaderMap 0x000001B83A396E80 with Material 0x000001B83A323A00 to ShaderMapsBeingCompiled
[2017.04.27-01.57.02:964][602]LogTemp:Display: Kicking off shader compilation for FDebugViewModeMaterialProxy LandscapeGizmo_Mat, GameThreadShaderMap 0x000001B83A396E80
[2017.04.27-01.57.02:982][602]LogMaterial: Missing cached shader map for material FDebugViewModeMaterialProxy M_CobbleStone_Rough, compiling. 
[2017.04.27-01.57.02:987][602]LogTemp:Display: Added material ShaderMap 0x000001B85A42C100 with Material 0x000001B83ABE9300 to ShaderMapsBeingCompiled
[2017.04.27-01.57.02:989][602]LogTemp:Display: Kicking off shader compilation for FDebugViewModeMaterialProxy M_CobbleStone_Rough, GameThreadShaderMap 0x000001B85A42C100
[2017.04.27-01.57.03:011][602]LogMaterial: Missing cached shader map for material FDebugViewModeMaterialProxy star, compiling. 
[2017.04.27-01.57.03:011][602]LogTemp:Display: Added material ShaderMap 0x000001B85A42F580 with Material 0x000001B83ABE9900 to ShaderMapsBeingCompiled
[2017.04.27-01.57.03:013][602]LogTemp:Display: Kicking off shader compilation for FDebugViewModeMaterialProxy star, GameThreadShaderMap 0x000001B85A42F580
[2017.04.27-01.57.03:016][602]LogMaterial: Missing cached shader map for material FDebugViewModeMaterialProxy M_Metal_Gold, compiling. 
[2017.04.27-01.57.03:017][602]LogTemp:Display: Added material ShaderMap 0x000001B84EFEBC80 with Material 0x000001B83ABEA500 to ShaderMapsBeingCompiled
[2017.04.27-01.57.03:019][602]LogTemp:Display: Kicking off shader compilation for FDebugViewModeMaterialProxy M_Metal_Gold, GameThreadShaderMap 0x000001B84EFEBC80
[2017.04.27-01.57.03:062][602]LogMaterial: Missing cached shader map for material FDebugViewModeMaterialProxy wire_088088225_001, compiling. 
[2017.04.27-01.57.03:063][602]LogTemp:Display: Added material ShaderMap 0x000001B84EFEB200 with Material 0x000001B83ABEA200 to ShaderMapsBeingCompiled
[2017.04.27-01.57.03:066][602]LogTemp:Display: Kicking off shader compilation for FDebugViewModeMaterialProxy wire_088088225_001, GameThreadShaderMap 0x000001B84EFEB200
[2017.04.27-01.57.03:070][602]LogMaterial: Missing cached shader map for material FDebugViewModeMaterialProxy M_Brick_Hewn_Stone, compiling. 
[2017.04.27-01.57.03:072][602]LogTemp:Display: Added material ShaderMap 0x000001B84EFEA780 with Material 0x000001B83ABE8D00 to ShaderMapsBeingCompiled
[2017.04.27-01.57.03:075][602]LogTemp:Display: Kicking off shader compilation for FDebugViewModeMaterialProxy M_Brick_Hewn_Stone, GameThreadShaderMap 0x000001B84EFEA780
[2017.04.27-01.57.03:078][602]LogMaterial: Missing cached shader map for material FDebugViewModeMaterialProxy mesh0043mat, compiling. 
[2017.04.27-01.57.03:080][602]LogTemp:Display: Added material ShaderMap 0x000001B84EFE9D00 with Material 0x000001B85A489300 to ShaderMapsBeingCompiled
[2017.04.27-01.57.03:082][602]LogTemp:Display: Kicking off shader compilation for FDebugViewModeMaterialProxy mesh0043mat, GameThreadShaderMap 0x000001B84EFE9D00
[2017.04.27-01.57.03:087][602]LogMaterial: Missing cached shader map for material FDebugViewModeMaterialProxy Material_056, compiling. 
[2017.04.27-01.57.03:088][602]LogTemp:Display: Added material ShaderMap 0x000001B85131CF00 with Material 0x000001B85A48A800 to ShaderMapsBeingCompiled
[2017.04.27-01.57.03:091][602]LogTemp:Display: Kicking off shader compilation for FDebugViewModeMaterialProxy Material_056, GameThreadShaderMap 0x000001B85131CF00
[2017.04.27-01.57.03:095][602]LogMaterial: Missing cached shader map for material FDebugViewModeMaterialProxy Material_087_goomba_grp_png, compiling. 
[2017.04.27-01.57.03:096][602]LogTemp:Display: Added material ShaderMap 0x000001B85131C480 with Material 0x000001B85A48A200 to ShaderMapsBeingCompiled
[2017.04.27-01.57.03:098][602]LogTemp:Display: Kicking off shader compilation for FDebugViewModeMaterialProxy Material_087_goomba_grp_png, GameThreadShaderMap 0x000001B85131C480
[2017.04.27-01.57.03:100][602]LogMaterial: Missing cached shader map for material FDebugViewModeMaterialProxy Material_054_goomba_grp_png, compiling. 
[2017.04.27-01.57.03:101][602]LogTemp:Display: Added material ShaderMap 0x000001B81A870F00 with Material 0x000001B85A488D00 to ShaderMapsBeingCompiled
[2017.04.27-01.57.03:104][602]LogTemp:Display: Kicking off shader compilation for FDebugViewModeMaterialProxy Material_054_goomba_grp_png, GameThreadShaderMap 0x000001B81A870F00
[2017.04.27-01.57.03:137][602]LogMaterial: Missing cached shader map for material FDebugViewModeMaterialProxy Material_055, compiling. 
[2017.04.27-01.57.03:138][602]LogTemp:Display: Added material ShaderMap 0x000001B81A872080 with Material 0x000001B85A489F00 to ShaderMapsBeingCompiled
[2017.04.27-01.57.03:140][602]LogTemp:Display: Kicking off shader compilation for FDebugViewModeMaterialProxy Material_055, GameThreadShaderMap 0x000001B81A872080
[2017.04.27-01.57.03:356][602]LogTemp:Display: Finished compile of shader map 0x000001B85A070800
[2017.04.27-01.57.03:356][602]LogTemp:Display: Shader map FDebugViewModeMaterialProxy M_TableRound complete, GameThreadShaderMap 0x000001B85A070800, marking material FDebugViewModeMaterialProxy M_TableRound as finished
[2017.04.27-01.57.03:356][602]LogTemp:Display: Marking material as finished 0x000001B84EAFE500
[2017.04.27-01.57.03:369][602]LogTemp:Display: Finished compile of shader map 0x000001B85A070F00
[2017.04.27-01.57.03:369][602]LogTemp:Display: Shader map FDebugViewModeMaterialProxy WorldGridMaterial complete, GameThreadShaderMap 0x000001B85A070F00, marking material FDebugViewModeMaterialProxy WorldGridMaterial as finished
[2017.04.27-01.57.03:370][602]LogTemp:Display: Marking material as finished 0x000001B84EAFFA00
[2017.04.27-01.57.03:459][602]LogTemp:Display: Finished compile of shader map 0x000001B85A071D00
[2017.04.27-01.57.03:459][602]LogTemp:Display: Shader map FDebugViewModeMaterialProxy M_Wood_Floor_Walnut_Polished complete, GameThreadShaderMap 0x000001B85A071D00, marking material FDebugViewModeMaterialProxy M_Wood_Floor_Walnut_Polished as finished
[2017.04.27-01.57.03:459][602]LogTemp:Display: Marking material as finished 0x000001B83A70A200
[2017.04.27-01.57.03:473][602]LogTemp:Display: Finished compile of shader map 0x000001B85A071280
[2017.04.27-01.57.03:473][602]LogTemp:Display: Shader map FDebugViewModeMaterialProxy MaterialInstanceDynamic_1 complete, GameThreadShaderMap 0x000001B85A071280, marking material FDebugViewModeMaterialProxy MaterialInstanceDynamic_1 as finished
[2017.04.27-01.57.03:473][602]LogTemp:Display: Marking material as finished 0x000001B84EAFF700
[2017.04.27-01.57.03:497][602]LogTemp:Display: Finished compile of shader map 0x000001B83A397C80
[2017.04.27-01.57.03:497][602]LogTemp:Display: Shader map FDebugViewModeMaterialProxy CubeMaterialOverride complete, GameThreadShaderMap 0x000001B83A397C80, marking material FDebugViewModeMaterialProxy CubeMaterialOverride as finished
[2017.04.27-01.57.03:497][602]LogTemp:Display: Marking material as finished 0x000001B83A320400
[2017.04.27-01.57.03:597][602]LogTemp:Display: Finished compile of shader map 0x000001B83A396E80
[2017.04.27-01.57.03:597][602]LogTemp:Display: Shader map FDebugViewModeMaterialProxy LandscapeGizmo_Mat complete, GameThreadShaderMap 0x000001B83A396E80, marking material FDebugViewModeMaterialProxy LandscapeGizmo_Mat as finished
[2017.04.27-01.57.03:597][602]LogTemp:Display: Marking material as finished 0x000001B83A323A00
[2017.04.27-01.57.03:676][602]LogTemp:Display: Finished compile of shader map 0x000001B85A42F580
[2017.04.27-01.57.03:676][602]LogTemp:Display: Shader map FDebugViewModeMaterialProxy star complete, GameThreadShaderMap 0x000001B85A42F580, marking material FDebugViewModeMaterialProxy star as finished
[2017.04.27-01.57.03:676][602]LogTemp:Display: Marking material as finished 0x000001B83ABE9900
[2017.04.27-01.57.03:856][602]LogTemp:Display: Finished compile of shader map 0x000001B84EFEB200
[2017.04.27-01.57.03:856][602]LogTemp:Display: Shader map FDebugViewModeMaterialProxy wire_088088225_001 complete, GameThreadShaderMap 0x000001B84EFEB200, marking material FDebugViewModeMaterialProxy wire_088088225_001 as finished
[2017.04.27-01.57.03:856][602]LogTemp:Display: Marking material as finished 0x000001B83ABEA200
[2017.04.27-01.57.03:893][602]LogTemp:Display: Finished compile of shader map 0x000001B84EFEBC80
[2017.04.27-01.57.03:893][602]LogTemp:Display: Shader map FDebugViewModeMaterialProxy M_Metal_Gold complete, GameThreadShaderMap 0x000001B84EFEBC80, marking material FDebugViewModeMaterialProxy M_Metal_Gold as finished
[2017.04.27-01.57.03:893][602]LogTemp:Display: Marking material as finished 0x000001B83ABEA500
[2017.04.27-01.57.04:249][602]LogTemp:Display: Finished compile of shader map 0x000001B84EFEA780
[2017.04.27-01.57.04:249][602]LogTemp:Display: Shader map FDebugViewModeMaterialProxy M_Brick_Hewn_Stone complete, GameThreadShaderMap 0x000001B84EFEA780, marking material FDebugViewModeMaterialProxy M_Brick_Hewn_Stone as finished
[2017.04.27-01.57.04:249][602]LogTemp:Display: Marking material as finished 0x000001B83ABE8D00
[2017.04.27-01.57.04:251][602]LogTemp:Display: Finished compile of shader map 0x000001B84EFE9D00
[2017.04.27-01.57.04:251][602]LogTemp:Display: Shader map FDebugViewModeMaterialProxy mesh0043mat complete, GameThreadShaderMap 0x000001B84EFE9D00, marking material FDebugViewModeMaterialProxy mesh0043mat as finished
[2017.04.27-01.57.04:251][602]LogTemp:Display: Marking material as finished 0x000001B85A489300
[2017.04.27-01.57.04:252][602]LogTemp:Display: Finished compile of shader map 0x000001B85131CF00
[2017.04.27-01.57.04:252][602]LogTemp:Display: Shader map FDebugViewModeMaterialProxy Material_056 complete, GameThreadShaderMap 0x000001B85131CF00, marking material FDebugViewModeMaterialProxy Material_056 as finished
[2017.04.27-01.57.04:252][602]LogTemp:Display: Marking material as finished 0x000001B85A48A800
[2017.04.27-01.57.04:358][602]LogTemp:Display: Finished compile of shader map 0x000001B85131C480
[2017.04.27-01.57.04:358][602]LogTemp:Display: Shader map FDebugViewModeMaterialProxy Material_087_goomba_grp_png complete, GameThreadShaderMap 0x000001B85131C480, marking material FDebugViewModeMaterialProxy Material_087_goomba_grp_png as finished
[2017.04.27-01.57.04:358][602]LogTemp:Display: Marking material as finished 0x000001B85A48A200
[2017.04.27-01.57.04:403][602]LogTemp:Display: Finished compile of shader map 0x000001B81A870F00
[2017.04.27-01.57.04:403][602]LogTemp:Display: Shader map FDebugViewModeMaterialProxy Material_054_goomba_grp_png complete, GameThreadShaderMap 0x000001B81A870F00, marking material FDebugViewModeMaterialProxy Material_054_goomba_grp_png as finished
[2017.04.27-01.57.04:403][602]LogTemp:Display: Marking material as finished 0x000001B85A488D00
[2017.04.27-01.57.04:481][602]LogTemp:Display: Finished compile of shader map 0x000001B81A872080
[2017.04.27-01.57.04:481][602]LogTemp:Display: Shader map FDebugViewModeMaterialProxy Material_055 complete, GameThreadShaderMap 0x000001B81A872080, marking material FDebugViewModeMaterialProxy Material_055 as finished
[2017.04.27-01.57.04:481][602]LogTemp:Display: Marking material as finished 0x000001B85A489F00
[2017.04.27-01.57.05:092][602]LogTemp:Display: Finished compile of shader map 0x000001B85A42C100
[2017.04.27-01.57.05:092][602]LogTemp:Display: Shader map FDebugViewModeMaterialProxy M_CobbleStone_Rough complete, GameThreadShaderMap 0x000001B85A42C100, marking material FDebugViewModeMaterialProxy M_CobbleStone_Rough as finished
[2017.04.27-01.57.05:092][602]LogTemp:Display: Marking material as finished 0x000001B83ABE9300
[2017.04.27-01.57.05:414][602]LogTemp:Display: Finished compile of shader map 0x000001B83AA1F580
[2017.04.27-01.57.05:415][602]LogTemp:Display: Shader map FDebugViewModeMaterialProxy M_CobbleStone_Smooth complete, GameThreadShaderMap 0x000001B83AA1F580, marking material FDebugViewModeMaterialProxy M_CobbleStone_Smooth as finished
[2017.04.27-01.57.05:415][602]LogTemp:Display: Marking material as finished 0x000001B83A70A500
[2017.04.27-01.57.05:417][602]TextureStreamingBuild:Display: Compiling optional shaders took 2.631 seconds.
[2017.04.27-01.57.05:736][602]LogLevel:Display: Export Material TexCoord Scales took 0.320 seconds.
[2017.04.27-01.57.05:817][602]TextureStreamingBuild:Display: Build Texture Streaming took 0.025 seconds.
[2017.04.27-01.57.05:956][602]LightingResults: New page: Lighting Build - Apr 26, 2017, 11:57:05 AM
[2017.04.27-01.57.08:219][602]LogSwarmInterface: [OpenConnection] Registering TCP channel ...
[2017.04.27-01.57.09:670][602]LogSwarmInterface: [OpenConnection] Connecting to agent ...
[2017.04.27-01.57.09:957][602]LogSwarmInterface: [TryOpenConnection] Testing the Agent
[2017.04.27-01.57.13:420][602]LogSwarmInterface:Error: [TryOpenConnection] Waiting for the agent to start up ...
[2017.04.27-01.57.13:873][602]LogSwarmInterface:Error: System.Net.Sockets.SocketException (0x80004005): No connection could be made because the target machine actively refused it 127.0.0.1:8008

Server stack trace: 
   at System.Net.Sockets.Socket.DoConnect(EndPoint endPointSnapshot, SocketAddress socketAddress)
   at System.Net.Sockets.Socket.Connect(EndPoint remoteEP)
   at System.Runtime.Remoting.Channels.RemoteConnection.CreateNewSocket(EndPoint ipEndPoint)
   at System.Runtime.Remoting.Channels.SocketCache.GetSocket(String machinePortAndSid, Boolean openNew)
   at System.Runtime.Remoting.Channels.Tcp.TcpClientTransportSink.SendRequestWithRetry(IMessage msg, ITransportHeaders requestHeaders, Stream requestStream)
   at System.Runtime.Remoting.Channels.Tcp.TcpClientTransportSink.AsyncProcessRequest(IClientChannelSinkStack sinkStack, IMessage msg, ITransportHeaders headers, Stream stream)
   at System.Runtime.Remoting.Channels.BinaryClientFormatterSink.AsyncProcessMessage(IMessage msg, IMessageSink replySink)

Exception rethrown at [0]: 
   at System.Runtime.Remoting.Proxies.RealProxy.HandleReturnMessage(IMessage reqMsg, IMessage retMsg)
   at System.Runtime.Remoting.Proxies.RealProxy.PrivateInvoke(MessageData& msgData, Int32 type)
   at NSwarm.IAgentInterfaceWrapper.MethodDelegate.EndInvoke(Hashtable& OutParameters, IAsyncResult result)
   at NSwarm.FSwarmInterface.TryOpenConnection(FConnectionCallback CallbackFunc, IntPtr CallbackData, ELogFlags LoggingFlags)
[2017.04.27-01.57.19:423][602]LogSwarmInterface: [TryOpenConnection] Opening Connection to Agent
[2017.04.27-01.57.19:423][602]LogSwarmInterface: [TryOpenConnection] Local Process ID is 8208
[2017.04.27-01.57.25:130][602]LogStaticLightingSystem: Running Lightmass w/ ImmediateImport mode ENABLED
[2017.04.27-01.57.25:130][602]LogStaticLightingSystem: Running Lightmass w/ ImmediateProcess mode ENABLED
[2017.04.27-01.57.25:130][602]LogStaticLightingSystem: Running Lightmass w/ Sorting mode ENABLED
[2017.04.27-01.57.25:130][602]LogStaticLightingSystem: Running Lightmass w/ Mapping paddings ENABLED
[2017.04.27-01.57.25:130][602]LogStaticLightingSystem: Running Lightmass w/ Mapping debug paddings DISABLED
[2017.04.27-01.57.26:768][602]Cmd: MAP CHECK DONTDISPLAYDIALOG
[2017.04.27-01.57.26:768][602]MapCheck: New page: FirstPersonExampleMap - Apr 26, 2017, 11:57:26 AM
[2017.04.27-01.57.26:831][602]MapCheck:Warning: Warning InstancedFoliageActor_0 Static mesh actor has NULL StaticMesh property 
[2017.04.27-01.57.27:042][602]MapCheck: Info Map check complete: 0 Error(s), 1 Warning(s), took 274.44ms to complete.
[2017.04.27-01.57.27:066][602]LogEditorBuildUtils: Build time 0:25
[2017.04.27-01.58.02:834][201]LogD3D11RHI: Timed out while waiting for GPU to catch up. (0.5 s)
