Log file open, 04/25/17 23:05:51
LogInit:Display: Running engine for game: Project433
LogPlatformFile: Not using cached read wrapper
LogInit:Display: RandInit(1597181358) SRandInit(1597181359).
LogTaskGraph: Started task graph with 5 named threads and 8 total threads with 1 sets of task threads.
LogStats: Stats thread started at 5.330617
LogConfig:Warning: Failed to saved backup for config[Engine]
LogConfig:Warning: Failed to saved backup for config[Input]
LogConfig:Warning: Failed to saved backup for config[Editor]
LogConfig:Warning: Failed to saved backup for config[EditorSettings]
LogConfig:Warning: Failed to saved backup for config[Compat]
LogConfig:Warning: Failed to saved backup for config[GameUserSettings]
LogInit: Using libcurl 7.47.1
LogInit:  - built for x86_64-pc-win32
LogInit:  - supports SSL with OpenSSL/1.0.2g
LogInit:  - supports HTTP deflate (compression) using libz 1.2.8
LogInit:  - other features:
LogInit:      CURL_VERSION_SSL
LogInit:      CURL_VERSION_LIBZ
LogInit:      CURL_VERSION_IPV6
LogInit:      CURL_VERSION_ASYNCHDNS
LogInit:      CURL_VERSION_LARGEFILE
LogInit:      CURL_VERSION_IDN
LogInit:  CurlRequestOptions (configurable via config and command line):
LogInit:  - bVerifyPeer = false  - Libcurl will NOT verify peer certificate
LogInit:  - bUseHttpProxy = false  - Libcurl will NOT use HTTP proxy
LogInit:  - bDontReuseConnections = false  - Libcurl will reuse connections
LogInit:  - CertBundlePath = nullptr  - Libcurl will use whatever was configured at build time.
LogInit: Build: ++UE4+Release-4.15-CL-3348071
LogInit: Engine Version: 4.15.1-3348071+++UE4+Release-4.15
LogInit: Compatible Engine Version: 4.15.0-3299760+++UE4+Release-4.15
LogInit: Net CL: 3299760
LogDevObjectVersion: Number of dev versions registered: 14
LogDevObjectVersion:   Dev-Blueprints (B0D832E4-1F89-4F0D-ACCF-7EB736FD4AA2): 8
LogDevObjectVersion:   Dev-Build (E1C64328-A22C-4D53-A36C-8E866417BD8C): 0
LogDevObjectVersion:   Dev-Core (375EC13C-06E4-48FB-B500-84F0262A717E): 2
LogDevObjectVersion:   Dev-Editor (E4B068ED-F494-42E9-A231-DA0B2E46BB41): 14
LogDevObjectVersion:   Dev-Framework (CFFC743F-43B0-4480-9391-14DF171D2073): 22
LogDevObjectVersion:   Dev-Mobile (B02B49B5-BB20-44E9-A304-32B752E40360): 0
LogDevObjectVersion:   Dev-Networking (A4E4105C-59A1-49B5-A7C5-40C4547EDFEE): 0
LogDevObjectVersion:   Dev-Online (39C831C9-5AE6-47DC-9A44-9C173E1C8E7C): 0
LogDevObjectVersion:   Dev-Physics (78F01B33-EBEA-4F98-B9B4-84EACCB95AA2): 0
LogDevObjectVersion:   Dev-Platform (6631380F-2D4D-43E0-8009-CF276956A95A): 0
LogDevObjectVersion:   Dev-Rendering (12F88B9F-8875-4AFC-A67C-D90C383ABD29): 12
LogDevObjectVersion:   Dev-Sequencer (7B5AE74C-D270-4C10-A958-57980B212A5A): 3
LogDevObjectVersion:   Dev-VR (D7296918-1DD6-4BDD-9DE2-64A83CC13884): 0
LogDevObjectVersion:   Dev-LoadTimes (C2A15278-BFE7-4AFE-6C17-90FF531DF755): 1
LogInit: Compiled (64-bit): Mar 15 2017 16:52:47
LogInit: Compiled with Visual C++: 19.00.23026.00
LogInit: Build Configuration: Development
LogInit: Branch Name: ++UE4+Release-4.15
LogInit: Command line:  
LogInit: Base directory: C:/Program Files/Epic Games/UE_4.15/Engine/Binaries/Win64/
LogInit: Installed Engine Build: 1
LogFileManager:Warning: Error deleting file: ../../../../../../Users/Ben/Documents/Unreal Projects/CSC433TeamProject/Saved/Logs/Project433-backup-2017.04.22-14.57.04.log (Error Code 2)
LogFileManager:Warning: Error deleting file: ../../../../../../Users/Ben/Documents/Unreal Projects/CSC433TeamProject/Saved/Logs/Project433-backup-2017.04.25-20.11.36.log (Error Code 2)
LogInit: Presizing for max 8388607 objects, including 0 objects not considered by GC, pre-allocating 0 bytes for permanent pool.
LogInit: Object subsystem initialized
[2017.04.26-06.06.15:032][  0]LogInit: Selected Device Profile: [Windows]
[2017.04.26-06.06.15:032][  0]LogInit: Applying CVar settings loaded from the selected device profile: [Windows]
[2017.04.26-06.06.15:252][  0]LogInit: Computer: BEN
[2017.04.26-06.06.15:252][  0]LogInit: User: Ben
[2017.04.26-06.06.15:252][  0]LogInit: CPU Page size=65536, Cores=4
[2017.04.26-06.06.15:252][  0]LogInit: High frequency timer resolution =2.435773 MHz
[2017.04.26-06.06.15:253][  0]LogMemory: Memory total: Physical=7.9GB (8GB approx)
[2017.04.26-06.06.15:253][  0]LogMemory: Platform Memory Stats for Windows
[2017.04.26-06.06.15:253][  0]LogMemory: Process Physical Memory: 262.35 MB used, 262.35 MB peak
[2017.04.26-06.06.15:253][  0]LogMemory: Process Virtual Memory: 262.62 MB used, 262.62 MB peak
[2017.04.26-06.06.15:253][  0]LogMemory: Physical Memory: 4000.90 MB used,  4073.95 MB free, 8074.85 MB total
[2017.04.26-06.06.15:253][  0]LogMemory: Virtual Memory: 645.11 MB used,  4073.95 MB free, 134217728.00 MB total
[2017.04.26-06.06.18:999][  0]LogTextLocalizationManager: No specific translations for ('en-US') exist, so ('en') translations will be used.
[2017.04.26-06.06.28:133][  0]LogD3D11RHI: D3D11 adapters:
[2017.04.26-06.06.28:217][  0]LogD3D11RHI:    0. 'NVIDIA GeForce GTX 860M' (Feature Level 11_0)
[2017.04.26-06.06.28:217][  0]LogD3D11RHI:       2018/0/4037 MB DedicatedVideo/DedicatedSystem/SharedSystem, Outputs:1, VendorId:0x10de
[2017.04.26-06.06.28:249][  0]LogD3D11RHI:    1. 'Intel(R) HD Graphics 4600' (Feature Level 11_0)
[2017.04.26-06.06.28:249][  0]LogD3D11RHI:       112/0/2048 MB DedicatedVideo/DedicatedSystem/SharedSystem, Outputs:0, VendorId:0x8086
[2017.04.26-06.06.28:253][  0]LogD3D11RHI:    2. 'Microsoft Basic Render Driver' (Feature Level 11_0)
[2017.04.26-06.06.28:253][  0]LogD3D11RHI:       0/0/4037 MB DedicatedVideo/DedicatedSystem/SharedSystem, Outputs:0, VendorId:0x1414
[2017.04.26-06.06.28:253][  0]LogD3D11RHI: Chosen D3D11 Adapter: 0
[2017.04.26-06.06.28:305][  0]LogD3D11RHI: Creating new Direct3DDevice
[2017.04.26-06.06.28:305][  0]LogD3D11RHI:     GPU DeviceId: 0x1392 (for the marketing name, search the web for "GPU Device Id")
[2017.04.26-06.06.28:305][  0]LogWindows: EnumDisplayDevices:
[2017.04.26-06.06.28:305][  0]LogWindows:    0. 'Intel(R) HD Graphics 4600' (P:1 D:1)
[2017.04.26-06.06.28:306][  0]LogWindows:    1. 'Intel(R) HD Graphics 4600' (P:0 D:0)
[2017.04.26-06.06.28:306][  0]LogWindows:    2. 'Intel(R) HD Graphics 4600' (P:0 D:0)
[2017.04.26-06.06.28:307][  0]LogWindows: DebugString: PrimaryIsNotTheChoosenAdapter PrimaryIsNotTheChoosenAdapter PrimaryIsNotTheChoosenAdapter FoundDriverCount:0 
[2017.04.26-06.06.28:307][  0]LogD3D11RHI:     Adapter Name: NVIDIA GeForce GTX 860M
[2017.04.26-06.06.28:307][  0]LogD3D11RHI:   Driver Version: Unknown (internal:Unknown, unified:Unknown)
[2017.04.26-06.06.28:307][  0]LogD3D11RHI:      Driver Date: Unknown
[2017.04.26-06.06.28:307][  0]LogRHI: Texture pool is 1361 MB (70% of 1945 MB)
[2017.04.26-06.06.28:408][  0]LogD3D11RHI: Async texture creation enabled
[2017.04.26-06.06.28:845][  0]LogD3D11RHI: GPU Timing Frequency: 1000.000000 (Debug: 2 1)
[2017.04.26-06.06.28:952][  0]LogShaderCompilers: Guid format shader working directory is -28 characters bigger than the processId version (../../../../../../Users/Ben/Documents/Unreal Projects/CSC433TeamProject/Intermediate/Shaders/WorkingDirectory/13116/).
[2017.04.26-06.06.28:953][  0]LogShaderCompilers: Cleaned the shader compiler working directory 'C:/Users/Ben/AppData/Local/Temp/UnrealShaderWorkingDir/B49ACA054E58648E69D983907A965848/'.
[2017.04.26-06.06.28:964][  0]LogShaderCompilers:Display: Using Local Shader Compiler.
[2017.04.26-06.06.39:702][  0]LogTemp:Display: Loaded TP AllDesktopTargetPlatform
[2017.04.26-06.06.39:818][  0]LogTemp:Display: Loaded TP MacClientTargetPlatform
[2017.04.26-06.06.39:880][  0]LogTemp:Display: Loaded TP MacNoEditorTargetPlatform
[2017.04.26-06.06.39:941][  0]LogTemp:Display: Loaded TP MacServerTargetPlatform
[2017.04.26-06.06.40:022][  0]LogTemp:Display: Loaded TP MacTargetPlatform
[2017.04.26-06.06.40:081][  0]LogTemp:Display: Loaded TP WindowsClientTargetPlatform
[2017.04.26-06.06.40:142][  0]LogTemp:Display: Loaded TP WindowsNoEditorTargetPlatform
[2017.04.26-06.06.40:200][  0]LogTemp:Display: Loaded TP WindowsServerTargetPlatform
[2017.04.26-06.06.40:279][  0]LogTemp:Display: Loaded TP WindowsTargetPlatform
[2017.04.26-06.06.40:417][  0]LogTemp:Display: Loaded TP AndroidTargetPlatform
[2017.04.26-06.06.40:532][  0]LogTemp:Display: Loaded TP Android_ASTCTargetPlatform
[2017.04.26-06.06.40:679][  0]LogTemp:Display: Loaded TP Android_ATCTargetPlatform
[2017.04.26-06.06.40:760][  0]LogTemp:Display: Loaded TP Android_DXTTargetPlatform
[2017.04.26-06.06.40:818][  0]LogTemp:Display: Loaded TP Android_ETC1TargetPlatform
[2017.04.26-06.06.40:877][  0]LogTemp:Display: Loaded TP Android_ETC2TargetPlatform
[2017.04.26-06.06.41:022][  0]LogTemp:Display: Loaded TP Android_MultiTargetPlatform
[2017.04.26-06.06.41:022][  0]LogTemp:Display: Loaded TP Android_PVRTCTargetPlatform
[2017.04.26-06.06.41:064][  0]LogTemp:Display: Loaded TP HTML5TargetPlatform
[2017.04.26-06.06.41:270][  0]LogTemp:Display: Loaded TP IOSTargetPlatform
[2017.04.26-06.06.41:306][  0]LogTemp:Display: Loaded TP TVOSTargetPlatform
[2017.04.26-06.06.41:364][  0]LogTemp:Display: Loaded TP LinuxClientTargetPlatform
[2017.04.26-06.06.41:422][  0]LogTemp:Display: Loaded TP LinuxNoEditorTargetPlatform
[2017.04.26-06.06.41:480][  0]LogTemp:Display: Loaded TP LinuxServerTargetPlatform
[2017.04.26-06.06.41:588][  0]LogTemp:Display: Loaded TP LinuxTargetPlatform
[2017.04.26-06.06.41:588][  0]LogTargetPlatformManager:Display: Building Assets For Windows
[2017.04.26-06.06.44:740][  0]LogDerivedDataCache:Display: Max Cache Size: 512 MB
[2017.04.26-06.06.45:678][  0]LogDerivedDataCache: Loaded boot cache 0.91s 50MB C:/Users/Ben/AppData/Local/UnrealEngine/4.15/DerivedDataCache/Boot.ddc.
[2017.04.26-06.06.45:679][  0]LogDerivedDataCache:Display: Loaded Boot cache: C:/Users/Ben/AppData/Local/UnrealEngine/4.15/DerivedDataCache/Boot.ddc
[2017.04.26-06.06.45:679][  0]LogDerivedDataCache: FDerivedDataBackendGraph:  Pak pak cache file ../../../../../../Users/Ben/Documents/Unreal Projects/CSC433TeamProject/DerivedDataCache/DDC.ddp not found, will not use a pak cache.
[2017.04.26-06.06.45:679][  0]LogDerivedDataCache: Unable to find inner node Pak for hierarchical cache Hierarchy.
[2017.04.26-06.06.45:679][  0]LogDerivedDataCache: FDerivedDataBackendGraph:  CompressedPak pak cache file ../../../../../../Users/Ben/Documents/Unreal Projects/CSC433TeamProject/DerivedDataCache/Compressed.ddp not found, will not use a pak cache.
[2017.04.26-06.06.45:679][  0]LogDerivedDataCache: Unable to find inner node CompressedPak for hierarchical cache Hierarchy.
[2017.04.26-06.06.45:845][  0]LogDerivedDataCache:Display: Pak cache opened for reading ../../../Engine/DerivedDataCache/Compressed.ddp.
[2017.04.26-06.06.45:858][  0]LogDerivedDataCache: Using Local data cache path C:/Users/Ben/AppData/Local/UnrealEngine/Common/DerivedDataCache: Writable
[2017.04.26-06.06.46:710][  0]LogSlate: Using Freetype 2.6.0
[2017.04.26-06.06.47:195][  0]LogSlate: SlateFontCache - WITH_FREETYPE: 1, WITH_HARFBUZZ: 1
[2017.04.26-06.06.47:195][  0]LogSlate: SlateFontCache - WITH_FREETYPE: 1, WITH_HARFBUZZ: 1
[2017.04.26-06.07.08:010][  0]LogInit: Selected Device Profile: [Windows]
[2017.04.26-06.07.08:291][  0]LogContentStreaming: Texture pool size is 0.00 MB
[2017.04.26-06.07.10:753][  0]LogMeshUtilities: Using QuadricMeshReduction for automatic static mesh reduction
[2017.04.26-06.07.10:870][  0]LogSimplygon: Simplygon DLL not present - disabling.
[2017.04.26-06.07.10:987][  0]LogMeshUtilities: Using SimplygonSwarm for distributed automatic mesh merging
[2017.04.26-06.07.10:987][  0]LogMeshUtilities: No automatic skeletal mesh reduction module available
[2017.04.26-06.07.10:987][  0]LogMeshUtilities: No automatic mesh merging module available
[2017.04.26-06.07.13:967][  0]LogConfig:Warning: Failed to saved backup for config[GameplayTagsList]
[2017.04.26-06.07.22:722][  0]LogNetVersion: GetLocalNetworkVersion: CL: 3299760, ProjectName: project433, ProjectVersion: , EngineNetworkVersion: 2, GameNetworkVersion: 0, NetworkChecksum: 3701128711
[2017.04.26-06.07.22:988][  0]LogAssetRegistry: FAssetRegistry took 0.0255 seconds to start up
[2017.04.26-06.07.23:737][  0]LogPackageLocalizationCache: Processed 3 localized package path(s) for 2 prioritized culture(s) in 0.497051 seconds
[2017.04.26-06.07.23:805][  0]LogUObjectArray: 32493 objects as part of root set at end of initial load.
[2017.04.26-06.07.23:805][  0]LogUObjectAllocator: 7077032 out of 0 bytes used by permanent object pool.
[2017.04.26-06.07.23:805][  0]LogUObjectArray: CloseDisregardForGC: 0/0 objects in disregard for GC pool
[2017.04.26-06.07.24:024][  0]LogInit: WinSock: version 1.1 (2.2), MaxSocks=32767, MaxUdp=65467
[2017.04.26-06.08.17:525][  0]LogTcpMessaging: Initializing TcpMessaging bridge
[2017.04.26-06.08.17:697][  0]LogUdpMessaging: Initializing bridge on interface 0.0.0.0:0 to multicast group 230.0.0.1:6666.
[2017.04.26-06.08.21:627][  0]LogMaterial: Uniform references updated for custom material expression Custom.
[2017.04.26-06.08.25:298][  0]LogConfig:Warning: Failed to saved backup for config[SourceControlSettings]
[2017.04.26-06.08.25:306][  0]SourceControl: Info Source control is disabled
[2017.04.26-06.08.27:955][  0]SourceControl: Info Source control is disabled
[2017.04.26-06.08.28:793][  0]SourceControl: Info Source control is disabled
[2017.04.26-06.08.29:092][  0]SourceControl: Info Source control is disabled
[2017.04.26-06.08.38:000][  0]LogEngine: Initializing Engine...
[2017.04.26-06.08.38:117][  0]LogHMD: Failed to initialize OpenVR with code 110
[2017.04.26-06.08.49:576][  0]LogAIModule: Creating AISystem for world Untitled
[2017.04.26-06.08.54:584][  0]LogInit: XAudio2 using 'Speakers (Realtek High Definition Audio)' : 2 channels at 48 kHz using 32 bits per sample (channel mask 0x3)
[2017.04.26-06.08.54:955][  0]LogInit: FAudioDevice initialized.
[2017.04.26-06.08.54:991][  0]LogDerivedDataCache:Error: Could not save memory cache C:/Users/Ben/AppData/Local/UnrealEngine/4.15/DerivedDataCache/Boot.ddc.
[2017.04.26-06.08.55:012][  0]LogInit: Texture streaming: Enabled
[2017.04.26-06.08.55:529][  0]LogEngineSessionManager: EngineSessionManager initialized
[2017.04.26-06.08.55:888][  0]LogInit: Transaction tracking system initialized
[2017.04.26-06.09.01:871][  0]BlueprintLog: New page: Editor Load
[2017.04.26-06.09.06:986][  0]LocalizationService: Info Localization service is disabled
[2017.04.26-06.09.09:732][  0]LogConsoleResponse:Display: 
[2017.04.26-06.09.13:872][  0]LogCook:Display: Max memory allowance for cook 16384mb min free memory 0mb
[2017.04.26-06.09.13:872][  0]LogCook:Display: Mobile HDR setting 1
[2017.04.26-06.09.14:062][  0]LogFileCache: Scanning file cache for directory 'C:/Users/Ben/Documents/Unreal Projects/CSC433TeamProject/Content/' took 0.07s
[2017.04.26-06.09.20:846][  0]SourceControl: Info Source control is disabled
[2017.04.26-06.09.20:892][  0]Cmd: MAP LOAD FILE="../../../../../../Users/Ben/Documents/Unreal Projects/CSC433TeamProject/Content/ThirdPersonBP/Maps/ThirdPersonExampleMap.umap" TEMPLATE=0 SHOWPROGRESS=1 FEATURELEVEL=3
[2017.04.26-06.09.21:006][  0]LightingResults: New page: Lighting Build
[2017.04.26-06.09.21:957][  0]MapCheck: New page: Map Check
[2017.04.26-06.09.21:957][  0]LightingResults: New page: Lighting Build
[2017.04.26-06.09.29:528][  0]LogAIModule: Creating AISystem for world ThirdPersonExampleMap
[2017.04.26-06.09.30:763][  0]LogEditorServer: Finished looking for orphan Actors (0.000 secs)
[2017.04.26-06.09.30:811][  0]Cmd: MAP CHECKDEP NOCLEARLOG
[2017.04.26-06.09.30:967][  0]MapCheck: Info Map check complete: 0 Error(s), 0 Warning(s), took 156.089ms to complete.
[2017.04.26-06.09.30:967][  0]LogFileHelpers: Loading map 'ThirdPersonExampleMap' took 10.079
[2017.04.26-06.09.34:195][  0]LogCollectionManager: Loaded 0 collections in 0.021020 seconds
[2017.04.26-06.09.34:583][  0]LogFileCache: Scanning file cache for directory 'C:/Users/Ben/Documents/Unreal Projects/CSC433TeamProject/Saved/Collections/' took 0.01s
[2017.04.26-06.09.34:583][  0]LogFileCache: Scanning file cache for directory 'C:/Users/Ben/Documents/Unreal Projects/CSC433TeamProject/Content/Developers/Ben/Collections/' took 0.01s
[2017.04.26-06.09.34:583][  0]LogFileCache: Scanning file cache for directory 'C:/Users/Ben/Documents/Unreal Projects/CSC433TeamProject/Content/Collections/' took 0.01s
[2017.04.26-06.09.34:583][  0]LogCollectionManager: Rebuilt the GUID cache for 0 collections in 0.000023 seconds
[2017.04.26-06.09.34:623][  0]LogContentBrowser: Native class hierarchy populated in 0.0368 seconds. Added 2245 classes and 453 folders.
[2017.04.26-06.09.34:693][  0]LogStats: UGameplayTagsManager::ConstructGameplayTagTree: Construct from data asset -  0.000 s
[2017.04.26-06.09.34:694][  0]LogStats: UGameplayTagsManager::ConstructGameplayTagTree: GameplayTagTreeChangedEvent.Broadcast -  0.000 s
[2017.04.26-06.09.34:887][  0]LogContentBrowser: Native class hierarchy updated for 'WidgetCarousel' in 0.0008 seconds. Added 0 classes and 0 folders.
[2017.04.26-06.09.38:422][  0]LogContentBrowser: Native class hierarchy updated for 'AddContentDialog' in 0.0019 seconds. Added 0 classes and 0 folders.
[2017.04.26-06.09.38:589][  0]LogContentBrowser: Native class hierarchy updated for 'SceneOutliner' in 0.0015 seconds. Added 1 classes and 2 folders.
[2017.04.26-06.09.39:515][  0]LogCrashTracker: Crashtracker disabled due to settings.
[2017.04.26-06.09.39:652][  0]LogUObjectGlobals:Warning: Failed to find object 'Class None.'
[2017.04.26-06.09.39:942][  0]LogContentBrowser: Native class hierarchy updated for 'HierarchicalLODOutliner' in 0.0012 seconds. Added 1 classes and 2 folders.
[2017.04.26-06.09.39:943][  0]LogLoad: (Engine Initialization) Total time: 269.67 seconds
[2017.04.26-06.09.39:943][  0]LogLoad: (Engine Initialization) Total Blueprint compile time: 1.53 seconds
[2017.04.26-06.09.39:943][  0]LogExternalProfiler: Found external profiler: VSPerf
[2017.04.26-06.09.39:943][  0]LogExternalProfiler: Using external profiler: VSPerf
[2017.04.26-06.09.40:327][  0]LogOcInput: OculusInput pre-init called
[2017.04.26-06.09.40:597][  0]LogContentStreaming: Texture pool size now 1000 MB
[2017.04.26-06.09.40:721][  0]LogSlate: Took 0.028519 seconds to synchronously load lazily loaded font '../../../Engine/Content/Slate/Fonts/Roboto-Regular.ttf' (155K)
[2017.04.26-06.09.40:776][  0]LogSlate: Took 0.038971 seconds to synchronously load lazily loaded font '../../../Engine/Content/Slate/Fonts/Roboto-Bold.ttf' (160K)
[2017.04.26-06.09.40:866][  0]LogSlate: Took 0.028724 seconds to synchronously load lazily loaded font '../../../Engine/Content/Editor/Slate/Fonts/FontAwesome.ttf' (139K)
[2017.04.26-06.09.43:890][  0]LogRenderer: Reallocating scene render targets to support 1208x576 NumSamples 1 (Frame:2).
[2017.04.26-06.09.45:185][  2]LogSlate: Took 0.263761 seconds to synchronously load lazily loaded font '../../../Engine/Content/Slate/Fonts/Roboto-Light.ttf' (159K)
[2017.04.26-06.09.46:283][  6]LogAssetRegistry: Asset discovery search completed in 143.3182 seconds
[2017.04.26-06.09.46:296][  6]LogCollectionManager: Rebuilt the object cache for 0 collections in 0.000012 seconds (found 0 objects)
[2017.04.26-06.09.46:296][  6]LogCollectionManager: Fixed up redirectors for 0 collections in 0.012810 seconds (updated 0 objects)
[2017.04.26-06.09.48:017][ 11]LogSlate: Took 0.000838 seconds to synchronously load lazily loaded font '../../../Engine/Content/Slate/Fonts/Roboto-Light.ttf' (159K)
[2017.04.26-06.10.12:580][114]Cmd: MAP LOAD FILE="../../../../../../Users/Ben/Documents/Unreal Projects/CSC433TeamProject/Content/FirstPersonCPP/Maps/FirstPersonExampleMap.umap" TEMPLATE=0 SHOWPROGRESS=1 FEATURELEVEL=3
[2017.04.26-06.10.12:609][114]LogSlate: Took 0.000443 seconds to synchronously load lazily loaded font '../../../Engine/Content/Slate/Fonts/Roboto-Light.ttf' (159K)
[2017.04.26-06.10.12:629][114]LightingResults: New page: Lighting Build
[2017.04.26-06.10.12:631][114]LoadErrors: New page: Loading map: FirstPersonExampleMap.umap
[2017.04.26-06.10.12:660][114]MapCheck: New page: Map Check
[2017.04.26-06.10.12:660][114]LightingResults: New page: Lighting Build
[2017.04.26-06.10.13:633][114]LogSlate: Took 0.000512 seconds to synchronously load lazily loaded font '../../../Engine/Content/Slate/Fonts/Roboto-Regular.ttf' (155K)
[2017.04.26-06.10.32:671][114]LogStaticMesh:Warning: Rebuilding hierarchical instanced mesh component, please resave map FoliageInstancedStaticMeshComponent /Game/FirstPersonCPP/Maps/FirstPersonExampleMap.FirstPersonExampleMap:PersistentLevel.InstancedFoliageActor_0.FoliageInstancedStaticMeshComponent_0.
[2017.04.26-06.10.33:550][114]LogAIModule: Creating AISystem for world FirstPersonExampleMap
[2017.04.26-06.10.40:523][114]LogEditorServer: Finished looking for orphan Actors (0.000 secs)
[2017.04.26-06.10.40:698][114]Cmd: MAP CHECKDEP NOCLEARLOG
[2017.04.26-06.10.40:797][114]MapCheck: Info Map check complete: 0 Error(s), 0 Warning(s), took 99.02ms to complete.
[2017.04.26-06.10.40:797][114]LogFileHelpers: Loading map 'FirstPersonExampleMap' took 28.226
[2017.04.26-06.10.52:195][439]LogTemp: Repeting last play command: Selected Viewport
[2017.04.26-06.10.52:252][439]LogBlueprintUserMessages: Early PlayInEditor Detection: Level '/Game/FirstPersonCPP/Maps/FirstPersonExampleMap.FirstPersonExampleMap:PersistentLevel' has LevelScriptBlueprint '/Game/FirstPersonCPP/Maps/FirstPersonExampleMap.FirstPersonExampleMap:PersistentLevel.FirstPersonExampleMap' with GeneratedClass '/Game/FirstPersonCPP/Maps/FirstPersonExampleMap.FirstPersonExampleMap_C' with ClassGeneratedBy '/Game/FirstPersonCPP/Maps/FirstPersonExampleMap.FirstPersonExampleMap:PersistentLevel.FirstPersonExampleMap'
[2017.04.26-06.10.52:252][439]LogPlayLevel: PlayLevel: No blueprints needed recompiling
[2017.04.26-06.10.52:327][439]PIE: New page: PIE session: FirstPersonExampleMap (Apr 25, 2017, 4:10:52 PM)
[2017.04.26-06.10.52:344][439]LogPlayLevel: Creating play world package: /Game/FirstPersonCPP/Maps/UEDPIE_0_FirstPersonExampleMap
[2017.04.26-06.10.52:534][439]LogStaticMesh:Warning: Rebuilding hierarchical instanced mesh component, please resave map FoliageInstancedStaticMeshComponent /Game/FirstPersonCPP/Maps/UEDPIE_0_FirstPersonExampleMap.FirstPersonExampleMap:PersistentLevel.InstancedFoliageActor_0.FoliageInstancedStaticMeshComponent_0.
[2017.04.26-06.10.52:562][439]LogPlayLevel: PIE: StaticDuplicateObject took: (0.217150s)
[2017.04.26-06.10.52:564][439]LogAIModule: Creating AISystem for world FirstPersonExampleMap
[2017.04.26-06.10.52:565][439]LogPlayLevel: PIE: World Init took: (0.002963s)
[2017.04.26-06.10.52:566][439]LogPlayLevel: PIE: Created PIE world by copying editor world from /Game/FirstPersonCPP/Maps/FirstPersonExampleMap.FirstPersonExampleMap to /Game/FirstPersonCPP/Maps/UEDPIE_0_FirstPersonExampleMap.FirstPersonExampleMap (0.237873s)
[2017.04.26-06.10.52:623][439]LogInit: XAudio2 using 'Speakers (Realtek High Definition Audio)' : 2 channels at 48 kHz using 32 bits per sample (channel mask 0x3)
[2017.04.26-06.10.52:654][439]LogInit: FAudioDevice initialized.
[2017.04.26-06.10.53:026][439]LogLoad: Game class is 'ThirdPersonGameMode_C'
[2017.04.26-06.10.53:084][439]LogWorld: Bringing World /Game/FirstPersonCPP/Maps/UEDPIE_0_FirstPersonExampleMap.FirstPersonExampleMap up for play (max tick rate 60) at 2017.04.25-23.10.53
[2017.04.26-06.10.53:184][439]LogWorld: Bringing up level for play took: 0.114110
[2017.04.26-06.10.53:467][439]LogContentBrowser: Native class hierarchy updated for 'MovieSceneCapture' in 0.0022 seconds. Added 11 classes and 0 folders.
[2017.04.26-06.10.53:566][439]PIE: Info Play in editor start time for /Game/FirstPersonCPP/Maps/UEDPIE_0_FirstPersonExampleMap 0.504
[2017.04.26-06.10.53:573][439]LogBlueprintUserMessages: Late PlayInEditor Detection: Level '/Game/FirstPersonCPP/Maps/FirstPersonExampleMap.FirstPersonExampleMap:PersistentLevel' has LevelScriptBlueprint '/Game/FirstPersonCPP/Maps/FirstPersonExampleMap.FirstPersonExampleMap:PersistentLevel.FirstPersonExampleMap' with GeneratedClass '/Game/FirstPersonCPP/Maps/FirstPersonExampleMap.FirstPersonExampleMap_C' with ClassGeneratedBy '/Game/FirstPersonCPP/Maps/FirstPersonExampleMap.FirstPersonExampleMap:PersistentLevel.FirstPersonExampleMap'
[2017.04.26-06.11.00:846][629]LogBlueprintUserMessages: Early EndPlayMap Detection: Level '/Game/FirstPersonCPP/Maps/FirstPersonExampleMap.FirstPersonExampleMap:PersistentLevel' has LevelScriptBlueprint '/Game/FirstPersonCPP/Maps/FirstPersonExampleMap.FirstPersonExampleMap:PersistentLevel.FirstPersonExampleMap' with GeneratedClass '/Game/FirstPersonCPP/Maps/FirstPersonExampleMap.FirstPersonExampleMap_C' with ClassGeneratedBy '/Game/FirstPersonCPP/Maps/FirstPersonExampleMap.FirstPersonExampleMap:PersistentLevel.FirstPersonExampleMap'
[2017.04.26-06.11.01:179][629]LogBlueprintUserMessages: Late EndPlayMap Detection: Level '/Game/FirstPersonCPP/Maps/FirstPersonExampleMap.FirstPersonExampleMap:PersistentLevel' has LevelScriptBlueprint '/Game/FirstPersonCPP/Maps/FirstPersonExampleMap.FirstPersonExampleMap:PersistentLevel.FirstPersonExampleMap' with GeneratedClass '/Game/FirstPersonCPP/Maps/FirstPersonExampleMap.FirstPersonExampleMap_C' with ClassGeneratedBy '/Game/FirstPersonCPP/Maps/FirstPersonExampleMap.FirstPersonExampleMap:PersistentLevel.FirstPersonExampleMap'
[2017.04.26-06.11.04:762][705]MapCheck: New page: Map Check
[2017.04.26-06.11.05:046][705]Cmd: MAP REBUILD ALLVISIBLE
[2017.04.26-06.11.05:046][705]LogEditorServer: Rebuildmap Clear paths rebuilt
[2017.04.26-06.11.05:995][705]LogMaterial: Missing cached shader map for material FDebugViewModeMaterialProxy WorldGridMaterial, compiling. Is special engine material.
[2017.04.26-06.11.06:053][705]LogTemp:Display: Added material ShaderMap 0x00000273B878B580 with Material 0x00000273A29DF100 to ShaderMapsBeingCompiled
[2017.04.26-06.11.06:067][705]LogTemp:Display: Kicking off shader compilation for FDebugViewModeMaterialProxy WorldGridMaterial, GameThreadShaderMap 0x00000273B878B580
[2017.04.26-06.11.06:110][705]LogMaterial: Missing cached shader map for material FDebugViewModeMaterialProxy M_TableRound, compiling. 
[2017.04.26-06.11.06:114][705]LogTemp:Display: Added material ShaderMap 0x00000273B878AE80 with Material 0x00000273D90F0A00 to ShaderMapsBeingCompiled
[2017.04.26-06.11.06:122][705]LogTemp:Display: Kicking off shader compilation for FDebugViewModeMaterialProxy M_TableRound, GameThreadShaderMap 0x00000273B878AE80
[2017.04.26-06.11.06:129][705]LogMaterial: Missing cached shader map for material FDebugViewModeMaterialProxy MaterialInstanceDynamic_1, compiling. 
[2017.04.26-06.11.06:135][705]LogTemp:Display: Added material ShaderMap 0x00000273B878A080 with Material 0x00000273D90F3A00 to ShaderMapsBeingCompiled
[2017.04.26-06.11.06:139][705]LogTemp:Display: Kicking off shader compilation for FDebugViewModeMaterialProxy MaterialInstanceDynamic_1, GameThreadShaderMap 0x00000273B878A080
[2017.04.26-06.11.06:188][705]LogMaterial: Missing cached shader map for material FDebugViewModeMaterialProxy M_Wood_Floor_Walnut_Polished, compiling. 
[2017.04.26-06.11.06:190][705]LogTemp:Display: Added material ShaderMap 0x00000273B8789600 with Material 0x00000273D90F3700 to ShaderMapsBeingCompiled
[2017.04.26-06.11.06:195][705]LogTemp:Display: Kicking off shader compilation for FDebugViewModeMaterialProxy M_Wood_Floor_Walnut_Polished, GameThreadShaderMap 0x00000273B8789600
[2017.04.26-06.11.06:202][705]LogMaterial: Missing cached shader map for material FDebugViewModeMaterialProxy M_CobbleStone_Smooth, compiling. 
[2017.04.26-06.11.06:212][705]LogTemp:Display: Added material ShaderMap 0x00000273B8788B80 with Material 0x00000273D90F3D00 to ShaderMapsBeingCompiled
[2017.04.26-06.11.06:219][705]LogTemp:Display: Kicking off shader compilation for FDebugViewModeMaterialProxy M_CobbleStone_Smooth, GameThreadShaderMap 0x00000273B8788B80
[2017.04.26-06.11.06:227][705]LogMaterial: Missing cached shader map for material FDebugViewModeMaterialProxy CubeMaterialOverride, compiling. 
[2017.04.26-06.11.06:229][705]LogTemp:Display: Added material ShaderMap 0x00000273BB37AB00 with Material 0x00000273C0204700 to ShaderMapsBeingCompiled
[2017.04.26-06.11.06:233][705]LogTemp:Display: Kicking off shader compilation for FDebugViewModeMaterialProxy CubeMaterialOverride, GameThreadShaderMap 0x00000273BB37AB00
[2017.04.26-06.11.06:274][705]LogMaterial: Missing cached shader map for material FDebugViewModeMaterialProxy LandscapeGizmo_Mat, compiling. 
[2017.04.26-06.11.06:275][705]LogTemp:Display: Added material ShaderMap 0x00000273BB37A080 with Material 0x00000273C0204100 to ShaderMapsBeingCompiled
[2017.04.26-06.11.06:277][705]LogTemp:Display: Kicking off shader compilation for FDebugViewModeMaterialProxy LandscapeGizmo_Mat, GameThreadShaderMap 0x00000273BB37A080
[2017.04.26-06.11.06:279][705]LogMaterial: Missing cached shader map for material FDebugViewModeMaterialProxy M_CobbleStone_Rough, compiling. 
[2017.04.26-06.11.06:282][705]LogTemp:Display: Added material ShaderMap 0x00000273BB379600 with Material 0x00000273C0BF6800 to ShaderMapsBeingCompiled
[2017.04.26-06.11.06:284][705]LogTemp:Display: Kicking off shader compilation for FDebugViewModeMaterialProxy M_CobbleStone_Rough, GameThreadShaderMap 0x00000273BB379600
[2017.04.26-06.11.06:418][705]LogMaterial: Missing cached shader map for material FDebugViewModeMaterialProxy star, compiling. 
[2017.04.26-06.11.06:419][705]LogTemp:Display: Added material ShaderMap 0x00000273BB378800 with Material 0x00000273C0BF6200 to ShaderMapsBeingCompiled
[2017.04.26-06.11.06:422][705]LogTemp:Display: Kicking off shader compilation for FDebugViewModeMaterialProxy star, GameThreadShaderMap 0x00000273BB378800
[2017.04.26-06.11.06:425][705]LogMaterial: Missing cached shader map for material FDebugViewModeMaterialProxy M_Metal_Gold, compiling. 
[2017.04.26-06.11.06:426][705]LogTemp:Display: Added material ShaderMap 0x00000273B718B900 with Material 0x00000273C0BF4D00 to ShaderMapsBeingCompiled
[2017.04.26-06.11.06:429][705]LogTemp:Display: Kicking off shader compilation for FDebugViewModeMaterialProxy M_Metal_Gold, GameThreadShaderMap 0x00000273B718B900
[2017.04.26-06.11.06:447][705]LogMaterial: Missing cached shader map for material FDebugViewModeMaterialProxy wire_088088225_001, compiling. 
[2017.04.26-06.11.06:448][705]LogTemp:Display: Added material ShaderMap 0x00000273B718B200 with Material 0x00000273C0BF5F00 to ShaderMapsBeingCompiled
[2017.04.26-06.11.06:451][705]LogTemp:Display: Kicking off shader compilation for FDebugViewModeMaterialProxy wire_088088225_001, GameThreadShaderMap 0x00000273B718B200
[2017.04.26-06.11.06:454][705]LogMaterial: Missing cached shader map for material FDebugViewModeMaterialProxy M_Brick_Hewn_Stone, compiling. 
[2017.04.26-06.11.06:455][705]LogTemp:Display: Added material ShaderMap 0x00000273B718A780 with Material 0x00000273B714F400 to ShaderMapsBeingCompiled
[2017.04.26-06.11.06:459][705]LogTemp:Display: Kicking off shader compilation for FDebugViewModeMaterialProxy M_Brick_Hewn_Stone, GameThreadShaderMap 0x00000273B718A780
[2017.04.26-06.11.06:462][705]LogMaterial: Missing cached shader map for material FDebugViewModeMaterialProxy mesh0043mat, compiling. 
[2017.04.26-06.11.06:464][705]LogTemp:Display: Added material ShaderMap 0x00000273B7189D00 with Material 0x00000273B714DC00 to ShaderMapsBeingCompiled
[2017.04.26-06.11.06:466][705]LogTemp:Display: Kicking off shader compilation for FDebugViewModeMaterialProxy mesh0043mat, GameThreadShaderMap 0x00000273B7189D00
[2017.04.26-06.11.06:477][705]LogMaterial: Missing cached shader map for material FDebugViewModeMaterialProxy M_UE4Man_Body, compiling. 
[2017.04.26-06.11.06:481][705]LogTemp:Display: Added material ShaderMap 0x00000273B7189280 with Material 0x00000273B714D900 to ShaderMapsBeingCompiled
[2017.04.26-06.11.06:485][705]LogTemp:Display: Kicking off shader compilation for FDebugViewModeMaterialProxy M_UE4Man_Body, GameThreadShaderMap 0x00000273B7189280
[2017.04.26-06.11.06:490][705]LogMaterial: Missing cached shader map for material FDebugViewModeMaterialProxy M_UE4Man_ChestLogo, compiling. 
[2017.04.26-06.11.06:493][705]LogTemp:Display: Added material ShaderMap 0x00000273B7188800 with Material 0x00000273C01BCA00 to ShaderMapsBeingCompiled
[2017.04.26-06.11.06:497][705]LogTemp:Display: Kicking off shader compilation for FDebugViewModeMaterialProxy M_UE4Man_ChestLogo, GameThreadShaderMap 0x00000273B7188800
[2017.04.26-06.11.06:595][705]LogTemp:Display: Finished compile of shader map 0x00000273B878B580
[2017.04.26-06.11.06:595][705]LogTemp:Display: Shader map FDebugViewModeMaterialProxy WorldGridMaterial complete, GameThreadShaderMap 0x00000273B878B580, marking material FDebugViewModeMaterialProxy WorldGridMaterial as finished
[2017.04.26-06.11.06:595][705]LogTemp:Display: Marking material as finished 0x00000273A29DF100
[2017.04.26-06.11.06:631][705]LogTemp:Display: Finished compile of shader map 0x00000273B878AE80
[2017.04.26-06.11.06:631][705]LogTemp:Display: Shader map FDebugViewModeMaterialProxy M_TableRound complete, GameThreadShaderMap 0x00000273B878AE80, marking material FDebugViewModeMaterialProxy M_TableRound as finished
[2017.04.26-06.11.06:631][705]LogTemp:Display: Marking material as finished 0x00000273D90F0A00
[2017.04.26-06.11.06:701][705]LogTemp:Display: Finished compile of shader map 0x00000273B878A080
[2017.04.26-06.11.06:701][705]LogTemp:Display: Shader map FDebugViewModeMaterialProxy MaterialInstanceDynamic_1 complete, GameThreadShaderMap 0x00000273B878A080, marking material FDebugViewModeMaterialProxy MaterialInstanceDynamic_1 as finished
[2017.04.26-06.11.06:701][705]LogTemp:Display: Marking material as finished 0x00000273D90F3A00
[2017.04.26-06.11.06:703][705]LogTemp:Display: Finished compile of shader map 0x00000273B8789600
[2017.04.26-06.11.06:703][705]LogTemp:Display: Shader map FDebugViewModeMaterialProxy M_Wood_Floor_Walnut_Polished complete, GameThreadShaderMap 0x00000273B8789600, marking material FDebugViewModeMaterialProxy M_Wood_Floor_Walnut_Polished as finished
[2017.04.26-06.11.06:703][705]LogTemp:Display: Marking material as finished 0x00000273D90F3700
[2017.04.26-06.11.06:766][705]LogTemp:Display: Finished compile of shader map 0x00000273BB37AB00
[2017.04.26-06.11.06:766][705]LogTemp:Display: Shader map FDebugViewModeMaterialProxy CubeMaterialOverride complete, GameThreadShaderMap 0x00000273BB37AB00, marking material FDebugViewModeMaterialProxy CubeMaterialOverride as finished
[2017.04.26-06.11.06:766][705]LogTemp:Display: Marking material as finished 0x00000273C0204700
[2017.04.26-06.11.06:802][705]LogTemp:Display: Finished compile of shader map 0x00000273BB37A080
[2017.04.26-06.11.06:802][705]LogTemp:Display: Shader map FDebugViewModeMaterialProxy LandscapeGizmo_Mat complete, GameThreadShaderMap 0x00000273BB37A080, marking material FDebugViewModeMaterialProxy LandscapeGizmo_Mat as finished
[2017.04.26-06.11.06:802][705]LogTemp:Display: Marking material as finished 0x00000273C0204100
[2017.04.26-06.11.06:914][705]LogTemp:Display: Finished compile of shader map 0x00000273BB378800
[2017.04.26-06.11.06:914][705]LogTemp:Display: Shader map FDebugViewModeMaterialProxy star complete, GameThreadShaderMap 0x00000273BB378800, marking material FDebugViewModeMaterialProxy star as finished
[2017.04.26-06.11.06:914][705]LogTemp:Display: Marking material as finished 0x00000273C0BF6200
[2017.04.26-06.11.07:082][705]LogTemp:Display: Finished compile of shader map 0x00000273B718B200
[2017.04.26-06.11.07:082][705]LogTemp:Display: Shader map FDebugViewModeMaterialProxy wire_088088225_001 complete, GameThreadShaderMap 0x00000273B718B200, marking material FDebugViewModeMaterialProxy wire_088088225_001 as finished
[2017.04.26-06.11.07:082][705]LogTemp:Display: Marking material as finished 0x00000273C0BF5F00
[2017.04.26-06.11.07:084][705]LogTemp:Display: Finished compile of shader map 0x00000273B718B900
[2017.04.26-06.11.07:084][705]LogTemp:Display: Shader map FDebugViewModeMaterialProxy M_Metal_Gold complete, GameThreadShaderMap 0x00000273B718B900, marking material FDebugViewModeMaterialProxy M_Metal_Gold as finished
[2017.04.26-06.11.07:084][705]LogTemp:Display: Marking material as finished 0x00000273C0BF4D00
[2017.04.26-06.11.07:252][705]LogTemp:Display: Finished compile of shader map 0x00000273B7189D00
[2017.04.26-06.11.07:252][705]LogTemp:Display: Shader map FDebugViewModeMaterialProxy mesh0043mat complete, GameThreadShaderMap 0x00000273B7189D00, marking material FDebugViewModeMaterialProxy mesh0043mat as finished
[2017.04.26-06.11.07:252][705]LogTemp:Display: Marking material as finished 0x00000273B714DC00
[2017.04.26-06.11.07:442][705]LogTemp:Display: Finished compile of shader map 0x00000273B718A780
[2017.04.26-06.11.07:442][705]LogTemp:Display: Shader map FDebugViewModeMaterialProxy M_Brick_Hewn_Stone complete, GameThreadShaderMap 0x00000273B718A780, marking material FDebugViewModeMaterialProxy M_Brick_Hewn_Stone as finished
[2017.04.26-06.11.07:442][705]LogTemp:Display: Marking material as finished 0x00000273B714F400
[2017.04.26-06.11.07:577][705]LogTemp:Display: Finished compile of shader map 0x00000273B7189280
[2017.04.26-06.11.07:577][705]LogTemp:Display: Shader map FDebugViewModeMaterialProxy M_UE4Man_Body complete, GameThreadShaderMap 0x00000273B7189280, marking material FDebugViewModeMaterialProxy M_UE4Man_Body as finished
[2017.04.26-06.11.07:577][705]LogTemp:Display: Marking material as finished 0x00000273B714D900
[2017.04.26-06.11.07:718][705]LogTemp:Display: Finished compile of shader map 0x00000273B7188800
[2017.04.26-06.11.07:718][705]LogTemp:Display: Shader map FDebugViewModeMaterialProxy M_UE4Man_ChestLogo complete, GameThreadShaderMap 0x00000273B7188800, marking material FDebugViewModeMaterialProxy M_UE4Man_ChestLogo as finished
[2017.04.26-06.11.07:718][705]LogTemp:Display: Marking material as finished 0x00000273C01BCA00
[2017.04.26-06.11.08:440][705]LogTemp:Display: Finished compile of shader map 0x00000273BB379600
[2017.04.26-06.11.08:440][705]LogTemp:Display: Shader map FDebugViewModeMaterialProxy M_CobbleStone_Rough complete, GameThreadShaderMap 0x00000273BB379600, marking material FDebugViewModeMaterialProxy M_CobbleStone_Rough as finished
[2017.04.26-06.11.08:440][705]LogTemp:Display: Marking material as finished 0x00000273C0BF6800
[2017.04.26-06.11.08:476][705]LogTemp:Display: Finished compile of shader map 0x00000273B8788B80
[2017.04.26-06.11.08:476][705]LogTemp:Display: Shader map FDebugViewModeMaterialProxy M_CobbleStone_Smooth complete, GameThreadShaderMap 0x00000273B8788B80, marking material FDebugViewModeMaterialProxy M_CobbleStone_Smooth as finished
[2017.04.26-06.11.08:476][705]LogTemp:Display: Marking material as finished 0x00000273D90F3D00
[2017.04.26-06.11.08:478][705]TextureStreamingBuild:Display: Compiling optional shaders took 2.501 seconds.
[2017.04.26-06.11.08:723][705]LogLevel:Display: Export Material TexCoord Scales took 0.245 seconds.
[2017.04.26-06.11.08:753][705]TextureStreamingBuild:Display: Build Texture Streaming took 0.020 seconds.
[2017.04.26-06.11.08:806][705]LightingResults: New page: Lighting Build - Apr 25, 2017, 4:11:08 PM
[2017.04.26-06.11.09:610][705]LogSwarmInterface: [OpenConnection] Registering TCP channel ...
[2017.04.26-06.11.10:305][705]LogSwarmInterface: [OpenConnection] Connecting to agent ...
[2017.04.26-06.11.10:620][705]LogSwarmInterface: [TryOpenConnection] Testing the Agent
[2017.04.26-06.11.13:611][705]LogSwarmInterface:Error: [TryOpenConnection] Waiting for the agent to start up ...
[2017.04.26-06.11.13:680][705]LogSwarmInterface:Error: System.Net.Sockets.SocketException (0x80004005): No connection could be made because the target machine actively refused it 127.0.0.1:8008

Server stack trace: 
   at System.Net.Sockets.Socket.DoConnect(EndPoint endPointSnapshot, SocketAddress socketAddress)
   at System.Net.Sockets.Socket.Connect(EndPoint remoteEP)
   at System.Runtime.Remoting.Channels.RemoteConnection.CreateNewSocket(EndPoint ipEndPoint)
   at System.Runtime.Remoting.Channels.SocketCache.GetSocket(String machinePortAndSid, Boolean openNew)
   at System.Runtime.Remoting.Channels.Tcp.TcpClientTransportSink.SendRequestWithRetry(IMessage msg, ITransportHeaders requestHeaders, Stream requestStream)
   at System.Runtime.Remoting.Channels.Tcp.TcpClientTransportSink.AsyncProcessRequest(IClientChannelSinkStack sinkStack, IMessage msg, ITransportHeaders headers, Stream stream)
   at System.Runtime.Remoting.Channels.BinaryClientFormatterSink.AsyncProcessMessage(IMessage msg, IMessageSink replySink)

Exception rethrown at [0]: 
   at System.Runtime.Remoting.Proxies.RealProxy.HandleReturnMessage(IMessage reqMsg, IMessage retMsg)
   at System.Runtime.Remoting.Proxies.RealProxy.PrivateInvoke(MessageData& msgData, Int32 type)
   at NSwarm.IAgentInterfaceWrapper.MethodDelegate.EndInvoke(Hashtable& OutParameters, IAsyncResult result)
   at NSwarm.FSwarmInterface.TryOpenConnection(FConnectionCallback CallbackFunc, IntPtr CallbackData, ELogFlags LoggingFlags)
[2017.04.26-06.11.20:943][705]LogSwarmInterface: [TryOpenConnection] Opening Connection to Agent
[2017.04.26-06.11.20:943][705]LogSwarmInterface: [TryOpenConnection] Local Process ID is 13116
[2017.04.26-06.11.25:748][705]LogStaticLightingSystem: Running Lightmass w/ ImmediateImport mode ENABLED
[2017.04.26-06.11.25:748][705]LogStaticLightingSystem: Running Lightmass w/ ImmediateProcess mode ENABLED
[2017.04.26-06.11.25:748][705]LogStaticLightingSystem: Running Lightmass w/ Sorting mode ENABLED
[2017.04.26-06.11.25:748][705]LogStaticLightingSystem: Running Lightmass w/ Mapping paddings ENABLED
[2017.04.26-06.11.25:748][705]LogStaticLightingSystem: Running Lightmass w/ Mapping debug paddings DISABLED
[2017.04.26-06.11.27:906][705]Cmd: MAP CHECK DONTDISPLAYDIALOG
[2017.04.26-06.11.27:906][705]MapCheck: New page: FirstPersonExampleMap - Apr 25, 2017, 4:11:27 PM
[2017.04.26-06.11.28:044][705]MapCheck:Warning: Warning InstancedFoliageActor_0 Static mesh actor has NULL StaticMesh property 
[2017.04.26-06.11.28:272][705]MapCheck: Info Map check complete: 0 Error(s), 1 Warning(s), took 366.568ms to complete.
[2017.04.26-06.11.28:295][705]LogEditorBuildUtils: Build time 0:23
