Log file open, 04/27/17 10:45:16
LogInit:Display: Running engine for game: Project433
LogPlatformFile: Not using cached read wrapper
LogInit:Display: RandInit(854095958) SRandInit(854095959).
LogTaskGraph: Started task graph with 5 named threads and 8 total threads with 1 sets of task threads.
LogStats: Stats thread started at 3.605360
LogInit: Using libcurl 7.47.1
LogInit:  - built for x86_64-pc-win32
LogInit:  - supports SSL with OpenSSL/1.0.2g
LogInit:  - supports HTTP deflate (compression) using libz 1.2.8
LogInit:  - other features:
LogInit:      CURL_VERSION_SSL
LogInit:      CURL_VERSION_LIBZ
LogInit:      CURL_VERSION_IPV6
LogInit:      CURL_VERSION_ASYNCHDNS
LogInit:      CURL_VERSION_LARGEFILE
LogInit:      CURL_VERSION_IDN
LogInit:  CurlRequestOptions (configurable via config and command line):
LogInit:  - bVerifyPeer = false  - Libcurl will NOT verify peer certificate
LogInit:  - bUseHttpProxy = false  - Libcurl will NOT use HTTP proxy
LogInit:  - bDontReuseConnections = false  - Libcurl will reuse connections
LogInit:  - CertBundlePath = nullptr  - Libcurl will use whatever was configured at build time.
LogInit: Build: ++UE4+Release-4.15-CL-3348071
LogInit: Engine Version: 4.15.1-3348071+++UE4+Release-4.15
LogInit: Compatible Engine Version: 4.15.0-3299760+++UE4+Release-4.15
LogInit: Net CL: 3299760
LogDevObjectVersion: Number of dev versions registered: 14
LogDevObjectVersion:   Dev-Blueprints (B0D832E4-1F89-4F0D-ACCF-7EB736FD4AA2): 8
LogDevObjectVersion:   Dev-Build (E1C64328-A22C-4D53-A36C-8E866417BD8C): 0
LogDevObjectVersion:   Dev-Core (375EC13C-06E4-48FB-B500-84F0262A717E): 2
LogDevObjectVersion:   Dev-Editor (E4B068ED-F494-42E9-A231-DA0B2E46BB41): 14
LogDevObjectVersion:   Dev-Framework (CFFC743F-43B0-4480-9391-14DF171D2073): 22
LogDevObjectVersion:   Dev-Mobile (B02B49B5-BB20-44E9-A304-32B752E40360): 0
LogDevObjectVersion:   Dev-Networking (A4E4105C-59A1-49B5-A7C5-40C4547EDFEE): 0
LogDevObjectVersion:   Dev-Online (39C831C9-5AE6-47DC-9A44-9C173E1C8E7C): 0
LogDevObjectVersion:   Dev-Physics (78F01B33-EBEA-4F98-B9B4-84EACCB95AA2): 0
LogDevObjectVersion:   Dev-Platform (6631380F-2D4D-43E0-8009-CF276956A95A): 0
LogDevObjectVersion:   Dev-Rendering (12F88B9F-8875-4AFC-A67C-D90C383ABD29): 12
LogDevObjectVersion:   Dev-Sequencer (7B5AE74C-D270-4C10-A958-57980B212A5A): 3
LogDevObjectVersion:   Dev-VR (D7296918-1DD6-4BDD-9DE2-64A83CC13884): 0
LogDevObjectVersion:   Dev-LoadTimes (C2A15278-BFE7-4AFE-6C17-90FF531DF755): 1
LogInit: Compiled (64-bit): Mar 15 2017 16:52:47
LogInit: Compiled with Visual C++: 19.00.23026.00
LogInit: Build Configuration: Development
LogInit: Branch Name: ++UE4+Release-4.15
LogInit: Command line:  
LogInit: Base directory: C:/Program Files/Epic Games/UE_4.15/Engine/Binaries/Win64/
LogInit: Installed Engine Build: 1
LogInit: Presizing for max 8388607 objects, including 0 objects not considered by GC, pre-allocating 0 bytes for permanent pool.
LogInit: Object subsystem initialized
[2017.04.27-17.45.19:880][  0]LogInit: Selected Device Profile: [Windows]
[2017.04.27-17.45.19:881][  0]LogInit: Applying CVar settings loaded from the selected device profile: [Windows]
[2017.04.27-17.45.20:177][  0]LogInit: Computer: BEN
[2017.04.27-17.45.20:177][  0]LogInit: User: Ben
[2017.04.27-17.45.20:177][  0]LogInit: CPU Page size=65536, Cores=4
[2017.04.27-17.45.20:177][  0]LogInit: High frequency timer resolution =2.435779 MHz
[2017.04.27-17.45.20:236][  0]LogMemory: Memory total: Physical=7.9GB (8GB approx)
[2017.04.27-17.45.20:236][  0]LogMemory: Platform Memory Stats for Windows
[2017.04.27-17.45.20:236][  0]LogMemory: Process Physical Memory: 262.71 MB used, 262.71 MB peak
[2017.04.27-17.45.20:236][  0]LogMemory: Process Virtual Memory: 262.61 MB used, 262.61 MB peak
[2017.04.27-17.45.20:236][  0]LogMemory: Physical Memory: 4093.89 MB used,  3980.96 MB free, 8074.85 MB total
[2017.04.27-17.45.20:236][  0]LogMemory: Virtual Memory: 645.11 MB used,  3980.96 MB free, 134217728.00 MB total
[2017.04.27-17.45.35:363][  0]LogTextLocalizationManager: No specific translations for ('en-US') exist, so ('en') translations will be used.
[2017.04.27-17.46.02:100][  0]LogD3D11RHI: D3D11 adapters:
[2017.04.27-17.46.08:249][  0]LogD3D11RHI:    0. 'NVIDIA GeForce GTX 860M' (Feature Level 11_0)
[2017.04.27-17.46.08:249][  0]LogD3D11RHI:       2018/0/4037 MB DedicatedVideo/DedicatedSystem/SharedSystem, Outputs:1, VendorId:0x10de
[2017.04.27-17.46.08:506][  0]LogD3D11RHI:    1. 'Intel(R) HD Graphics 4600' (Feature Level 11_0)
[2017.04.27-17.46.08:506][  0]LogD3D11RHI:       112/0/2048 MB DedicatedVideo/DedicatedSystem/SharedSystem, Outputs:0, VendorId:0x8086
[2017.04.27-17.46.08:511][  0]LogD3D11RHI:    2. 'Microsoft Basic Render Driver' (Feature Level 11_0)
[2017.04.27-17.46.08:511][  0]LogD3D11RHI:       0/0/4037 MB DedicatedVideo/DedicatedSystem/SharedSystem, Outputs:0, VendorId:0x1414
[2017.04.27-17.46.08:511][  0]LogD3D11RHI: Chosen D3D11 Adapter: 0
[2017.04.27-17.46.08:632][  0]LogD3D11RHI: Creating new Direct3DDevice
[2017.04.27-17.46.08:632][  0]LogD3D11RHI:     GPU DeviceId: 0x1392 (for the marketing name, search the web for "GPU Device Id")
[2017.04.27-17.46.08:632][  0]LogWindows: EnumDisplayDevices:
[2017.04.27-17.46.08:633][  0]LogWindows:    0. 'Intel(R) HD Graphics 4600' (P:1 D:1)
[2017.04.27-17.46.08:634][  0]LogWindows:    1. 'Intel(R) HD Graphics 4600' (P:0 D:0)
[2017.04.27-17.46.08:634][  0]LogWindows:    2. 'Intel(R) HD Graphics 4600' (P:0 D:0)
[2017.04.27-17.46.08:635][  0]LogWindows: DebugString: PrimaryIsNotTheChoosenAdapter PrimaryIsNotTheChoosenAdapter PrimaryIsNotTheChoosenAdapter FoundDriverCount:0 
[2017.04.27-17.46.08:635][  0]LogD3D11RHI:     Adapter Name: NVIDIA GeForce GTX 860M
[2017.04.27-17.46.08:635][  0]LogD3D11RHI:   Driver Version: Unknown (internal:Unknown, unified:Unknown)
[2017.04.27-17.46.08:635][  0]LogD3D11RHI:      Driver Date: Unknown
[2017.04.27-17.46.08:635][  0]LogRHI: Texture pool is 1361 MB (70% of 1945 MB)
[2017.04.27-17.46.09:222][  0]LogD3D11RHI: Async texture creation enabled
[2017.04.27-17.46.10:266][  0]LogD3D11RHI: GPU Timing Frequency: 1000.000000 (Debug: 2 7)
[2017.04.27-17.46.10:518][  0]LogShaderCompilers: Guid format shader working directory is -28 characters bigger than the processId version (../../../../../../Users/Ben/Documents/Unreal Projects/CSC433TeamProject/Intermediate/Shaders/WorkingDirectory/15224/).
[2017.04.27-17.46.10:519][  0]LogShaderCompilers: Cleaned the shader compiler working directory 'C:/Users/Ben/AppData/Local/Temp/UnrealShaderWorkingDir/B43B617845D205A11CDAB8A89FCC7256/'.
[2017.04.27-17.46.10:519][  0]LogShaderCompilers:Display: Using Local Shader Compiler.
[2017.04.27-17.46.25:010][  0]LogTemp:Display: Loaded TP AllDesktopTargetPlatform
[2017.04.27-17.46.25:175][  0]LogTemp:Display: Loaded TP MacClientTargetPlatform
[2017.04.27-17.46.25:326][  0]LogTemp:Display: Loaded TP MacNoEditorTargetPlatform
[2017.04.27-17.46.25:380][  0]LogTemp:Display: Loaded TP MacServerTargetPlatform
[2017.04.27-17.46.25:468][  0]LogTemp:Display: Loaded TP MacTargetPlatform
[2017.04.27-17.46.25:550][  0]LogTemp:Display: Loaded TP WindowsClientTargetPlatform
[2017.04.27-17.46.25:669][  0]LogTemp:Display: Loaded TP WindowsNoEditorTargetPlatform
[2017.04.27-17.46.25:725][  0]LogTemp:Display: Loaded TP WindowsServerTargetPlatform
[2017.04.27-17.46.25:780][  0]LogTemp:Display: Loaded TP WindowsTargetPlatform
[2017.04.27-17.46.25:914][  0]LogTemp:Display: Loaded TP AndroidTargetPlatform
[2017.04.27-17.46.26:002][  0]LogTemp:Display: Loaded TP Android_ASTCTargetPlatform
[2017.04.27-17.46.26:056][  0]LogTemp:Display: Loaded TP Android_ATCTargetPlatform
[2017.04.27-17.46.26:109][  0]LogTemp:Display: Loaded TP Android_DXTTargetPlatform
[2017.04.27-17.46.26:165][  0]LogTemp:Display: Loaded TP Android_ETC1TargetPlatform
[2017.04.27-17.46.26:247][  0]LogTemp:Display: Loaded TP Android_ETC2TargetPlatform
[2017.04.27-17.46.26:481][  0]LogTemp:Display: Loaded TP Android_MultiTargetPlatform
[2017.04.27-17.46.26:481][  0]LogTemp:Display: Loaded TP Android_PVRTCTargetPlatform
[2017.04.27-17.46.26:580][  0]LogTemp:Display: Loaded TP HTML5TargetPlatform
[2017.04.27-17.46.26:980][  0]LogTemp:Display: Loaded TP IOSTargetPlatform
[2017.04.27-17.46.27:079][  0]LogTemp:Display: Loaded TP TVOSTargetPlatform
[2017.04.27-17.46.27:151][  0]LogTemp:Display: Loaded TP LinuxClientTargetPlatform
[2017.04.27-17.46.27:228][  0]LogTemp:Display: Loaded TP LinuxNoEditorTargetPlatform
[2017.04.27-17.46.27:281][  0]LogTemp:Display: Loaded TP LinuxServerTargetPlatform
[2017.04.27-17.46.27:339][  0]LogTemp:Display: Loaded TP LinuxTargetPlatform
[2017.04.27-17.46.27:339][  0]LogTargetPlatformManager:Display: Building Assets For Windows
[2017.04.27-17.46.30:044][  0]LogDerivedDataCache:Display: Max Cache Size: 512 MB
[2017.04.27-17.46.31:093][  0]LogDerivedDataCache: Loaded boot cache 1.05s 50MB C:/Users/Ben/AppData/Local/UnrealEngine/4.15/DerivedDataCache/Boot.ddc.
[2017.04.27-17.46.31:093][  0]LogDerivedDataCache:Display: Loaded Boot cache: C:/Users/Ben/AppData/Local/UnrealEngine/4.15/DerivedDataCache/Boot.ddc
[2017.04.27-17.46.31:093][  0]LogDerivedDataCache: FDerivedDataBackendGraph:  Pak pak cache file ../../../../../../Users/Ben/Documents/Unreal Projects/CSC433TeamProject/DerivedDataCache/DDC.ddp not found, will not use a pak cache.
[2017.04.27-17.46.31:093][  0]LogDerivedDataCache: Unable to find inner node Pak for hierarchical cache Hierarchy.
[2017.04.27-17.46.31:093][  0]LogDerivedDataCache: FDerivedDataBackendGraph:  CompressedPak pak cache file ../../../../../../Users/Ben/Documents/Unreal Projects/CSC433TeamProject/DerivedDataCache/Compressed.ddp not found, will not use a pak cache.
[2017.04.27-17.46.31:093][  0]LogDerivedDataCache: Unable to find inner node CompressedPak for hierarchical cache Hierarchy.
[2017.04.27-17.46.31:225][  0]LogDerivedDataCache:Display: Pak cache opened for reading ../../../Engine/DerivedDataCache/Compressed.ddp.
[2017.04.27-17.46.31:260][  0]LogDerivedDataCache: Using Local data cache path C:/Users/Ben/AppData/Local/UnrealEngine/Common/DerivedDataCache: Writable
[2017.04.27-17.46.31:456][  0]LogSlate: Using Freetype 2.6.0
[2017.04.27-17.46.31:778][  0]LogSlate: SlateFontCache - WITH_FREETYPE: 1, WITH_HARFBUZZ: 1
[2017.04.27-17.46.31:778][  0]LogSlate: SlateFontCache - WITH_FREETYPE: 1, WITH_HARFBUZZ: 1
[2017.04.27-17.46.52:016][  0]LogInit: Selected Device Profile: [Windows]
[2017.04.27-17.46.52:096][  0]LogContentStreaming: Texture pool size is 0.00 MB
[2017.04.27-17.46.53:925][  0]LogMeshUtilities: Using QuadricMeshReduction for automatic static mesh reduction
[2017.04.27-17.46.54:169][  0]LogSimplygon: Simplygon DLL not present - disabling.
[2017.04.27-17.46.54:377][  0]LogMeshUtilities: Using SimplygonSwarm for distributed automatic mesh merging
[2017.04.27-17.46.54:377][  0]LogMeshUtilities: No automatic skeletal mesh reduction module available
[2017.04.27-17.46.54:377][  0]LogMeshUtilities: No automatic mesh merging module available
[2017.04.27-17.47.03:496][  0]LogNetVersion: GetLocalNetworkVersion: CL: 3299760, ProjectName: project433, ProjectVersion: , EngineNetworkVersion: 2, GameNetworkVersion: 0, NetworkChecksum: 3701128711
[2017.04.27-17.47.03:795][  0]LogAssetRegistry: FAssetRegistry took 0.0432 seconds to start up
[2017.04.27-17.47.04:266][  0]LogPackageLocalizationCache: Processed 3 localized package path(s) for 2 prioritized culture(s) in 0.380804 seconds
[2017.04.27-17.47.04:283][  0]LogUObjectArray: 32493 objects as part of root set at end of initial load.
[2017.04.27-17.47.04:283][  0]LogUObjectAllocator: 7077024 out of 0 bytes used by permanent object pool.
[2017.04.27-17.47.04:283][  0]LogUObjectArray: CloseDisregardForGC: 0/0 objects in disregard for GC pool
[2017.04.27-17.47.04:531][  0]LogInit: WinSock: version 1.1 (2.2), MaxSocks=32767, MaxUdp=65467
[2017.04.27-17.47.39:726][  0]LogTcpMessaging: Initializing TcpMessaging bridge
[2017.04.27-17.47.39:856][  0]LogUdpMessaging: Initializing bridge on interface 0.0.0.0:0 to multicast group 230.0.0.1:6666.
[2017.04.27-17.47.42:433][  0]LogMaterial: Uniform references updated for custom material expression Custom.
[2017.04.27-17.47.45:503][  0]SourceControl: Info Source control is disabled
[2017.04.27-17.47.46:088][  0]SourceControl: Info Source control is disabled
[2017.04.27-17.47.46:333][  0]SourceControl: Info Source control is disabled
[2017.04.27-17.47.46:677][  0]SourceControl: Info Source control is disabled
[2017.04.27-17.47.56:283][  0]LogEngine: Initializing Engine...
[2017.04.27-17.47.56:360][  0]LogHMD: Failed to initialize OpenVR with code 110
[2017.04.27-17.48.02:892][  0]LogAIModule: Creating AISystem for world Untitled
[2017.04.27-17.48.03:650][  0]LogInit: XAudio2 using 'Speakers (Realtek High Definition Audio)' : 2 channels at 48 kHz using 32 bits per sample (channel mask 0x3)
[2017.04.27-17.48.04:563][  0]LogInit: FAudioDevice initialized.
[2017.04.27-17.48.04:646][  0]LogDerivedDataCache: Saved boot cache 0.08s 50MB C:/Users/Ben/AppData/Local/UnrealEngine/4.15/DerivedDataCache/Boot.ddc.
[2017.04.27-17.48.04:691][  0]LogInit: Texture streaming: Enabled
[2017.04.27-17.48.05:976][  0]LogEngineSessionManager: EngineSessionManager initialized
[2017.04.27-17.48.07:233][  0]LogInit: Transaction tracking system initialized
[2017.04.27-17.48.10:482][  0]BlueprintLog: New page: Editor Load
[2017.04.27-17.48.20:764][  0]LocalizationService: Info Localization service is disabled
[2017.04.27-17.48.28:579][  0]LogConsoleResponse:Display: 
[2017.04.27-17.48.32:769][  0]LogFileCache: Scanning file cache for directory 'C:/Users/Ben/Documents/Unreal Projects/CSC433TeamProject/Content/' took 0.04s
[2017.04.27-17.48.32:769][  0]LogCook:Display: Max memory allowance for cook 16384mb min free memory 0mb
[2017.04.27-17.48.32:769][  0]LogCook:Display: Mobile HDR setting 1
[2017.04.27-17.48.39:254][  0]SourceControl: Info Source control is disabled
[2017.04.27-17.48.39:290][  0]Cmd: MAP LOAD FILE="../../../../../../Users/Ben/Documents/Unreal Projects/CSC433TeamProject/Content/ThirdPersonBP/Maps/ThirdPersonExampleMap.umap" TEMPLATE=0 SHOWPROGRESS=1 FEATURELEVEL=3
[2017.04.27-17.48.39:362][  0]LightingResults: New page: Lighting Build
[2017.04.27-17.48.39:540][  0]MapCheck: New page: Map Check
[2017.04.27-17.48.39:540][  0]LightingResults: New page: Lighting Build
[2017.04.27-17.48.47:897][  0]LogAIModule: Creating AISystem for world ThirdPersonExampleMap
[2017.04.27-17.48.49:184][  0]LogEditorServer: Finished looking for orphan Actors (0.000 secs)
[2017.04.27-17.48.49:285][  0]Cmd: MAP CHECKDEP NOCLEARLOG
[2017.04.27-17.48.49:393][  0]MapCheck: Info Map check complete: 0 Error(s), 0 Warning(s), took 107.558ms to complete.
[2017.04.27-17.48.49:393][  0]LogFileHelpers: Loading map 'ThirdPersonExampleMap' took 10.107
[2017.04.27-17.48.51:981][  0]LogCollectionManager: Loaded 0 collections in 0.002823 seconds
[2017.04.27-17.48.52:281][  0]LogFileCache: Scanning file cache for directory 'C:/Users/Ben/Documents/Unreal Projects/CSC433TeamProject/Saved/Collections/' took 0.01s
[2017.04.27-17.48.52:281][  0]LogFileCache: Scanning file cache for directory 'C:/Users/Ben/Documents/Unreal Projects/CSC433TeamProject/Content/Developers/Ben/Collections/' took 0.01s
[2017.04.27-17.48.52:281][  0]LogFileCache: Scanning file cache for directory 'C:/Users/Ben/Documents/Unreal Projects/CSC433TeamProject/Content/Collections/' took 0.01s
[2017.04.27-17.48.52:281][  0]LogCollectionManager: Rebuilt the GUID cache for 0 collections in 0.000005 seconds
[2017.04.27-17.48.52:339][  0]LogContentBrowser: Native class hierarchy populated in 0.0563 seconds. Added 2245 classes and 453 folders.
[2017.04.27-17.48.52:538][  0]LogStats: UGameplayTagsManager::ConstructGameplayTagTree: Construct from data asset -  0.000 s
[2017.04.27-17.48.52:540][  0]LogStats: UGameplayTagsManager::ConstructGameplayTagTree: GameplayTagTreeChangedEvent.Broadcast -  0.000 s
[2017.04.27-17.48.52:678][  0]LogContentBrowser: Native class hierarchy updated for 'WidgetCarousel' in 0.0005 seconds. Added 0 classes and 0 folders.
[2017.04.27-17.48.54:656][  0]LogContentBrowser: Native class hierarchy updated for 'AddContentDialog' in 0.0019 seconds. Added 0 classes and 0 folders.
[2017.04.27-17.48.54:838][  0]LogContentBrowser: Native class hierarchy updated for 'SceneOutliner' in 0.0008 seconds. Added 1 classes and 2 folders.
[2017.04.27-17.48.55:746][  0]LogCrashTracker: Crashtracker disabled due to settings.
[2017.04.27-17.48.55:972][  0]LogUObjectGlobals:Warning: Failed to find object 'Class None.'
[2017.04.27-17.48.56:578][  0]LogContentBrowser: Native class hierarchy updated for 'HierarchicalLODOutliner' in 0.0021 seconds. Added 1 classes and 2 folders.
[2017.04.27-17.48.56:579][  0]LogLoad: (Engine Initialization) Total time: 238.91 seconds
[2017.04.27-17.48.56:579][  0]LogLoad: (Engine Initialization) Total Blueprint compile time: 2.54 seconds
[2017.04.27-17.48.56:579][  0]LogExternalProfiler: Found external profiler: VSPerf
[2017.04.27-17.48.56:579][  0]LogExternalProfiler: Using external profiler: VSPerf
[2017.04.27-17.48.56:932][  0]LogOcInput: OculusInput pre-init called
[2017.04.27-17.48.57:203][  0]LogContentStreaming: Texture pool size now 1000 MB
[2017.04.27-17.48.57:309][  0]LogSlate: Took 0.027315 seconds to synchronously load lazily loaded font '../../../Engine/Content/Slate/Fonts/Roboto-Regular.ttf' (155K)
[2017.04.27-17.48.57:354][  0]LogSlate: Took 0.030832 seconds to synchronously load lazily loaded font '../../../Engine/Content/Slate/Fonts/Roboto-Bold.ttf' (160K)
[2017.04.27-17.48.57:411][  0]LogSlate: Took 0.022537 seconds to synchronously load lazily loaded font '../../../Engine/Content/Editor/Slate/Fonts/FontAwesome.ttf' (139K)
[2017.04.27-17.48.58:519][  0]LogRenderer: Reallocating scene render targets to support 1208x576 NumSamples 1 (Frame:2).
[2017.04.27-17.48.59:753][  1]LogSlate: Took 0.026757 seconds to synchronously load lazily loaded font '../../../Engine/Content/Slate/Fonts/Roboto-Light.ttf' (159K)
[2017.04.27-17.49.01:658][  6]LogAssetRegistry: Asset discovery search completed in 117.8857 seconds
[2017.04.27-17.49.01:676][  6]LogCollectionManager: Rebuilt the object cache for 0 collections in 0.017355 seconds (found 0 objects)
[2017.04.27-17.49.01:676][  6]LogCollectionManager: Fixed up redirectors for 0 collections in 0.018303 seconds (updated 0 objects)
[2017.04.27-17.49.06:744][ 43]Cmd: MAP LOAD FILE="../../../../../../Users/Ben/Documents/Unreal Projects/CSC433TeamProject/Content/FirstPersonCPP/Maps/FirstPersonExampleMap.umap" TEMPLATE=0 SHOWPROGRESS=1 FEATURELEVEL=3
[2017.04.27-17.49.06:768][ 43]LogSlate: Took 0.000494 seconds to synchronously load lazily loaded font '../../../Engine/Content/Slate/Fonts/Roboto-Light.ttf' (159K)
[2017.04.27-17.49.06:818][ 43]LightingResults: New page: Lighting Build
[2017.04.27-17.49.06:825][ 43]LoadErrors: New page: Loading map: FirstPersonExampleMap.umap
[2017.04.27-17.49.06:847][ 43]MapCheck: New page: Map Check
[2017.04.27-17.49.06:847][ 43]LightingResults: New page: Lighting Build
[2017.04.27-17.49.07:780][ 43]LogSlate: Took 0.000492 seconds to synchronously load lazily loaded font '../../../Engine/Content/Slate/Fonts/Roboto-Regular.ttf' (155K)
[2017.04.27-17.49.16:416][ 43]LogStaticMesh:Warning: Rebuilding hierarchical instanced mesh component, please resave map FoliageInstancedStaticMeshComponent /Game/FirstPersonCPP/Maps/FirstPersonExampleMap.FirstPersonExampleMap:PersistentLevel.InstancedFoliageActor_0.FoliageInstancedStaticMeshComponent_0.
[2017.04.27-17.49.17:330][ 43]LogAIModule: Creating AISystem for world FirstPersonExampleMap
[2017.04.27-17.49.22:059][ 43]LogEditorServer: Finished looking for orphan Actors (0.000 secs)
[2017.04.27-17.49.22:225][ 43]Cmd: MAP CHECKDEP NOCLEARLOG
[2017.04.27-17.49.22:335][ 43]MapCheck: Info Map check complete: 0 Error(s), 0 Warning(s), took 109.395ms to complete.
[2017.04.27-17.49.22:335][ 43]LogFileHelpers: Loading map 'FirstPersonExampleMap' took 15.664
[2017.04.27-17.49.29:948][187]LogTemp: Repeting last play command: Selected Viewport
[2017.04.27-17.49.30:054][187]LogBlueprintUserMessages: Early PlayInEditor Detection: Level '/Game/FirstPersonCPP/Maps/FirstPersonExampleMap.FirstPersonExampleMap:PersistentLevel' has LevelScriptBlueprint '/Game/FirstPersonCPP/Maps/FirstPersonExampleMap.FirstPersonExampleMap:PersistentLevel.FirstPersonExampleMap' with GeneratedClass '/Game/FirstPersonCPP/Maps/FirstPersonExampleMap.FirstPersonExampleMap_C' with ClassGeneratedBy '/Game/FirstPersonCPP/Maps/FirstPersonExampleMap.FirstPersonExampleMap:PersistentLevel.FirstPersonExampleMap'
[2017.04.27-17.49.30:089][187]LogPlayLevel: PlayLevel: No blueprints needed recompiling
[2017.04.27-17.49.30:174][187]PIE: New page: PIE session: FirstPersonExampleMap (Apr 27, 2017, 3:49:30 AM)
[2017.04.27-17.49.30:213][187]LogPlayLevel: Creating play world package: /Game/FirstPersonCPP/Maps/UEDPIE_0_FirstPersonExampleMap
[2017.04.27-17.49.30:445][187]LogStaticMesh:Warning: Rebuilding hierarchical instanced mesh component, please resave map FoliageInstancedStaticMeshComponent /Game/FirstPersonCPP/Maps/UEDPIE_0_FirstPersonExampleMap.FirstPersonExampleMap:PersistentLevel.InstancedFoliageActor_0.FoliageInstancedStaticMeshComponent_0.
[2017.04.27-17.49.30:558][187]LogPlayLevel: PIE: StaticDuplicateObject took: (0.344337s)
[2017.04.27-17.49.30:559][187]LogAIModule: Creating AISystem for world FirstPersonExampleMap
[2017.04.27-17.49.30:560][187]LogPlayLevel: PIE: World Init took: (0.002191s)
[2017.04.27-17.49.30:574][187]LogPlayLevel: PIE: Created PIE world by copying editor world from /Game/FirstPersonCPP/Maps/FirstPersonExampleMap.FirstPersonExampleMap to /Game/FirstPersonCPP/Maps/UEDPIE_0_FirstPersonExampleMap.FirstPersonExampleMap (0.373869s)
[2017.04.27-17.49.30:673][187]LogInit: XAudio2 using 'Speakers (Realtek High Definition Audio)' : 2 channels at 48 kHz using 32 bits per sample (channel mask 0x3)
[2017.04.27-17.49.30:701][187]LogInit: FAudioDevice initialized.
[2017.04.27-17.49.31:219][187]LogLoad: Game class is 'ThirdPersonGameMode_C'
[2017.04.27-17.49.31:405][187]LogWorld: Bringing World /Game/FirstPersonCPP/Maps/UEDPIE_0_FirstPersonExampleMap.FirstPersonExampleMap up for play (max tick rate 60) at 2017.04.27-10.49.31
[2017.04.27-17.49.31:891][187]LogWorld: Bringing up level for play took: 0.501794
[2017.04.27-17.49.32:946][187]LogContentBrowser: Native class hierarchy updated for 'MovieSceneCapture' in 0.0022 seconds. Added 11 classes and 0 folders.
[2017.04.27-17.49.33:487][187]PIE: Info Play in editor start time for /Game/FirstPersonCPP/Maps/UEDPIE_0_FirstPersonExampleMap 3.992
[2017.04.27-17.49.33:488][187]LogBlueprintUserMessages: Late PlayInEditor Detection: Level '/Game/FirstPersonCPP/Maps/FirstPersonExampleMap.FirstPersonExampleMap:PersistentLevel' has LevelScriptBlueprint '/Game/FirstPersonCPP/Maps/FirstPersonExampleMap.FirstPersonExampleMap:PersistentLevel.FirstPersonExampleMap' with GeneratedClass '/Game/FirstPersonCPP/Maps/FirstPersonExampleMap.FirstPersonExampleMap_C' with ClassGeneratedBy '/Game/FirstPersonCPP/Maps/FirstPersonExampleMap.FirstPersonExampleMap:PersistentLevel.FirstPersonExampleMap'
[2017.04.27-17.50.18:734][498]LogBlueprintUserMessages: Early EndPlayMap Detection: Level '/Game/FirstPersonCPP/Maps/FirstPersonExampleMap.FirstPersonExampleMap:PersistentLevel' has LevelScriptBlueprint '/Game/FirstPersonCPP/Maps/FirstPersonExampleMap.FirstPersonExampleMap:PersistentLevel.FirstPersonExampleMap' with GeneratedClass '/Game/FirstPersonCPP/Maps/FirstPersonExampleMap.FirstPersonExampleMap_C' with ClassGeneratedBy '/Game/FirstPersonCPP/Maps/FirstPersonExampleMap.FirstPersonExampleMap:PersistentLevel.FirstPersonExampleMap'
[2017.04.27-17.50.18:979][498]LogBlueprintUserMessages: Late EndPlayMap Detection: Level '/Game/FirstPersonCPP/Maps/FirstPersonExampleMap.FirstPersonExampleMap:PersistentLevel' has LevelScriptBlueprint '/Game/FirstPersonCPP/Maps/FirstPersonExampleMap.FirstPersonExampleMap:PersistentLevel.FirstPersonExampleMap' with GeneratedClass '/Game/FirstPersonCPP/Maps/FirstPersonExampleMap.FirstPersonExampleMap_C' with ClassGeneratedBy '/Game/FirstPersonCPP/Maps/FirstPersonExampleMap.FirstPersonExampleMap:PersistentLevel.FirstPersonExampleMap'
[2017.04.27-17.52.22:203][148]LogContentBrowser: Native class hierarchy updated for 'BlueprintGraph' in 0.0014 seconds. Added 112 classes and 0 folders.
[2017.04.27-17.52.26:167][148]LogSlate: Took 0.034978 seconds to synchronously load lazily loaded font '../../../Engine/Content/Editor/Slate/Fonts/Roboto-BoldCondensed.ttf' (158K)
[2017.04.27-17.52.27:817][149]LogSlate: Took 0.033366 seconds to synchronously load lazily loaded font '../../../Engine/Content/Editor/Slate/Fonts/Roboto-Italic.ttf' (157K)
[2017.04.27-17.53.26:818][794]LogEditorTransaction: Undo Move Node
[2017.04.27-17.53.26:937][794]LogSlate: Took 0.000558 seconds to synchronously load lazily loaded font '../../../Engine/Content/Slate/Fonts/Roboto-Light.ttf' (159K)
[2017.04.27-17.53.28:350][808]LogEditorTransaction: Undo Add Node
[2017.04.27-17.54.26:758][439]BlueprintLog: New page: Compile Goomba
[2017.04.27-17.54.28:426][448]LogSavePackage: Save=94.25ms
[2017.04.27-17.54.28:426][448]LogSavePackage: Moving '../../../../../../Users/Ben/Documents/Unreal Projects/CSC433TeamProject/Saved/GoombaFB71A38741E2C182161398AFD802E7BD.tmp' to '../../../../../../Users/Ben/Documents/Unreal Projects/CSC433TeamProject/Content/ThirdPersonBP/Blueprints/Goomba.uasset'
[2017.04.27-17.54.28:445][448]LogSavePackage:Display: Finished SavePackage ../../../../../../Users/Ben/Documents/Unreal Projects/CSC433TeamProject/Content/ThirdPersonBP/Blueprints/Goomba.uasset
[2017.04.27-17.54.30:205][476]LogTemp: Repeting last play command: Selected Viewport
[2017.04.27-17.54.30:284][476]LogBlueprintUserMessages: Early PlayInEditor Detection: Level '/Game/FirstPersonCPP/Maps/FirstPersonExampleMap.FirstPersonExampleMap:PersistentLevel' has LevelScriptBlueprint '/Game/FirstPersonCPP/Maps/FirstPersonExampleMap.FirstPersonExampleMap:PersistentLevel.FirstPersonExampleMap' with GeneratedClass '/Game/FirstPersonCPP/Maps/FirstPersonExampleMap.FirstPersonExampleMap_C' with ClassGeneratedBy '/Game/FirstPersonCPP/Maps/FirstPersonExampleMap.FirstPersonExampleMap:PersistentLevel.FirstPersonExampleMap'
[2017.04.27-17.54.30:284][476]LogPlayLevel: PlayLevel: No blueprints needed recompiling
[2017.04.27-17.54.30:285][476]PIE: New page: PIE session: FirstPersonExampleMap (Apr 27, 2017, 3:54:30 AM)
[2017.04.27-17.54.30:285][476]LogPlayLevel: Creating play world package: /Game/FirstPersonCPP/Maps/UEDPIE_0_FirstPersonExampleMap
[2017.04.27-17.54.30:403][476]LogStaticMesh:Warning: Rebuilding hierarchical instanced mesh component, please resave map FoliageInstancedStaticMeshComponent /Game/FirstPersonCPP/Maps/UEDPIE_0_FirstPersonExampleMap.FirstPersonExampleMap:PersistentLevel.InstancedFoliageActor_0.FoliageInstancedStaticMeshComponent_0.
[2017.04.27-17.54.30:497][476]LogPlayLevel: PIE: StaticDuplicateObject took: (0.211738s)
[2017.04.27-17.54.30:500][476]LogAIModule: Creating AISystem for world FirstPersonExampleMap
[2017.04.27-17.54.30:501][476]LogPlayLevel: PIE: World Init took: (0.004028s)
[2017.04.27-17.54.30:502][476]LogPlayLevel: PIE: Created PIE world by copying editor world from /Game/FirstPersonCPP/Maps/FirstPersonExampleMap.FirstPersonExampleMap to /Game/FirstPersonCPP/Maps/UEDPIE_0_FirstPersonExampleMap.FirstPersonExampleMap (0.216767s)
[2017.04.27-17.54.30:594][476]LogInit: XAudio2 using 'Speakers (Realtek High Definition Audio)' : 2 channels at 48 kHz using 32 bits per sample (channel mask 0x3)
[2017.04.27-17.54.30:626][476]LogInit: FAudioDevice initialized.
[2017.04.27-17.54.30:672][476]LogLoad: Game class is 'ThirdPersonGameMode_C'
[2017.04.27-17.54.30:691][476]LogWorld: Bringing World /Game/FirstPersonCPP/Maps/UEDPIE_0_FirstPersonExampleMap.FirstPersonExampleMap up for play (max tick rate 60) at 2017.04.27-10.54.30
[2017.04.27-17.54.30:694][476]LogWorld: Bringing up level for play took: 0.017807
[2017.04.27-17.54.30:700][476]PIE: Info Play in editor start time for /Game/FirstPersonCPP/Maps/UEDPIE_0_FirstPersonExampleMap 1.205
[2017.04.27-17.54.30:701][476]LogBlueprintUserMessages: Late PlayInEditor Detection: Level '/Game/FirstPersonCPP/Maps/FirstPersonExampleMap.FirstPersonExampleMap:PersistentLevel' has LevelScriptBlueprint '/Game/FirstPersonCPP/Maps/FirstPersonExampleMap.FirstPersonExampleMap:PersistentLevel.FirstPersonExampleMap' with GeneratedClass '/Game/FirstPersonCPP/Maps/FirstPersonExampleMap.FirstPersonExampleMap_C' with ClassGeneratedBy '/Game/FirstPersonCPP/Maps/FirstPersonExampleMap.FirstPersonExampleMap:PersistentLevel.FirstPersonExampleMap'
[2017.04.27-17.54.56:121][241]LogBlueprintUserMessages: Early EndPlayMap Detection: Level '/Game/FirstPersonCPP/Maps/FirstPersonExampleMap.FirstPersonExampleMap:PersistentLevel' has LevelScriptBlueprint '/Game/FirstPersonCPP/Maps/FirstPersonExampleMap.FirstPersonExampleMap:PersistentLevel.FirstPersonExampleMap' with GeneratedClass '/Game/FirstPersonCPP/Maps/FirstPersonExampleMap.FirstPersonExampleMap_C' with ClassGeneratedBy '/Game/FirstPersonCPP/Maps/FirstPersonExampleMap.FirstPersonExampleMap:PersistentLevel.FirstPersonExampleMap'
[2017.04.27-17.54.56:206][241]LogBlueprintUserMessages: Late EndPlayMap Detection: Level '/Game/FirstPersonCPP/Maps/FirstPersonExampleMap.FirstPersonExampleMap:PersistentLevel' has LevelScriptBlueprint '/Game/FirstPersonCPP/Maps/FirstPersonExampleMap.FirstPersonExampleMap:PersistentLevel.FirstPersonExampleMap' with GeneratedClass '/Game/FirstPersonCPP/Maps/FirstPersonExampleMap.FirstPersonExampleMap_C' with ClassGeneratedBy '/Game/FirstPersonCPP/Maps/FirstPersonExampleMap.FirstPersonExampleMap:PersistentLevel.FirstPersonExampleMap'
[2017.04.27-17.55.01:244][332]LogEditorTransaction: Undo Create Pin Link
[2017.04.27-17.55.02:122][339]LogEditorTransaction: Undo Move Node
[2017.04.27-17.55.03:087][347]LogEditorTransaction: Undo Create Pin Link
[2017.04.27-17.55.04:052][355]LogEditorTransaction: Undo Move Node
[2017.04.27-17.55.04:965][363]LogEditorTransaction: Undo Break Pin Link
[2017.04.27-17.55.05:925][371]LogEditorTransaction: Undo Break Pin Link
[2017.04.27-17.55.25:938][648]BlueprintLog: New page: Compile Goomba
[2017.04.27-17.55.27:310][657]LogSavePackage: Save=87.67ms
[2017.04.27-17.55.27:311][657]LogSavePackage: Moving '../../../../../../Users/Ben/Documents/Unreal Projects/CSC433TeamProject/Saved/Goomba91B50F4A411C13148186008637910D5F.tmp' to '../../../../../../Users/Ben/Documents/Unreal Projects/CSC433TeamProject/Content/ThirdPersonBP/Blueprints/Goomba.uasset'
[2017.04.27-17.55.27:314][657]LogSavePackage:Display: Finished SavePackage ../../../../../../Users/Ben/Documents/Unreal Projects/CSC433TeamProject/Content/ThirdPersonBP/Blueprints/Goomba.uasset
[2017.04.27-17.55.41:811][888]LogTemp: Repeting last play command: Selected Viewport
[2017.04.27-17.55.41:857][888]LogBlueprintUserMessages: Early PlayInEditor Detection: Level '/Game/FirstPersonCPP/Maps/FirstPersonExampleMap.FirstPersonExampleMap:PersistentLevel' has LevelScriptBlueprint '/Game/FirstPersonCPP/Maps/FirstPersonExampleMap.FirstPersonExampleMap:PersistentLevel.FirstPersonExampleMap' with GeneratedClass '/Game/FirstPersonCPP/Maps/FirstPersonExampleMap.FirstPersonExampleMap_C' with ClassGeneratedBy '/Game/FirstPersonCPP/Maps/FirstPersonExampleMap.FirstPersonExampleMap:PersistentLevel.FirstPersonExampleMap'
[2017.04.27-17.55.41:858][888]LogPlayLevel: PlayLevel: No blueprints needed recompiling
[2017.04.27-17.55.41:858][888]PIE: New page: PIE session: FirstPersonExampleMap (Apr 27, 2017, 3:55:41 AM)
[2017.04.27-17.55.41:858][888]LogPlayLevel: Creating play world package: /Game/FirstPersonCPP/Maps/UEDPIE_0_FirstPersonExampleMap
[2017.04.27-17.55.41:934][888]LogStaticMesh:Warning: Rebuilding hierarchical instanced mesh component, please resave map FoliageInstancedStaticMeshComponent /Game/FirstPersonCPP/Maps/UEDPIE_0_FirstPersonExampleMap.FirstPersonExampleMap:PersistentLevel.InstancedFoliageActor_0.FoliageInstancedStaticMeshComponent_0.
[2017.04.27-17.55.41:950][888]LogPlayLevel: PIE: StaticDuplicateObject took: (0.091643s)
[2017.04.27-17.55.41:951][888]LogAIModule: Creating AISystem for world FirstPersonExampleMap
[2017.04.27-17.55.41:951][888]LogPlayLevel: PIE: World Init took: (0.001599s)
[2017.04.27-17.55.41:951][888]LogPlayLevel: PIE: Created PIE world by copying editor world from /Game/FirstPersonCPP/Maps/FirstPersonExampleMap.FirstPersonExampleMap to /Game/FirstPersonCPP/Maps/UEDPIE_0_FirstPersonExampleMap.FirstPersonExampleMap (0.093678s)
[2017.04.27-17.55.42:001][888]LogInit: XAudio2 using 'Speakers (Realtek High Definition Audio)' : 2 channels at 48 kHz using 32 bits per sample (channel mask 0x3)
[2017.04.27-17.55.42:017][888]LogInit: FAudioDevice initialized.
[2017.04.27-17.55.42:059][888]LogLoad: Game class is 'ThirdPersonGameMode_C'
[2017.04.27-17.55.42:078][888]LogWorld: Bringing World /Game/FirstPersonCPP/Maps/UEDPIE_0_FirstPersonExampleMap.FirstPersonExampleMap up for play (max tick rate 60) at 2017.04.27-10.55.42
[2017.04.27-17.55.42:080][888]LogWorld: Bringing up level for play took: 0.017172
[2017.04.27-17.55.42:101][888]PIE: Info Play in editor start time for /Game/FirstPersonCPP/Maps/UEDPIE_0_FirstPersonExampleMap 0.606
[2017.04.27-17.55.42:102][888]LogBlueprintUserMessages: Late PlayInEditor Detection: Level '/Game/FirstPersonCPP/Maps/FirstPersonExampleMap.FirstPersonExampleMap:PersistentLevel' has LevelScriptBlueprint '/Game/FirstPersonCPP/Maps/FirstPersonExampleMap.FirstPersonExampleMap:PersistentLevel.FirstPersonExampleMap' with GeneratedClass '/Game/FirstPersonCPP/Maps/FirstPersonExampleMap.FirstPersonExampleMap_C' with ClassGeneratedBy '/Game/FirstPersonCPP/Maps/FirstPersonExampleMap.FirstPersonExampleMap:PersistentLevel.FirstPersonExampleMap'
[2017.04.27-17.56.20:140][ 32]LogBlueprintUserMessages: Early EndPlayMap Detection: Level '/Game/FirstPersonCPP/Maps/FirstPersonExampleMap.FirstPersonExampleMap:PersistentLevel' has LevelScriptBlueprint '/Game/FirstPersonCPP/Maps/FirstPersonExampleMap.FirstPersonExampleMap:PersistentLevel.FirstPersonExampleMap' with GeneratedClass '/Game/FirstPersonCPP/Maps/FirstPersonExampleMap.FirstPersonExampleMap_C' with ClassGeneratedBy '/Game/FirstPersonCPP/Maps/FirstPersonExampleMap.FirstPersonExampleMap:PersistentLevel.FirstPersonExampleMap'
[2017.04.27-17.56.20:217][ 32]LogBlueprintUserMessages: Late EndPlayMap Detection: Level '/Game/FirstPersonCPP/Maps/FirstPersonExampleMap.FirstPersonExampleMap:PersistentLevel' has LevelScriptBlueprint '/Game/FirstPersonCPP/Maps/FirstPersonExampleMap.FirstPersonExampleMap:PersistentLevel.FirstPersonExampleMap' with GeneratedClass '/Game/FirstPersonCPP/Maps/FirstPersonExampleMap.FirstPersonExampleMap_C' with ClassGeneratedBy '/Game/FirstPersonCPP/Maps/FirstPersonExampleMap.FirstPersonExampleMap:PersistentLevel.FirstPersonExampleMap'
[2017.04.27-17.56.22:982][105]LogTemp: Repeting last play command: Selected Viewport
[2017.04.27-17.56.23:036][105]LogBlueprintUserMessages: Early PlayInEditor Detection: Level '/Game/FirstPersonCPP/Maps/FirstPersonExampleMap.FirstPersonExampleMap:PersistentLevel' has LevelScriptBlueprint '/Game/FirstPersonCPP/Maps/FirstPersonExampleMap.FirstPersonExampleMap:PersistentLevel.FirstPersonExampleMap' with GeneratedClass '/Game/FirstPersonCPP/Maps/FirstPersonExampleMap.FirstPersonExampleMap_C' with ClassGeneratedBy '/Game/FirstPersonCPP/Maps/FirstPersonExampleMap.FirstPersonExampleMap:PersistentLevel.FirstPersonExampleMap'
[2017.04.27-17.56.23:036][105]LogPlayLevel: PlayLevel: No blueprints needed recompiling
[2017.04.27-17.56.23:036][105]PIE: New page: PIE session: FirstPersonExampleMap (Apr 27, 2017, 3:56:23 AM)
[2017.04.27-17.56.23:036][105]LogPlayLevel: Creating play world package: /Game/FirstPersonCPP/Maps/UEDPIE_0_FirstPersonExampleMap
[2017.04.27-17.56.23:102][105]LogStaticMesh:Warning: Rebuilding hierarchical instanced mesh component, please resave map FoliageInstancedStaticMeshComponent /Game/FirstPersonCPP/Maps/UEDPIE_0_FirstPersonExampleMap.FirstPersonExampleMap:PersistentLevel.InstancedFoliageActor_0.FoliageInstancedStaticMeshComponent_0.
[2017.04.27-17.56.23:115][105]LogPlayLevel: PIE: StaticDuplicateObject took: (0.078770s)
[2017.04.27-17.56.23:116][105]LogAIModule: Creating AISystem for world FirstPersonExampleMap
[2017.04.27-17.56.23:116][105]LogPlayLevel: PIE: World Init took: (0.001089s)
[2017.04.27-17.56.23:117][105]LogPlayLevel: PIE: Created PIE world by copying editor world from /Game/FirstPersonCPP/Maps/FirstPersonExampleMap.FirstPersonExampleMap to /Game/FirstPersonCPP/Maps/UEDPIE_0_FirstPersonExampleMap.FirstPersonExampleMap (0.080284s)
[2017.04.27-17.56.23:158][105]LogInit: XAudio2 using 'Speakers (Realtek High Definition Audio)' : 2 channels at 48 kHz using 32 bits per sample (channel mask 0x3)
[2017.04.27-17.56.23:172][105]LogInit: FAudioDevice initialized.
[2017.04.27-17.56.23:211][105]LogLoad: Game class is 'ThirdPersonGameMode_C'
[2017.04.27-17.56.23:230][105]LogWorld: Bringing World /Game/FirstPersonCPP/Maps/UEDPIE_0_FirstPersonExampleMap.FirstPersonExampleMap up for play (max tick rate 60) at 2017.04.27-10.56.23
[2017.04.27-17.56.23:232][105]LogWorld: Bringing up level for play took: 0.017865
[2017.04.27-17.56.23:241][105]PIE: Info Play in editor start time for /Game/FirstPersonCPP/Maps/UEDPIE_0_FirstPersonExampleMap -0.254
[2017.04.27-17.56.23:242][105]LogBlueprintUserMessages: Late PlayInEditor Detection: Level '/Game/FirstPersonCPP/Maps/FirstPersonExampleMap.FirstPersonExampleMap:PersistentLevel' has LevelScriptBlueprint '/Game/FirstPersonCPP/Maps/FirstPersonExampleMap.FirstPersonExampleMap:PersistentLevel.FirstPersonExampleMap' with GeneratedClass '/Game/FirstPersonCPP/Maps/FirstPersonExampleMap.FirstPersonExampleMap_C' with ClassGeneratedBy '/Game/FirstPersonCPP/Maps/FirstPersonExampleMap.FirstPersonExampleMap:PersistentLevel.FirstPersonExampleMap'
[2017.04.27-17.59.12:686][234]LogBlueprintUserMessages: Early EndPlayMap Detection: Level '/Game/FirstPersonCPP/Maps/FirstPersonExampleMap.FirstPersonExampleMap:PersistentLevel' has LevelScriptBlueprint '/Game/FirstPersonCPP/Maps/FirstPersonExampleMap.FirstPersonExampleMap:PersistentLevel.FirstPersonExampleMap' with GeneratedClass '/Game/FirstPersonCPP/Maps/FirstPersonExampleMap.FirstPersonExampleMap_C' with ClassGeneratedBy '/Game/FirstPersonCPP/Maps/FirstPersonExampleMap.FirstPersonExampleMap:PersistentLevel.FirstPersonExampleMap'
[2017.04.27-17.59.12:763][234]LogBlueprintUserMessages: Late EndPlayMap Detection: Level '/Game/FirstPersonCPP/Maps/FirstPersonExampleMap.FirstPersonExampleMap:PersistentLevel' has LevelScriptBlueprint '/Game/FirstPersonCPP/Maps/FirstPersonExampleMap.FirstPersonExampleMap:PersistentLevel.FirstPersonExampleMap' with GeneratedClass '/Game/FirstPersonCPP/Maps/FirstPersonExampleMap.FirstPersonExampleMap_C' with ClassGeneratedBy '/Game/FirstPersonCPP/Maps/FirstPersonExampleMap.FirstPersonExampleMap:PersistentLevel.FirstPersonExampleMap'
[2017.04.27-18.14.56:506][ 97]LogFactory: FactoryCreateFile: FileMediaSource with WmfFileMediaSourceFactory (0 0 ../../../../../../Users/Ben/Desktop/Super Mario 64/05. Super Mario 64 Main Theme.mp3)
[2017.04.27-18.15.12:890][290]LogSavePackage: Save=5.99ms
[2017.04.27-18.15.12:890][290]LogSavePackage: Moving '../../../../../../Users/Ben/Documents/Unreal Projects/CSC433TeamProject/Saved/05__Super_Mario_64_Main_Theme4FEBF1AD406057E7A855B79B1C58DA97.tmp' to '../../../../../../Users/Ben/Documents/Unreal Projects/CSC433TeamProject/Content/FirstPersonCPP/Blueprints/05__Super_Mario_64_Main_Theme.uasset'
[2017.04.27-18.15.12:918][290]LogSavePackage:Display: Finished SavePackage ../../../../../../Users/Ben/Documents/Unreal Projects/CSC433TeamProject/Content/FirstPersonCPP/Blueprints/05__Super_Mario_64_Main_Theme.uasset
[2017.04.27-18.23.39:115][428]LogFactory: FactoryCreateFile: SoundWave with ReimportSoundFactory (0 0 ../../../../../../Users/Ben/Desktop/College/Junior/Spring 17/CSc 433/Team Project/05-super-mario-64-main-theme.wav)
[2017.04.27-18.23.39:343][428]LogAudioDerivedData:Display: Building compressed audio format OGG wave 05-super-mario-64-main-theme...
[2017.04.27-18.23.42:227][428]LogAudioDerivedData:Warning: Updated SoundWave->RawPCMDataSize during cooking SoundWave /Game/FirstPersonCPP/Blueprints/05-super-mario-64-main-theme.05-super-mario-64-main-theme.
[2017.04.27-18.23.45:691][475]LogFileHelpers: Editor autosave (incl. sublevels) for '/Game/FirstPersonCPP/Maps/FirstPersonExampleMap' took 0.056
[2017.04.27-18.23.45:718][475]OBJ SavePackage: Generating thumbnails for [1] asset(s) in package [/Game/FirstPersonCPP/Blueprints/05-super-mario-64-main-theme] ([1] browsable assets)...
[2017.04.27-18.23.45:791][475]OBJ SavePackage:     Rendered thumbnail for [SoundWave /Game/FirstPersonCPP/Blueprints/05-super-mario-64-main-theme.05-super-mario-64-main-theme]
[2017.04.27-18.23.45:791][475]OBJ SavePackage: Finished generating thumbnails for package [/Game/FirstPersonCPP/Blueprints/05-super-mario-64-main-theme]
[2017.04.27-18.23.45:821][475]LogSavePackage: Save=26.89ms
[2017.04.27-18.23.45:821][475]LogSavePackage: Moving '../../../../../../Users/Ben/Documents/Unreal Projects/CSC433TeamProject/Saved/05-super-mario-64-main-theme_Auto16A6C9147462ED2183A67E797037332C4.tmp' to '../../../../../../Users/Ben/Documents/Unreal Projects/CSC433TeamProject/Saved/Autosaves/Game/FirstPersonCPP/Blueprints/05-super-mario-64-main-theme_Auto1.uasset'
[2017.04.27-18.23.45:927][475]LogSavePackage:Display: Finished SavePackage ../../../../../../Users/Ben/Documents/Unreal Projects/CSC433TeamProject/Saved/Autosaves/Game/FirstPersonCPP/Blueprints/05-super-mario-64-main-theme_Auto1.uasset
[2017.04.27-18.23.45:927][475]LogFileHelpers: Auto-saving content packages took 0.234
[2017.04.27-18.23.54:887][648]LogSavePackage: Save=38.00ms
[2017.04.27-18.23.54:887][648]LogSavePackage: Moving '../../../../../../Users/Ben/Documents/Unreal Projects/CSC433TeamProject/Saved/05-super-mario-64-main-theme6EB5A9EB40F95803AC49B2B03C05D758.tmp' to '../../../../../../Users/Ben/Documents/Unreal Projects/CSC433TeamProject/Content/FirstPersonCPP/Blueprints/05-super-mario-64-main-theme.uasset'
[2017.04.27-18.23.54:892][648]LogSavePackage:Display: Finished SavePackage ../../../../../../Users/Ben/Documents/Unreal Projects/CSC433TeamProject/Content/FirstPersonCPP/Blueprints/05-super-mario-64-main-theme.uasset
[2017.04.27-18.26.49:474][270]LogTemp: Repeting last play command: Selected Viewport
[2017.04.27-18.26.49:550][270]LogBlueprintUserMessages: Early PlayInEditor Detection: Level '/Game/FirstPersonCPP/Maps/FirstPersonExampleMap.FirstPersonExampleMap:PersistentLevel' has LevelScriptBlueprint '/Game/FirstPersonCPP/Maps/FirstPersonExampleMap.FirstPersonExampleMap:PersistentLevel.FirstPersonExampleMap' with GeneratedClass '/Game/FirstPersonCPP/Maps/FirstPersonExampleMap.FirstPersonExampleMap_C' with ClassGeneratedBy '/Game/FirstPersonCPP/Maps/FirstPersonExampleMap.FirstPersonExampleMap:PersistentLevel.FirstPersonExampleMap'
[2017.04.27-18.26.49:550][270]LogPlayLevel: PlayLevel: No blueprints needed recompiling
[2017.04.27-18.26.49:550][270]PIE: New page: PIE session: FirstPersonExampleMap (Apr 27, 2017, 4:26:49 AM)
[2017.04.27-18.26.49:551][270]LogPlayLevel: Creating play world package: /Game/FirstPersonCPP/Maps/UEDPIE_0_FirstPersonExampleMap
[2017.04.27-18.26.49:703][270]LogStaticMesh:Warning: Rebuilding hierarchical instanced mesh component, please resave map FoliageInstancedStaticMeshComponent /Game/FirstPersonCPP/Maps/UEDPIE_0_FirstPersonExampleMap.FirstPersonExampleMap:PersistentLevel.InstancedFoliageActor_0.FoliageInstancedStaticMeshComponent_0.
[2017.04.27-18.26.49:819][270]LogPlayLevel: PIE: StaticDuplicateObject took: (0.267920s)
[2017.04.27-18.26.49:821][270]LogAIModule: Creating AISystem for world FirstPersonExampleMap
[2017.04.27-18.26.49:822][270]LogPlayLevel: PIE: World Init took: (0.002735s)
[2017.04.27-18.26.49:822][270]LogPlayLevel: PIE: Created PIE world by copying editor world from /Game/FirstPersonCPP/Maps/FirstPersonExampleMap.FirstPersonExampleMap to /Game/FirstPersonCPP/Maps/UEDPIE_0_FirstPersonExampleMap.FirstPersonExampleMap (0.271673s)
[2017.04.27-18.26.49:863][270]LogInit: XAudio2 using 'Speakers (Realtek High Definition Audio)' : 2 channels at 48 kHz using 32 bits per sample (channel mask 0x3)
[2017.04.27-18.26.49:891][270]LogInit: FAudioDevice initialized.
[2017.04.27-18.26.49:934][270]LogLoad: Game class is 'ThirdPersonGameMode_C'
[2017.04.27-18.26.49:953][270]LogWorld: Bringing World /Game/FirstPersonCPP/Maps/UEDPIE_0_FirstPersonExampleMap.FirstPersonExampleMap up for play (max tick rate 0) at 2017.04.27-11.26.49
[2017.04.27-18.26.49:956][270]LogWorld: Bringing up level for play took: 0.017927
[2017.04.27-18.26.49:965][270]PIE: Info Play in editor start time for /Game/FirstPersonCPP/Maps/UEDPIE_0_FirstPersonExampleMap 0.47
[2017.04.27-18.26.49:966][270]LogBlueprintUserMessages: Late PlayInEditor Detection: Level '/Game/FirstPersonCPP/Maps/FirstPersonExampleMap.FirstPersonExampleMap:PersistentLevel' has LevelScriptBlueprint '/Game/FirstPersonCPP/Maps/FirstPersonExampleMap.FirstPersonExampleMap:PersistentLevel.FirstPersonExampleMap' with GeneratedClass '/Game/FirstPersonCPP/Maps/FirstPersonExampleMap.FirstPersonExampleMap_C' with ClassGeneratedBy '/Game/FirstPersonCPP/Maps/FirstPersonExampleMap.FirstPersonExampleMap:PersistentLevel.FirstPersonExampleMap'
[2017.04.27-18.26.57:674][495]LogBlueprintUserMessages: Early EndPlayMap Detection: Level '/Game/FirstPersonCPP/Maps/FirstPersonExampleMap.FirstPersonExampleMap:PersistentLevel' has LevelScriptBlueprint '/Game/FirstPersonCPP/Maps/FirstPersonExampleMap.FirstPersonExampleMap:PersistentLevel.FirstPersonExampleMap' with GeneratedClass '/Game/FirstPersonCPP/Maps/FirstPersonExampleMap.FirstPersonExampleMap_C' with ClassGeneratedBy '/Game/FirstPersonCPP/Maps/FirstPersonExampleMap.FirstPersonExampleMap:PersistentLevel.FirstPersonExampleMap'
[2017.04.27-18.26.57:739][495]LogBlueprintUserMessages: Late EndPlayMap Detection: Level '/Game/FirstPersonCPP/Maps/FirstPersonExampleMap.FirstPersonExampleMap:PersistentLevel' has LevelScriptBlueprint '/Game/FirstPersonCPP/Maps/FirstPersonExampleMap.FirstPersonExampleMap:PersistentLevel.FirstPersonExampleMap' with GeneratedClass '/Game/FirstPersonCPP/Maps/FirstPersonExampleMap.FirstPersonExampleMap_C' with ClassGeneratedBy '/Game/FirstPersonCPP/Maps/FirstPersonExampleMap.FirstPersonExampleMap:PersistentLevel.FirstPersonExampleMap'
[2017.04.27-18.29.18:039][815]LogSavePackage: Save=17.94ms
[2017.04.27-18.29.18:039][815]LogSavePackage: Moving '../../../../../../Users/Ben/Documents/Unreal Projects/CSC433TeamProject/Saved/musicFBE568C94E611BAD56F81CADBD011E0F.tmp' to '../../../../../../Users/Ben/Documents/Unreal Projects/CSC433TeamProject/Content/FirstPersonCPP/Blueprints/music.uasset'
[2017.04.27-18.29.18:050][815]LogSavePackage:Display: Finished SavePackage ../../../../../../Users/Ben/Documents/Unreal Projects/CSC433TeamProject/Content/FirstPersonCPP/Blueprints/music.uasset
[2017.04.27-18.29.36:171][228]LogTemp: Repeting last play command: Selected Viewport
[2017.04.27-18.29.36:218][228]LogBlueprintUserMessages: Early PlayInEditor Detection: Level '/Game/FirstPersonCPP/Maps/FirstPersonExampleMap.FirstPersonExampleMap:PersistentLevel' has LevelScriptBlueprint '/Game/FirstPersonCPP/Maps/FirstPersonExampleMap.FirstPersonExampleMap:PersistentLevel.FirstPersonExampleMap' with GeneratedClass '/Game/FirstPersonCPP/Maps/FirstPersonExampleMap.FirstPersonExampleMap_C' with ClassGeneratedBy '/Game/FirstPersonCPP/Maps/FirstPersonExampleMap.FirstPersonExampleMap:PersistentLevel.FirstPersonExampleMap'
[2017.04.27-18.29.36:219][228]LogPlayLevel: PlayLevel: No blueprints needed recompiling
[2017.04.27-18.29.36:219][228]PIE: New page: PIE session: FirstPersonExampleMap (Apr 27, 2017, 4:29:36 AM)
[2017.04.27-18.29.36:219][228]LogPlayLevel: Creating play world package: /Game/FirstPersonCPP/Maps/UEDPIE_0_FirstPersonExampleMap
[2017.04.27-18.29.36:307][228]LogStaticMesh:Warning: Rebuilding hierarchical instanced mesh component, please resave map FoliageInstancedStaticMeshComponent /Game/FirstPersonCPP/Maps/UEDPIE_0_FirstPersonExampleMap.FirstPersonExampleMap:PersistentLevel.InstancedFoliageActor_0.FoliageInstancedStaticMeshComponent_0.
[2017.04.27-18.29.36:333][228]LogPlayLevel: PIE: StaticDuplicateObject took: (0.113253s)
[2017.04.27-18.29.36:335][228]LogAIModule: Creating AISystem for world FirstPersonExampleMap
[2017.04.27-18.29.36:336][228]LogPlayLevel: PIE: World Init took: (0.003023s)
[2017.04.27-18.29.36:336][228]LogPlayLevel: PIE: Created PIE world by copying editor world from /Game/FirstPersonCPP/Maps/FirstPersonExampleMap.FirstPersonExampleMap to /Game/FirstPersonCPP/Maps/UEDPIE_0_FirstPersonExampleMap.FirstPersonExampleMap (0.116912s)
[2017.04.27-18.29.36:431][228]LogInit: XAudio2 using 'Speakers (Realtek High Definition Audio)' : 2 channels at 48 kHz using 32 bits per sample (channel mask 0x3)
[2017.04.27-18.29.36:458][228]LogInit: FAudioDevice initialized.
[2017.04.27-18.29.36:505][228]LogLoad: Game class is 'ThirdPersonGameMode_C'
[2017.04.27-18.29.36:525][228]LogWorld: Bringing World /Game/FirstPersonCPP/Maps/UEDPIE_0_FirstPersonExampleMap.FirstPersonExampleMap up for play (max tick rate 0) at 2017.04.27-11.29.36
[2017.04.27-18.29.36:528][228]LogWorld: Bringing up level for play took: 0.018592
[2017.04.27-18.29.36:537][228]PIE: Info Play in editor start time for /Game/FirstPersonCPP/Maps/UEDPIE_0_FirstPersonExampleMap 1.042
[2017.04.27-18.29.36:537][228]LogBlueprintUserMessages: Late PlayInEditor Detection: Level '/Game/FirstPersonCPP/Maps/FirstPersonExampleMap.FirstPersonExampleMap:PersistentLevel' has LevelScriptBlueprint '/Game/FirstPersonCPP/Maps/FirstPersonExampleMap.FirstPersonExampleMap:PersistentLevel.FirstPersonExampleMap' with GeneratedClass '/Game/FirstPersonCPP/Maps/FirstPersonExampleMap.FirstPersonExampleMap_C' with ClassGeneratedBy '/Game/FirstPersonCPP/Maps/FirstPersonExampleMap.FirstPersonExampleMap:PersistentLevel.FirstPersonExampleMap'
[2017.04.27-18.31.19:698][349]LogBlueprintUserMessages: Early EndPlayMap Detection: Level '/Game/FirstPersonCPP/Maps/FirstPersonExampleMap.FirstPersonExampleMap:PersistentLevel' has LevelScriptBlueprint '/Game/FirstPersonCPP/Maps/FirstPersonExampleMap.FirstPersonExampleMap:PersistentLevel.FirstPersonExampleMap' with GeneratedClass '/Game/FirstPersonCPP/Maps/FirstPersonExampleMap.FirstPersonExampleMap_C' with ClassGeneratedBy '/Game/FirstPersonCPP/Maps/FirstPersonExampleMap.FirstPersonExampleMap:PersistentLevel.FirstPersonExampleMap'
[2017.04.27-18.31.19:852][349]LogBlueprintUserMessages: Late EndPlayMap Detection: Level '/Game/FirstPersonCPP/Maps/FirstPersonExampleMap.FirstPersonExampleMap:PersistentLevel' has LevelScriptBlueprint '/Game/FirstPersonCPP/Maps/FirstPersonExampleMap.FirstPersonExampleMap:PersistentLevel.FirstPersonExampleMap' with GeneratedClass '/Game/FirstPersonCPP/Maps/FirstPersonExampleMap.FirstPersonExampleMap_C' with ClassGeneratedBy '/Game/FirstPersonCPP/Maps/FirstPersonExampleMap.FirstPersonExampleMap:PersistentLevel.FirstPersonExampleMap'
[2017.04.27-18.31.58:717][826]LogEditorTransaction: Undo Create Actors
[2017.04.27-18.32.01:438][850]LogEditorTransaction: Undo Edit Looping
[2017.04.27-18.32.05:027][887]LogEditorTransaction: Redo Edit Looping
[2017.04.27-18.32.05:930][897]LogEditorTransaction: Redo Create Actors
[2017.04.27-18.32.12:232][961]BlueprintLog: New page: Compile starbp
[2017.04.27-18.32.13:495][968]LogSavePackage: Save=89.44ms
[2017.04.27-18.32.13:495][968]LogSavePackage: Moving '../../../../../../Users/Ben/Documents/Unreal Projects/CSC433TeamProject/Saved/starbp392AA1D845843816D851158C0B778EEA.tmp' to '../../../../../../Users/Ben/Documents/Unreal Projects/CSC433TeamProject/Content/FirstPersonCPP/Blueprints/starbp.uasset'
[2017.04.27-18.32.13:501][968]LogSavePackage:Display: Finished SavePackage ../../../../../../Users/Ben/Documents/Unreal Projects/CSC433TeamProject/Content/FirstPersonCPP/Blueprints/starbp.uasset
[2017.04.27-18.32.15:936][ 14]LogTemp: Repeting last play command: Selected Viewport
[2017.04.27-18.32.15:986][ 14]LogBlueprintUserMessages: Early PlayInEditor Detection: Level '/Game/FirstPersonCPP/Maps/FirstPersonExampleMap.FirstPersonExampleMap:PersistentLevel' has LevelScriptBlueprint '/Game/FirstPersonCPP/Maps/FirstPersonExampleMap.FirstPersonExampleMap:PersistentLevel.FirstPersonExampleMap' with GeneratedClass '/Game/FirstPersonCPP/Maps/FirstPersonExampleMap.FirstPersonExampleMap_C' with ClassGeneratedBy '/Game/FirstPersonCPP/Maps/FirstPersonExampleMap.FirstPersonExampleMap:PersistentLevel.FirstPersonExampleMap'
[2017.04.27-18.32.15:986][ 14]LogPlayLevel: PlayLevel: No blueprints needed recompiling
[2017.04.27-18.32.15:986][ 14]PIE: New page: PIE session: FirstPersonExampleMap (Apr 27, 2017, 4:32:15 AM)
[2017.04.27-18.32.15:987][ 14]LogPlayLevel: Creating play world package: /Game/FirstPersonCPP/Maps/UEDPIE_0_FirstPersonExampleMap
[2017.04.27-18.32.16:055][ 14]LogStaticMesh:Warning: Rebuilding hierarchical instanced mesh component, please resave map FoliageInstancedStaticMeshComponent /Game/FirstPersonCPP/Maps/UEDPIE_0_FirstPersonExampleMap.FirstPersonExampleMap:PersistentLevel.InstancedFoliageActor_0.FoliageInstancedStaticMeshComponent_0.
[2017.04.27-18.32.16:067][ 14]LogPlayLevel: PIE: StaticDuplicateObject took: (0.080812s)
[2017.04.27-18.32.16:069][ 14]LogAIModule: Creating AISystem for world FirstPersonExampleMap
[2017.04.27-18.32.16:069][ 14]LogPlayLevel: PIE: World Init took: (0.001608s)
[2017.04.27-18.32.16:069][ 14]LogPlayLevel: PIE: Created PIE world by copying editor world from /Game/FirstPersonCPP/Maps/FirstPersonExampleMap.FirstPersonExampleMap to /Game/FirstPersonCPP/Maps/UEDPIE_0_FirstPersonExampleMap.FirstPersonExampleMap (0.082897s)
[2017.04.27-18.32.16:097][ 14]LogInit: XAudio2 using 'Speakers (Realtek High Definition Audio)' : 2 channels at 48 kHz using 32 bits per sample (channel mask 0x3)
[2017.04.27-18.32.16:105][ 14]LogInit: FAudioDevice initialized.
[2017.04.27-18.32.16:143][ 14]LogLoad: Game class is 'ThirdPersonGameMode_C'
[2017.04.27-18.32.16:159][ 14]LogWorld: Bringing World /Game/FirstPersonCPP/Maps/UEDPIE_0_FirstPersonExampleMap.FirstPersonExampleMap up for play (max tick rate 0) at 2017.04.27-11.32.16
[2017.04.27-18.32.16:161][ 14]LogWorld: Bringing up level for play took: 0.014904
[2017.04.27-18.32.16:168][ 14]PIE: Info Play in editor start time for /Game/FirstPersonCPP/Maps/UEDPIE_0_FirstPersonExampleMap 0.673
[2017.04.27-18.32.16:169][ 14]LogBlueprintUserMessages: Late PlayInEditor Detection: Level '/Game/FirstPersonCPP/Maps/FirstPersonExampleMap.FirstPersonExampleMap:PersistentLevel' has LevelScriptBlueprint '/Game/FirstPersonCPP/Maps/FirstPersonExampleMap.FirstPersonExampleMap:PersistentLevel.FirstPersonExampleMap' with GeneratedClass '/Game/FirstPersonCPP/Maps/FirstPersonExampleMap.FirstPersonExampleMap_C' with ClassGeneratedBy '/Game/FirstPersonCPP/Maps/FirstPersonExampleMap.FirstPersonExampleMap:PersistentLevel.FirstPersonExampleMap'
[2017.04.27-18.32.58:716][303]LogBlueprintUserMessages: Early EndPlayMap Detection: Level '/Game/FirstPersonCPP/Maps/FirstPersonExampleMap.FirstPersonExampleMap:PersistentLevel' has LevelScriptBlueprint '/Game/FirstPersonCPP/Maps/FirstPersonExampleMap.FirstPersonExampleMap:PersistentLevel.FirstPersonExampleMap' with GeneratedClass '/Game/FirstPersonCPP/Maps/FirstPersonExampleMap.FirstPersonExampleMap_C' with ClassGeneratedBy '/Game/FirstPersonCPP/Maps/FirstPersonExampleMap.FirstPersonExampleMap:PersistentLevel.FirstPersonExampleMap'
[2017.04.27-18.32.58:870][303]LogBlueprintUserMessages: Late EndPlayMap Detection: Level '/Game/FirstPersonCPP/Maps/FirstPersonExampleMap.FirstPersonExampleMap:PersistentLevel' has LevelScriptBlueprint '/Game/FirstPersonCPP/Maps/FirstPersonExampleMap.FirstPersonExampleMap:PersistentLevel.FirstPersonExampleMap' with GeneratedClass '/Game/FirstPersonCPP/Maps/FirstPersonExampleMap.FirstPersonExampleMap_C' with ClassGeneratedBy '/Game/FirstPersonCPP/Maps/FirstPersonExampleMap.FirstPersonExampleMap:PersistentLevel.FirstPersonExampleMap'
[2017.04.27-18.34.13:547][701]LogSavePackage: Save=16.17ms
[2017.04.27-18.34.13:547][701]LogSavePackage: Moving '../../../../../../Users/Ben/Documents/Unreal Projects/CSC433TeamProject/Saved/musicE54CB13F4FC8E08D74A5D3A0A6496B44.tmp' to '../../../../../../Users/Ben/Documents/Unreal Projects/CSC433TeamProject/Content/FirstPersonCPP/Blueprints/music.uasset'
[2017.04.27-18.34.13:555][701]LogSavePackage:Display: Finished SavePackage ../../../../../../Users/Ben/Documents/Unreal Projects/CSC433TeamProject/Content/FirstPersonCPP/Blueprints/music.uasset
[2017.04.27-18.35.37:747][262]LogTemp: Repeting last play command: Selected Viewport
[2017.04.27-18.35.37:768][262]LogBlueprintUserMessages: Early PlayInEditor Detection: Level '/Game/FirstPersonCPP/Maps/FirstPersonExampleMap.FirstPersonExampleMap:PersistentLevel' has LevelScriptBlueprint '/Game/FirstPersonCPP/Maps/FirstPersonExampleMap.FirstPersonExampleMap:PersistentLevel.FirstPersonExampleMap' with GeneratedClass '/Game/FirstPersonCPP/Maps/FirstPersonExampleMap.FirstPersonExampleMap_C' with ClassGeneratedBy '/Game/FirstPersonCPP/Maps/FirstPersonExampleMap.FirstPersonExampleMap:PersistentLevel.FirstPersonExampleMap'
[2017.04.27-18.35.37:768][262]LogPlayLevel: PlayLevel: No blueprints needed recompiling
[2017.04.27-18.35.37:768][262]PIE: New page: PIE session: FirstPersonExampleMap (Apr 27, 2017, 4:35:37 AM)
[2017.04.27-18.35.37:768][262]LogPlayLevel: Creating play world package: /Game/FirstPersonCPP/Maps/UEDPIE_0_FirstPersonExampleMap
[2017.04.27-18.35.37:852][262]LogStaticMesh:Warning: Rebuilding hierarchical instanced mesh component, please resave map FoliageInstancedStaticMeshComponent /Game/FirstPersonCPP/Maps/UEDPIE_0_FirstPersonExampleMap.FirstPersonExampleMap:PersistentLevel.InstancedFoliageActor_0.FoliageInstancedStaticMeshComponent_0.
[2017.04.27-18.35.37:878][262]LogPlayLevel: PIE: StaticDuplicateObject took: (0.109404s)
[2017.04.27-18.35.37:879][262]LogAIModule: Creating AISystem for world FirstPersonExampleMap
[2017.04.27-18.35.37:880][262]LogPlayLevel: PIE: World Init took: (0.001798s)
[2017.04.27-18.35.37:880][262]LogPlayLevel: PIE: Created PIE world by copying editor world from /Game/FirstPersonCPP/Maps/FirstPersonExampleMap.FirstPersonExampleMap to /Game/FirstPersonCPP/Maps/UEDPIE_0_FirstPersonExampleMap.FirstPersonExampleMap (0.111881s)
[2017.04.27-18.35.37:977][262]LogInit: XAudio2 using 'Speakers (Realtek High Definition Audio)' : 2 channels at 48 kHz using 32 bits per sample (channel mask 0x3)
[2017.04.27-18.35.37:988][262]LogInit: FAudioDevice initialized.
[2017.04.27-18.35.38:028][262]LogLoad: Game class is 'ThirdPersonGameMode_C'
[2017.04.27-18.35.38:046][262]LogWorld: Bringing World /Game/FirstPersonCPP/Maps/UEDPIE_0_FirstPersonExampleMap.FirstPersonExampleMap up for play (max tick rate 0) at 2017.04.27-11.35.38
[2017.04.27-18.35.38:049][262]LogWorld: Bringing up level for play took: 0.017320
[2017.04.27-18.35.38:058][262]PIE: Info Play in editor start time for /Game/FirstPersonCPP/Maps/UEDPIE_0_FirstPersonExampleMap 0.563
[2017.04.27-18.35.38:059][262]LogBlueprintUserMessages: Late PlayInEditor Detection: Level '/Game/FirstPersonCPP/Maps/FirstPersonExampleMap.FirstPersonExampleMap:PersistentLevel' has LevelScriptBlueprint '/Game/FirstPersonCPP/Maps/FirstPersonExampleMap.FirstPersonExampleMap:PersistentLevel.FirstPersonExampleMap' with GeneratedClass '/Game/FirstPersonCPP/Maps/FirstPersonExampleMap.FirstPersonExampleMap_C' with ClassGeneratedBy '/Game/FirstPersonCPP/Maps/FirstPersonExampleMap.FirstPersonExampleMap:PersistentLevel.FirstPersonExampleMap'
[2017.04.27-18.37.22:978][431]LogBlueprintUserMessages: Early EndPlayMap Detection: Level '/Game/FirstPersonCPP/Maps/FirstPersonExampleMap.FirstPersonExampleMap:PersistentLevel' has LevelScriptBlueprint '/Game/FirstPersonCPP/Maps/FirstPersonExampleMap.FirstPersonExampleMap:PersistentLevel.FirstPersonExampleMap' with GeneratedClass '/Game/FirstPersonCPP/Maps/FirstPersonExampleMap.FirstPersonExampleMap_C' with ClassGeneratedBy '/Game/FirstPersonCPP/Maps/FirstPersonExampleMap.FirstPersonExampleMap:PersistentLevel.FirstPersonExampleMap'
[2017.04.27-18.37.23:159][431]LogBlueprintUserMessages: Late EndPlayMap Detection: Level '/Game/FirstPersonCPP/Maps/FirstPersonExampleMap.FirstPersonExampleMap:PersistentLevel' has LevelScriptBlueprint '/Game/FirstPersonCPP/Maps/FirstPersonExampleMap.FirstPersonExampleMap:PersistentLevel.FirstPersonExampleMap' with GeneratedClass '/Game/FirstPersonCPP/Maps/FirstPersonExampleMap.FirstPersonExampleMap_C' with ClassGeneratedBy '/Game/FirstPersonCPP/Maps/FirstPersonExampleMap.FirstPersonExampleMap:PersistentLevel.FirstPersonExampleMap'
[2017.04.27-18.38.07:940][607]LogSavePackage: Save=808.45ms
[2017.04.27-18.38.07:940][607]LogSavePackage: Moving '../../../../../../Users/Ben/Documents/Unreal Projects/CSC433TeamProject/Saved/FirstPersonExampleMap_Auto2BFBF17EB4FF998E71B5F619EE1E4ABC2.tmp' to '../../../../../../Users/Ben/Documents/Unreal Projects/CSC433TeamProject/Saved/Autosaves/Game/FirstPersonCPP/Maps/FirstPersonExampleMap_Auto2.umap'
[2017.04.27-18.38.07:943][607]LogSavePackage:Display: Finished SavePackage ../../../../../../Users/Ben/Documents/Unreal Projects/CSC433TeamProject/Saved/Autosaves/Game/FirstPersonCPP/Maps/FirstPersonExampleMap_Auto2.umap
[2017.04.27-18.38.07:948][607]LogFileHelpers: Editor autosave (incl. sublevels) for '/Game/FirstPersonCPP/Maps/FirstPersonExampleMap' took 1.011
[2017.04.27-18.38.07:948][607]LogFileHelpers: Editor autosave (incl. sublevels) for all levels took 1.011
[2017.04.27-18.38.16:994][769]LogSavePackage: Save=531.35ms
[2017.04.27-18.38.16:994][769]LogSavePackage: Moving '../../../../../../Users/Ben/Documents/Unreal Projects/CSC433TeamProject/Saved/FirstPersonExampleMapC063557F4CB04C607FFEF1AF7E6A690A.tmp' to '../../../../../../Users/Ben/Documents/Unreal Projects/CSC433TeamProject/Content/FirstPersonCPP/Maps/FirstPersonExampleMap.umap'
[2017.04.27-18.38.16:999][769]LogSavePackage:Display: Finished SavePackage ../../../../../../Users/Ben/Documents/Unreal Projects/CSC433TeamProject/Content/FirstPersonCPP/Maps/FirstPersonExampleMap.umap
[2017.04.27-18.38.17:104][769]LogFileHelpers: Saving map 'FirstPersonExampleMap' took 0.743
[2017.04.27-18.38.17:547][769]LogWindowsTextInputMethodSystem:Display: IME system now deactivated.
[2017.04.27-18.38.17:828][770]Cmd: QUIT_EDITOR
[2017.04.27-18.38.18:132][770]LogExit: Preparing to exit.
[2017.04.27-18.38.19:223][770]LogDirectoryWatcher: A directory notification for 'C:/Users/Ben/Documents/Unreal Projects/CSC433TeamProject/Content/' was aborted.
[2017.04.27-18.38.19:686][770]LogExit: Editor shut down
[2017.04.27-18.38.19:690][770]LogExit: Transaction tracking system shut down
[2017.04.27-18.38.20:515][770]LogObj: Freed 0b from 0 cluster array pools.
[2017.04.27-18.38.20:518][770]LogExit: Object subsystem successfully closed.
[2017.04.27-18.38.20:598][770]LogD3D11RHI: Shutdown
[2017.04.27-18.38.20:598][770]LogD3D11RHI: CleanupD3DDevice
[2017.04.27-18.38.20:966][770]LogD3D11RHI: ~FD3D11DynamicRHI
[2017.04.27-18.38.21:960][770]LogModuleManager: Shutting down and abandoning module BlueprintGraph (504)
[2017.04.27-18.38.21:960][770]LogModuleManager: Shutting down and abandoning module BlueprintProfiler (502)
[2017.04.27-18.38.22:100][770]LogModuleManager: Shutting down and abandoning module MovieSceneCapture (500)
[2017.04.27-18.38.22:116][770]LogModuleManager: Shutting down and abandoning module HierarchicalLODOutliner (498)
[2017.04.27-18.38.22:149][770]LogModuleManager: Shutting down and abandoning module CrashTracker (496)
[2017.04.27-18.38.22:149][770]LogModuleManager: Shutting down and abandoning module SceneOutliner (494)
[2017.04.27-18.38.22:149][770]LogModuleManager: Shutting down and abandoning module AddContentDialog (492)
[2017.04.27-18.38.22:150][770]LogDirectoryWatcher: A directory notification for 'C:/Program Files/Epic Games/UE_4.15/FeaturePacks/' was aborted.
[2017.04.27-18.38.22:171][770]LogModuleManager: Shutting down and abandoning module WidgetCarousel (491)
[2017.04.27-18.38.22:171][770]LogModuleManager: Shutting down and abandoning module EditorWidgets (488)
[2017.04.27-18.38.22:171][770]LogModuleManager: Shutting down and abandoning module CollectionManager (486)
[2017.04.27-18.38.22:225][770]LogDirectoryWatcher: A directory notification for 'C:/Users/Ben/Documents/Unreal Projects/CSC433TeamProject/Content/Collections/' was aborted.
[2017.04.27-18.38.22:225][770]LogDirectoryWatcher: A directory notification for 'C:/Users/Ben/Documents/Unreal Projects/CSC433TeamProject/Content/Developers/Ben/Collections/' was aborted.
[2017.04.27-18.38.22:225][770]LogDirectoryWatcher: A directory notification for 'C:/Users/Ben/Documents/Unreal Projects/CSC433TeamProject/Saved/Collections/' was aborted.
[2017.04.27-18.38.22:225][770]LogModuleManager: Shutting down and abandoning module StatsViewer (484)
[2017.04.27-18.38.22:225][770]LogModuleManager: Shutting down and abandoning module FoliageEdit (482)
[2017.04.27-18.38.22:225][770]LogModuleManager: Shutting down and abandoning module LandscapeEditor (480)
[2017.04.27-18.38.22:226][770]LogModuleManager: Shutting down and abandoning module SceneDepthPickerMode (478)
[2017.04.27-18.38.22:226][770]LogModuleManager: Shutting down and abandoning module ActorPickerMode (476)
[2017.04.27-18.38.22:226][770]LogModuleManager: Shutting down and abandoning module GeometryMode (474)
[2017.04.27-18.38.22:226][770]LogModuleManager: Shutting down and abandoning module TextureAlignMode (472)
[2017.04.27-18.38.22:226][770]LogModuleManager: Shutting down and abandoning module BspMode (470)
[2017.04.27-18.38.22:252][770]LogModuleManager: Shutting down and abandoning module HardwareSurvey (468)
[2017.04.27-18.38.22:252][770]LogModuleManager: Shutting down and abandoning module SequenceRecorderSections (466)
[2017.04.27-18.38.22:252][770]LogModuleManager: Shutting down and abandoning module AutomationWorker (464)
[2017.04.27-18.38.22:282][770]LogModuleManager: Shutting down and abandoning module MatineeToLevelSequence (462)
[2017.04.27-18.38.22:283][770]LogModuleManager: Shutting down and abandoning module LevelSequenceEditor (460)
[2017.04.27-18.38.22:309][770]LogModuleManager: Shutting down and abandoning module PlacementMode (459)
[2017.04.27-18.38.22:310][770]LogModuleManager: Shutting down and abandoning module WmfMediaFactory (456)
[2017.04.27-18.38.22:310][770]LogModuleManager: Shutting down and abandoning module WmfMediaEditor (454)
[2017.04.27-18.38.22:310][770]LogModuleManager: Shutting down and abandoning module MfMediaFactory (452)
[2017.04.27-18.38.22:310][770]LogModuleManager: Shutting down and abandoning module MfMediaEditor (450)
[2017.04.27-18.38.22:310][770]LogModuleManager: Shutting down and abandoning module AvfMediaFactory (448)
[2017.04.27-18.38.22:310][770]LogModuleManager: Shutting down and abandoning module AvfMediaEditor (446)
[2017.04.27-18.38.22:310][770]LogModuleManager: Shutting down and abandoning module AndroidMediaFactory (444)
[2017.04.27-18.38.22:310][770]LogModuleManager: Shutting down and abandoning module Media (443)
[2017.04.27-18.38.22:310][770]LogModuleManager: Shutting down and abandoning module AndroidMediaEditor (440)
[2017.04.27-18.38.22:310][770]LogModuleManager: Shutting down and abandoning module CharacterAI (438)
[2017.04.27-18.38.22:310][770]LogModuleManager: Shutting down and abandoning module AudioCapture (436)
[2017.04.27-18.38.22:310][770]LogModuleManager: Shutting down and abandoning module SequenceRecorder (435)
[2017.04.27-18.38.22:310][770]LogModuleManager: Shutting down and abandoning module SmartSnapping (432)
[2017.04.27-18.38.22:310][770]LogModuleManager: Shutting down and abandoning module SessionServices (430)
[2017.04.27-18.38.22:310][770]LogModuleManager: Shutting down and abandoning module ViewportSnapping (428)
[2017.04.27-18.38.22:310][770]LogModuleManager: Shutting down and abandoning module ViewportInteraction (426)
[2017.04.27-18.38.22:310][770]LogModuleManager: Shutting down and abandoning module LogVisualizer (424)
[2017.04.27-18.38.22:450][770]LogModuleManager: Shutting down and abandoning module IntroTutorials (422)
[2017.04.27-18.38.22:450][770]LogModuleManager: Shutting down and abandoning module GameProjectGeneration (421)
[2017.04.27-18.38.22:450][770]LogModuleManager: Shutting down and abandoning module EditorLiveStreaming (418)
[2017.04.27-18.38.22:450][770]LogModuleManager: Shutting down and abandoning module IOSPlatformEditor (416)
[2017.04.27-18.38.22:450][770]LogModuleManager: Shutting down and abandoning module HTML5PlatformEditor (414)
[2017.04.27-18.38.22:450][770]LogModuleManager: Shutting down and abandoning module AndroidPlatformEditor (412)
[2017.04.27-18.38.22:471][770]LogModuleManager: Shutting down and abandoning module AndroidDeviceDetection (411)
[2017.04.27-18.38.23:442][770]LogModuleManager: Shutting down and abandoning module IOSRuntimeSettings (408)
[2017.04.27-18.38.23:442][770]LogModuleManager: Shutting down and abandoning module AndroidRuntimeSettings (406)
[2017.04.27-18.38.23:442][770]LogModuleManager: Shutting down and abandoning module InputBindingEditor (404)
[2017.04.27-18.38.23:455][770]LogModuleManager: Shutting down and abandoning module NiagaraEditor (402)
[2017.04.27-18.38.23:455][770]LogModuleManager: Shutting down and abandoning module MergeActors (400)
[2017.04.27-18.38.23:478][770]LogModuleManager: Shutting down and abandoning module SizeMap (398)
[2017.04.27-18.38.23:478][770]LogModuleManager: Shutting down and abandoning module TreeMap (396)
[2017.04.27-18.38.23:492][770]LogModuleManager: Shutting down and abandoning module ReferenceViewer (394)
[2017.04.27-18.38.23:493][770]LogModuleManager: Shutting down and abandoning module LocalizationDashboard (392)
[2017.04.27-18.38.23:505][770]LogModuleManager: Shutting down and abandoning module LocalizationService (391)
[2017.04.27-18.38.23:519][770]LogModuleManager: Shutting down and abandoning module HardwareTargeting (388)
[2017.04.27-18.38.23:519][770]LogModuleManager: Shutting down and abandoning module DeviceProfileEditor (386)
[2017.04.27-18.38.23:532][770]LogModuleManager: Shutting down and abandoning module UndoHistory (384)
[2017.04.27-18.38.23:543][770]LogModuleManager: Shutting down and abandoning module UserFeedback (382)
[2017.04.27-18.38.23:544][770]LogModuleManager: Shutting down and abandoning module XmlParser (380)
[2017.04.27-18.38.23:544][770]LogModuleManager: Shutting down and abandoning module Blutility (378)
[2017.04.27-18.38.23:566][770]LogModuleManager: Shutting down and abandoning module ProjectSettingsViewer (376)
[2017.04.27-18.38.23:566][770]LogModuleManager: Shutting down and abandoning module ProjectTargetPlatformEditor (375)
[2017.04.27-18.38.23:567][770]LogModuleManager: Shutting down and abandoning module EditorSettingsViewer (372)
[2017.04.27-18.38.23:568][770]LogModuleManager: Shutting down and abandoning module SettingsEditor (370)
[2017.04.27-18.38.23:589][770]LogModuleManager: Shutting down and abandoning module ProjectLauncher (368)
[2017.04.27-18.38.23:624][770]LogModuleManager: Shutting down and abandoning module SessionFrontend (366)
[2017.04.27-18.38.23:648][770]LogModuleManager: Shutting down and abandoning module ProfilerClient (364)
[2017.04.27-18.38.23:678][770]LogModuleManager: Shutting down and abandoning module DeviceManager (362)
[2017.04.27-18.38.23:706][770]LogModuleManager: Shutting down and abandoning module TargetDeviceServices (361)
[2017.04.27-18.38.23:750][770]LogModuleManager: Shutting down and abandoning module AutomationController (358)
[2017.04.27-18.38.23:777][770]LogModuleManager: Shutting down and abandoning module AutomationWindow (356)
[2017.04.27-18.38.23:807][770]LogModuleManager: Shutting down and abandoning module Layers (354)
[2017.04.27-18.38.23:835][770]LogModuleManager: Shutting down and abandoning module ComponentVisualizers (352)
[2017.04.27-18.38.23:835][770]LogModuleManager: Shutting down and abandoning module DetailCustomizations (350)
[2017.04.27-18.38.23:835][770]LogModuleManager: Shutting down and abandoning module PackagesDialog (348)
[2017.04.27-18.38.23:836][770]LogModuleManager: Shutting down and abandoning module Persona (346)
[2017.04.27-18.38.23:836][770]LogModuleManager: Shutting down and abandoning module AnimGraph (345)
[2017.04.27-18.38.23:836][770]LogModuleManager: Shutting down and abandoning module Kismet (342)
[2017.04.27-18.38.23:873][770]LogModuleManager: Shutting down and abandoning module GraphEditor (340)
[2017.04.27-18.38.23:874][770]LogModuleManager: Shutting down and abandoning module ClassViewer (338)
[2017.04.27-18.38.23:874][770]LogModuleManager: Shutting down and abandoning module Toolbox (336)
[2017.04.27-18.38.23:874][770]LogModuleManager: Shutting down and abandoning module ModuleUI (334)
[2017.04.27-18.38.23:941][770]LogModuleManager: Shutting down and abandoning module MovieSceneTools (332)
[2017.04.27-18.38.23:941][770]LogModuleManager: Shutting down and abandoning module OutputLog (330)
[2017.04.27-18.38.23:956][770]LogModuleManager: Shutting down and abandoning module GammaUI (328)
[2017.04.27-18.38.23:969][770]LogModuleManager: Shutting down and abandoning module Documentation (326)
[2017.04.27-18.38.23:969][770]LogModuleManager: Shutting down and abandoning module Niagara (324)
[2017.04.27-18.38.23:969][770]LogModuleManager: Shutting down and abandoning module StreamingPauseRendering (322)
[2017.04.27-18.38.23:969][770]LogModuleManager: Shutting down and abandoning module AnalyticsET (320)
[2017.04.27-18.38.23:969][770]LogModuleManager: Shutting down and abandoning module PortalServices (318)
[2017.04.27-18.38.23:969][770]LogModuleManager: Shutting down and abandoning module PortalRpc (316)
[2017.04.27-18.38.23:969][770]LogModuleManager: Shutting down and abandoning module MessagingRpc (314)
[2017.04.27-18.38.23:969][770]LogModuleManager: Shutting down and abandoning module AIModule (312)
[2017.04.27-18.38.23:969][770]LogModuleManager: Shutting down and abandoning module GameplayDebugger (311)
[2017.04.27-18.38.23:969][770]LogModuleManager: Shutting down and abandoning module AITestSuite (309)
[2017.04.27-18.38.23:969][770]LogModuleManager: Shutting down and abandoning module ProfilerService (306)
[2017.04.27-18.38.24:012][770]LogModuleManager: Shutting down and abandoning module TaskGraph (304)
[2017.04.27-18.38.24:081][770]LogModuleManager: Shutting down and abandoning module SteamVRController (302)
[2017.04.27-18.38.24:081][770]LogModuleManager: Shutting down and abandoning module SteamVR (300)
[2017.04.27-18.38.24:081][770]LogModuleManager: Shutting down and abandoning module ProceduralMeshComponentEditor (298)
[2017.04.27-18.38.24:081][770]LogModuleManager: Shutting down and abandoning module ProceduralMeshComponent (296)
[2017.04.27-18.38.24:094][770]LogModuleManager: Shutting down and abandoning module OculusLibrary (294)
[2017.04.27-18.38.24:094][770]LogModuleManager: Shutting down and abandoning module OculusInput (292)
[2017.04.27-18.38.24:094][770]LogModuleManager: Shutting down and abandoning module MobilePatchingUtils (290)
[2017.04.27-18.38.24:094][770]LogModuleManager: Shutting down and abandoning module CustomMeshComponent (288)
[2017.04.27-18.38.24:094][770]LogModuleManager: Shutting down and abandoning module CableComponent (286)
[2017.04.27-18.38.24:094][770]LogModuleManager: Shutting down and abandoning module ArchVisCharacter (284)
[2017.04.27-18.38.24:094][770]LogModuleManager: Shutting down and abandoning module MediaPlayerEditor (280)
[2017.04.27-18.38.24:094][770]LogModuleManager: Shutting down and abandoning module HTML5Networking (278)
[2017.04.27-18.38.24:094][770]LogModuleManager: Shutting down and abandoning module AlembicImporter (276)
[2017.04.27-18.38.24:103][770]LogModuleManager: Shutting down and abandoning module AlembicLibrary (275)
[2017.04.27-18.38.24:103][770]LogModuleManager: Shutting down and abandoning module GeometryCache (274)
[2017.04.27-18.38.24:103][770]LogModuleManager: Shutting down and abandoning module GeometryCacheEd (273)
[2017.04.27-18.38.24:104][770]LogModuleManager: Shutting down and abandoning module SuperSearchEditor (268)
[2017.04.27-18.38.24:104][770]LogModuleManager: Shutting down and abandoning module SuperSearch (267)
[2017.04.27-18.38.24:104][770]LogModuleManager: Shutting down and abandoning module SpeedTreeImporter (264)
[2017.04.27-18.38.24:104][770]LogModuleManager: Shutting down and abandoning module PluginBrowser (262)
[2017.04.27-18.38.24:135][770]LogModuleManager: Shutting down and abandoning module MobileLauncherProfileWizard (260)
[2017.04.27-18.38.24:155][770]LogModuleManager: Shutting down and abandoning module EpicSurvey (258)
[2017.04.27-18.38.24:156][770]LogModuleManager: Shutting down and abandoning module VisualStudioSourceCodeAccess (256)
[2017.04.27-18.38.24:156][770]LogModuleManager: Shutting down and abandoning module DesktopPlatform (255)
[2017.04.27-18.38.24:156][770]LogModuleManager: Shutting down and abandoning module UObjectPlugin (252)
[2017.04.27-18.38.24:156][770]LogModuleManager: Shutting down and abandoning module SubversionSourceControl (250)
[2017.04.27-18.38.24:167][770]LogModuleManager: Shutting down and abandoning module PerforceSourceControl (248)
[2017.04.27-18.38.24:180][770]LogModuleManager: Shutting down and abandoning module GitSourceControl (246)
[2017.04.27-18.38.24:189][770]LogModuleManager: Shutting down and abandoning module SourceControl (245)
[2017.04.27-18.38.24:189][770]LogModuleManager: Shutting down and abandoning module LightPropagationVolumeEditor (242)
[2017.04.27-18.38.24:189][770]LogModuleManager: Shutting down and abandoning module PaperTiledImporter (240)
[2017.04.27-18.38.24:189][770]LogModuleManager: Shutting down and abandoning module PaperSpriteSheetImporter (238)
[2017.04.27-18.38.24:189][770]LogModuleManager: Shutting down and abandoning module Paper2DEditor (236)
[2017.04.27-18.38.24:190][770]LogModuleManager: Shutting down and abandoning module MeshPaint (235)
[2017.04.27-18.38.24:190][770]LogModuleManager: Shutting down and abandoning module LevelEditor (233)
[2017.04.27-18.38.24:193][770]LogModuleManager: Shutting down and abandoning module PixelInspectorModule (232)
[2017.04.27-18.38.24:217][770]LogModuleManager: Shutting down and abandoning module MainFrame (230)
[2017.04.27-18.38.24:217][770]LogModuleManager: Shutting down and abandoning module HotReload (229)
[2017.04.27-18.38.24:230][770]LogModuleManager: Shutting down and abandoning module ContentBrowser (225)
[2017.04.27-18.38.24:236][770]LogModuleManager: Shutting down and abandoning module PhysXVehiclesEditor (222)
[2017.04.27-18.38.24:251][770]LogModuleManager: Shutting down and abandoning module PhysXVehicles (220)
[2017.04.27-18.38.24:251][770]LogModuleManager: Shutting down and abandoning module LocationServicesBPLibrary (218)
[2017.04.27-18.38.24:251][770]LogModuleManager: Shutting down and abandoning module UdpMessaging (216)
[2017.04.27-18.38.24:352][770]LogModuleManager: Shutting down and abandoning module TcpMessaging (214)
[2017.04.27-18.38.24:475][770]LogModuleManager: Shutting down and abandoning module GameplayTagsEditor (212)
[2017.04.27-18.38.24:475][770]LogModuleManager: Shutting down and abandoning module FacialAnimationEditor (210)
[2017.04.27-18.38.24:504][770]LogModuleManager: Shutting down and abandoning module FacialAnimation (208)
[2017.04.27-18.38.24:504][770]LogModuleManager: Shutting down and abandoning module LightPropagationVolumeRuntime (206)
[2017.04.27-18.38.24:504][770]LogModuleManager: Shutting down and abandoning module Paper2D (204)
[2017.04.27-18.38.24:531][770]LogModuleManager: Shutting down and abandoning module WindowsMoviePlayer (202)
[2017.04.27-18.38.24:532][770]LogModuleManager: Shutting down and abandoning module WmfMedia (200)
[2017.04.27-18.38.24:532][770]LogModuleManager: Shutting down and abandoning module MfMedia (198)
[2017.04.27-18.38.24:532][770]LogModuleManager: Shutting down and abandoning module MediaAssets (196)
[2017.04.27-18.38.24:532][770]LogModuleManager: Shutting down and abandoning module GameLiveStreaming (194)
[2017.04.27-18.38.24:570][770]LogModuleManager: Shutting down and abandoning module VREditor (192)
[2017.04.27-18.38.24:570][770]LogModuleManager: Shutting down and abandoning module GameplayTasksEditor (190)
[2017.04.27-18.38.24:570][770]LogModuleManager: Shutting down and abandoning module BehaviorTreeEditor (188)
[2017.04.27-18.38.24:570][770]LogModuleManager: Shutting down and abandoning module FunctionalTesting (186)
[2017.04.27-18.38.24:570][770]LogModuleManager: Shutting down and abandoning module CollisionAnalyzer (184)
[2017.04.27-18.38.24:595][770]LogModuleManager: Shutting down and abandoning module UMG (182)
[2017.04.27-18.38.24:595][770]LogModuleManager: Shutting down and abandoning module UMGEditor (181)
[2017.04.27-18.38.24:595][770]LogModuleManager: Shutting down and abandoning module Sequencer (180)
[2017.04.27-18.38.24:595][770]LogModuleManager: Shutting down and abandoning module AssetTools (178)
[2017.04.27-18.38.24:595][770]LogModuleManager: Shutting down and abandoning module MessageLog (177)
[2017.04.27-18.38.24:595][770]LogModuleManager: Shutting down and abandoning module WorkspaceMenuStructure (176)
[2017.04.27-18.38.24:595][770]LogModuleManager: Shutting down and abandoning module SlateReflector (170)
[2017.04.27-18.38.24:641][770]LogModuleManager: Shutting down and abandoning module Slate (168)
[2017.04.27-18.38.24:641][770]LogModuleManager: Shutting down and abandoning module EditorStyle (166)
[2017.04.27-18.38.24:653][770]LogModuleManager: Shutting down and abandoning module SourceCodeAccess (164)
[2017.04.27-18.38.24:653][770]LogModuleManager: Shutting down and abandoning module HeadMountedDisplay (162)
[2017.04.27-18.38.24:653][770]LogModuleManager: Shutting down and abandoning module XAudio2 (160)
[2017.04.27-18.38.24:653][770]LogModuleManager: Shutting down and abandoning module Networking (158)
[2017.04.27-18.38.24:653][770]LogModuleManager: Shutting down and abandoning module Core (154)
[2017.04.27-18.38.24:653][770]LogModuleManager: Shutting down and abandoning module AssetRegistry (152)
[2017.04.27-18.38.25:002][770]LogDirectoryWatcher: A directory notification for '../../../Engine/Content/' was aborted.
[2017.04.27-18.38.25:003][770]LogDirectoryWatcher: A directory notification for '../../../../../../Users/Ben/Documents/Unreal Projects/CSC433TeamProject/Content/' was aborted.
[2017.04.27-18.38.25:003][770]LogDirectoryWatcher: A directory notification for '../../../Engine/Plugins/2D/Paper2D/Content/' was aborted.
[2017.04.27-18.38.25:041][770]LogModuleManager: Shutting down and abandoning module DirectoryWatcher (151)
[2017.04.27-18.38.25:059][770]LogModuleManager: Shutting down and abandoning module KismetCompiler (148)
[2017.04.27-18.38.25:059][770]LogModuleManager: Shutting down and abandoning module PhysXFormats (146)
[2017.04.27-18.38.25:059][770]LogModuleManager: Shutting down and abandoning module MeshUtilities (144)
[2017.04.27-18.38.25:059][770]LogModuleManager: Shutting down and abandoning module SimplygonSwarm (143)
[2017.04.27-18.38.25:059][770]LogModuleManager: Shutting down and abandoning module SimplygonMeshReduction (141)
[2017.04.27-18.38.25:059][770]LogModuleManager: Shutting down and abandoning module QuadricMeshReduction (139)
[2017.04.27-18.38.25:059][770]LogModuleManager: Shutting down and abandoning module PropertyEditor (137)
[2017.04.27-18.38.25:060][770]LogModuleManager: Shutting down and abandoning module DerivedDataCache (134)
[2017.04.27-18.38.25:109][770]LogDerivedDataCache: Shutdown
[2017.04.27-18.38.25:109][770]LogModuleManager: Shutting down and abandoning module TargetPlatform (132)
[2017.04.27-18.38.25:110][770]LogModuleManager: Shutting down and abandoning module VulkanShaderFormat (131)
[2017.04.27-18.38.25:110][770]LogModuleManager: Shutting down and abandoning module ShaderFormatOpenGL (129)
[2017.04.27-18.38.25:110][770]LogModuleManager: Shutting down and abandoning module ShaderFormatD3D (127)
[2017.04.27-18.38.25:110][770]LogModuleManager: Shutting down and abandoning module MetalShaderFormat (125)
[2017.04.27-18.38.25:110][770]LogModuleManager: Shutting down and abandoning module TextureFormatUncompressed (123)
[2017.04.27-18.38.25:110][770]LogModuleManager: Shutting down and abandoning module TextureFormatPVR (121)
[2017.04.27-18.38.25:110][770]LogModuleManager: Shutting down and abandoning module TextureFormatDXT (119)
[2017.04.27-18.38.25:110][770]LogModuleManager: Shutting down and abandoning module TextureFormatIntelISPCTexComp (117)
[2017.04.27-18.38.25:134][770]LogModuleManager: Shutting down and abandoning module TextureFormatASTC (115)
[2017.04.27-18.38.25:134][770]LogModuleManager: Shutting down and abandoning module ImageWrapper (114)
[2017.04.27-18.38.25:134][770]LogModuleManager: Shutting down and abandoning module TextureFormatAndroid (111)
[2017.04.27-18.38.25:135][770]LogModuleManager: Shutting down and abandoning module AudioFormatOpus (109)
[2017.04.27-18.38.25:135][770]LogModuleManager: Shutting down and abandoning module AudioFormatOgg (107)
[2017.04.27-18.38.25:135][770]LogModuleManager: Shutting down and abandoning module AudioFormatADPCM (105)
[2017.04.27-18.38.25:135][770]LogModuleManager: Shutting down and abandoning module LinuxTargetPlatform (103)
[2017.04.27-18.38.25:135][770]LogModuleManager: Shutting down and abandoning module LinuxServerTargetPlatform (101)
[2017.04.27-18.38.25:136][770]LogModuleManager: Shutting down and abandoning module LinuxNoEditorTargetPlatform (99)
[2017.04.27-18.38.25:136][770]LogModuleManager: Shutting down and abandoning module LinuxClientTargetPlatform (97)
[2017.04.27-18.38.25:136][770]LogModuleManager: Shutting down and abandoning module TVOSTargetPlatform (95)
[2017.04.27-18.38.25:136][770]LogModuleManager: Shutting down and abandoning module Messaging (93)
[2017.04.27-18.38.25:136][770]LogModuleManager: Shutting down and abandoning module IOSTargetPlatform (91)
[2017.04.27-18.38.25:136][770]LogModuleManager: Shutting down and abandoning module HTML5TargetPlatform (89)
[2017.04.27-18.38.25:136][770]LogModuleManager: Shutting down and abandoning module Android_PVRTCTargetPlatform (87)
[2017.04.27-18.38.25:136][770]LogModuleManager: Shutting down and abandoning module Android_MultiTargetPlatform (85)
[2017.04.27-18.38.25:137][770]LogModuleManager: Shutting down and abandoning module Android_ETC2TargetPlatform (83)
[2017.04.27-18.38.25:137][770]LogModuleManager: Shutting down and abandoning module Android_ETC1TargetPlatform (81)
[2017.04.27-18.38.25:137][770]LogModuleManager: Shutting down and abandoning module Android_DXTTargetPlatform (79)
[2017.04.27-18.38.25:137][770]LogModuleManager: Shutting down and abandoning module Android_ATCTargetPlatform (77)
[2017.04.27-18.38.25:137][770]LogModuleManager: Shutting down and abandoning module Android_ASTCTargetPlatform (75)
[2017.04.27-18.38.25:137][770]LogModuleManager: Shutting down and abandoning module AndroidTargetPlatform (73)
[2017.04.27-18.38.25:137][770]LogModuleManager: Shutting down and abandoning module WindowsTargetPlatform (71)
[2017.04.27-18.38.25:137][770]LogModuleManager: Shutting down and abandoning module WindowsServerTargetPlatform (69)
[2017.04.27-18.38.25:137][770]LogModuleManager: Shutting down and abandoning module WindowsNoEditorTargetPlatform (67)
[2017.04.27-18.38.25:137][770]LogModuleManager: Shutting down and abandoning module WindowsClientTargetPlatform (65)
[2017.04.27-18.38.25:137][770]LogModuleManager: Shutting down and abandoning module MacTargetPlatform (63)
[2017.04.27-18.38.25:138][770]LogModuleManager: Shutting down and abandoning module MacServerTargetPlatform (61)
[2017.04.27-18.38.25:138][770]LogModuleManager: Shutting down and abandoning module MacNoEditorTargetPlatform (59)
[2017.04.27-18.38.25:138][770]LogModuleManager: Shutting down and abandoning module MacClientTargetPlatform (57)
[2017.04.27-18.38.25:138][770]LogModuleManager: Shutting down and abandoning module AllDesktopTargetPlatform (55)
[2017.04.27-18.38.25:138][770]LogModuleManager: Shutting down and abandoning module InputCore (52)
[2017.04.27-18.38.25:138][770]LogModuleManager: Shutting down and abandoning module Settings (50)
[2017.04.27-18.38.25:138][770]LogModuleManager: Shutting down and abandoning module OculusRift (48)
[2017.04.27-18.38.25:138][770]LogModuleManager: Shutting down and abandoning module GearVR (46)
[2017.04.27-18.38.25:138][770]LogModuleManager: Shutting down and abandoning module ExampleDeviceProfileSelector (44)
[2017.04.27-18.38.25:138][770]LogModuleManager: Shutting down and abandoning module OnlineBlueprintSupport (42)
[2017.04.27-18.38.25:138][770]LogModuleManager: Shutting down and abandoning module OnlineSubsystem (38)
[2017.04.27-18.38.25:138][770]LogOnline:Display: Unloading online subsystem: NULL
[2017.04.27-18.38.25:171][770]LogModuleManager: Shutting down and abandoning module XMPP (37)
[2017.04.27-18.38.25:171][770]LogModuleManager: Shutting down and abandoning module HTTP (35)
[2017.04.27-18.38.25:171][770]LogHttp:Display: Http module shutting down, but needs to wait on 1 outstanding Http requests:
[2017.04.27-18.38.25:171][770]LogHttp:Display: 	verb=[POST] url=[https://datarouter.ol.epicgames.com/datarouter/api/v1/public/data?SessionID=%7BF952F60E-482A-081A-6EF4-AFAEB439FF40%7D&AppID=UEEditor.Rocket.Release&AppVersion=4.15.1-3348071%2B%2B%2BUE4%2BRelease-4.15&UserID=120b57b3486e4067c9a574821aa03cd4%7Cbfeaeffc666644d1acbab0e600508cd9%7C2c4d8f98-788f-4a05-8290-d2d3a13e068e&AppEnvironment=datacollector-binary&UploadType=eteventstream] status=Processing
[2017.04.27-18.38.25:185][770]LogModuleManager: Shutting down and abandoning module SSL (34)
[2017.04.27-18.38.25:192][770]LogModuleManager: Shutting down and abandoning module AudioEditor (30)
[2017.04.27-18.38.25:192][770]LogModuleManager: Shutting down and abandoning module TextureCompressor (28)
[2017.04.27-18.38.25:211][770]LogModuleManager: Shutting down and abandoning module ShaderCore (26)
[2017.04.27-18.38.25:211][770]LogModuleManager: Shutting down and abandoning module Landscape (24)
[2017.04.27-18.38.25:211][770]LogModuleManager: Shutting down and abandoning module SlateRHIRenderer (22)
[2017.04.27-18.38.25:248][770]LogModuleManager: Shutting down and abandoning module OpenGLDrv (20)
[2017.04.27-18.38.25:248][770]LogModuleManager: Shutting down and abandoning module D3D11RHI (18)
[2017.04.27-18.38.25:248][770]LogModuleManager: Shutting down and abandoning module AnimGraphRuntime (16)
[2017.04.27-18.38.25:248][770]LogModuleManager: Shutting down and abandoning module Renderer (14)
[2017.04.27-18.38.25:248][770]LogModuleManager: Shutting down and abandoning module Engine (12)
[2017.04.27-18.38.25:248][770]LogModuleManager: Shutting down and abandoning module CoreUObject (10)
[2017.04.27-18.38.25:248][770]LogModuleManager: Shutting down and abandoning module NetworkFile (8)
[2017.04.27-18.38.25:248][770]LogModuleManager: Shutting down and abandoning module StreamingFile (6)
[2017.04.27-18.38.25:248][770]LogModuleManager: Shutting down and abandoning module SandboxFile (4)
[2017.04.27-18.38.25:248][770]LogModuleManager: Shutting down and abandoning module PakFile (2)
[2017.04.27-18.38.25:254][770]LogExit: Exiting.
[2017.04.27-18.38.25:328][770]Log file closed, 04/27/17 11:38:25
